


materialPath: E:\Games\steamapps\common\Counter-Strike Global Offensive\csgo\materials
Loading d:\programe\github reps\cs-go maps\aim_cika\aim_museum4.vmf
Map revision 173
fixing up env_cubemap materials on brush sides...
0...1...2...3...4...5...6...7...8...9...100...1...2...3...4...5...6...7...8...9...10Processing areas...done (0)
Building Faces...done (0)
Chop Details...done (0)
Find Visible Detail Sides...
Merged 6 detail faces...done (0)
Merging details...done (0)
FixTjuncs...
PruneNodes...
WriteBSP...
done (0)
writing d:\programe\github reps\cs-go maps\aim_cika\aim_museum4.prt...Building visibility clusters...
done (0)
Finding displacement neighbors...
Finding lightmap sample positions...
Displacement Alpha : 0...1...2...3...4...5...6...7...8...9...10
Building Physics collision data...
done (0) (84426 bytes)
Error! prop_static using model "models/props/cs_office/offpaintinga.mdl", which must be used on a dynamic entity (i.e. prop_physics). Deleted.
Error loading studio model "models/props/cs_office/offpaintinga.mdl"!
Error! prop_static using model "models/props/cs_office/offpaintingf.mdl", which must be used on a dynamic entity (i.e. prop_physics). Deleted.
Error loading studio model "models/props/cs_office/offpaintingf.mdl"!
Error! prop_static using model "models/props/cs_office/offpaintingd.mdl", which must be used on a dynamic entity (i.e. prop_physics). Deleted.
Error loading studio model "models/props/cs_office/offpaintingd.mdl"!
Error! prop_static using model "models/props/cs_office/offpaintingo.mdl", which must be used on a dynamic entity (i.e. prop_physics). Deleted.
Error loading studio model "models/props/cs_office/offpaintingo.mdl"!
Error! prop_static using model "models/props/cs_office/offpaintinge.mdl", which must be used on a dynamic entity (i.e. prop_physics). Deleted.
Error loading studio model "models/props/cs_office/offpaintinge.mdl"!
Error! prop_static using model "models/props/cs_office/offpaintingk.mdl", which must be used on a dynamic entity (i.e. prop_physics). Deleted.
Error loading studio model "models/props/cs_office/offpaintingk.mdl"!
Placing detail props : 0...1...2...3...4...5...6...7...8...9...10
Compacting texture/material tables...
Reduced 977 texinfos to 350
Reduced 20 texdatas to 15 (787 bytes to 618)
Writing d:\programe\github reps\cs-go maps\aim_cika\aim_museum4.bsp
0 seconds elapsed



4 threads
reading d:\programe\github reps\cs-go maps\aim_cika\aim_museum4.bsp
reading d:\programe\github reps\cs-go maps\aim_cika\aim_museum4.prt
 354 portalclusters
1061 numportals
0...1...2...3...4...5...6...7...8...9...100...1...2...3...4...5...6...7...8...9...10Optimized: 480 visible clusters (0.00%)
Total clusters visible: 78864
Average clusters visible: 222
Building PAS...
Average clusters audible: 351
visdatasize:34745  compressed from 33984
writing d:\programe\github reps\cs-go maps\aim_cika\aim_museum4.bsp
2 seconds elapsed



[Reading texlights from 'lights.rad']
[17 texlights parsed from 'lights.rad']

Loading d:\programe\github reps\cs-go maps\aim_cika\aim_museum4.bsp
1313 faces
113167 square feet [16296065.00 square inches]
0 Displacements
0 Square Feet [0.00 Square Inches]
1313 patches before subdivision
zero area child patch
30941 patches after subdivision
4 direct lights
0...1...2...3...4...5...6...7...8...9...100...1...2...3...4...5...6...7...8...9...10transfers 6665762, max 692
transfer lists:  50.9 megs
0...1...2...3...4...5...6...7...8...9...10	Bounce #1 added RGB(20485, 11349, 5090)
0...1...2...3...4...5...6...7...8...9...10	Bounce #2 added RGB(14934, 4334, 890)
0...1...2...3...4...5...6...7...8...9...10	Bounce #3 added RGB(5166, 1027, 115)
0...1...2...3...4...5...6...7...8...9...10	Bounce #4 added RGB(2578, 311, 18)
0...1...2...3...4...5...6...7...8...9...10	Bounce #5 added RGB(1075, 83, 3)
0...1...2...3...4...5...6...7...8...9...10	Bounce #6 added RGB(490, 24, 0)
0...1...2...3...4...5...6...7...8...9...10	Bounce #7 added RGB(214, 6, 0)
0...1...2...3...4...5...6...7...8...9...10	Bounce #8 added RGB(96, 2, 0)
0...1...2...3...4...5...6...7...8...9...10	Bounce #9 added RGB(42, 0, 0)
0...1...2...3...4...5...6...7...8...9...10	Bounce #10 added RGB(19, 0, 0)
0...1...2...3...4...5...6...7...8...9...10	Bounce #11 added RGB(8, 0, 0)
0...1...2...3...4...5...6...7...8...9...10	Bounce #12 added RGB(4, 0, 0)
0...1...2...3...4...5...6...7...8...9...10	Bounce #13 added RGB(2, 0, 0)
0...1...2...3...4...5...6...7...8...9...10	Bounce #14 added RGB(1, 0, 0)
Build Patch/Sample Hash Table(s).....Done<0.0062 sec>
0...1...2...3...4...5...6...7...8...9...10FinalLightFace Done
0 of 0 (0% of) surface lights went in leaf ambient cubes.
0...1...2...3...4...5...6...7...8...9...10Writing leaf ambient...done
Computing static prop lighting : 00...1...2...3...4...5...6...7...8...9...10
Ready to Finish

Object names       Objects/Maxobjs  Memory / Maxmem  Fullness 
------------       ---------------  ---------------  -------- 
models                  24/1024         1152/49152    ( 2.3%) 
brushes                225/8192         2700/98304    ( 2.7%) 
brushsides            1637/65536       13096/524288   ( 2.5%) 
planes                 988/65536       19760/1310720  ( 1.5%) 
vertexes              2121/65536       25452/786432   ( 3.2%) 
nodes                  939/65536       30048/2097152  ( 1.4%) 
texinfos               350/12288       25200/884736   ( 2.8%) 
texdata                 15/2048          480/65536    ( 0.7%) 
dispinfos                0/0               0/0        ( 0.0%) 
disp_verts               0/0               0/0        ( 0.0%) 
disp_tris                0/0               0/0        ( 0.0%) 
disp_multiblend          0/0               0/0        ( 0.0%) 
disp_lmsamples           0/0               0/0        ( 0.0%) 
faces                 1313/65536       73528/3670016  ( 2.0%) 
hdr faces                0/65536           0/3670016  ( 0.0%) 
origfaces              637/65536       35672/3670016  ( 1.0%) 
facebrushes             18/0              36/0        ( 0.0%) 
facebrushlists        1313/0            5252/0        ( 0.0%) 
leaves                 964/65536       30848/2097152  ( 1.5%) 
leaffaces             1623/65536        3246/131072   ( 2.5%) 
leafbrushes            606/65536        1212/131072   ( 0.9%) 
areas                    2/1024           16/8192     ( 0.2%) 
surfedges             8594/512000      34376/2048000  ( 1.7%) 
edges                 4910/256000      19640/1024000  ( 1.9%) 
LDR worldlights          4/8192          400/819200   ( 0.0%) 
HDR worldlights          0/8192            0/819200   ( 0.0%) 
leafwaterdata            0/32768           0/393216   ( 0.0%) 
waterstrips             93/32768         930/327680   ( 0.3%) 
waterverts               0/65536           0/786432   ( 0.0%) 
waterindices          1563/65536        3126/131072   ( 2.4%) 
cubemapsamples           1/1024           16/16384    ( 0.1%) 
overlays                 0/1024            0/360448   ( 0.0%) 
LDR lightdata         [variable]     1786180/0        ( 0.0%) 
HDR lightdata         [variable]           0/0        ( 0.0%) 
visdata               [variable]       34745/16777216 ( 0.2%) 
entdata               [variable]       22000/393216   ( 5.6%) 
LDR ambient table      964/65536        3856/262144   ( 1.5%) 
HDR ambient table      964/65536        3856/262144   ( 1.5%) 
LDR leaf ambient      3546/65536       99288/1835008  ( 5.4%) 
HDR leaf ambient       964/65536       26992/1835008  ( 1.5%) 
occluders                0/0               0/0        ( 0.0%) 
occluder polygons        0/0               0/0        ( 0.0%) 
occluder vert ind        0/0               0/0        ( 0.0%) 
detail props          [variable]           1/12       ( 8.3%) 
static props          [variable]           1/1946     ( 0.1%) 
pakfile               [variable]      218024/0        ( 0.0%) 
physics               [variable]       84426/4194304  ( 2.0%) 
physics terrain       [variable]           2/1048576  ( 0.0%) 

Level flags = 1d

Total triangle count: 3422
Writing d:\programe\github reps\cs-go maps\aim_cika\aim_museum4.bsp
50 seconds elapsed



[Reading texlights from 'lights.rad']
[17 texlights parsed from 'lights.rad']

Loading d:\programe\github reps\cs-go maps\aim_cika\aim_museum4.bsp
1313 faces
113167 square feet [16296065.00 square inches]
0 Displacements
0 Square Feet [0.00 Square Inches]
1313 patches before subdivision
zero area child patch
30941 patches after subdivision
4 direct lights
0...1...2...3...4...5...6...7...8...9...100...1...2...3...4...5...6...7...8...9...10transfers 6665762, max 692
transfer lists:  50.9 megs
0...1...2...3...4...5...6...7...8...9...10	Bounce #1 added RGB(26535, 14031, 6246)
0...1...2...3...4...5...6...7...8...9...10	Bounce #2 added RGB(20118, 5531, 1129)
0...1...2...3...4...5...6...7...8...9...10	Bounce #3 added RGB(6857, 1289, 145)
0...1...2...3...4...5...6...7...8...9...10	Bounce #4 added RGB(3441, 392, 23)
0...1...2...3...4...5...6...7...8...9...10	Bounce #5 added RGB(1431, 104, 3)
0...1...2...3...4...5...6...7...8...9...10	Bounce #6 added RGB(653, 30, 1)
0...1...2...3...4...5...6...7...8...9...10	Bounce #7 added RGB(285, 8, 0)
0...1...2...3...4...5...6...7...8...9...10	Bounce #8 added RGB(127, 2, 0)
0...1...2...3...4...5...6...7...8...9...10	Bounce #9 added RGB(56, 1, 0)
0...1...2...3...4...5...6...7...8...9...10	Bounce #10 added RGB(25, 0, 0)
0...1...2...3...4...5...6...7...8...9...10	Bounce #11 added RGB(11, 0, 0)
0...1...2...3...4...5...6...7...8...9...10	Bounce #12 added RGB(5, 0, 0)
0...1...2...3...4...5...6...7...8...9...10	Bounce #13 added RGB(2, 0, 0)
0...1...2...3...4...5...6...7...8...9...10	Bounce #14 added RGB(1, 0, 0)
Build Patch/Sample Hash Table(s).....Done<0.0051 sec>
0...1...2...3...4...5...6...7...8...9...10FinalLightFace Done
0 of 0 (0% of) surface lights went in leaf ambient cubes.
0...1...2...3...4...5...6...7...8...9...10Writing leaf ambient...done
Computing static prop lighting : 00...1...2...3...4...5...6...7...8...9...10
Ready to Finish

Object names       Objects/Maxobjs  Memory / Maxmem  Fullness 
------------       ---------------  ---------------  -------- 
models                  24/1024         1152/49152    ( 2.3%) 
brushes                225/8192         2700/98304    ( 2.7%) 
brushsides            1637/65536       13096/524288   ( 2.5%) 
planes                 988/65536       19760/1310720  ( 1.5%) 
vertexes              2121/65536       25452/786432   ( 3.2%) 
nodes                  939/65536       30048/2097152  ( 1.4%) 
texinfos               350/12288       25200/884736   ( 2.8%) 
texdata                 15/2048          480/65536    ( 0.7%) 
dispinfos                0/0               0/0        ( 0.0%) 
disp_verts               0/0               0/0        ( 0.0%) 
disp_tris                0/0               0/0        ( 0.0%) 
disp_multiblend          0/0               0/0        ( 0.0%) 
disp_lmsamples           0/0               0/0        ( 0.0%) 
faces                 1313/65536       73528/3670016  ( 2.0%) 
hdr faces             1313/65536       73528/3670016  ( 2.0%) 
origfaces              637/65536       35672/3670016  ( 1.0%) 
facebrushes             18/0              36/0        ( 0.0%) 
facebrushlists        1313/0            5252/0        ( 0.0%) 
leaves                 964/65536       30848/2097152  ( 1.5%) 
leaffaces             1623/65536        3246/131072   ( 2.5%) 
leafbrushes            606/65536        1212/131072   ( 0.9%) 
areas                    2/1024           16/8192     ( 0.2%) 
surfedges             8594/512000      34376/2048000  ( 1.7%) 
edges                 4910/256000      19640/1024000  ( 1.9%) 
LDR worldlights          4/8192          400/819200   ( 0.0%) 
HDR worldlights          4/8192          400/819200   ( 0.0%) 
leafwaterdata            0/32768           0/393216   ( 0.0%) 
waterstrips             93/32768         930/327680   ( 0.3%) 
waterverts               0/65536           0/786432   ( 0.0%) 
waterindices          1563/65536        3126/131072   ( 2.4%) 
cubemapsamples           1/1024           16/16384    ( 0.1%) 
overlays                 0/1024            0/360448   ( 0.0%) 
LDR lightdata         [variable]     1786180/0        ( 0.0%) 
HDR lightdata         [variable]     1786180/0        ( 0.0%) 
visdata               [variable]       34745/16777216 ( 0.2%) 
entdata               [variable]       22000/393216   ( 5.6%) 
LDR ambient table      964/65536        3856/262144   ( 1.5%) 
HDR ambient table      964/65536        3856/262144   ( 1.5%) 
LDR leaf ambient      3546/65536       99288/1835008  ( 5.4%) 
HDR leaf ambient      3564/65536       99792/1835008  ( 5.4%) 
occluders                0/0               0/0        ( 0.0%) 
occluder polygons        0/0               0/0        ( 0.0%) 
occluder vert ind        0/0               0/0        ( 0.0%) 
detail props          [variable]           1/12       ( 8.3%) 
static props          [variable]           1/1946     ( 0.1%) 
pakfile               [variable]      285378/0        ( 0.0%) 
physics               [variable]       84426/4194304  ( 2.0%) 
physics terrain       [variable]           2/1048576  ( 0.0%) 

Level flags = 1f

Total triangle count: 3422
Writing d:\programe\github reps\cs-go maps\aim_cika\aim_museum4.bsp
28 seconds elapsed



materialPath: E:\Games\steamapps\common\Counter-Strike Global Offensive\csgo\materials
Loading d:\programe\github reps\cs-go maps\aim_cika\aim_museum4.vmf
Map revision 174
fixing up env_cubemap materials on brush sides...
0...1...2...3...4...5...6...7...8...9...100...1...2...3...4...5...6...7...8...9...10Processing areas...done (0)
Building Faces...done (0)
Chop Details...done (0)
Find Visible Detail Sides...
Merged 6 detail faces...done (0)
Merging details...done (0)
FixTjuncs...
PruneNodes...
WriteBSP...
done (0)
writing d:\programe\github reps\cs-go maps\aim_cika\aim_museum4.prt...Building visibility clusters...
done (0)
Finding displacement neighbors...
Finding lightmap sample positions...
Displacement Alpha : 0...1...2...3...4...5...6...7...8...9...10
Building Physics collision data...
done (0) (84426 bytes)
Error! prop_static using model "models/props/cs_office/offpaintinga.mdl", which must be used on a dynamic entity (i.e. prop_physics). Deleted.
Error loading studio model "models/props/cs_office/offpaintinga.mdl"!
Error! prop_static using model "models/props/cs_office/offpaintingf.mdl", which must be used on a dynamic entity (i.e. prop_physics). Deleted.
Error loading studio model "models/props/cs_office/offpaintingf.mdl"!
Error! prop_static using model "models/props/cs_office/offpaintingd.mdl", which must be used on a dynamic entity (i.e. prop_physics). Deleted.
Error loading studio model "models/props/cs_office/offpaintingd.mdl"!
Error! prop_static using model "models/props/cs_office/offpaintingo.mdl", which must be used on a dynamic entity (i.e. prop_physics). Deleted.
Error loading studio model "models/props/cs_office/offpaintingo.mdl"!
Error! prop_static using model "models/props/cs_office/offpaintinge.mdl", which must be used on a dynamic entity (i.e. prop_physics). Deleted.
Error loading studio model "models/props/cs_office/offpaintinge.mdl"!
Error! prop_static using model "models/props/cs_office/offpaintingk.mdl", which must be used on a dynamic entity (i.e. prop_physics). Deleted.
Error loading studio model "models/props/cs_office/offpaintingk.mdl"!
Placing detail props : 0...1...2...3...4...5...6...7...8...9...10
Compacting texture/material tables...
Reduced 1082 texinfos to 415
Reduced 68 texdatas to 61 (4030 bytes to 3725)
Writing d:\programe\github reps\cs-go maps\aim_cika\aim_museum4.bsp
0 seconds elapsed



4 threads
reading d:\programe\github reps\cs-go maps\aim_cika\aim_museum4.bsp
reading d:\programe\github reps\cs-go maps\aim_cika\aim_museum4.prt
 354 portalclusters
1061 numportals
0...1...2...3...4...5...6...7...8...9...10Optimized: 4281 visible clusters (0.00%)
Total clusters visible: 97011
Average clusters visible: 274
Building PAS...
Average clusters audible: 354
visdatasize:35030  compressed from 33984
writing d:\programe\github reps\cs-go maps\aim_cika\aim_museum4.bsp
0 seconds elapsed



[Reading texlights from 'lights.rad']
[17 texlights parsed from 'lights.rad']

Loading d:\programe\github reps\cs-go maps\aim_cika\aim_museum4.bsp
1313 faces
113167 square feet [16296065.00 square inches]
0 Displacements
0 Square Feet [0.00 Square Inches]
1313 patches before subdivision
zero area child patch
30941 patches after subdivision
5 direct lights
0...1...2...3...4...5...6...7...8...9...100...1...2...3...4...5...6...7...8...9...10transfers 6663448, max 693
transfer lists:  50.8 megs
0...1...2...3...4...5...6...7...8...9...10	Bounce #1 added RGB(40069, 21129, 8923)
0...1...2...3...4...5...6...7...8...9...10	Bounce #2 added RGB(27210, 7525, 1495)
Build Patch/Sample Hash Table(s).....Done<0.0053 sec>
0...1...2...3...4...5...6...7...8...9...10FinalLightFace Done
0 of 0 (0% of) surface lights went in leaf ambient cubes.
0...1...2...3...4...5...6...7...8...9...10Writing leaf ambient...done
Ready to Finish

Object names       Objects/Maxobjs  Memory / Maxmem  Fullness 
------------       ---------------  ---------------  -------- 
models                  24/1024         1152/49152    ( 2.3%) 
brushes                225/8192         2700/98304    ( 2.7%) 
brushsides            1637/65536       13096/524288   ( 2.5%) 
planes                 988/65536       19760/1310720  ( 1.5%) 
vertexes              2121/65536       25452/786432   ( 3.2%) 
nodes                  939/65536       30048/2097152  ( 1.4%) 
texinfos               415/12288       29880/884736   ( 3.4%) 
texdata                 61/2048         1952/65536    ( 3.0%) 
dispinfos                0/0               0/0        ( 0.0%) 
disp_verts               0/0               0/0        ( 0.0%) 
disp_tris                0/0               0/0        ( 0.0%) 
disp_multiblend          0/0               0/0        ( 0.0%) 
disp_lmsamples           0/0               0/0        ( 0.0%) 
faces                 1313/65536       73528/3670016  ( 2.0%) 
hdr faces                0/65536           0/3670016  ( 0.0%) 
origfaces              637/65536       35672/3670016  ( 1.0%) 
facebrushes             18/0              36/0        ( 0.0%) 
facebrushlists        1313/0            5252/0        ( 0.0%) 
leaves                 964/65536       30848/2097152  ( 1.5%) 
leaffaces             1623/65536        3246/131072   ( 2.5%) 
leafbrushes            606/65536        1212/131072   ( 0.9%) 
areas                    2/1024           16/8192     ( 0.2%) 
surfedges             8594/512000      34376/2048000  ( 1.7%) 
edges                 4910/256000      19640/1024000  ( 1.9%) 
LDR worldlights          5/8192          500/819200   ( 0.1%) 
HDR worldlights          0/8192            0/819200   ( 0.0%) 
leafwaterdata            0/32768           0/393216   ( 0.0%) 
waterstrips             93/32768         930/327680   ( 0.3%) 
waterverts               0/65536           0/786432   ( 0.0%) 
waterindices          1563/65536        3126/131072   ( 2.4%) 
cubemapsamples          17/1024          272/16384    ( 1.7%) 
overlays                 0/1024            0/360448   ( 0.0%) 
LDR lightdata         [variable]     1786180/0        ( 0.0%) 
HDR lightdata         [variable]           0/0        ( 0.0%) 
visdata               [variable]       35030/16777216 ( 0.2%) 
entdata               [variable]       23530/393216   ( 6.0%) 
LDR ambient table      964/65536        3856/262144   ( 1.5%) 
HDR ambient table      964/65536        3856/262144   ( 1.5%) 
LDR leaf ambient      3571/65536       99988/1835008  ( 5.4%) 
HDR leaf ambient       964/65536       26992/1835008  ( 1.5%) 
occluders                0/0               0/0        ( 0.0%) 
occluder polygons        0/0               0/0        ( 0.0%) 
occluder vert ind        0/0               0/0        ( 0.0%) 
detail props          [variable]           1/12       ( 8.3%) 
static props          [variable]           1/1946     ( 0.1%) 
pakfile               [variable]     1359687/0        ( 0.0%) 
physics               [variable]       84426/4194304  ( 2.0%) 
physics terrain       [variable]           2/1048576  ( 0.0%) 

Level flags = 1c

Total triangle count: 3422
Writing d:\programe\github reps\cs-go maps\aim_cika\aim_museum4.bsp
9 seconds elapsed



materialPath: E:\Games\steamapps\common\Counter-Strike Global Offensive\csgo\materials
Loading d:\programe\github reps\cs-go maps\aim_cika\aim_museum4.vmf
Map revision 176
fixing up env_cubemap materials on brush sides...
0...1...2...3...4...5...6...7...8...9...100...1...2...3...4...5...6...7...8...9...10Processing areas...done (0)
Building Faces...done (0)
Chop Details...done (0)
Find Visible Detail Sides...
Merged 6 detail faces...done (0)
Merging details...done (0)
FixTjuncs...
PruneNodes...
WriteBSP...
done (0)
writing d:\programe\github reps\cs-go maps\aim_cika\aim_museum4.prt...Building visibility clusters...
done (0)
Finding displacement neighbors...
Finding lightmap sample positions...
Displacement Alpha : 0...1...2...3...4...5...6...7...8...9...10
Building Physics collision data...
done (0) (83870 bytes)
Error! prop_static using model "models/props/cs_office/offpaintinga.mdl", which must be used on a dynamic entity (i.e. prop_physics). Deleted.
Error loading studio model "models/props/cs_office/offpaintinga.mdl"!
Error! prop_static using model "models/props/cs_office/offpaintingf.mdl", which must be used on a dynamic entity (i.e. prop_physics). Deleted.
Error loading studio model "models/props/cs_office/offpaintingf.mdl"!
Error! prop_static using model "models/props/cs_office/offpaintingd.mdl", which must be used on a dynamic entity (i.e. prop_physics). Deleted.
Error loading studio model "models/props/cs_office/offpaintingd.mdl"!
Error! prop_static using model "models/props/cs_office/offpaintingo.mdl", which must be used on a dynamic entity (i.e. prop_physics). Deleted.
Error loading studio model "models/props/cs_office/offpaintingo.mdl"!
Error! prop_static using model "models/props/cs_office/offpaintinge.mdl", which must be used on a dynamic entity (i.e. prop_physics). Deleted.
Error loading studio model "models/props/cs_office/offpaintinge.mdl"!
Error! prop_static using model "models/props/cs_office/offpaintingk.mdl", which must be used on a dynamic entity (i.e. prop_physics). Deleted.
Error loading studio model "models/props/cs_office/offpaintingk.mdl"!
Placing detail props : 0...1...2...3...4...5...6...7...8...9...10
Compacting texture/material tables...
Reduced 1082 texinfos to 415
Reduced 68 texdatas to 61 (4030 bytes to 3725)
Writing d:\programe\github reps\cs-go maps\aim_cika\aim_museum4.bsp
0 seconds elapsed



4 threads
reading d:\programe\github reps\cs-go maps\aim_cika\aim_museum4.bsp
reading d:\programe\github reps\cs-go maps\aim_cika\aim_museum4.prt
 354 portalclusters
1061 numportals
0...1...2...3...4...5...6...7...8...9...100...1...2...3...4...5...6...7...8...9...10Optimized: 480 visible clusters (0.00%)
Total clusters visible: 78864
Average clusters visible: 222
Building PAS...
Average clusters audible: 351
visdatasize:34745  compressed from 33984
writing d:\programe\github reps\cs-go maps\aim_cika\aim_museum4.bsp
3 seconds elapsed



[Reading texlights from 'lights.rad']
[17 texlights parsed from 'lights.rad']

Loading d:\programe\github reps\cs-go maps\aim_cika\aim_museum4.bsp
1211 faces
109533 square feet [15772825.00 square inches]
0 Displacements
0 Square Feet [0.00 Square Inches]
3 direct lights
0...1...2...3...4...5...6...7...8...9...10Build Patch/Sample Hash Table(s).....Done<0.0030 sec>
0...1...2...3...4...5...6...7...8...9...10FinalLightFace Done
0 of 0 (0% of) surface lights went in leaf ambient cubes.
0...1...2...3...4...5...6...7...8...9...10Writing leaf ambient...done
Computing static prop lighting : 00...1...2...3...4...5...6...7...8...9...10
Ready to Finish

Object names       Objects/Maxobjs  Memory / Maxmem  Fullness 
------------       ---------------  ---------------  -------- 
models                  23/1024         1104/49152    ( 2.2%) 
brushes                224/8192         2688/98304    ( 2.7%) 
brushsides            1631/65536       13048/524288   ( 2.5%) 
planes                 982/65536       19640/1310720  ( 1.5%) 
vertexes              1970/65536       23640/786432   ( 3.0%) 
nodes                  933/65536       29856/2097152  ( 1.4%) 
texinfos               415/12288       29880/884736   ( 3.4%) 
texdata                 61/2048         1952/65536    ( 3.0%) 
dispinfos                0/0               0/0        ( 0.0%) 
disp_verts               0/0               0/0        ( 0.0%) 
disp_tris                0/0               0/0        ( 0.0%) 
disp_multiblend          0/0               0/0        ( 0.0%) 
disp_lmsamples           0/0               0/0        ( 0.0%) 
faces                 1211/65536       67816/3670016  ( 1.8%) 
hdr faces                0/65536           0/3670016  ( 0.0%) 
origfaces              631/65536       35336/3670016  ( 1.0%) 
facebrushes             18/0              36/0        ( 0.0%) 
facebrushlists        1211/0            4844/0        ( 0.0%) 
leaves                 957/65536       30624/2097152  ( 1.5%) 
leaffaces             1436/65536        2872/131072   ( 2.2%) 
leafbrushes            605/65536        1210/131072   ( 0.9%) 
areas                    2/1024           16/8192     ( 0.2%) 
surfedges             8059/512000      32236/2048000  ( 1.6%) 
edges                 4641/256000      18564/1024000  ( 1.8%) 
LDR worldlights          3/8192          300/819200   ( 0.0%) 
HDR worldlights          0/8192            0/819200   ( 0.0%) 
leafwaterdata            0/32768           0/393216   ( 0.0%) 
waterstrips             66/32768         660/327680   ( 0.2%) 
waterverts               0/65536           0/786432   ( 0.0%) 
waterindices          1152/65536        2304/131072   ( 1.8%) 
cubemapsamples          17/1024          272/16384    ( 1.7%) 
overlays                 0/1024            0/360448   ( 0.0%) 
LDR lightdata         [variable]     1191692/0        ( 0.0%) 
HDR lightdata         [variable]           0/0        ( 0.0%) 
visdata               [variable]       34745/16777216 ( 0.2%) 
entdata               [variable]       21527/393216   ( 5.5%) 
LDR ambient table      957/65536        3828/262144   ( 1.5%) 
HDR ambient table      957/65536        3828/262144   ( 1.5%) 
LDR leaf ambient      3443/65536       96404/1835008  ( 5.3%) 
HDR leaf ambient       957/65536       26796/1835008  ( 1.5%) 
occluders                0/0               0/0        ( 0.0%) 
occluder polygons        0/0               0/0        ( 0.0%) 
occluder vert ind        0/0               0/0        ( 0.0%) 
detail props          [variable]           1/12       ( 8.3%) 
static props          [variable]           1/1946     ( 0.1%) 
pakfile               [variable]     1426937/0        ( 0.0%) 
physics               [variable]       83870/4194304  ( 2.0%) 
physics terrain       [variable]           2/1048576  ( 0.0%) 

Level flags = 1d

Total triangle count: 3115
Writing d:\programe\github reps\cs-go maps\aim_cika\aim_museum4.bsp
39 seconds elapsed



[Reading texlights from 'lights.rad']
[17 texlights parsed from 'lights.rad']

Loading d:\programe\github reps\cs-go maps\aim_cika\aim_museum4.bsp
1211 faces
109533 square feet [15772825.00 square inches]
0 Displacements
0 Square Feet [0.00 Square Inches]
3 direct lights
0...1...2...3...4...5...6...7...8...9...10Build Patch/Sample Hash Table(s).....Done<0.0026 sec>
0...1...2...3...4...5...6...7...8...9...10FinalLightFace Done
0 of 0 (0% of) surface lights went in leaf ambient cubes.
0...1...2...3...4...5...6...7...8...9...10Writing leaf ambient...done
Computing static prop lighting : 00...1...2...3...4...5...6...7...8...9...10
Ready to Finish

Object names       Objects/Maxobjs  Memory / Maxmem  Fullness 
------------       ---------------  ---------------  -------- 
models                  23/1024         1104/49152    ( 2.2%) 
brushes                224/8192         2688/98304    ( 2.7%) 
brushsides            1631/65536       13048/524288   ( 2.5%) 
planes                 982/65536       19640/1310720  ( 1.5%) 
vertexes              1970/65536       23640/786432   ( 3.0%) 
nodes                  933/65536       29856/2097152  ( 1.4%) 
texinfos               415/12288       29880/884736   ( 3.4%) 
texdata                 61/2048         1952/65536    ( 3.0%) 
dispinfos                0/0               0/0        ( 0.0%) 
disp_verts               0/0               0/0        ( 0.0%) 
disp_tris                0/0               0/0        ( 0.0%) 
disp_multiblend          0/0               0/0        ( 0.0%) 
disp_lmsamples           0/0               0/0        ( 0.0%) 
faces                 1211/65536       67816/3670016  ( 1.8%) 
hdr faces             1211/65536       67816/3670016  ( 1.8%) 
origfaces              631/65536       35336/3670016  ( 1.0%) 
facebrushes             18/0              36/0        ( 0.0%) 
facebrushlists        1211/0            4844/0        ( 0.0%) 
leaves                 957/65536       30624/2097152  ( 1.5%) 
leaffaces             1436/65536        2872/131072   ( 2.2%) 
leafbrushes            605/65536        1210/131072   ( 0.9%) 
areas                    2/1024           16/8192     ( 0.2%) 
surfedges             8059/512000      32236/2048000  ( 1.6%) 
edges                 4641/256000      18564/1024000  ( 1.8%) 
LDR worldlights          3/8192          300/819200   ( 0.0%) 
HDR worldlights          3/8192          300/819200   ( 0.0%) 
leafwaterdata            0/32768           0/393216   ( 0.0%) 
waterstrips             66/32768         660/327680   ( 0.2%) 
waterverts               0/65536           0/786432   ( 0.0%) 
waterindices          1152/65536        2304/131072   ( 1.8%) 
cubemapsamples          17/1024          272/16384    ( 1.7%) 
overlays                 0/1024            0/360448   ( 0.0%) 
LDR lightdata         [variable]     1191692/0        ( 0.0%) 
HDR lightdata         [variable]     1191692/0        ( 0.0%) 
visdata               [variable]       34745/16777216 ( 0.2%) 
entdata               [variable]       21527/393216   ( 5.5%) 
LDR ambient table      957/65536        3828/262144   ( 1.5%) 
HDR ambient table      957/65536        3828/262144   ( 1.5%) 
LDR leaf ambient      3443/65536       96404/1835008  ( 5.3%) 
HDR leaf ambient      3458/65536       96824/1835008  ( 5.3%) 
occluders                0/0               0/0        ( 0.0%) 
occluder polygons        0/0               0/0        ( 0.0%) 
occluder vert ind        0/0               0/0        ( 0.0%) 
detail props          [variable]           1/12       ( 8.3%) 
static props          [variable]           1/1946     ( 0.1%) 
pakfile               [variable]     1494291/0        ( 0.0%) 
physics               [variable]       83870/4194304  ( 2.0%) 
physics terrain       [variable]           2/1048576  ( 0.0%) 

Level flags = 1f

Total triangle count: 3115
Writing d:\programe\github reps\cs-go maps\aim_cika\aim_museum4.bsp
37 seconds elapsed



materialPath: E:\Games\steamapps\common\Counter-Strike Global Offensive\csgo\materials
Loading d:\programe\github reps\cs-go maps\aim_cika\aim_museum4.vmf
Map revision 177
fixing up env_cubemap materials on brush sides...
0...1...2...3...4...5...6...7...8...9...100...1...2...3...4...5...6...7...8...9...10Processing areas...done (0)
Building Faces...done (0)
Chop Details...done (0)
Find Visible Detail Sides...
Merged 6 detail faces...done (0)
Merging details...done (0)
FixTjuncs...
PruneNodes...
WriteBSP...
done (0)
writing d:\programe\github reps\cs-go maps\aim_cika\aim_museum4.prt...Building visibility clusters...
done (0)
Finding displacement neighbors...
Finding lightmap sample positions...
Displacement Alpha : 0...1...2...3...4...5...6...7...8...9...10
Building Physics collision data...
done (0) (83870 bytes)
Error! prop_static using model "models/props/cs_office/offpaintinga.mdl", which must be used on a dynamic entity (i.e. prop_physics). Deleted.
Error loading studio model "models/props/cs_office/offpaintinga.mdl"!
Error! prop_static using model "models/props/cs_office/offpaintingf.mdl", which must be used on a dynamic entity (i.e. prop_physics). Deleted.
Error loading studio model "models/props/cs_office/offpaintingf.mdl"!
Error! prop_static using model "models/props/cs_office/offpaintingd.mdl", which must be used on a dynamic entity (i.e. prop_physics). Deleted.
Error loading studio model "models/props/cs_office/offpaintingd.mdl"!
Error! prop_static using model "models/props/cs_office/offpaintingo.mdl", which must be used on a dynamic entity (i.e. prop_physics). Deleted.
Error loading studio model "models/props/cs_office/offpaintingo.mdl"!
Error! prop_static using model "models/props/cs_office/offpaintinge.mdl", which must be used on a dynamic entity (i.e. prop_physics). Deleted.
Error loading studio model "models/props/cs_office/offpaintinge.mdl"!
Error! prop_static using model "models/props/cs_office/offpaintingk.mdl", which must be used on a dynamic entity (i.e. prop_physics). Deleted.
Error loading studio model "models/props/cs_office/offpaintingk.mdl"!
Placing detail props : 0...1...2...3...4...5...6...7...8...9...10
Compacting texture/material tables...
Reduced 1082 texinfos to 415
Reduced 68 texdatas to 61 (4030 bytes to 3725)
Writing d:\programe\github reps\cs-go maps\aim_cika\aim_museum4.bsp
0 seconds elapsed



4 threads
reading d:\programe\github reps\cs-go maps\aim_cika\aim_museum4.bsp
reading d:\programe\github reps\cs-go maps\aim_cika\aim_museum4.prt
 354 portalclusters
1061 numportals
0...1...2...3...4...5...6...7...8...9...100...1...2...3...4...5...6...7...8...9...10Optimized: 480 visible clusters (0.00%)
Total clusters visible: 78864
Average clusters visible: 222
Building PAS...
Average clusters audible: 351
visdatasize:34745  compressed from 33984
writing d:\programe\github reps\cs-go maps\aim_cika\aim_museum4.bsp
3 seconds elapsed



[Reading texlights from 'lights.rad']
[17 texlights parsed from 'lights.rad']

Loading d:\programe\github reps\cs-go maps\aim_cika\aim_museum4.bsp
1211 faces
109533 square feet [15772825.00 square inches]
0 Displacements
0 Square Feet [0.00 Square Inches]
4 direct lights
0...1...2...3...4...5...6...7...8...9...10Build Patch/Sample Hash Table(s).....Done<0.0026 sec>
0...1...2...3...4...5...6...7...8...9...10FinalLightFace Done
0 of 0 (0% of) surface lights went in leaf ambient cubes.
0...1...2...3...4...5...6...7...8...9...10Writing leaf ambient...done
Computing static prop lighting : 00...1...2...3...4...5...6...7...8...9...10
Ready to Finish

Object names       Objects/Maxobjs  Memory / Maxmem  Fullness 
------------       ---------------  ---------------  -------- 
models                  23/1024         1104/49152    ( 2.2%) 
brushes                224/8192         2688/98304    ( 2.7%) 
brushsides            1631/65536       13048/524288   ( 2.5%) 
planes                 982/65536       19640/1310720  ( 1.5%) 
vertexes              1970/65536       23640/786432   ( 3.0%) 
nodes                  933/65536       29856/2097152  ( 1.4%) 
texinfos               415/12288       29880/884736   ( 3.4%) 
texdata                 61/2048         1952/65536    ( 3.0%) 
dispinfos                0/0               0/0        ( 0.0%) 
disp_verts               0/0               0/0        ( 0.0%) 
disp_tris                0/0               0/0        ( 0.0%) 
disp_multiblend          0/0               0/0        ( 0.0%) 
disp_lmsamples           0/0               0/0        ( 0.0%) 
faces                 1211/65536       67816/3670016  ( 1.8%) 
hdr faces                0/65536           0/3670016  ( 0.0%) 
origfaces              631/65536       35336/3670016  ( 1.0%) 
facebrushes             18/0              36/0        ( 0.0%) 
facebrushlists        1211/0            4844/0        ( 0.0%) 
leaves                 957/65536       30624/2097152  ( 1.5%) 
leaffaces             1436/65536        2872/131072   ( 2.2%) 
leafbrushes            605/65536        1210/131072   ( 0.9%) 
areas                    2/1024           16/8192     ( 0.2%) 
surfedges             8059/512000      32236/2048000  ( 1.6%) 
edges                 4641/256000      18564/1024000  ( 1.8%) 
LDR worldlights          3/8192          300/819200   ( 0.0%) 
HDR worldlights          0/8192            0/819200   ( 0.0%) 
leafwaterdata            0/32768           0/393216   ( 0.0%) 
waterstrips             66/32768         660/327680   ( 0.2%) 
waterverts               0/65536           0/786432   ( 0.0%) 
waterindices          1152/65536        2304/131072   ( 1.8%) 
cubemapsamples          17/1024          272/16384    ( 1.7%) 
overlays                 0/1024            0/360448   ( 0.0%) 
LDR lightdata         [variable]     1191692/0        ( 0.0%) 
HDR lightdata         [variable]           0/0        ( 0.0%) 
visdata               [variable]       34745/16777216 ( 0.2%) 
entdata               [variable]       21817/393216   ( 5.5%) 
LDR ambient table      957/65536        3828/262144   ( 1.5%) 
HDR ambient table      957/65536        3828/262144   ( 1.5%) 
LDR leaf ambient      3375/65536       94500/1835008  ( 5.1%) 
HDR leaf ambient       957/65536       26796/1835008  ( 1.5%) 
occluders                0/0               0/0        ( 0.0%) 
occluder polygons        0/0               0/0        ( 0.0%) 
occluder vert ind        0/0               0/0        ( 0.0%) 
detail props          [variable]           1/12       ( 8.3%) 
static props          [variable]           1/1946     ( 0.1%) 
pakfile               [variable]     1426937/0        ( 0.0%) 
physics               [variable]       83870/4194304  ( 2.0%) 
physics terrain       [variable]           2/1048576  ( 0.0%) 

Level flags = 1d

Total triangle count: 3115
Writing d:\programe\github reps\cs-go maps\aim_cika\aim_museum4.bsp
27 seconds elapsed



[Reading texlights from 'lights.rad']
[17 texlights parsed from 'lights.rad']

Loading d:\programe\github reps\cs-go maps\aim_cika\aim_museum4.bsp
1211 faces
109533 square feet [15772825.00 square inches]
0 Displacements
0 Square Feet [0.00 Square Inches]
4 direct lights
0...1...2...3...4...5...6...7...8...9...10Build Patch/Sample Hash Table(s).....Done<0.0041 sec>
0...1...2...3...4...5...6...7...8...9...10FinalLightFace Done
0 of 0 (0% of) surface lights went in leaf ambient cubes.
0...1...2...3...4...5...6...7...8...9...10Writing leaf ambient...done
Computing static prop lighting : 00...1...2...3...4...5...6...7...8...9...10
Ready to Finish

Object names       Objects/Maxobjs  Memory / Maxmem  Fullness 
------------       ---------------  ---------------  -------- 
models                  23/1024         1104/49152    ( 2.2%) 
brushes                224/8192         2688/98304    ( 2.7%) 
brushsides            1631/65536       13048/524288   ( 2.5%) 
planes                 982/65536       19640/1310720  ( 1.5%) 
vertexes              1970/65536       23640/786432   ( 3.0%) 
nodes                  933/65536       29856/2097152  ( 1.4%) 
texinfos               415/12288       29880/884736   ( 3.4%) 
texdata                 61/2048         1952/65536    ( 3.0%) 
dispinfos                0/0               0/0        ( 0.0%) 
disp_verts               0/0               0/0        ( 0.0%) 
disp_tris                0/0               0/0        ( 0.0%) 
disp_multiblend          0/0               0/0        ( 0.0%) 
disp_lmsamples           0/0               0/0        ( 0.0%) 
faces                 1211/65536       67816/3670016  ( 1.8%) 
hdr faces             1211/65536       67816/3670016  ( 1.8%) 
origfaces              631/65536       35336/3670016  ( 1.0%) 
facebrushes             18/0              36/0        ( 0.0%) 
facebrushlists        1211/0            4844/0        ( 0.0%) 
leaves                 957/65536       30624/2097152  ( 1.5%) 
leaffaces             1436/65536        2872/131072   ( 2.2%) 
leafbrushes            605/65536        1210/131072   ( 0.9%) 
areas                    2/1024           16/8192     ( 0.2%) 
surfedges             8059/512000      32236/2048000  ( 1.6%) 
edges                 4641/256000      18564/1024000  ( 1.8%) 
LDR worldlights          3/8192          300/819200   ( 0.0%) 
HDR worldlights          3/8192          300/819200   ( 0.0%) 
leafwaterdata            0/32768           0/393216   ( 0.0%) 
waterstrips             66/32768         660/327680   ( 0.2%) 
waterverts               0/65536           0/786432   ( 0.0%) 
waterindices          1152/65536        2304/131072   ( 1.8%) 
cubemapsamples          17/1024          272/16384    ( 1.7%) 
overlays                 0/1024            0/360448   ( 0.0%) 
LDR lightdata         [variable]     1191692/0        ( 0.0%) 
HDR lightdata         [variable]     1191692/0        ( 0.0%) 
visdata               [variable]       34745/16777216 ( 0.2%) 
entdata               [variable]       21817/393216   ( 5.5%) 
LDR ambient table      957/65536        3828/262144   ( 1.5%) 
HDR ambient table      957/65536        3828/262144   ( 1.5%) 
LDR leaf ambient      3375/65536       94500/1835008  ( 5.1%) 
HDR leaf ambient      3375/65536       94500/1835008  ( 5.1%) 
occluders                0/0               0/0        ( 0.0%) 
occluder polygons        0/0               0/0        ( 0.0%) 
occluder vert ind        0/0               0/0        ( 0.0%) 
detail props          [variable]           1/12       ( 8.3%) 
static props          [variable]           1/1946     ( 0.1%) 
pakfile               [variable]     1494291/0        ( 0.0%) 
physics               [variable]       83870/4194304  ( 2.0%) 
physics terrain       [variable]           2/1048576  ( 0.0%) 

Level flags = 1f

Total triangle count: 3115
Writing d:\programe\github reps\cs-go maps\aim_cika\aim_museum4.bsp
28 seconds elapsed



materialPath: E:\Games\steamapps\common\Counter-Strike Global Offensive\csgo\materials
Loading d:\programe\github reps\cs-go maps\aim_cika\aim_museum4.vmf
Map revision 178
fixing up env_cubemap materials on brush sides...
0...1...2...3...4...5...6...7...8...9...100...1...2...3...4...5...6...7...8...9...10Processing areas...done (0)
Building Faces...done (0)
Chop Details...done (0)
Find Visible Detail Sides...
Merged 6 detail faces...done (0)
Merging details...done (0)
FixTjuncs...
PruneNodes...
WriteBSP...
done (0)
writing d:\programe\github reps\cs-go maps\aim_cika\aim_museum4.prt...Building visibility clusters...
done (0)
Finding displacement neighbors...
Finding lightmap sample positions...
Displacement Alpha : 0...1...2...3...4...5...6...7...8...9...10
Building Physics collision data...
done (0) (83870 bytes)
Error! prop_static using model "models/props/cs_office/offpaintinga.mdl", which must be used on a dynamic entity (i.e. prop_physics). Deleted.
Error loading studio model "models/props/cs_office/offpaintinga.mdl"!
Error! prop_static using model "models/props/cs_office/offpaintingf.mdl", which must be used on a dynamic entity (i.e. prop_physics). Deleted.
Error loading studio model "models/props/cs_office/offpaintingf.mdl"!
Error! prop_static using model "models/props/cs_office/offpaintingd.mdl", which must be used on a dynamic entity (i.e. prop_physics). Deleted.
Error loading studio model "models/props/cs_office/offpaintingd.mdl"!
Error! prop_static using model "models/props/cs_office/offpaintingo.mdl", which must be used on a dynamic entity (i.e. prop_physics). Deleted.
Error loading studio model "models/props/cs_office/offpaintingo.mdl"!
Error! prop_static using model "models/props/cs_office/offpaintinge.mdl", which must be used on a dynamic entity (i.e. prop_physics). Deleted.
Error loading studio model "models/props/cs_office/offpaintinge.mdl"!
Error! prop_static using model "models/props/cs_office/offpaintingk.mdl", which must be used on a dynamic entity (i.e. prop_physics). Deleted.
Error loading studio model "models/props/cs_office/offpaintingk.mdl"!
Placing detail props : 0...1...2...3...4...5...6...7...8...9...10
Compacting texture/material tables...
Reduced 1082 texinfos to 415
Reduced 68 texdatas to 61 (4030 bytes to 3725)
Writing d:\programe\github reps\cs-go maps\aim_cika\aim_museum4.bsp
0 seconds elapsed



4 threads
reading d:\programe\github reps\cs-go maps\aim_cika\aim_museum4.bsp
reading d:\programe\github reps\cs-go maps\aim_cika\aim_museum4.prt
 354 portalclusters
1061 numportals
0...1...2...3...4...5...6...7...8...9...100...1...2...3...4...5...6...7...8...9...10Optimized: 480 visible clusters (0.00%)
Total clusters visible: 78864
Average clusters visible: 222
Building PAS...
Average clusters audible: 351
visdatasize:34745  compressed from 33984
writing d:\programe\github reps\cs-go maps\aim_cika\aim_museum4.bsp
3 seconds elapsed



[Reading texlights from 'lights.rad']
[17 texlights parsed from 'lights.rad']

Loading d:\programe\github reps\cs-go maps\aim_cika\aim_museum4.bsp
1211 faces
109533 square feet [15772825.00 square inches]
0 Displacements
0 Square Feet [0.00 Square Inches]
1211 patches before subdivision
zero area child patch
21145 patches after subdivision
4 direct lights
0...1...2...3...4...5...6...7...8...9...100...1...2...3...4...5...6...7...8...9...10transfers 4087279, max 655
transfer lists:  31.2 megs
0...1...2...3...4...5...6...7...8...9...10	Bounce #1 added RGB(11695, 6655, 3081)
0...1...2...3...4...5...6...7...8...9...10	Bounce #2 added RGB(9891, 2679, 524)
0...1...2...3...4...5...6...7...8...9...10	Bounce #3 added RGB(3023, 588, 63)
0...1...2...3...4...5...6...7...8...9...10	Bounce #4 added RGB(1537, 178, 9)
0...1...2...3...4...5...6...7...8...9...10	Bounce #5 added RGB(610, 46, 1)
0...1...2...3...4...5...6...7...8...9...10	Bounce #6 added RGB(276, 13, 0)
0...1...2...3...4...5...6...7...8...9...10	Bounce #7 added RGB(118, 3, 0)
0...1...2...3...4...5...6...7...8...9...10	Bounce #8 added RGB(52, 1, 0)
0...1...2...3...4...5...6...7...8...9...10	Bounce #9 added RGB(23, 0, 0)
0...1...2...3...4...5...6...7...8...9...10	Bounce #10 added RGB(10, 0, 0)
0...1...2...3...4...5...6...7...8...9...10	Bounce #11 added RGB(4, 0, 0)
0...1...2...3...4...5...6...7...8...9...10	Bounce #12 added RGB(2, 0, 0)
0...1...2...3...4...5...6...7...8...9...10	Bounce #13 added RGB(1, 0, 0)
Build Patch/Sample Hash Table(s).....Done<0.0066 sec>
0...1...2...3...4...5...6...7...8...9...10FinalLightFace Done
0 of 0 (0% of) surface lights went in leaf ambient cubes.
0...1...2...3...4...5...6...7...8...9...10Writing leaf ambient...done
Computing static prop lighting : 00...1...2...3...4...5...6...7...8...9...10
Ready to Finish

Object names       Objects/Maxobjs  Memory / Maxmem  Fullness 
------------       ---------------  ---------------  -------- 
models                  23/1024         1104/49152    ( 2.2%) 
brushes                224/8192         2688/98304    ( 2.7%) 
brushsides            1631/65536       13048/524288   ( 2.5%) 
planes                 982/65536       19640/1310720  ( 1.5%) 
vertexes              1970/65536       23640/786432   ( 3.0%) 
nodes                  933/65536       29856/2097152  ( 1.4%) 
texinfos               415/12288       29880/884736   ( 3.4%) 
texdata                 61/2048         1952/65536    ( 3.0%) 
dispinfos                0/0               0/0        ( 0.0%) 
disp_verts               0/0               0/0        ( 0.0%) 
disp_tris                0/0               0/0        ( 0.0%) 
disp_multiblend          0/0               0/0        ( 0.0%) 
disp_lmsamples           0/0               0/0        ( 0.0%) 
faces                 1211/65536       67816/3670016  ( 1.8%) 
hdr faces                0/65536           0/3670016  ( 0.0%) 
origfaces              631/65536       35336/3670016  ( 1.0%) 
facebrushes             18/0              36/0        ( 0.0%) 
facebrushlists        1211/0            4844/0        ( 0.0%) 
leaves                 957/65536       30624/2097152  ( 1.5%) 
leaffaces             1436/65536        2872/131072   ( 2.2%) 
leafbrushes            605/65536        1210/131072   ( 0.9%) 
areas                    2/1024           16/8192     ( 0.2%) 
surfedges             8059/512000      32236/2048000  ( 1.6%) 
edges                 4641/256000      18564/1024000  ( 1.8%) 
LDR worldlights          3/8192          300/819200   ( 0.0%) 
HDR worldlights          0/8192            0/819200   ( 0.0%) 
leafwaterdata            0/32768           0/393216   ( 0.0%) 
waterstrips             66/32768         660/327680   ( 0.2%) 
waterverts               0/65536           0/786432   ( 0.0%) 
waterindices          1152/65536        2304/131072   ( 1.8%) 
cubemapsamples          17/1024          272/16384    ( 1.7%) 
overlays                 0/1024            0/360448   ( 0.0%) 
LDR lightdata         [variable]     1191692/0        ( 0.0%) 
HDR lightdata         [variable]           0/0        ( 0.0%) 
visdata               [variable]       34745/16777216 ( 0.2%) 
entdata               [variable]       21817/393216   ( 5.5%) 
LDR ambient table      957/65536        3828/262144   ( 1.5%) 
HDR ambient table      957/65536        3828/262144   ( 1.5%) 
LDR leaf ambient      3460/65536       96880/1835008  ( 5.3%) 
HDR leaf ambient       957/65536       26796/1835008  ( 1.5%) 
occluders                0/0               0/0        ( 0.0%) 
occluder polygons        0/0               0/0        ( 0.0%) 
occluder vert ind        0/0               0/0        ( 0.0%) 
detail props          [variable]           1/12       ( 8.3%) 
static props          [variable]           1/1946     ( 0.1%) 
pakfile               [variable]     1426937/0        ( 0.0%) 
physics               [variable]       83870/4194304  ( 2.0%) 
physics terrain       [variable]           2/1048576  ( 0.0%) 

Level flags = 1d

Total triangle count: 3115
Writing d:\programe\github reps\cs-go maps\aim_cika\aim_museum4.bsp
46 seconds elapsed



[Reading texlights from 'lights.rad']
[17 texlights parsed from 'lights.rad']

Loading d:\programe\github reps\cs-go maps\aim_cika\aim_museum4.bsp
1211 faces
109533 square feet [15772825.00 square inches]
0 Displacements
0 Square Feet [0.00 Square Inches]
1211 patches before subdivision
zero area child patch
21145 patches after subdivision
4 direct lights
0...1...2...3...4...5...6...7...8...9...100...1...2...3...4...5...6...7...8...9...10transfers 4087279, max 655
transfer lists:  31.2 megs
0...1...2...3...4...5...6...7...8...9...10	Bounce #1 added RGB(11695, 6655, 3081)
0...1...2...3...4...5...6...7...8...9...10	Bounce #2 added RGB(9891, 2679, 524)
0...1...2...3...4...5...6...7...8...9...10	Bounce #3 added RGB(3023, 588, 63)
0...1...2...3...4...5...6...7...8...9...10	Bounce #4 added RGB(1537, 178, 9)
0...1...2...3...4...5...6...7...8...9...10	Bounce #5 added RGB(610, 46, 1)
0...1...2...3...4...5...6...7...8...9...10	Bounce #6 added RGB(276, 13, 0)
0...1...2...3...4...5...6...7...8...9...10	Bounce #7 added RGB(118, 3, 0)
0...1...2...3...4...5...6...7...8...9...10	Bounce #8 added RGB(52, 1, 0)
0...1...2...3...4...5...6...7...8...9...10	Bounce #9 added RGB(23, 0, 0)
0...1...2...3...4...5...6...7...8...9...10	Bounce #10 added RGB(10, 0, 0)
0...1...2...3...4...5...6...7...8...9...10	Bounce #11 added RGB(4, 0, 0)
0...1...2...3...4...5...6...7...8...9...10	Bounce #12 added RGB(2, 0, 0)
0...1...2...3...4...5...6...7...8...9...10	Bounce #13 added RGB(1, 0, 0)
Build Patch/Sample Hash Table(s).....Done<0.0036 sec>
0...1...2...3...4...5...6...7...8...9...10FinalLightFace Done
0 of 0 (0% of) surface lights went in leaf ambient cubes.
0...1...2...3...4...5...6...7...8...9...10Writing leaf ambient...done
Computing static prop lighting : 00...1...2...3...4...5...6...7...8...9...10
Ready to Finish

Object names       Objects/Maxobjs  Memory / Maxmem  Fullness 
------------       ---------------  ---------------  -------- 
models                  23/1024         1104/49152    ( 2.2%) 
brushes                224/8192         2688/98304    ( 2.7%) 
brushsides            1631/65536       13048/524288   ( 2.5%) 
planes                 982/65536       19640/1310720  ( 1.5%) 
vertexes              1970/65536       23640/786432   ( 3.0%) 
nodes                  933/65536       29856/2097152  ( 1.4%) 
texinfos               415/12288       29880/884736   ( 3.4%) 
texdata                 61/2048         1952/65536    ( 3.0%) 
dispinfos                0/0               0/0        ( 0.0%) 
disp_verts               0/0               0/0        ( 0.0%) 
disp_tris                0/0               0/0        ( 0.0%) 
disp_multiblend          0/0               0/0        ( 0.0%) 
disp_lmsamples           0/0               0/0        ( 0.0%) 
faces                 1211/65536       67816/3670016  ( 1.8%) 
hdr faces             1211/65536       67816/3670016  ( 1.8%) 
origfaces              631/65536       35336/3670016  ( 1.0%) 
facebrushes             18/0              36/0        ( 0.0%) 
facebrushlists        1211/0            4844/0        ( 0.0%) 
leaves                 957/65536       30624/2097152  ( 1.5%) 
leaffaces             1436/65536        2872/131072   ( 2.2%) 
leafbrushes            605/65536        1210/131072   ( 0.9%) 
areas                    2/1024           16/8192     ( 0.2%) 
surfedges             8059/512000      32236/2048000  ( 1.6%) 
edges                 4641/256000      18564/1024000  ( 1.8%) 
LDR worldlights          3/8192          300/819200   ( 0.0%) 
HDR worldlights          3/8192          300/819200   ( 0.0%) 
leafwaterdata            0/32768           0/393216   ( 0.0%) 
waterstrips             66/32768         660/327680   ( 0.2%) 
waterverts               0/65536           0/786432   ( 0.0%) 
waterindices          1152/65536        2304/131072   ( 1.8%) 
cubemapsamples          17/1024          272/16384    ( 1.7%) 
overlays                 0/1024            0/360448   ( 0.0%) 
LDR lightdata         [variable]     1191692/0        ( 0.0%) 
HDR lightdata         [variable]     1191692/0        ( 0.0%) 
visdata               [variable]       34745/16777216 ( 0.2%) 
entdata               [variable]       21817/393216   ( 5.5%) 
LDR ambient table      957/65536        3828/262144   ( 1.5%) 
HDR ambient table      957/65536        3828/262144   ( 1.5%) 
LDR leaf ambient      3460/65536       96880/1835008  ( 5.3%) 
HDR leaf ambient      3460/65536       96880/1835008  ( 5.3%) 
occluders                0/0               0/0        ( 0.0%) 
occluder polygons        0/0               0/0        ( 0.0%) 
occluder vert ind        0/0               0/0        ( 0.0%) 
detail props          [variable]           1/12       ( 8.3%) 
static props          [variable]           1/1946     ( 0.1%) 
pakfile               [variable]     1494291/0        ( 0.0%) 
physics               [variable]       83870/4194304  ( 2.0%) 
physics terrain       [variable]           2/1048576  ( 0.0%) 

Level flags = 1f

Total triangle count: 3115
Writing d:\programe\github reps\cs-go maps\aim_cika\aim_museum4.bsp
44 seconds elapsed



materialPath: E:\Games\steamapps\common\Counter-Strike Global Offensive\csgo\materials
Loading d:\programe\github reps\cs-go maps\aim_cika\aim_museum4.vmf
Map revision 179
fixing up env_cubemap materials on brush sides...
0...1...2...3...4...5...6...7...8...9...100...1...2...3...4...5...6...7...8...9...10Processing areas...done (0)
Building Faces...done (0)
Chop Details...done (0)
Find Visible Detail Sides...
Merged 6 detail faces...done (0)
Merging details...done (0)
FixTjuncs...
PruneNodes...
WriteBSP...
done (0)
writing d:\programe\github reps\cs-go maps\aim_cika\aim_museum4.prt...Building visibility clusters...
done (0)
Finding displacement neighbors...
Finding lightmap sample positions...
Displacement Alpha : 0...1...2...3...4...5...6...7...8...9...10
Building Physics collision data...
done (0) (83870 bytes)
Error! prop_static using model "models/props/cs_office/offpaintinga.mdl", which must be used on a dynamic entity (i.e. prop_physics). Deleted.
Error loading studio model "models/props/cs_office/offpaintinga.mdl"!
Error! prop_static using model "models/props/cs_office/offpaintingf.mdl", which must be used on a dynamic entity (i.e. prop_physics). Deleted.
Error loading studio model "models/props/cs_office/offpaintingf.mdl"!
Error! prop_static using model "models/props/cs_office/offpaintingd.mdl", which must be used on a dynamic entity (i.e. prop_physics). Deleted.
Error loading studio model "models/props/cs_office/offpaintingd.mdl"!
Error! prop_static using model "models/props/cs_office/offpaintingo.mdl", which must be used on a dynamic entity (i.e. prop_physics). Deleted.
Error loading studio model "models/props/cs_office/offpaintingo.mdl"!
Error! prop_static using model "models/props/cs_office/offpaintinge.mdl", which must be used on a dynamic entity (i.e. prop_physics). Deleted.
Error loading studio model "models/props/cs_office/offpaintinge.mdl"!
Error! prop_static using model "models/props/cs_office/offpaintingk.mdl", which must be used on a dynamic entity (i.e. prop_physics). Deleted.
Error loading studio model "models/props/cs_office/offpaintingk.mdl"!
Placing detail props : 0...1...2...3...4...5...6...7...8...9...10
Compacting texture/material tables...
Reduced 1082 texinfos to 415
Reduced 68 texdatas to 61 (4030 bytes to 3725)
Writing d:\programe\github reps\cs-go maps\aim_cika\aim_museum4.bsp
0 seconds elapsed



4 threads
reading d:\programe\github reps\cs-go maps\aim_cika\aim_museum4.bsp
reading d:\programe\github reps\cs-go maps\aim_cika\aim_museum4.prt
 354 portalclusters
1061 numportals
0...1...2...3...4...5...6...7...8...9...100...1...2...3...4...5...6...7...8...9...10Optimized: 480 visible clusters (0.00%)
Total clusters visible: 78864
Average clusters visible: 222
Building PAS...
Average clusters audible: 351
visdatasize:34745  compressed from 33984
writing d:\programe\github reps\cs-go maps\aim_cika\aim_museum4.bsp
3 seconds elapsed



[Reading texlights from 'lights.rad']
[17 texlights parsed from 'lights.rad']

Loading d:\programe\github reps\cs-go maps\aim_cika\aim_museum4.bsp
1211 faces
109533 square feet [15772825.00 square inches]
0 Displacements
0 Square Feet [0.00 Square Inches]
1211 patches before subdivision
zero area child patch
21145 patches after subdivision
4 direct lights
0...1...2...3...4...5...6...7...8...9...100...1...2...3...4...5...6...7...8...9...10transfers 4087279, max 655
transfer lists:  31.2 megs
0...1...2...3...4...5...6...7...8...9...10	Bounce #1 added RGB(13072, 7633, 3707)
0...1...2...3...4...5...6...7...8...9...10	Bounce #2 added RGB(10531, 2977, 638)
0...1...2...3...4...5...6...7...8...9...10	Bounce #3 added RGB(3286, 661, 78)
0...1...2...3...4...5...6...7...8...9...10	Bounce #4 added RGB(1656, 199, 12)
0...1...2...3...4...5...6...7...8...9...10	Bounce #5 added RGB(661, 51, 2)
0...1...2...3...4...5...6...7...8...9...10	Bounce #6 added RGB(299, 14, 0)
0...1...2...3...4...5...6...7...8...9...10	Bounce #7 added RGB(128, 4, 0)
0...1...2...3...4...5...6...7...8...9...10	Bounce #8 added RGB(56, 1, 0)
0...1...2...3...4...5...6...7...8...9...10	Bounce #9 added RGB(25, 0, 0)
0...1...2...3...4...5...6...7...8...9...10	Bounce #10 added RGB(11, 0, 0)
0...1...2...3...4...5...6...7...8...9...10	Bounce #11 added RGB(5, 0, 0)
0...1...2...3...4...5...6...7...8...9...10	Bounce #12 added RGB(2, 0, 0)
0...1...2...3...4...5...6...7...8...9...10	Bounce #13 added RGB(1, 0, 0)
Build Patch/Sample Hash Table(s).....Done<0.0038 sec>
0...1...2...3...4...5...6...7...8...9...10FinalLightFace Done
0 of 0 (0% of) surface lights went in leaf ambient cubes.
0...1...2...3...4...5...6...7...8...9...10Writing leaf ambient...done
Computing static prop lighting : 00...1...2...3...4...5...6...7...8...9...10
Ready to Finish

Object names       Objects/Maxobjs  Memory / Maxmem  Fullness 
------------       ---------------  ---------------  -------- 
models                  23/1024         1104/49152    ( 2.2%) 
brushes                224/8192         2688/98304    ( 2.7%) 
brushsides            1631/65536       13048/524288   ( 2.5%) 
planes                 982/65536       19640/1310720  ( 1.5%) 
vertexes              1970/65536       23640/786432   ( 3.0%) 
nodes                  933/65536       29856/2097152  ( 1.4%) 
texinfos               415/12288       29880/884736   ( 3.4%) 
texdata                 61/2048         1952/65536    ( 3.0%) 
dispinfos                0/0               0/0        ( 0.0%) 
disp_verts               0/0               0/0        ( 0.0%) 
disp_tris                0/0               0/0        ( 0.0%) 
disp_multiblend          0/0               0/0        ( 0.0%) 
disp_lmsamples           0/0               0/0        ( 0.0%) 
faces                 1211/65536       67816/3670016  ( 1.8%) 
hdr faces                0/65536           0/3670016  ( 0.0%) 
origfaces              631/65536       35336/3670016  ( 1.0%) 
facebrushes             18/0              36/0        ( 0.0%) 
facebrushlists        1211/0            4844/0        ( 0.0%) 
leaves                 957/65536       30624/2097152  ( 1.5%) 
leaffaces             1436/65536        2872/131072   ( 2.2%) 
leafbrushes            605/65536        1210/131072   ( 0.9%) 
areas                    2/1024           16/8192     ( 0.2%) 
surfedges             8059/512000      32236/2048000  ( 1.6%) 
edges                 4641/256000      18564/1024000  ( 1.8%) 
LDR worldlights          3/8192          300/819200   ( 0.0%) 
HDR worldlights          0/8192            0/819200   ( 0.0%) 
leafwaterdata            0/32768           0/393216   ( 0.0%) 
waterstrips             66/32768         660/327680   ( 0.2%) 
waterverts               0/65536           0/786432   ( 0.0%) 
waterindices          1152/65536        2304/131072   ( 1.8%) 
cubemapsamples          17/1024          272/16384    ( 1.7%) 
overlays                 0/1024            0/360448   ( 0.0%) 
LDR lightdata         [variable]     1191692/0        ( 0.0%) 
HDR lightdata         [variable]           0/0        ( 0.0%) 
visdata               [variable]       34745/16777216 ( 0.2%) 
entdata               [variable]       21596/393216   ( 5.5%) 
LDR ambient table      957/65536        3828/262144   ( 1.5%) 
HDR ambient table      957/65536        3828/262144   ( 1.5%) 
LDR leaf ambient      3456/65536       96768/1835008  ( 5.3%) 
HDR leaf ambient       957/65536       26796/1835008  ( 1.5%) 
occluders                0/0               0/0        ( 0.0%) 
occluder polygons        0/0               0/0        ( 0.0%) 
occluder vert ind        0/0               0/0        ( 0.0%) 
detail props          [variable]           1/12       ( 8.3%) 
static props          [variable]           1/1946     ( 0.1%) 
pakfile               [variable]     1426937/0        ( 0.0%) 
physics               [variable]       83870/4194304  ( 2.0%) 
physics terrain       [variable]           2/1048576  ( 0.0%) 

Level flags = 1d

Total triangle count: 3115
Writing d:\programe\github reps\cs-go maps\aim_cika\aim_museum4.bsp
24 seconds elapsed



materialPath: E:\Games\steamapps\common\Counter-Strike Global Offensive\csgo\materials
Loading d:\programe\github reps\cs-go maps\aim_cika\aim_museum4.vmf
Map revision 180
fixing up env_cubemap materials on brush sides...
0...1...2...3...4...5...6...7...8...9...100...1...2...3...4...5...6...7...8...9...10Processing areas...done (0)
Building Faces...done (0)
Chop Details...done (0)
Find Visible Detail Sides...
Merged 6 detail faces...done (0)
Merging details...done (0)
FixTjuncs...
PruneNodes...
WriteBSP...
done (0)
writing d:\programe\github reps\cs-go maps\aim_cika\aim_museum4.prt...Building visibility clusters...
done (0)
Finding displacement neighbors...
Finding lightmap sample positions...
Displacement Alpha : 0...1...2...3...4...5...6...7...8...9...10
Building Physics collision data...
done (0) (83870 bytes)
Error! prop_static using model "models/props/cs_office/offpaintinga.mdl", which must be used on a dynamic entity (i.e. prop_physics). Deleted.
Error loading studio model "models/props/cs_office/offpaintinga.mdl"!
Error! prop_static using model "models/props/cs_office/offpaintingf.mdl", which must be used on a dynamic entity (i.e. prop_physics). Deleted.
Error loading studio model "models/props/cs_office/offpaintingf.mdl"!
Error! prop_static using model "models/props/cs_office/offpaintingd.mdl", which must be used on a dynamic entity (i.e. prop_physics). Deleted.
Error loading studio model "models/props/cs_office/offpaintingd.mdl"!
Error! prop_static using model "models/props/cs_office/offpaintingo.mdl", which must be used on a dynamic entity (i.e. prop_physics). Deleted.
Error loading studio model "models/props/cs_office/offpaintingo.mdl"!
Error! prop_static using model "models/props/cs_office/offpaintinge.mdl", which must be used on a dynamic entity (i.e. prop_physics). Deleted.
Error loading studio model "models/props/cs_office/offpaintinge.mdl"!
Error! prop_static using model "models/props/cs_office/offpaintingk.mdl", which must be used on a dynamic entity (i.e. prop_physics). Deleted.
Error loading studio model "models/props/cs_office/offpaintingk.mdl"!
Placing detail props : 0...1...2...3...4...5...6...7...8...9...10
Compacting texture/material tables...
Reduced 1082 texinfos to 415
Reduced 68 texdatas to 61 (4030 bytes to 3725)
Writing d:\programe\github reps\cs-go maps\aim_cika\aim_museum4.bsp
0 seconds elapsed



4 threads
reading d:\programe\github reps\cs-go maps\aim_cika\aim_museum4.bsp
reading d:\programe\github reps\cs-go maps\aim_cika\aim_museum4.prt
 354 portalclusters
1061 numportals
0...1...2...3...4...5...6...7...8...9...100...1...2...3...4...5...6...7...8...9...10Optimized: 480 visible clusters (0.00%)
Total clusters visible: 78864
Average clusters visible: 222
Building PAS...
Average clusters audible: 351
visdatasize:34745  compressed from 33984
writing d:\programe\github reps\cs-go maps\aim_cika\aim_museum4.bsp
2 seconds elapsed



[Reading texlights from 'lights.rad']
[17 texlights parsed from 'lights.rad']

Loading d:\programe\github reps\cs-go maps\aim_cika\aim_museum4.bsp
1211 faces
109533 square feet [15772825.00 square inches]
0 Displacements
0 Square Feet [0.00 Square Inches]
4 direct lights
0...1...2...3...4...5...6...7...8...9...10Build Patch/Sample Hash Table(s).....Done<0.0028 sec>
0...1...2...3...4...5...6...7...8...9...10FinalLightFace Done
0 of 0 (0% of) surface lights went in leaf ambient cubes.
0...1...2...3...4...5...6...7...8...9...10Writing leaf ambient...done
Computing static prop lighting : 00...1...2...3...4...5...6...7...8...9


materialPath: E:\Games\steamapps\common\Counter-Strike Global Offensive\csgo\materials
Loading d:\programe\github reps\cs-go maps\aim_cika\aim_museum4.vmf
Map revision 181
fixing up env_cubemap materials on brush sides...
0...1...2...3...4...5...6...7...8...9...100...1...2...3...4...5...6...7...8...9...10Processing areas...done (0)
Building Faces...done (0)
Chop Details...done (0)
Find Visible Detail Sides...
Merged 6 detail faces...done (0)
Merging details...done (0)
FixTjuncs...
PruneNodes...
WriteBSP...
done (0)
writing d:\programe\github reps\cs-go maps\aim_cika\aim_museum4.prt...Building visibility clusters...
done (0)
Finding displacement neighbors...
Finding lightmap sample positions...
Displacement Alpha : 0...1...2...3...4...5...6...7...8...9...10
Building Physics collision data...
done (0) (83870 bytes)
Error! prop_static using model "models/props/cs_office/offpaintinga.mdl", which must be used on a dynamic entity (i.e. prop_physics). Deleted.
Error loading studio model "models/props/cs_office/offpaintinga.mdl"!
Error! prop_static using model "models/props/cs_office/offpaintingf.mdl", which must be used on a dynamic entity (i.e. prop_physics). Deleted.
Error loading studio model "models/props/cs_office/offpaintingf.mdl"!
Error! prop_static using model "models/props/cs_office/offpaintingd.mdl", which must be used on a dynamic entity (i.e. prop_physics). Deleted.
Error loading studio model "models/props/cs_office/offpaintingd.mdl"!
Error! prop_static using model "models/props/cs_office/offpaintingo.mdl", which must be used on a dynamic entity (i.e. prop_physics). Deleted.
Error loading studio model "models/props/cs_office/offpaintingo.mdl"!
Error! prop_static using model "models/props/cs_office/offpaintinge.mdl", which must be used on a dynamic entity (i.e. prop_physics). Deleted.
Error loading studio model "models/props/cs_office/offpaintinge.mdl"!
Error! prop_static using model "models/props/cs_office/offpaintingk.mdl", which must be used on a dynamic entity (i.e. prop_physics). Deleted.
Error loading studio model "models/props/cs_office/offpaintingk.mdl"!
Placing detail props : 0...1...2...3...4...5...6...7...8...9...10
Compacting texture/material tables...
Reduced 1082 texinfos to 415
Reduced 68 texdatas to 61 (4030 bytes to 3725)
Writing d:\programe\github reps\cs-go maps\aim_cika\aim_museum4.bsp
0 seconds elapsed



4 threads
reading d:\programe\github reps\cs-go maps\aim_cika\aim_museum4.bsp
reading d:\programe\github reps\cs-go maps\aim_cika\aim_museum4.prt
 354 portalclusters
1061 numportals
0...1...2...3...4...5...6...7...8...9...100...1...2...3...4...5...6...7...8...9...10Optimized: 480 visible clusters (0.00%)
Total clusters visible: 78864
Average clusters visible: 222
Building PAS...
Average clusters audible: 351
visdatasize:34745  compressed from 33984
writing d:\programe\github reps\cs-go maps\aim_cika\aim_museum4.bsp
2 seconds elapsed



[Reading texlights from 'lights.rad']
[17 texlights parsed from 'lights.rad']

Loading d:\programe\github reps\cs-go maps\aim_cika\aim_museum4.bsp
1211 faces
109533 square feet [15772825.00 square inches]
0 Displacements
0 Square Feet [0.00 Square Inches]
4 direct lights
0...1...2...3...4...5...6...7...8...9...10Build Patch/Sample Hash Table(s).....Done<0.0026 sec>
0...1...2...3...4...5...6...7...8...9...10FinalLightFace Done
0 of 0 (0% of) surface lights went in leaf ambient cubes.
0...1...2...3...4...5...6...7...8...9...10Writing leaf ambient...done
Computing static prop lighting : 00...1...2...3...4...5...6...7...8...9...10
Ready to Finish

Object names       Objects/Maxobjs  Memory / Maxmem  Fullness 
------------       ---------------  ---------------  -------- 
models                  23/1024         1104/49152    ( 2.2%) 
brushes                224/8192         2688/98304    ( 2.7%) 
brushsides            1631/65536       13048/524288   ( 2.5%) 
planes                 982/65536       19640/1310720  ( 1.5%) 
vertexes              1970/65536       23640/786432   ( 3.0%) 
nodes                  933/65536       29856/2097152  ( 1.4%) 
texinfos               415/12288       29880/884736   ( 3.4%) 
texdata                 61/2048         1952/65536    ( 3.0%) 
dispinfos                0/0               0/0        ( 0.0%) 
disp_verts               0/0               0/0        ( 0.0%) 
disp_tris                0/0               0/0        ( 0.0%) 
disp_multiblend          0/0               0/0        ( 0.0%) 
disp_lmsamples           0/0               0/0        ( 0.0%) 
faces                 1211/65536       67816/3670016  ( 1.8%) 
hdr faces                0/65536           0/3670016  ( 0.0%) 
origfaces              631/65536       35336/3670016  ( 1.0%) 
facebrushes             18/0              36/0        ( 0.0%) 
facebrushlists        1211/0            4844/0        ( 0.0%) 
leaves                 957/65536       30624/2097152  ( 1.5%) 
leaffaces             1436/65536        2872/131072   ( 2.2%) 
leafbrushes            605/65536        1210/131072   ( 0.9%) 
areas                    2/1024           16/8192     ( 0.2%) 
surfedges             8059/512000      32236/2048000  ( 1.6%) 
edges                 4641/256000      18564/1024000  ( 1.8%) 
LDR worldlights          3/8192          300/819200   ( 0.0%) 
HDR worldlights          0/8192            0/819200   ( 0.0%) 
leafwaterdata            0/32768           0/393216   ( 0.0%) 
waterstrips             66/32768         660/327680   ( 0.2%) 
waterverts               0/65536           0/786432   ( 0.0%) 
waterindices          1152/65536        2304/131072   ( 1.8%) 
cubemapsamples          17/1024          272/16384    ( 1.7%) 
overlays                 0/1024            0/360448   ( 0.0%) 
LDR lightdata         [variable]     1191692/0        ( 0.0%) 
HDR lightdata         [variable]           0/0        ( 0.0%) 
visdata               [variable]       34745/16777216 ( 0.2%) 
entdata               [variable]       21819/393216   ( 5.5%) 
LDR ambient table      957/65536        3828/262144   ( 1.5%) 
HDR ambient table      957/65536        3828/262144   ( 1.5%) 
LDR leaf ambient      3380/65536       94640/1835008  ( 5.2%) 
HDR leaf ambient       957/65536       26796/1835008  ( 1.5%) 
occluders                0/0               0/0        ( 0.0%) 
occluder polygons        0/0               0/0        ( 0.0%) 
occluder vert ind        0/0               0/0        ( 0.0%) 
detail props          [variable]           1/12       ( 8.3%) 
static props          [variable]           1/1946     ( 0.1%) 
pakfile               [variable]     1426937/0        ( 0.0%) 
physics               [variable]       83870/4194304  ( 2.0%) 
physics terrain       [variable]           2/1048576  ( 0.0%) 

Level flags = 1d

Total triangle count: 3115
Writing d:\programe\github reps\cs-go maps\aim_cika\aim_museum4.bsp
36 seconds elapsed



[Reading texlights from 'lights.rad']
[17 texlights parsed from 'lights.rad']

Loading d:\programe\github reps\cs-go maps\aim_cika\aim_museum4.bsp
1211 faces
109533 square feet [15772825.00 square inches]
0 Displacements
0 Square Feet [0.00 Square Inches]
4 direct lights
0...1...2...3...4...5...6...7...8...9...10Build Patch/Sample Hash Table(s).....Done<0.0038 sec>
0...1...2...3...4...5...6...7...8...9...10FinalLightFace Done
0 of 0 (0% of) surface lights went in leaf ambient cubes.
0...1...2...3...4...5...6...7...8...9...10Writing leaf ambient...done
Computing static prop lighting : 00...1...2...3...4...5...6...7...8...9...10
Ready to Finish

Object names       Objects/Maxobjs  Memory / Maxmem  Fullness 
------------       ---------------  ---------------  -------- 
models                  23/1024         1104/49152    ( 2.2%) 
brushes                224/8192         2688/98304    ( 2.7%) 
brushsides            1631/65536       13048/524288   ( 2.5%) 
planes                 982/65536       19640/1310720  ( 1.5%) 
vertexes              1970/65536       23640/786432   ( 3.0%) 
nodes                  933/65536       29856/2097152  ( 1.4%) 
texinfos               415/12288       29880/884736   ( 3.4%) 
texdata                 61/2048         1952/65536    ( 3.0%) 
dispinfos                0/0               0/0        ( 0.0%) 
disp_verts               0/0               0/0        ( 0.0%) 
disp_tris                0/0               0/0        ( 0.0%) 
disp_multiblend          0/0               0/0        ( 0.0%) 
disp_lmsamples           0/0               0/0        ( 0.0%) 
faces                 1211/65536       67816/3670016  ( 1.8%) 
hdr faces             1211/65536       67816/3670016  ( 1.8%) 
origfaces              631/65536       35336/3670016  ( 1.0%) 
facebrushes             18/0              36/0        ( 0.0%) 
facebrushlists        1211/0            4844/0        ( 0.0%) 
leaves                 957/65536       30624/2097152  ( 1.5%) 
leaffaces             1436/65536        2872/131072   ( 2.2%) 
leafbrushes            605/65536        1210/131072   ( 0.9%) 
areas                    2/1024           16/8192     ( 0.2%) 
surfedges             8059/512000      32236/2048000  ( 1.6%) 
edges                 4641/256000      18564/1024000  ( 1.8%) 
LDR worldlights          3/8192          300/819200   ( 0.0%) 
HDR worldlights          3/8192          300/819200   ( 0.0%) 
leafwaterdata            0/32768           0/393216   ( 0.0%) 
waterstrips             66/32768         660/327680   ( 0.2%) 
waterverts               0/65536           0/786432   ( 0.0%) 
waterindices          1152/65536        2304/131072   ( 1.8%) 
cubemapsamples          17/1024          272/16384    ( 1.7%) 
overlays                 0/1024            0/360448   ( 0.0%) 
LDR lightdata         [variable]     1191692/0        ( 0.0%) 
HDR lightdata         [variable]     1191692/0        ( 0.0%) 
visdata               [variable]       34745/16777216 ( 0.2%) 
entdata               [variable]       21819/393216   ( 5.5%) 
LDR ambient table      957/65536        3828/262144   ( 1.5%) 
HDR ambient table      957/65536        3828/262144   ( 1.5%) 
LDR leaf ambient      3380/65536       94640/1835008  ( 5.2%) 
HDR leaf ambient      3380/65536       94640/1835008  ( 5.2%) 
occluders                0/0               0/0        ( 0.0%) 
occluder polygons        0/0               0/0        ( 0.0%) 
occluder vert ind        0/0               0/0        ( 0.0%) 
detail props          [variable]           1/12       ( 8.3%) 
static props          [variable]           1/1946     ( 0.1%) 
pakfile               [variable]     1494291/0        ( 0.0%) 
physics               [variable]       83870/4194304  ( 2.0%) 
physics terrain       [variable]           2/1048576  ( 0.0%) 

Level flags = 1f

Total triangle count: 3115
Writing d:\programe\github reps\cs-go maps\aim_cika\aim_museum4.bsp
36 seconds elapsed



materialPath: E:\Games\steamapps\common\Counter-Strike Global Offensive\csgo\materials
Loading d:\programe\github reps\cs-go maps\aim_cika\aim_museum4.vmf
Map revision 184
fixing up env_cubemap materials on brush sides...
0...1...2...3...4...5...6...7...8...9...100...1...2...3...4...5...6...7...8...9...10Processing areas...done (0)
Building Faces...done (0)
Chop Details...done (0)
Find Visible Detail Sides...
Merged 6 detail faces...done (0)
Merging details...done (0)
FixTjuncs...
PruneNodes...
WriteBSP...
done (0)
writing d:\programe\github reps\cs-go maps\aim_cika\aim_museum4.prt...Building visibility clusters...
done (0)
Finding displacement neighbors...
Finding lightmap sample positions...
Displacement Alpha : 0...1...2...3...4...5...6...7...8...9...10
Building Physics collision data...
done (0) (83870 bytes)
Error! prop_static using model "models/props/cs_office/offpaintinga.mdl", which must be used on a dynamic entity (i.e. prop_physics). Deleted.
Error loading studio model "models/props/cs_office/offpaintinga.mdl"!
Error! prop_static using model "models/props/cs_office/offpaintingf.mdl", which must be used on a dynamic entity (i.e. prop_physics). Deleted.
Error loading studio model "models/props/cs_office/offpaintingf.mdl"!
Error! prop_static using model "models/props/cs_office/offpaintingd.mdl", which must be used on a dynamic entity (i.e. prop_physics). Deleted.
Error loading studio model "models/props/cs_office/offpaintingd.mdl"!
Error! prop_static using model "models/props/cs_office/offpaintingo.mdl", which must be used on a dynamic entity (i.e. prop_physics). Deleted.
Error loading studio model "models/props/cs_office/offpaintingo.mdl"!
Error! prop_static using model "models/props/cs_office/offpaintinge.mdl", which must be used on a dynamic entity (i.e. prop_physics). Deleted.
Error loading studio model "models/props/cs_office/offpaintinge.mdl"!
Error! prop_static using model "models/props/cs_office/offpaintingk.mdl", which must be used on a dynamic entity (i.e. prop_physics). Deleted.
Error loading studio model "models/props/cs_office/offpaintingk.mdl"!
Placing detail props : 0...1...2...3...4...5...6...7...8...9...10
Compacting texture/material tables...
Reduced 1100 texinfos to 415
Reduced 68 texdatas to 61 (4030 bytes to 3725)
Writing d:\programe\github reps\cs-go maps\aim_cika\aim_museum4.bsp
0 seconds elapsed



4 threads
reading d:\programe\github reps\cs-go maps\aim_cika\aim_museum4.bsp
reading d:\programe\github reps\cs-go maps\aim_cika\aim_museum4.prt
 354 portalclusters
1061 numportals
0...1...2...3...4...5...6...7...8...9...100...1...2...3...4...5...6...7...8...9...10Optimized: 480 visible clusters (0.00%)
Total clusters visible: 78864
Average clusters visible: 222
Building PAS...
Average clusters audible: 351
visdatasize:34745  compressed from 33984
writing d:\programe\github reps\cs-go maps\aim_cika\aim_museum4.bsp
2 seconds elapsed



[Reading texlights from 'lights.rad']
[17 texlights parsed from 'lights.rad']

Loading d:\programe\github reps\cs-go maps\aim_cika\aim_museum4.bsp
1236 faces
109533 square feet [15772825.00 square inches]
0 Displacements
0 Square Feet [0.00 Square Inches]
10 direct lights
0...1...2...3...4...5...6...7...8...9...10Build Patch/Sample Hash Table(s).....Done<0.0033 sec>
0...1...2...3...4...5...6...7...8...9...10FinalLightFace Done
0 of 0 (0% of) surface lights went in leaf ambient cubes.
0...1...2...3...4...5...6...7...8...9...10Writing leaf ambient...done
Computing static prop lighting : 00...1...2...3...4...5...6...7...8...9...10
Ready to Finish

Object names       Objects/Maxobjs  Memory / Maxmem  Fullness 
------------       ---------------  ---------------  -------- 
models                  23/1024         1104/49152    ( 2.2%) 
brushes                224/8192         2688/98304    ( 2.7%) 
brushsides            1631/65536       13048/524288   ( 2.5%) 
planes                 982/65536       19640/1310720  ( 1.5%) 
vertexes              2005/65536       24060/786432   ( 3.1%) 
nodes                  933/65536       29856/2097152  ( 1.4%) 
texinfos               415/12288       29880/884736   ( 3.4%) 
texdata                 61/2048         1952/65536    ( 3.0%) 
dispinfos                0/0               0/0        ( 0.0%) 
disp_verts               0/0               0/0        ( 0.0%) 
disp_tris                0/0               0/0        ( 0.0%) 
disp_multiblend          0/0               0/0        ( 0.0%) 
disp_lmsamples           0/0               0/0        ( 0.0%) 
faces                 1236/65536       69216/3670016  ( 1.9%) 
hdr faces                0/65536           0/3670016  ( 0.0%) 
origfaces              631/65536       35336/3670016  ( 1.0%) 
facebrushes             20/0              40/0        ( 0.0%) 
facebrushlists        1236/0            4944/0        ( 0.0%) 
leaves                 957/65536       30624/2097152  ( 1.5%) 
leaffaces             1460/65536        2920/131072   ( 2.2%) 
leafbrushes            605/65536        1210/131072   ( 0.9%) 
areas                    2/1024           16/8192     ( 0.2%) 
surfedges             8176/512000      32704/2048000  ( 1.6%) 
edges                 4701/256000      18804/1024000  ( 1.8%) 
LDR worldlights          9/8192          900/819200   ( 0.1%) 
HDR worldlights          0/8192            0/819200   ( 0.0%) 
leafwaterdata            0/32768           0/393216   ( 0.0%) 
waterstrips             66/32768         660/327680   ( 0.2%) 
waterverts               0/65536           0/786432   ( 0.0%) 
waterindices          1143/65536        2286/131072   ( 1.7%) 
cubemapsamples          17/1024          272/16384    ( 1.7%) 
overlays                 0/1024            0/360448   ( 0.0%) 
LDR lightdata         [variable]     1462656/0        ( 0.0%) 
HDR lightdata         [variable]           0/0        ( 0.0%) 
visdata               [variable]       34745/16777216 ( 0.2%) 
entdata               [variable]       25012/393216   ( 6.4%) 
LDR ambient table      957/65536        3828/262144   ( 1.5%) 
HDR ambient table      957/65536        3828/262144   ( 1.5%) 
LDR leaf ambient      3506/65536       98168/1835008  ( 5.3%) 
HDR leaf ambient       957/65536       26796/1835008  ( 1.5%) 
occluders                0/0               0/0        ( 0.0%) 
occluder polygons        0/0               0/0        ( 0.0%) 
occluder vert ind        0/0               0/0        ( 0.0%) 
detail props          [variable]           1/12       ( 8.3%) 
static props          [variable]           1/2906     ( 0.0%) 
pakfile               [variable]     1450823/0        ( 0.0%) 
physics               [variable]       83870/4194304  ( 2.0%) 
physics terrain       [variable]           2/1048576  ( 0.0%) 

Level flags = 1d

Total triangle count: 3182
Writing d:\programe\github reps\cs-go maps\aim_cika\aim_museum4.bsp
52 seconds elapsed



[Reading texlights from 'lights.rad']
[17 texlights parsed from 'lights.rad']

Loading d:\programe\github reps\cs-go maps\aim_cika\aim_museum4.bsp
1236 faces
109533 square feet [15772825.00 square inches]
0 Displacements
0 Square Feet [0.00 Square Inches]
10 direct lights
0...1...2...3...4...5...6...7...8...9...10Build Patch/Sample Hash Table(s).....Done<0.0031 sec>
0...1...2...3...4...5...6...7...8...9...10FinalLightFace Done
0 of 0 (0% of) surface lights went in leaf ambient cubes.
0...1...2...3...4...5...6...7...8...9...10Writing leaf ambient...done
Computing static prop lighting : 00...1...2...3...4...5...6...7...8...9...10
Ready to Finish

Object names       Objects/Maxobjs  Memory / Maxmem  Fullness 
------------       ---------------  ---------------  -------- 
models                  23/1024         1104/49152    ( 2.2%) 
brushes                224/8192         2688/98304    ( 2.7%) 
brushsides            1631/65536       13048/524288   ( 2.5%) 
planes                 982/65536       19640/1310720  ( 1.5%) 
vertexes              2005/65536       24060/786432   ( 3.1%) 
nodes                  933/65536       29856/2097152  ( 1.4%) 
texinfos               415/12288       29880/884736   ( 3.4%) 
texdata                 61/2048         1952/65536    ( 3.0%) 
dispinfos                0/0               0/0        ( 0.0%) 
disp_verts               0/0               0/0        ( 0.0%) 
disp_tris                0/0               0/0        ( 0.0%) 
disp_multiblend          0/0               0/0        ( 0.0%) 
disp_lmsamples           0/0               0/0        ( 0.0%) 
faces                 1236/65536       69216/3670016  ( 1.9%) 
hdr faces             1236/65536       69216/3670016  ( 1.9%) 
origfaces              631/65536       35336/3670016  ( 1.0%) 
facebrushes             20/0              40/0        ( 0.0%) 
facebrushlists        1236/0            4944/0        ( 0.0%) 
leaves                 957/65536       30624/2097152  ( 1.5%) 
leaffaces             1460/65536        2920/131072   ( 2.2%) 
leafbrushes            605/65536        1210/131072   ( 0.9%) 
areas                    2/1024           16/8192     ( 0.2%) 
surfedges             8176/512000      32704/2048000  ( 1.6%) 
edges                 4701/256000      18804/1024000  ( 1.8%) 
LDR worldlights          9/8192          900/819200   ( 0.1%) 
HDR worldlights          9/8192          900/819200   ( 0.1%) 
leafwaterdata            0/32768           0/393216   ( 0.0%) 
waterstrips             66/32768         660/327680   ( 0.2%) 
waterverts               0/65536           0/786432   ( 0.0%) 
waterindices          1143/65536        2286/131072   ( 1.7%) 
cubemapsamples          17/1024          272/16384    ( 1.7%) 
overlays                 0/1024            0/360448   ( 0.0%) 
LDR lightdata         [variable]     1462656/0        ( 0.0%) 
HDR lightdata         [variable]     1462656/0        ( 0.0%) 
visdata               [variable]       34745/16777216 ( 0.2%) 
entdata               [variable]       25012/393216   ( 6.4%) 
LDR ambient table      957/65536        3828/262144   ( 1.5%) 
HDR ambient table      957/65536        3828/262144   ( 1.5%) 
LDR leaf ambient      3506/65536       98168/1835008  ( 5.3%) 
HDR leaf ambient      3506/65536       98168/1835008  ( 5.3%) 
occluders                0/0               0/0        ( 0.0%) 
occluder polygons        0/0               0/0        ( 0.0%) 
occluder vert ind        0/0               0/0        ( 0.0%) 
detail props          [variable]           1/12       ( 8.3%) 
static props          [variable]           1/2906     ( 0.0%) 
pakfile               [variable]     1542135/0        ( 0.0%) 
physics               [variable]       83870/4194304  ( 2.0%) 
physics terrain       [variable]           2/1048576  ( 0.0%) 

Level flags = 1f

Total triangle count: 3182
Writing d:\programe\github reps\cs-go maps\aim_cika\aim_museum4.bsp
53 seconds elapsed



materialPath: E:\Games\steamapps\common\Counter-Strike Global Offensive\csgo\materials
Loading d:\programe\github reps\cs-go maps\aim_cika\aim_museum4.vmf
Map revision 184
fixing up env_cubemap materials on brush sides...
0...1...2...3...4...5...6...7...8...9...100...1...2...3...4...5...6...7...8...9...10Processing areas...done (0)
Building Faces...done (0)
Chop Details...done (0)
Find Visible Detail Sides...
Merged 6 detail faces...done (0)
Merging details...done (0)
FixTjuncs...
PruneNodes...
WriteBSP...
done (0)
writing d:\programe\github reps\cs-go maps\aim_cika\aim_museum4.prt...Building visibility clusters...
done (0)
Finding displacement neighbors...
Finding lightmap sample positions...
Displacement Alpha : 0...1...2...3...4...5...6...7...8...9...10
Building Physics collision data...
done (0) (83870 bytes)
Error! prop_static using model "models/props/cs_office/offpaintinga.mdl", which must be used on a dynamic entity (i.e. prop_physics). Deleted.
Error loading studio model "models/props/cs_office/offpaintinga.mdl"!
Error! prop_static using model "models/props/cs_office/offpaintingf.mdl", which must be used on a dynamic entity (i.e. prop_physics). Deleted.
Error loading studio model "models/props/cs_office/offpaintingf.mdl"!
Error! prop_static using model "models/props/cs_office/offpaintingd.mdl", which must be used on a dynamic entity (i.e. prop_physics). Deleted.
Error loading studio model "models/props/cs_office/offpaintingd.mdl"!
Error! prop_static using model "models/props/cs_office/offpaintingo.mdl", which must be used on a dynamic entity (i.e. prop_physics). Deleted.
Error loading studio model "models/props/cs_office/offpaintingo.mdl"!
Error! prop_static using model "models/props/cs_office/offpaintinge.mdl", which must be used on a dynamic entity (i.e. prop_physics). Deleted.
Error loading studio model "models/props/cs_office/offpaintinge.mdl"!
Error! prop_static using model "models/props/cs_office/offpaintingk.mdl", which must be used on a dynamic entity (i.e. prop_physics). Deleted.
Error loading studio model "models/props/cs_office/offpaintingk.mdl"!
Placing detail props : 0...1...2...3...4...5...6...7...8...9...10
Compacting texture/material tables...
Reduced 1100 texinfos to 415
Reduced 68 texdatas to 61 (4030 bytes to 3725)
Writing d:\programe\github reps\cs-go maps\aim_cika\aim_museum4.bsp
0 seconds elapsed



4 threads
reading d:\programe\github reps\cs-go maps\aim_cika\aim_museum4.bsp
reading d:\programe\github reps\cs-go maps\aim_cika\aim_museum4.prt
 354 portalclusters
1061 numportals
0...1...2...3...4...5...6...7...8...9...100...1...2...3...4...5...6...7...8...9...10Optimized: 480 visible clusters (0.00%)
Total clusters visible: 78864
Average clusters visible: 222
Building PAS...
Average clusters audible: 351
visdatasize:34745  compressed from 33984
writing d:\programe\github reps\cs-go maps\aim_cika\aim_museum4.bsp
2 seconds elapsed



[Reading texlights from 'lights.rad']
[17 texlights parsed from 'lights.rad']

Loading d:\programe\github reps\cs-go maps\aim_cika\aim_museum4.bsp
1236 faces
109533 square feet [15772825.00 square inches]
0 Displacements
0 Square Feet [0.00 Square Inches]
10 direct lights
0...1...2...3...4...5...6...7...8...9...10Build Patch/Sample Hash Table(s).....Done<0.0031 sec>
0...1...2...3...4...5...6...7...8...9...10FinalLightFace Done
0 of 0 (0% of) surface lights went in leaf ambient cubes.
0...1...2...3...4...5...6...7...8...9...10Writing leaf ambient...done
Computing static prop lighting : 00...1...2...3...4...5...6...7...8...9...10
Ready to Finish

Object names       Objects/Maxobjs  Memory / Maxmem  Fullness 
------------       ---------------  ---------------  -------- 
models                  23/1024         1104/49152    ( 2.2%) 
brushes                224/8192         2688/98304    ( 2.7%) 
brushsides            1631/65536       13048/524288   ( 2.5%) 
planes                 982/65536       19640/1310720  ( 1.5%) 
vertexes              2005/65536       24060/786432   ( 3.1%) 
nodes                  933/65536       29856/2097152  ( 1.4%) 
texinfos               415/12288       29880/884736   ( 3.4%) 
texdata                 61/2048         1952/65536    ( 3.0%) 
dispinfos                0/0               0/0        ( 0.0%) 
disp_verts               0/0               0/0        ( 0.0%) 
disp_tris                0/0               0/0        ( 0.0%) 
disp_multiblend          0/0               0/0        ( 0.0%) 
disp_lmsamples           0/0               0/0        ( 0.0%) 
faces                 1236/65536       69216/3670016  ( 1.9%) 
hdr faces                0/65536           0/3670016  ( 0.0%) 
origfaces              631/65536       35336/3670016  ( 1.0%) 
facebrushes             20/0              40/0        ( 0.0%) 
facebrushlists        1236/0            4944/0        ( 0.0%) 
leaves                 957/65536       30624/2097152  ( 1.5%) 
leaffaces             1460/65536        2920/131072   ( 2.2%) 
leafbrushes            605/65536        1210/131072   ( 0.9%) 
areas                    2/1024           16/8192     ( 0.2%) 
surfedges             8176/512000      32704/2048000  ( 1.6%) 
edges                 4701/256000      18804/1024000  ( 1.8%) 
LDR worldlights          9/8192          900/819200   ( 0.1%) 
HDR worldlights          0/8192            0/819200   ( 0.0%) 
leafwaterdata            0/32768           0/393216   ( 0.0%) 
waterstrips             66/32768         660/327680   ( 0.2%) 
waterverts               0/65536           0/786432   ( 0.0%) 
waterindices          1143/65536        2286/131072   ( 1.7%) 
cubemapsamples          17/1024          272/16384    ( 1.7%) 
overlays                 0/1024            0/360448   ( 0.0%) 
LDR lightdata         [variable]     1462656/0        ( 0.0%) 
HDR lightdata         [variable]           0/0        ( 0.0%) 
visdata               [variable]       34745/16777216 ( 0.2%) 
entdata               [variable]       25012/393216   ( 6.4%) 
LDR ambient table      957/65536        3828/262144   ( 1.5%) 
HDR ambient table      957/65536        3828/262144   ( 1.5%) 
LDR leaf ambient      3506/65536       98168/1835008  ( 5.3%) 
HDR leaf ambient       957/65536       26796/1835008  ( 1.5%) 
occluders                0/0               0/0        ( 0.0%) 
occluder polygons        0/0               0/0        ( 0.0%) 
occluder vert ind        0/0               0/0        ( 0.0%) 
detail props          [variable]           1/12       ( 8.3%) 
static props          [variable]           1/2906     ( 0.0%) 
pakfile               [variable]     1450823/0        ( 0.0%) 
physics               [variable]       83870/4194304  ( 2.0%) 
physics terrain       [variable]           2/1048576  ( 0.0%) 

Level flags = 1d

Total triangle count: 3182
Writing d:\programe\github reps\cs-go maps\aim_cika\aim_museum4.bsp
53 seconds elapsed



[Reading texlights from 'lights.rad']
[17 texlights parsed from 'lights.rad']

Loading d:\programe\github reps\cs-go maps\aim_cika\aim_museum4.bsp
1236 faces
109533 square feet [15772825.00 square inches]
0 Displacements
0 Square Feet [0.00 Square Inches]
10 direct lights
0...1...2...3...4...5...6...7...8...9...10Build Patch/Sample Hash Table(s).....Done<0.0031 sec>
0...1...2...3...4...5...6...7...8...9...10FinalLightFace Done
0 of 0 (0% of) surface lights went in leaf ambient cubes.
0...1...2...3...4...5...6...7...8...9...10Writing leaf ambient...done
Computing static prop lighting : 00...1...2...3...4...5...6...7...8...9...10
Ready to Finish

Object names       Objects/Maxobjs  Memory / Maxmem  Fullness 
------------       ---------------  ---------------  -------- 
models                  23/1024         1104/49152    ( 2.2%) 
brushes                224/8192         2688/98304    ( 2.7%) 
brushsides            1631/65536       13048/524288   ( 2.5%) 
planes                 982/65536       19640/1310720  ( 1.5%) 
vertexes              2005/65536       24060/786432   ( 3.1%) 
nodes                  933/65536       29856/2097152  ( 1.4%) 
texinfos               415/12288       29880/884736   ( 3.4%) 
texdata                 61/2048         1952/65536    ( 3.0%) 
dispinfos                0/0               0/0        ( 0.0%) 
disp_verts               0/0               0/0        ( 0.0%) 
disp_tris                0/0               0/0        ( 0.0%) 
disp_multiblend          0/0               0/0        ( 0.0%) 
disp_lmsamples           0/0               0/0        ( 0.0%) 
faces                 1236/65536       69216/3670016  ( 1.9%) 
hdr faces             1236/65536       69216/3670016  ( 1.9%) 
origfaces              631/65536       35336/3670016  ( 1.0%) 
facebrushes             20/0              40/0        ( 0.0%) 
facebrushlists        1236/0            4944/0        ( 0.0%) 
leaves                 957/65536       30624/2097152  ( 1.5%) 
leaffaces             1460/65536        2920/131072   ( 2.2%) 
leafbrushes            605/65536        1210/131072   ( 0.9%) 
areas                    2/1024           16/8192     ( 0.2%) 
surfedges             8176/512000      32704/2048000  ( 1.6%) 
edges                 4701/256000      18804/1024000  ( 1.8%) 
LDR worldlights          9/8192          900/819200   ( 0.1%) 
HDR worldlights          9/8192          900/819200   ( 0.1%) 
leafwaterdata            0/32768           0/393216   ( 0.0%) 
waterstrips             66/32768         660/327680   ( 0.2%) 
waterverts               0/65536           0/786432   ( 0.0%) 
waterindices          1143/65536        2286/131072   ( 1.7%) 
cubemapsamples          17/1024          272/16384    ( 1.7%) 
overlays                 0/1024            0/360448   ( 0.0%) 
LDR lightdata         [variable]     1462656/0        ( 0.0%) 
HDR lightdata         [variable]     1462656/0        ( 0.0%) 
visdata               [variable]       34745/16777216 ( 0.2%) 
entdata               [variable]       25012/393216   ( 6.4%) 
LDR ambient table      957/65536        3828/262144   ( 1.5%) 
HDR ambient table      957/65536        3828/262144   ( 1.5%) 
LDR leaf ambient      3506/65536       98168/1835008  ( 5.3%) 
HDR leaf ambient      3506/65536       98168/1835008  ( 5.3%) 
occluders                0/0               0/0        ( 0.0%) 
occluder polygons        0/0               0/0        ( 0.0%) 
occluder vert ind        0/0               0/0        ( 0.0%) 
detail props          [variable]           1/12       ( 8.3%) 
static props          [variable]           1/2906     ( 0.0%) 
pakfile               [variable]     1542135/0        ( 0.0%) 
physics               [variable]       83870/4194304  ( 2.0%) 
physics terrain       [variable]           2/1048576  ( 0.0%) 

Level flags = 1f

Total triangle count: 3182
Writing d:\programe\github reps\cs-go maps\aim_cika\aim_museum4.bsp
52 seconds elapsed
