PRT1
159
447
4 0 73 (-12544 14336 416 ) (-12544 14336 384 ) (-12304 14336 384 ) (-12304 14336 416 ) 
3 0 74 (-12544 14336 384 ) (-12304 14336 343.148804 ) (-12304 14336 384 ) 
4 0 69 (-12544 14336 384 ) (-12544 14336 374.467896 ) (-12304 14336 333.616882 ) (-12304 14336 343.148804 ) 
4 0 66 (-12544 14336 374.467896 ) (-12544 14336 64 ) (-12304 14336 64 ) (-12304 14336 333.616882 ) 
4 0 64 (-12544 14336 448 ) (-12544 14336 416 ) (-12304 14336 416 ) (-12304 14336 448 ) 
4 0 48 (-12544 14336 520 ) (-12544 14336 448 ) (-12304 14336 448 ) (-12304 14336 520 ) 
4 0 37 (-12304 14336 1008 ) (-12544 14336 1008 ) (-12544 14336 520 ) (-12304 14336 520 ) 
4 0 16 (-12304 14336 64 ) (-12544 14336 64 ) (-12544 14656 64 ) (-12304 14656 64 ) 
4 0 15 (-12544 14656 64 ) (-12544 14896 64 ) (-12304 14896 64 ) (-12304 14656 64 ) 
4 0 6 (-12544 14896 64 ) (-12544 14656 64 ) (-12544 14656 384 ) (-12544 14896 384 ) 
4 0 5 (-12544 14336 416 ) (-12544 14336 470.469696 ) (-12544 14656 416.001862 ) (-12544 14656 416 ) 
3 0 4 (-12544 14656 416.001862 ) (-12544 14844.011719 384 ) (-12544 14656 384 ) 
5 0 1 (-12544 14336 470.469696 ) (-12544 14336 1008 ) (-12544 14896 1008 ) (-12544 14896 384 ) (-12544 14844.011719 384 ) 
4 1 51 (-13312 14336 520 ) (-13312 14336 470.469666 ) (-12920 14336 470.469696 ) (-12920 14336 520 ) 
3 1 50 (-12920 14336 470.469696 ) (-12864 14336 470.469696 ) (-12920 14336 480.001465 ) 
5 1 48 (-12864 14336 470.469696 ) (-12544 14336 470.469696 ) (-12544 14336 520 ) (-12920 14336 520 ) (-12920 14336 480.001465 ) 
4 1 45 (-13312 14336 552 ) (-13312 14336 520 ) (-12952 14336 520 ) (-12952 14336 552 ) 
4 1 43 (-12952 14336 520 ) (-12920 14336 520 ) (-12920 14336 552 ) (-12952 14336 552 ) 
4 1 38 (-13312 14336 1008 ) (-13312 14336 552 ) (-12920 14336 552 ) (-12920 14336 1008 ) 
4 1 37 (-12920 14336 520 ) (-12544 14336 520 ) (-12544 14336 1008 ) (-12920 14336 1008 ) 
4 1 19 (-13312 14336 470.469696 ) (-13312 14336 1008 ) (-13312 14656 1008 ) (-13312 14656 416.001862 ) 
5 1 18 (-13312 14656 1008 ) (-13312 14896 1008 ) (-13312 14896 384 ) (-13312 14844.011719 384 ) (-13312 14656 416.001862 ) 
4 1 6 (-13312 14844.011719 384 ) (-13312 14896 384 ) (-12544 14896 384 ) (-12544 14844.011719 384 ) 
4 1 5 (-12544 14656 416.002655 ) (-12544 14336 470.470764 ) (-12920.016602 14336 470.470764 ) (-12920.015625 14656 416.002655 ) 
4 1 4 (-13108.016602 14844.015625 384 ) (-12544 14844.015625 384 ) (-12544 14656 416.002655 ) (-13108.016602 14656 416.002655 ) 
4 1 2 (-13312 14844.015625 384 ) (-13108.016602 14844.015625 384 ) (-13108.016602 14656 416.002655 ) (-13312 14656 416.002655 ) 
3 2 18 (-13312 14656 416.001862 ) (-13312 14844.011719 384 ) (-13312 14656 384 ) 
4 2 6 (-13312 14656 384 ) (-13312 14844.011719 384 ) (-13108.012695 14844.011719 384 ) (-12920 14656 384 ) 
3 2 4 (-12920 14656 384 ) (-13108.006836 14844.008789 384 ) (-13108.006836 14656 416.001495 ) 
4 3 86 (-13312 14336 438.468079 ) (-13312 14336 384 ) (-13268 14336 384 ) (-13268 14336 438.468079 ) 
5 3 84 (-13268 14336 384 ) (-12875.556641 14336 384 ) (-12912.493164 14336 437.190216 ) (-12920 14336 438.468079 ) (-13268 14336 438.468079 ) 
5 3 70 (-12875.556641 14336 384 ) (-12608 14336 384 ) (-12608 14336 385.361542 ) (-12788 14336 416 ) (-12897.778320 14336 416 ) 
3 3 67 (-12608 14336 384 ) (-12600 14336 384 ) (-12608 14336 385.361542 ) 
3 3 63 (-12788 14336 416 ) (-12912.493164 14336 437.190216 ) (-12897.778320 14336 416 ) 
5 3 24 (-13312 14336 384 ) (-13312 14336 416 ) (-13312 14468 416 ) (-13312 14592 394.893585 ) (-13312 14592 384 ) 
3 3 22 (-13312 14336 416 ) (-13312 14336 438.467957 ) (-13312 14468 416 ) 
3 3 21 (-13312 14592 394.893585 ) (-13312 14656 384 ) (-13312 14592 384 ) 
4 3 13 (-13312 14336 384 ) (-13312 14592 384 ) (-13268 14592 384 ) (-13268 14336 384 ) 
4 3 12 (-12918.221680 14592 384 ) (-12875.555664 14592 384 ) (-12875.555664 14336 384 ) (-12918.221680 14336 384 ) 
4 3 11 (-13268 14592 384 ) (-12918.221680 14592 384 ) (-12918.221680 14336 384 ) (-13268 14336 384 ) 
5 3 8 (-12875.555664 14592 384 ) (-12856 14592 384 ) (-12720 14456 384 ) (-12720 14336 384 ) (-12875.555664 14336 384 ) 
4 3 7 (-12720 14456 384 ) (-12608 14344 384 ) (-12608 14336 384 ) (-12720 14336 384 ) 
4 4 6 (-13108.012695 14844.011719 384 ) (-12544 14844.011719 384 ) (-12544 14656 384 ) (-12920 14656 384 ) 
4 5 64 (-12544 14336 416 ) (-12544 14336 448 ) (-12788 14336 448 ) (-12600 14336 416 ) 
4 5 50 (-12864 14336 470.469666 ) (-12920.009766 14336 470.469666 ) (-12788 14336 448 ) (-12731.990234 14336 448 ) 
4 5 48 (-12544 14336 448 ) (-12544 14336 470.469696 ) (-12864 14336 470.469666 ) (-12731.990234 14336 448 ) 
4 6 18 (-13312 14656 384 ) (-13312 14896 384 ) (-13312 14896 64 ) (-13312 14656 64 ) 
4 6 15 (-13312 14656 64 ) (-13312 14896 64 ) (-12544 14896 64 ) (-12544 14656 64 ) 
3 7 75 (-12720 14336 64 ) (-12653.333008 14336 64 ) (-12720 14336 160.001038 ) 
5 7 70 (-12653.333008 14336 64 ) (-12608 14336 64 ) (-12608 14336 384 ) (-12720 14336 384 ) (-12720 14336 160.001038 ) 
3 7 10 (-12720 14461.333984 64 ) (-12720 14416 64 ) (-12720 14416 160.001022 ) 
4 7 9 (-12720 14592 160.001038 ) (-12720 14592 64 ) (-12720 14461.333984 64 ) (-12720 14416 160.001022 ) 
4 7 8 (-12720 14592 384 ) (-12720 14592 160.001038 ) (-12720 14336 160.001022 ) (-12720 14336 384 ) 
3 8 70 (-12720 14336 160.001022 ) (-12720 14336 384 ) (-12875.555664 14336 384 ) 
5 8 12 (-12837.648438 14336 329.411682 ) (-12875.556641 14336 384 ) (-12875.556641 14592 384 ) (-12800 14592 275.198456 ) (-12800 14361.600586 275.198456 ) 
4 8 9 (-12720 14592 159.998489 ) (-12720 14416 159.998474 ) (-12800 14361.600586 275.198456 ) (-12800 14592 275.198456 ) 
4 9 12 (-12800 14361.599609 275.200745 ) (-12800 14592 275.200745 ) (-12800 14592 160.001282 ) (-12800 14416 160.001282 ) 
4 9 11 (-12800 14592 160.001282 ) (-12800 14592 64 ) (-12800 14461.333984 64 ) (-12800 14416 160.001282 ) 
5 9 10 (-12800 14416 160.001068 ) (-12800 14461.333984 64 ) (-12720 14461.333008 64 ) (-12720 14416.001953 159.996094 ) (-12720.002930 14416 160 ) 
3 10 11 (-12800 14416 160 ) (-12800 14461.333984 64 ) (-12800 14416 64 ) 
4 11 85 (-12800 14336 160.001129 ) (-12889.411133 14336 329.411926 ) (-13268 14336 329.412048 ) (-13268 14336 160 ) 
4 11 84 (-12889.411133 14336 329.411926 ) (-12918.221680 14336 384 ) (-13268 14336 384 ) (-13268 14336 329.412048 ) 
4 11 78 (-13268 14336 64 ) (-12800 14336 64 ) (-12800 14336 160.001129 ) (-13268 14336 160 ) 
3 11 14 (-13268 14461.333984 64 ) (-13268 14416 64 ) (-13268 14416 160 ) 
5 11 13 (-13268 14592 384 ) (-13268 14592 64 ) (-13268 14461.333984 64 ) (-13268 14336 329.411865 ) (-13268 14336 384 ) 
5 11 12 (-12800 14416.001953 159.996094 ) (-12800 14592 159.996094 ) (-12918.223633 14592 384 ) (-12918.223633 14336 384 ) (-12889.413086 14336 329.411804 ) 
4 12 84 (-12837.646484 14336 329.411530 ) (-12875.555664 14336 384 ) (-12918.221680 14336 384 ) (-12889.411133 14336 329.411926 ) 
4 13 86 (-13312 14336 384 ) (-13312 14336 329.411865 ) (-13268 14336 329.411865 ) (-13268 14336 384 ) 
5 13 25 (-13312 14336 329.411865 ) (-13312 14336 384 ) (-13312 14592 384 ) (-13312 14592 64 ) (-13312 14461.333984 64 ) 
4 13 14 (-13312 14461.333008 64 ) (-13268 14461.333008 64 ) (-13268 14416 160 ) (-13312 14416 160 ) 
3 14 27 (-13312 14416 160 ) (-13312 14461.333984 64 ) (-13312 14416 64 ) 
4 15 34 (-13312 14656 64 ) (-13312 14896 64 ) (-13312 14896 -112 ) (-13312 14656 -112 ) 
4 15 17 (-13312 14656 -112 ) (-12544 14656 -112 ) (-12544 14656 0 ) (-13312 14656 0 ) 
4 15 16 (-12544 14656 -112 ) (-12304 14656 -112 ) (-12304 14656 64 ) (-12544 14656 64 ) 
4 16 100 (-12304 14336 64 ) (-12544 14336 64 ) (-12544 14336 -112 ) (-12304 14336 -112 ) 
4 16 17 (-12544 14656 0 ) (-12544 14656 -112 ) (-12544 14336 -112 ) (-12544 14336 0 ) 
4 17 101 (-13312 14336 0 ) (-13312 14336 -112 ) (-12544 14336 -112 ) (-12544 14336 0 ) 
4 17 35 (-13312 14336 -112 ) (-13312 14336 0 ) (-13312 14656 0 ) (-13312 14656 -112 ) 
4 18 34 (-13312 14896 64 ) (-13312 14656 64 ) (-14080 14656 64 ) (-14080 14896 64 ) 
4 18 33 (-14080 14896 64 ) (-14080 14656 64 ) (-14080 14656 1008 ) (-14080 14896 1008 ) 
4 18 19 (-14080 14656 1008 ) (-14080 14656 416.001709 ) (-13312 14656 416.001678 ) (-13312 14656 1008 ) 
3 19 126 (-13759.991211 14336 470.469849 ) (-13704 14336 470.469849 ) (-13704 14336 480 ) 
5 19 124 (-13704 14336 520 ) (-14080 14336 520 ) (-14080 14336 470.469849 ) (-13759.991211 14336 470.469849 ) (-13704 14336 480 ) 
4 19 114 (-13312 14336 470.469818 ) (-13312 14336 520 ) (-13704 14336 520 ) (-13704 14336 470.469849 ) 
4 19 113 (-13704 14336 1008 ) (-14080 14336 1008 ) (-14080 14336 520 ) (-13704 14336 520 ) 
4 19 111 (-13672 14336 552 ) (-13704 14336 552 ) (-13704 14336 520 ) (-13672 14336 520 ) 
4 19 108 (-13312 14336 520 ) (-13312 14336 552 ) (-13672 14336 552 ) (-13672 14336 520 ) 
4 19 103 (-13312 14336 552 ) (-13312 14336 1008 ) (-13704 14336 1008 ) (-13704 14336 552 ) 
4 19 33 (-14080 14336 470.469818 ) (-14080 14336 1008 ) (-14080 14656 1008 ) (-14080 14656 416.001709 ) 
4 19 23 (-13703.983398 14336 470.470581 ) (-14080 14336 470.470581 ) (-14080 14592 426.895996 ) (-13703.986328 14592 426.895996 ) 
4 19 20 (-14080 14592 426.895996 ) (-14080 14656 416.002350 ) (-13703.987305 14656 416.002350 ) (-13703.985352 14592 426.895996 ) 
4 20 33 (-14080 14592 416 ) (-14080 14592 426.895325 ) (-14080 14656 416.001709 ) (-14080 14656 416 ) 
4 20 23 (-13703.985352 14592 426.896057 ) (-14080 14592 426.896057 ) (-14080 14592 416 ) (-13768 14592 416 ) 
4 21 24 (-13768 14592 384 ) (-13312 14592 384 ) (-13312 14592 394.893616 ) (-13704 14592 394.893616 ) 
5 22 152 (-13677.030273 14336 438.467987 ) (-13704 14336 438.467987 ) (-13711.507813 14336 437.189880 ) (-13726.223633 14336 416 ) (-13688.888672 14336 416 ) 
4 22 151 (-13356 14336 438.467987 ) (-13677.030273 14336 438.467987 ) (-13688.888672 14336 416 ) (-13356 14336 416 ) 
3 22 149 (-13711.507813 14336 437.189880 ) (-13835.998047 14336 416 ) (-13726.223633 14336 416 ) 
4 22 148 (-13312 14336 416 ) (-13312 14336 438.467987 ) (-13356 14336 438.467987 ) (-13356 14336 416 ) 
4 22 24 (-13312 14336 416 ) (-13835.998047 14336 416 ) (-13704 14468 416 ) (-13312 14468 416 ) 
4 23 128 (-14080 14336 416 ) (-14023.998047 14336 416 ) (-13836 14336 448 ) (-13892 14336 448 ) 
3 23 127 (-14080 14336 448 ) (-14080 14336 416 ) (-13892 14336 448 ) 
4 23 126 (-13703.989258 14336 470.469818 ) (-13759.992188 14336 470.469818 ) (-13892 14336 448 ) (-13836 14336 448 ) 
4 23 124 (-13759.992188 14336 470.469818 ) (-14080 14336 470.469849 ) (-14080 14336 448 ) (-13892 14336 448 ) 
4 23 33 (-14080 14336 416 ) (-14080 14336 470.469818 ) (-14080 14592 426.895325 ) (-14080 14592 416 ) 
4 24 152 (-13688.888672 14336 416 ) (-13726.223633 14336 416 ) (-13748.445313 14336 384 ) (-13705.778320 14336 384 ) 
4 24 151 (-13356 14336 416 ) (-13688.888672 14336 416 ) (-13705.778320 14336 384 ) (-13356 14336 384 ) 
5 24 149 (-13726.223633 14336 416 ) (-13836 14336 416 ) (-14016 14336 385.361542 ) (-14016 14336 384 ) (-13748.445313 14336 384 ) 
4 24 148 (-13312 14336 384 ) (-13312 14336 416 ) (-13356 14336 416 ) (-13356 14336 384 ) 
3 24 26 (-14016 14344 384 ) (-14016 14336 384 ) (-14016 14336 385.361542 ) 
5 24 25 (-14016 14336 384 ) (-14016 14344 384 ) (-13768 14592 384 ) (-13312 14592 384 ) (-13312 14336 384 ) 
4 25 152 (-13705.778320 14336 384 ) (-13748.445313 14336 384 ) (-13786.353516 14336 329.412476 ) (-13734.587891 14336 329.412476 ) 
4 25 151 (-13356 14336 384 ) (-13705.778320 14336 384 ) (-13734.587891 14336 329.412476 ) (-13356 14336 329.412445 ) 
4 25 149 (-13748.445313 14336 384 ) (-14016 14336 384 ) (-14016 14336 329.412476 ) (-13786.353516 14336 329.412476 ) 
4 25 148 (-13312 14336 329.412445 ) (-13312 14336 384 ) (-13356 14336 384 ) (-13356 14336 329.412445 ) 
5 25 31 (-13824 14336 329.413391 ) (-14016 14336 329.413391 ) (-14016 14416 160.001465 ) (-13904 14416 160.001465 ) (-13824 14361.600586 275.200409 ) 
4 25 30 (-13356 14416 160.001465 ) (-13356 14336 329.413391 ) (-13734.585938 14336 329.413391 ) (-13824 14416 160.001465 ) 
3 25 29 (-13786.352539 14336 329.413391 ) (-13824 14336 329.413391 ) (-13824 14361.600586 275.200409 ) 
4 25 28 (-14016 14461.333984 64 ) (-13356 14461.333984 64 ) (-13356 14416 160.001465 ) (-14016 14416 160.001465 ) 
4 25 27 (-13356 14461.333984 64 ) (-13312 14461.333984 64 ) (-13312 14416 160.001465 ) (-13356 14416 160.001465 ) 
3 26 150 (-14024 14336 384 ) (-14016 14336 384 ) (-14016 14336 385.361542 ) 
3 27 28 (-13356 14416 160.001465 ) (-13356 14461.333984 64 ) (-13356 14416 64 ) 
3 28 32 (-13970.667969 14416 64 ) (-13904 14416 64 ) (-13904 14416 160.003250 ) 
4 28 31 (-14016 14416 160.003906 ) (-14016 14416 64 ) (-13970.667969 14416 64 ) (-13904 14416 160.003250 ) 
4 28 30 (-13824 14416 64 ) (-13356 14416 64 ) (-13356 14416 160 ) (-13824 14416 160.002777 ) 
3 29 149 (-13786.353516 14336 329.412476 ) (-13824 14336 329.412476 ) (-13824 14336 275.201385 ) 
3 29 31 (-13824 14336 329.416138 ) (-13824 14361.601563 275.201355 ) (-13824 14336 275.201569 ) 
4 30 151 (-13356 14336 329.412445 ) (-13734.587891 14336 329.412476 ) (-13824 14336 160.001587 ) (-13356 14336 159.998962 ) 
4 30 138 (-13824 14336 160.001587 ) (-13824 14336 64 ) (-13356 14336 64 ) (-13356 14336 159.998962 ) 
5 31 149 (-13824 14336 329.412476 ) (-14016 14336 329.412476 ) (-14016 14336 159.998978 ) (-13904.001953 14336 160 ) (-13824 14336 275.201385 ) 
4 31 135 (-14016 14336 159.998978 ) (-14016 14336 64 ) (-13970.667969 14336 64 ) (-13904.001953 14336 160 ) 
4 31 32 (-13970.667969 14336 64 ) (-13970.667969 14416 64 ) (-13904 14416 160 ) (-13904 14336 160.002441 ) 
3 32 145 (-13970.667969 14336 64 ) (-13904 14336 64 ) (-13904 14336 160.001648 ) 
4 33 156 (-14320 14336 64 ) (-14080 14336 64 ) (-14080 14336 448 ) (-14320 14336 448 ) 
4 33 124 (-14080 14336 448 ) (-14080 14336 520 ) (-14320 14336 520 ) (-14320 14336 448 ) 
4 33 113 (-14080 14336 520 ) (-14080 14336 1008 ) (-14320 14336 1008 ) (-14320 14336 520 ) 
4 33 36 (-14080 14656 64 ) (-14080 14336 64 ) (-14320 14336 64 ) (-14320 14656 64 ) 
4 33 34 (-14080 14896 64 ) (-14080 14656 64 ) (-14320 14656 64 ) (-14320 14896 64 ) 
4 34 35 (-14080 14656 -112 ) (-13312 14656 -112 ) (-13312 14656 0 ) (-14080 14656 0 ) 
4 34 36 (-14320 14656 64 ) (-14320 14656 -112 ) (-14080 14656 -112 ) (-14080 14656 64 ) 
4 35 154 (-13312 14336 -112 ) (-13312 14336 0 ) (-14080 14336 0 ) (-14080 14336 -112 ) 
4 35 36 (-14080 14656 0 ) (-14080 14656 -112 ) (-14080 14336 -112 ) (-14080 14336 0 ) 
4 36 156 (-14080 14336 64 ) (-14320 14336 64 ) (-14320 14336 -112 ) (-14080 14336 -112 ) 
4 37 157 (-12304 13312 1008 ) (-12920 13312 1008 ) (-12920 13312 520 ) (-12304 13312 520 ) 
4 37 48 (-12304 13312 520 ) (-12920 13312 520 ) (-12920 14336 520 ) (-12304 14336 520 ) 
4 37 43 (-12920 14336 552 ) (-12920 14336 520 ) (-12920 14280 520 ) (-12920 14280 552 ) 
4 37 44 (-12920 13880 520 ) (-12920 13312 520 ) (-12920 13312 552 ) (-12920 13880 552 ) 
3 37 41 (-12920 14080 665 ) (-12920 14280 746 ) (-12920 14280 584 ) 
3 37 40 (-12920 14280 552 ) (-12920 13880 552 ) (-12920 14080 633 ) 
4 37 39 (-12920 13880 584 ) (-12920 13880 1008 ) (-12920 14280 1008 ) (-12920 14280 746 ) 
4 37 42 (-12920 13880 552 ) (-12920 13312 552 ) (-12920 13312 1008 ) (-12920 13880 1008 ) 
4 37 38 (-12920 14336 1008 ) (-12920 14336 552 ) (-12920 14280 552 ) (-12920 14280 1008 ) 
4 38 103 (-13312 14336 1008 ) (-13312 14336 552 ) (-13312 14280 552 ) (-13312 14280 1008 ) 
4 38 45 (-13312 14336 552 ) (-12952 14336 552 ) (-12952 14280 552 ) (-13312 14280 552 ) 
4 38 43 (-12952 14336 552 ) (-12920 14336 552 ) (-12920 14280 552 ) (-12952 14280 552 ) 
4 38 41 (-12920 14280 584 ) (-12920 14280 746 ) (-13312 14280 746 ) (-13312 14280 584 ) 
4 38 39 (-12920 14280 746 ) (-12920 14280 1008 ) (-13312 14280 1008 ) (-13312 14280 746 ) 
4 39 104 (-13312 13880 584 ) (-13312 13880 1008 ) (-13312 14280 1008 ) (-13312 14280 746 ) 
4 39 41 (-13312 14080 665 ) (-13312 14280 746 ) (-12920 14280 746 ) (-12920 14080 665 ) 
4 39 42 (-12920 13880 584 ) (-12920 13880 1008 ) (-13312 13880 1008 ) (-13312 13880 584 ) 
3 40 105 (-13312 14280 552 ) (-13312 13880 552 ) (-13312 14080 633 ) 
4 40 46 (-13312 13912 552 ) (-13312 14248 552 ) (-12952 14248 552 ) (-12952 13912 552 ) 
3 41 106 (-13312 14080 665 ) (-13312 14280 746 ) (-13312 14280 584 ) 
4 42 157 (-13312 13312 1008 ) (-13312 13312 552 ) (-12920 13312 552 ) (-12920 13312 1008 ) 
4 42 107 (-13312 13880 552 ) (-13312 13312 552 ) (-13312 13312 1008 ) (-13312 13880 1008 ) 
4 42 47 (-12952 13312 552 ) (-13312 13312 552 ) (-13312 13880 552 ) (-12952 13880 552 ) 
4 42 44 (-12920 13880 552 ) (-12920 13312 552 ) (-12952 13312 552 ) (-12952 13880 552 ) 
4 43 51 (-12952 14280 520 ) (-12952 14336 520 ) (-12920 14336 520 ) (-12920 14280 520 ) 
4 43 45 (-12952 14336 520 ) (-12952 14280 520 ) (-12952 14280 552 ) (-12952 14336 552 ) 
4 44 157 (-12952 13312 520 ) (-12920 13312 520 ) (-12920 13312 552 ) (-12952 13312 552 ) 
4 44 60 (-12920 13312 520 ) (-12952 13312 520 ) (-12952 13880 520 ) (-12920 13880 520 ) 
4 44 47 (-12952 13880 520 ) (-12952 13312 520 ) (-12952 13312 552 ) (-12952 13880 552 ) 
4 45 108 (-13312 14336 552 ) (-13312 14336 520 ) (-13312 14280 520 ) (-13312 14280 552 ) 
4 45 51 (-13312 14280 520 ) (-13312 14336 520 ) (-12952 14336 520 ) (-12952 14280 520 ) 
4 46 109 (-13312 14248 520 ) (-13312 13912 520 ) (-13312 13912 552 ) (-13312 14248 552 ) 
4 46 56 (-13312 13912 520 ) (-13312 14248 520 ) (-12952 14248 520 ) (-12952 13912 520 ) 
4 47 157 (-13312 13312 552 ) (-13312 13312 520 ) (-12952 13312 520 ) (-12952 13312 552 ) 
4 47 110 (-13312 13880 520 ) (-13312 13312 520 ) (-13312 13312 552 ) (-13312 13880 552 ) 
4 47 60 (-12952 13312 520 ) (-13312 13312 520 ) (-13312 13880 520 ) (-12952 13880 520 ) 
5 48 157 (-12304 13312 520 ) (-12920 13312 520 ) (-12920 13312 480.001465 ) (-12731.991211 13312 448 ) (-12304 13312 448 ) 
4 48 92 (-12544 13312 448 ) (-12731.991211 13312 448 ) (-12731.991211 13568 448 ) (-12544 13568 448 ) 
4 48 91 (-12304 13568 448 ) (-12304 13312 448 ) (-12544 13312 448 ) (-12544 13568 448 ) 
4 48 65 (-12304 13852 448 ) (-12304 13664 448 ) (-12731.991211 14091.990234 448 ) (-12731.991211 14279.990234 448 ) 
4 48 64 (-12731.991211 14336 448 ) (-12304 14336 448 ) (-12304 13852 448 ) (-12731.991211 14279.990234 448 ) 
4 48 61 (-12304 13664 448 ) (-12304 13568 448 ) (-12731.991211 13568 448 ) (-12731.991211 14091.990234 448 ) 
4 48 60 (-12920 13312 480.001465 ) (-12920 13312 520 ) (-12920 13880 520 ) (-12920 13880 480.001465 ) 
4 48 54 (-12920 14084 520 ) (-12920 14248 520 ) (-12920 14248 480.001465 ) (-12920 14084 480.001465 ) 
4 48 55 (-12920 13912 520 ) (-12920 14076 520 ) (-12920 14076 480.001465 ) (-12920 13912 480.001465 ) 
4 48 51 (-12920 14280 520 ) (-12920 14336 520 ) (-12920 14336 480.001465 ) (-12920 14280 480.001465 ) 
4 48 50 (-12920 14279.995117 480 ) (-12920 14336 480 ) (-12731.995117 14336 448 ) (-12731.995117 14279.995117 448 ) 
4 48 49 (-12920 13312 480 ) (-12920 13880.006836 480 ) (-12731.995117 13880.006836 448 ) (-12731.995117 13312 448 ) 
3 49 157 (-12920 13312 480.001465 ) (-12920 13312 448 ) (-12731.991211 13312 448 ) 
4 49 92 (-12731.991211 13568 448 ) (-12731.991211 13312 448 ) (-12920 13312 448 ) (-12920 13568 448 ) 
4 49 62 (-12731.991211 13880.010742 448 ) (-12731.991211 13568 448 ) (-12920 13568 448 ) (-12920 13692.001953 448 ) 
4 49 60 (-12920 13692.001953 448 ) (-12920 13312 448 ) (-12920 13312 480.001465 ) (-12920 13880.011719 480.001465 ) 
3 50 64 (-12788 14336 448 ) (-12731.991211 14336 448 ) (-12731.991211 14279.990234 448 ) 
3 50 51 (-12920 14279.991211 480.001465 ) (-12920 14336 480.001465 ) (-12920 14336 470.467987 ) 
4 51 114 (-13312 14336 520 ) (-13312 14336 470.469757 ) (-13312 14280 480.001648 ) (-13312 14280 520 ) 
4 51 53 (-13138 14280 520 ) (-13308 14280 520 ) (-13308 14280 480.001648 ) (-13138 14280 480.001648 ) 
4 51 52 (-12952 14280 520 ) (-13130 14280 520 ) (-13130 14280 480.001648 ) (-12952 14280 480.001648 ) 
4 52 56 (-12952 14248 520 ) (-13130 14248 520 ) (-13130 14248 480 ) (-12952 14248 480 ) 
4 53 56 (-13138 14248 520 ) (-13308 14248 520 ) (-13308 14248 480 ) (-13138 14248 480 ) 
4 54 56 (-12952 14248 520 ) (-12952 14248 480 ) (-12952 14084 480 ) (-12952 14084 520 ) 
4 55 56 (-12952 14076 480 ) (-12952 13912 480 ) (-12952 13912 520 ) (-12952 14076 520 ) 
4 56 117 (-13312 13912 480 ) (-13312 13912 520 ) (-13312 14248 520 ) (-13312 14248 480 ) 
4 56 58 (-12952 13912 520 ) (-13130 13912 520 ) (-13130 13912 480 ) (-12952 13912 480 ) 
4 56 59 (-13138 13912 520 ) (-13308 13912 520 ) (-13308 13912 480 ) (-13138 13912 480 ) 
4 56 57 (-12952 13912 480 ) (-13312 13912 480 ) (-13312 14248 480 ) (-12952 14248 480 ) 
4 57 120 (-13312 14248 448 ) (-13312 13912 448 ) (-13312 13912 480 ) (-13312 14248 480 ) 
4 57 87 (-13312 13912 448 ) (-13312 14248 448 ) (-13268 14248 448 ) (-13268 13912 448 ) 
4 57 78 (-13268 14248 448 ) (-12952 14248 448 ) (-12952 13912 448 ) (-13268 13912 448 ) 
4 58 60 (-12952 13880 520 ) (-13130 13880 520 ) (-13130 13880 480 ) (-12952 13880 480 ) 
4 59 60 (-13138 13880 520 ) (-13308 13880 520 ) (-13308 13880 480 ) (-13138 13880 480 ) 
4 60 157 (-12920 13312 520 ) (-13312 13312 520 ) (-13312 13312 448 ) (-12920 13312 448 ) 
5 60 123 (-13312 13692 448 ) (-13312 13312 448 ) (-13312 13312 520 ) (-13312 13880 520 ) (-13312 13880 480 ) 
4 60 92 (-13312 13312 448 ) (-13312 13568 448 ) (-12920 13568 448 ) (-12920 13312 448 ) 
4 60 89 (-13312 13568 448 ) (-13312 13692 448 ) (-13268 13692 448 ) (-13268 13568 448 ) 
4 60 83 (-13268 13692 448 ) (-12920 13692 448 ) (-13044.001953 13568 448 ) (-13268 13568 448 ) 
3 60 81 (-12920 13692 448 ) (-12920 13568 448 ) (-13044.001953 13568 448 ) 
3 61 93 (-12607.993164 13568 426.893982 ) (-12544 13568 416.001648 ) (-12544 13568 426.893982 ) 
4 61 92 (-12544 13568 448 ) (-12731.991211 13568 448 ) (-12607.993164 13568 426.893982 ) (-12544 13568 426.893982 ) 
5 61 91 (-12304 13568 416 ) (-12304 13568 448 ) (-12544 13568 448 ) (-12544 13568 416.001648 ) (-12543.990234 13568 416 ) 
3 61 73 (-12543.990234 13880.010742 416 ) (-12543.990234 14091.990234 416 ) (-12438 13986 416 ) 
5 61 72 (-12304 13568 416 ) (-12543.991211 13568 416 ) (-12543.990234 13880.010742 416 ) (-12438 13986 416 ) (-12304 13852 416 ) 
4 61 65 (-12304 13851.996094 416 ) (-12543.990234 14091.986328 416 ) (-12731.990234 14091.986328 448 ) (-12304 13663.996094 448 ) 
4 61 62 (-12543.992188 13880.007813 416 ) (-12543.992188 13568 416 ) (-12731.993164 13568 448 ) (-12731.993164 13880.007813 448 ) 
5 62 93 (-12905.342773 13568 426.893951 ) (-12903.376953 13568 424.063782 ) (-12856.002930 13568 416 ) (-12543.990234 13568 416 ) (-12607.992188 13568 426.893982 ) 
4 62 92 (-12731.991211 13568 448 ) (-12920 13568 448 ) (-12905.342773 13568 426.893951 ) (-12607.992188 13568 426.893982 ) 
3 62 81 (-12903.378906 13568 424.064209 ) (-12920 13568 448 ) (-12920 13692.001953 448 ) 
4 63 84 (-12920 14280 448 ) (-12912.494141 14336 437.190460 ) (-12897.779297 14336 416 ) (-12897.779297 14295.111328 416 ) 
3 63 82 (-12897.779297 13744 416 ) (-12897.779297 13714.222656 416 ) (-12901.770508 13744 421.747864 ) 
4 63 80 (-12897.779297 13864.888672 416 ) (-12897.779297 13744 416 ) (-12901.770508 13744 421.747864 ) (-12920 13880 448 ) 
4 63 78 (-12920 13912 448 ) (-12920 14248 448 ) (-12897.779297 14257.778320 416 ) (-12897.779297 13902.222656 416 ) 
5 63 70 (-12897.781250 13714.219727 416 ) (-12897.781250 14336 416 ) (-12788 14336 416 ) (-12732 14280 416 ) (-12732 13880 416 ) 
5 64 73 (-12544 14336 416 ) (-12304 14336 416 ) (-12304 14120.001953 416 ) (-12344 14080 416 ) (-12544 14280 416 ) 
3 64 72 (-12304 14120.001953 416 ) (-12304 14040 416 ) (-12344 14080 416 ) 
4 64 65 (-12543.990234 14279.991211 416 ) (-12304 14040 416 ) (-12304 13852.001953 448 ) (-12731.991211 14279.995117 448 ) 
4 65 73 (-12543.990234 14279.990234 416 ) (-12344 14080 416 ) (-12438 13986 416 ) (-12543.990234 14091.990234 416 ) 
4 65 72 (-12344 14080 416 ) (-12304 14040 416 ) (-12304 13852 416 ) (-12438 13986 416 ) 
4 66 100 (-12544 14336 64 ) (-12304 14336 64 ) (-12304 13568 64 ) (-12544 13568 64 ) 
4 66 91 (-12544 13568 64 ) (-12304 13568 64 ) (-12304 13568 290.042114 ) (-12544 13568 330.893097 ) 
4 66 74 (-12304 13880.002930 343.149109 ) (-12304 14279.998047 343.149109 ) (-12544 14279.998047 384 ) (-12544 13880.003906 384 ) 
4 66 69 (-12544 14280 384 ) (-12304 14280 343.148865 ) (-12304 14336 333.616943 ) (-12544 14336 374.468018 ) 
4 66 68 (-12304 13879.995117 343.148438 ) (-12544 13879.995117 384 ) (-12544 13568 330.894226 ) (-12304 13568 290.043152 ) 
5 67 70 (-12608 13816.001953 384 ) (-12608 13880.002930 394.893707 ) (-12608 14279.998047 394.893677 ) (-12608 14336 385.361511 ) (-12608 14336 384 ) 
4 68 91 (-12304 13568 290.042114 ) (-12304 13568 343.148804 ) (-12544 13568 384 ) (-12544 13568 330.893097 ) 
4 68 74 (-12544 13568 384 ) (-12304 13568 343.149109 ) (-12304 13880.002930 343.149109 ) (-12544 13880.003906 384 ) 
4 69 74 (-12304 14279.998047 343.149109 ) (-12304 14336 343.149109 ) (-12544 14336 384 ) (-12544 14279.998047 384 ) 
3 70 95 (-12856.002930 13568 384 ) (-12878.175781 13568 387.774170 ) (-12875.554688 13568 384 ) 
3 70 84 (-12897.779297 14295.111328 416 ) (-12897.779297 14336 416 ) (-12837.648438 14336 329.411743 ) 
5 70 82 (-12720 13568 159.997589 ) (-12878.178711 13568 387.774780 ) (-12897.779297 13714.222656 416 ) (-12897.779297 13744 416 ) (-12720 13744 159.998077 ) 
4 70 80 (-12897.779297 13744 416 ) (-12897.779297 13864.888672 416 ) (-12800 13798.399414 275.197937 ) (-12800 13744 275.197937 ) 
4 70 78 (-12897.779297 13902.222656 416 ) (-12897.779297 14257.778320 416 ) (-12800 14300.800781 275.198059 ) (-12800 13859.200195 275.197968 ) 
3 70 77 (-12720 13744 159.998077 ) (-12800 13744 275.197937 ) (-12800 13798.399414 275.197968 ) 
4 70 76 (-12800 14300.800781 275.198059 ) (-12720 14336 160 ) (-12720 13824 159.998291 ) (-12800 13859.199219 275.197968 ) 
4 70 75 (-12653.334961 14336 64 ) (-12653.334961 13568 64 ) (-12720 13568 159.997589 ) (-12720 14336 160 ) 
3 70 71 (-12608 13568 341.787811 ) (-12608 13815.997070 384 ) (-12855.997070 13568 384 ) 
4 72 91 (-12304 13568 384 ) (-12304 13568 416 ) (-12544 13568 416 ) (-12544 13568 384 ) 
4 72 73 (-12304 13932 384 ) (-12544 13692 384 ) (-12544 13880 416 ) (-12304 14120 416 ) 
4 72 74 (-12304 13568 384 ) (-12544 13568 384 ) (-12544 13692.001953 384 ) (-12304 13932.001953 384 ) 
4 73 74 (-12544 13692.001953 384 ) (-12544 14336 384 ) (-12304 14336 384 ) (-12304 13932.001953 384 ) 
3 74 91 (-12304 13568 343.148804 ) (-12304 13568 384 ) (-12544 13568 384 ) 
4 75 82 (-12720 13744 64 ) (-12720 13568 64 ) (-12720 13568 160.003937 ) (-12720 13744 160.003937 ) 
4 75 76 (-12720 14335.996094 160.003906 ) (-12720 14336 64 ) (-12720 13824 64 ) (-12720 13824 160.003937 ) 
6 76 78 (-12800 13859.200195 275.202209 ) (-12800 14300.799805 275.198608 ) (-12800 14336 159.998505 ) (-12800 14336 64 ) (-12800 13824 64 ) (-12800 13824 160 ) 
3 77 82 (-12720 13744 160 ) (-12800 13744 275.200012 ) (-12800 13744 160.001465 ) 
3 77 80 (-12800 13744 160 ) (-12800 13744 275.203125 ) (-12800 13798.401367 275.202698 ) 
6 78 87 (-13268 14336 64 ) (-13268 13824 64 ) (-13268 13824 159.996002 ) (-13268 13912 448 ) (-13268 14248 448 ) (-13268 14336 160 ) 
4 78 85 (-12800 14336 160 ) (-13268 14336 160.001602 ) (-13268 14248 448 ) (-12952 14248 448 ) 
5 78 79 (-12800 13794.666992 64 ) (-12800 13824 160 ) (-12952 13912 448 ) (-13268 13912 448 ) (-13268 13794.666992 64 ) 
3 79 88 (-13268 13744 160.001129 ) (-13268 13744 424.850952 ) (-13268 13880 448 ) 
5 79 82 (-13268 13744 424.850983 ) (-13268 13744 64 ) (-12800 13744 64 ) (-12800 13744 160 ) (-12939.781250 13744 424.850952 ) 
3 79 80 (-12939.784180 13744 424.850983 ) (-12800.001953 13744 160 ) (-12952.001953 13880 448 ) 
5 80 82 (-12800 13744 275.200012 ) (-12901.768555 13744 421.747467 ) (-12920 13744 424.850952 ) (-12939.781250 13744 424.850952 ) (-12800 13744 160 ) 
3 81 93 (-12903.377930 13568 424.064026 ) (-12905.342773 13568 426.893951 ) (-12920.003906 13568 426.893951 ) 
4 81 92 (-12905.342773 13568 426.893951 ) (-12920 13568 448 ) (-13044.001953 13568 448 ) (-12920.003906 13568 426.893951 ) 
3 81 83 (-12920 13692 448 ) (-12920 13568 426.893982 ) (-13044 13568 448 ) 
5 82 95 (-12875.555664 13568 384 ) (-12878.176758 13568 387.774597 ) (-12920 13568 394.893433 ) (-13268 13568 394.893494 ) (-13268 13568 384 ) 
3 82 90 (-13268 13744 64 ) (-13268 13698.666016 64 ) (-13268 13744 160.001129 ) 
5 82 88 (-13268 13698.666016 64 ) (-13268 13568 64 ) (-13268 13568 394.893494 ) (-13268 13744 424.850983 ) (-13268 13744 160.001129 ) 
4 83 92 (-12920.003906 13568 426.893951 ) (-13044.001953 13568 448 ) (-13268 13568 448 ) (-13268 13568 426.893982 ) 
3 83 89 (-13268 13568 426.893982 ) (-13268 13568 448 ) (-13268 13691.998047 448 ) 
3 84 86 (-13268 14280 448 ) (-13268 14336 438.467865 ) (-13268 14336 329.412628 ) 
4 84 85 (-12952 14280 448 ) (-13268 14280 448 ) (-13268 14336 329.413635 ) (-12889.413086 14336 329.413239 ) 
3 86 148 (-13312 14336 438.467896 ) (-13312 14336 329.412506 ) (-13312 14280 448 ) 
6 87 131 (-13312 14336 159.998993 ) (-13312 14336 64 ) (-13312 13824 64 ) (-13312 13824 159.998413 ) (-13312 13912 448 ) (-13312 14248 448 ) 
4 88 130 (-13312 13698.666016 64 ) (-13312 13568 64 ) (-13312 13568 394.893494 ) (-13312 13880 448 ) 
4 88 95 (-13268 13568 384 ) (-13268 13568 394.893494 ) (-13312 13568 394.893494 ) (-13312 13568 384 ) 
4 88 90 (-13268 13744 160 ) (-13268 13698.666992 64 ) (-13312 13698.666992 64 ) (-13312 13744 160 ) 
3 89 129 (-13312 13568 426.893982 ) (-13312 13568 448 ) (-13312 13691.998047 448 ) 
4 89 92 (-13268 13568 426.893982 ) (-13268 13568 448 ) (-13312 13568 448 ) (-13312 13568 426.893982 ) 
3 90 132 (-13312 13744 64 ) (-13312 13698.666016 64 ) (-13312 13744 160.001556 ) 
4 91 157 (-12304 13312 448 ) (-12544 13312 448 ) (-12544 13312 64 ) (-12304 13312 64 ) 
4 91 100 (-12304 13312 64 ) (-12544 13312 64 ) (-12544 13568 64 ) (-12304 13568 64 ) 
5 91 99 (-12544 13504 320 ) (-12544 13312 287.319061 ) (-12544 13312 383.319336 ) (-12544 13316 384 ) (-12544 13504 384 ) 
4 91 97 (-12544 13504 384 ) (-12544 13316 384 ) (-12544 13503.998047 416 ) (-12544 13504 416 ) 
4 91 96 (-12544 13504 64 ) (-12544 13312 64 ) (-12544 13312 287.319061 ) (-12544 13504 320 ) 
3 91 94 (-12544 13312 383.319336 ) (-12544 13312 416 ) (-12544 13503.998047 416 ) 
3 91 93 (-12544 13568 426.893982 ) (-12544 13568 416 ) (-12544 13503.998047 416 ) 
5 91 92 (-12544 13568 448 ) (-12544 13568 426.893982 ) (-12544 13503.998047 416 ) (-12544 13312 416 ) (-12544 13312 448 ) 
4 92 157 (-12544 13312 448 ) (-13312 13312 448 ) (-13312 13312 416 ) (-12544 13312 416 ) 
4 92 129 (-13312 13504 448 ) (-13312 13568 448 ) (-13312 13568 426.893982 ) (-13312 13504 416 ) 
5 92 153 (-13312 13312 416 ) (-13312 13312 448 ) (-13312 13504 448 ) (-13312 13504 416 ) (-13312 13503.998047 416 ) 
4 92 94 (-12544 13503.998047 416 ) (-12544 13312 416 ) (-13312 13312 416 ) (-13312 13503.998047 416 ) 
4 92 93 (-12544 13504 416 ) (-12920 13504 416 ) (-12920 13568 426.893555 ) (-12544 13568 426.893555 ) 
4 94 157 (-13312 13312 416 ) (-13312 13312 383.319336 ) (-12544 13312 383.319336 ) (-12544 13312 416 ) 
3 94 153 (-13312 13312 383.319336 ) (-13312 13312 416 ) (-13312 13503.998047 416 ) 
4 94 99 (-12544 13316 384 ) (-12544 13312 383.318970 ) (-13108 13312 383.319000 ) (-13108 13316 384 ) 
4 94 98 (-13108 13504 416 ) (-12920 13504 416 ) (-12920 13316 384 ) (-13108 13316 384 ) 
4 94 97 (-12920 13504 416 ) (-12544 13504 416 ) (-12544 13316 384 ) (-12920 13316 384 ) 
4 94 96 (-13312 13504 416 ) (-13108 13504 416 ) (-13108 13312 383.319000 ) (-13312 13312 383.319000 ) 
3 95 147 (-13312 13504 384 ) (-13312 13568 394.893463 ) (-13312 13568 384 ) 
5 96 157 (-13312 13312 383.319336 ) (-13312 13312 64 ) (-12544 13312 64 ) (-12544 13312 287.319061 ) (-13108.002930 13312 383.319336 ) 
5 96 153 (-13312 13504 64 ) (-13312 13312 64 ) (-13312 13312 383.319336 ) (-13312 13503.998047 416 ) (-13312 13504 416 ) 
4 96 102 (-12544 13312 64 ) (-13312 13312 64 ) (-13312 13504 64 ) (-12544 13504 64 ) 
5 96 99 (-13108.002930 13316 384 ) (-13108.002930 13312 383.319153 ) (-12544 13312 287.318970 ) (-12544 13504 320 ) (-12920.001953 13504 384 ) 
3 96 98 (-13108.002930 13504 416 ) (-13108.002930 13316 384 ) (-12920.001953 13504 384 ) 
4 97 99 (-12544 13315.992188 384 ) (-12920.011719 13315.992188 384 ) (-12732.001953 13504 384 ) (-12544 13504 384 ) 
4 97 98 (-12732 13504 384 ) (-12920.002930 13315.998047 384 ) (-12920.002930 13503.998047 416 ) (-12920 13504 416 ) 
4 98 99 (-12920.011719 13315.992188 384 ) (-13108.011719 13315.992188 384 ) (-12920.002930 13504 384 ) (-12732.001953 13504 384 ) 
3 99 157 (-12544 13312 287.319061 ) (-12544 13312 383.319336 ) (-13108.002930 13312 383.319336 ) 
4 100 157 (-12304 13312 64 ) (-12544 13312 64 ) (-12544 13312 -112 ) (-12304 13312 -112 ) 
4 100 101 (-12544 14336 -112 ) (-12544 13504 -112 ) (-12544 13504 0 ) (-12544 14336 0 ) 
4 100 102 (-12544 13504 -112 ) (-12544 13312 -112 ) (-12544 13312 64 ) (-12544 13504 64 ) 
4 101 154 (-13312 14336 0 ) (-13312 14336 -112 ) (-13312 13504 -112 ) (-13312 13504 0 ) 
4 101 102 (-13312 13504 -112 ) (-12544 13504 -112 ) (-12544 13504 0 ) (-13312 13504 0 ) 
4 102 157 (-12544 13312 64 ) (-13312 13312 64 ) (-13312 13312 -112 ) (-12544 13312 -112 ) 
4 102 155 (-13312 13504 -112 ) (-13312 13312 -112 ) (-13312 13312 64 ) (-13312 13504 64 ) 
4 103 113 (-13704 14280 1008 ) (-13704 14336 1008 ) (-13704 14336 552 ) (-13704 14280 552 ) 
4 103 111 (-13704 14280 552 ) (-13704 14336 552 ) (-13672 14336 552 ) (-13672 14280 552 ) 
4 103 108 (-13672 14336 552 ) (-13312 14336 552 ) (-13312 14280 552 ) (-13672 14280 552 ) 
4 103 106 (-13312 14280 584 ) (-13312 14280 746 ) (-13704 14280 746 ) (-13704 14280 584 ) 
4 103 104 (-13312 14280 746 ) (-13312 14280 1008 ) (-13704 14280 1008 ) (-13704 14280 746 ) 
4 104 113 (-13704 13880 1008 ) (-13704 14280 1008 ) (-13704 14280 746 ) (-13704 13880 584 ) 
4 104 106 (-13704 14080 665 ) (-13704 14280 746 ) (-13312 14280 746 ) (-13312 14080 665 ) 
4 104 107 (-13312 13880 584 ) (-13312 13880 1008 ) (-13704 13880 1008 ) (-13704 13880 584 ) 
3 105 113 (-13704 14280 552 ) (-13704 13880 552 ) (-13704 14080 633 ) 
4 105 109 (-13312 14248 552 ) (-13312 13912 552 ) (-13672 13912 552 ) (-13672 14248 552 ) 
3 106 113 (-13704 14280 746 ) (-13704 14280 584 ) (-13704 14080 665 ) 
4 107 158 (-13312 13312 552 ) (-13312 13312 1008 ) (-13704 13312 1008 ) (-13704 13312 552 ) 
4 107 113 (-13704 13312 552 ) (-13704 13312 1008 ) (-13704 13880 1008 ) (-13704 13880 552 ) 
4 107 112 (-13672 13312 552 ) (-13704 13312 552 ) (-13704 13880 552 ) (-13672 13880 552 ) 
4 107 110 (-13312 13312 552 ) (-13672 13312 552 ) (-13672 13880 552 ) (-13312 13880 552 ) 
4 108 114 (-13672 14280 520 ) (-13672 14336 520 ) (-13312 14336 520 ) (-13312 14280 520 ) 
4 108 111 (-13672 14336 520 ) (-13672 14280 520 ) (-13672 14280 552 ) (-13672 14336 552 ) 
4 109 117 (-13672 13912 520 ) (-13672 14248 520 ) (-13312 14248 520 ) (-13312 13912 520 ) 
4 110 158 (-13312 13312 520 ) (-13312 13312 552 ) (-13672 13312 552 ) (-13672 13312 520 ) 
4 110 123 (-13312 13312 520 ) (-13672 13312 520 ) (-13672 13880 520 ) (-13312 13880 520 ) 
4 110 112 (-13672 13880 520 ) (-13672 13312 520 ) (-13672 13312 552 ) (-13672 13880 552 ) 
4 111 114 (-13704 14280 520 ) (-13704 14336 520 ) (-13672 14336 520 ) (-13672 14280 520 ) 
4 111 113 (-13704 14336 520 ) (-13704 14280 520 ) (-13704 14280 552 ) (-13704 14336 552 ) 
4 112 158 (-13672 13312 552 ) (-13704 13312 552 ) (-13704 13312 520 ) (-13672 13312 520 ) 
4 112 123 (-13672 13312 520 ) (-13704 13312 520 ) (-13704 13880 520 ) (-13672 13880 520 ) 
4 112 113 (-13704 13880 520 ) (-13704 13312 520 ) (-13704 13312 552 ) (-13704 13880 552 ) 
4 113 158 (-14320 13312 520 ) (-13704 13312 520 ) (-13704 13312 1008 ) (-14320 13312 1008 ) 
4 113 124 (-13704 13312 520 ) (-14320 13312 520 ) (-14320 14336 520 ) (-13704 14336 520 ) 
3 114 126 (-13704 14336 480 ) (-13704 14336 470.469757 ) (-13704 14280.008789 480 ) 
5 114 124 (-13704 14280 480.001648 ) (-13704 14280 520 ) (-13704 14336 520 ) (-13704 14336 480 ) (-13704 14280.008789 480 ) 
4 114 116 (-13672 14280 480.001648 ) (-13494 14280 480.001648 ) (-13494 14280 520 ) (-13672 14280 520 ) 
4 114 115 (-13486 14280 480.001648 ) (-13316 14280 480.001648 ) (-13316 14280 520 ) (-13486 14280 520 ) 
4 115 117 (-13486 14248 480 ) (-13316 14248 480 ) (-13316 14248 520 ) (-13486 14248 520 ) 
4 116 117 (-13672 14248 480 ) (-13494 14248 480 ) (-13494 14248 520 ) (-13672 14248 520 ) 
4 117 122 (-13664 13912 480 ) (-13494 13912 480 ) (-13494 13912 520 ) (-13664 13912 520 ) 
4 117 121 (-13486 13912 480 ) (-13316 13912 480 ) (-13316 13912 520 ) (-13486 13912 520 ) 
4 117 120 (-13312 13912 480 ) (-13672 13912 480 ) (-13672 14248 480 ) (-13312 14248 480 ) 
4 117 118 (-13672 14248 520 ) (-13672 14248 480 ) (-13672 14084 480 ) (-13672 14084 520 ) 
4 117 119 (-13672 14076 480 ) (-13672 13920 480 ) (-13672 13920 520 ) (-13672 14076 520 ) 
4 118 124 (-13704 14084 520 ) (-13704 14248 520 ) (-13704 14248 480 ) (-13704 14084 480 ) 
4 119 124 (-13704 13920 520 ) (-13704 14076 520 ) (-13704 14076 480 ) (-13704 13920 480 ) 
4 120 138 (-13356 13912 448 ) (-13672 13912 448 ) (-13672 14248 448 ) (-13356 14248 448 ) 
4 120 131 (-13312 14248 448 ) (-13312 13912 448 ) (-13356 13912 448 ) (-13356 14248 448 ) 
4 121 123 (-13486 13880 480 ) (-13316 13880 480 ) (-13316 13880 520 ) (-13486 13880 520 ) 
4 122 123 (-13664 13880 480 ) (-13494 13880 480 ) (-13494 13880 520 ) (-13664 13880 520 ) 
4 123 158 (-13312 13312 448 ) (-13312 13312 520 ) (-13704 13312 520 ) (-13704 13312 448 ) 
4 123 129 (-13312 13692 448 ) (-13312 13504 448 ) (-13704 13504 448 ) (-13704 13692 448 ) 
4 123 153 (-13312 13504 448 ) (-13312 13312 448 ) (-13704 13312 448 ) (-13704 13504 448 ) 
4 123 125 (-13704 13692 448 ) (-13704 13312 448 ) (-13704 13312 480 ) (-13704 13880 480 ) 
4 123 124 (-13704 13312 480 ) (-13704 13312 520 ) (-13704 13880 520 ) (-13704 13880 480 ) 
5 124 158 (-13704 13312 520 ) (-14320 13312 520 ) (-14320 13312 448 ) (-13892 13312 448 ) (-13704 13312 480 ) 
4 124 156 (-14320 14336 448 ) (-14080 14336 448 ) (-14080 13312 448 ) (-14320 13312 448 ) 
4 124 127 (-14080 14336 448 ) (-13892 14336 448 ) (-13892 13504 448 ) (-14080 13504 448 ) 
4 124 153 (-13892 13504 448 ) (-13892 13312 448 ) (-14080 13312 448 ) (-14080 13504 448 ) 
4 124 126 (-13892.005859 14279.992188 448 ) (-13892.005859 14336 448 ) (-13704 14336 480.001038 ) (-13704 14279.991211 480.001038 ) 
4 124 125 (-13892.005859 13312 448 ) (-13892.005859 13880.006836 448 ) (-13704 13880.007813 480.001038 ) (-13704 13312 480.001038 ) 
3 125 158 (-13892 13312 448 ) (-13704 13312 448 ) (-13704 13312 480 ) 
3 125 133 (-13704 13692.001953 448 ) (-13892 13691.998047 448 ) (-13892 13880.001953 448 ) 
4 125 129 (-13704 13692.001953 448 ) (-13704 13504 448 ) (-13892 13504 448 ) (-13892 13691.998047 448 ) 
4 125 153 (-13704 13504 448 ) (-13704 13312 448 ) (-13892 13312 448 ) (-13892 13504 448 ) 
3 126 128 (-13892 14336 448 ) (-13835.998047 14336 448 ) (-13892 14279.998047 448 ) 
4 127 156 (-14080 13504 448 ) (-14080 14336 448 ) (-14080 14336 416 ) (-14080 13504 416 ) 
3 127 146 (-14080 13504 416 ) (-14080 13568 416 ) (-14015.998047 13568 426.893738 ) 
5 127 133 (-14080 13568 416 ) (-14080 13880 416 ) (-13891.996094 13879.998047 448 ) (-13891.996094 13691.998047 448 ) (-14015.998047 13568 426.893738 ) 
3 127 129 (-13891.996094 13504 448 ) (-14080 13504 416 ) (-13891.996094 13691.998047 448 ) 
4 127 128 (-14080 14279.998047 416 ) (-14080 14336 416 ) (-13891.996094 14336 448 ) (-13891.996094 14280.002930 448 ) 
3 127 153 (-14080 13504 448 ) (-14080 13504 416 ) (-13892.001953 13504 448 ) 
4 129 146 (-13704 13504 416 ) (-14080 13504 416 ) (-14016 13568 426.893616 ) (-13704 13568 426.893616 ) 
3 129 143 (-13704 13692 448 ) (-13704 13568 426.893616 ) (-13718.658203 13568 426.893616 ) 
4 129 133 (-14016 13568 426.893616 ) (-13892 13692 448 ) (-13704 13692 448 ) (-13718.658203 13568 426.893616 ) 
4 129 153 (-14080 13504 416 ) (-13312 13504 416 ) (-13312 13504 448 ) (-13892.001953 13504 448 ) 
4 130 147 (-13356 13568 394.893402 ) (-13356 13568 384 ) (-13312 13568 384 ) (-13312 13568 394.893402 ) 
5 130 144 (-13356 13568 64 ) (-13356 13568 394.893494 ) (-13356 13744 424.851105 ) (-13356 13744 160.001556 ) (-13356 13698.666016 64 ) 
3 130 139 (-13356 13744 424.851105 ) (-13356 13880 448 ) (-13356 13744 160.001556 ) 
4 130 132 (-13312 13698.668945 64 ) (-13356 13698.668945 64 ) (-13356 13744 159.995346 ) (-13312 13744 159.995346 ) 
6 131 138 (-13356 13912 448 ) (-13356 14248 448 ) (-13356 14336 159.996002 ) (-13356 14336 64 ) (-13356 13824 64 ) (-13356 13824 160 ) 
3 132 144 (-13356 13744 64 ) (-13356 13698.666016 64 ) (-13356 13744 160.001556 ) 
5 133 146 (-13718.656250 13568 426.896088 ) (-14015.984375 13568 426.896088 ) (-14080 13568 416 ) (-13768 13568 416 ) (-13720.623047 13568 424.064026 ) 
4 133 143 (-13704.002930 13692.004883 448 ) (-13704.002930 13691.998047 448 ) (-13718.660156 13568 426.893982 ) (-13720.625977 13568 424.063446 ) 
3 134 149 (-13704 14248 448 ) (-13726.223633 14257.777344 416 ) (-13892 14257.777344 416 ) 
3 134 144 (-13722.234375 13744 421.747345 ) (-13726.225586 13714.225586 416 ) (-13726.225586 13744 416 ) 
4 134 140 (-13704.002930 13880 448 ) (-13722.234375 13744 421.747345 ) (-13726.225586 13744 416 ) (-13726.225586 13864.888672 416 ) 
4 134 138 (-13726.224609 14257.775391 416 ) (-13704.001953 14247.998047 448 ) (-13704.002930 13912 448 ) (-13726.225586 13902.222656 416 ) 
4 134 135 (-13892 14257.781250 416 ) (-13726.226563 14257.781250 416 ) (-13726.226563 13714.225586 416 ) (-13892 13880 416 ) 
5 135 149 (-14016 14264.226563 394.893707 ) (-13892 14257.777344 416 ) (-13726.223633 14257.777344 416 ) (-13904.001953 14336 159.998993 ) (-14016 14336 159.998947 ) 
3 135 147 (-13748.444336 13568 384 ) (-13745.823242 13568 387.774689 ) (-13768 13568 384 ) 
5 135 144 (-13726.225586 13744 416 ) (-13726.225586 13714.225586 416 ) (-13745.827148 13568 387.774139 ) (-13904 13568 160.004852 ) (-13904 13744 160.004257 ) 
4 135 142 (-13824 13798.401367 275.204376 ) (-13824 13744 275.204529 ) (-13904 13744 160.004257 ) (-13904 13744.001953 160.004257 ) 
4 135 141 (-13904 14335.998047 160.002243 ) (-13824 14300.797852 275.202789 ) (-13824 13859.201172 275.204163 ) (-13904 13824 160.003983 ) 
4 135 140 (-13726.225586 13864.888672 416 ) (-13726.225586 13744 416 ) (-13824 13744 275.204529 ) (-13824 13798.401367 275.204346 ) 
4 135 138 (-13824 14300.797852 275.202789 ) (-13726.224609 14257.775391 416 ) (-13726.225586 13902.222656 416 ) (-13824 13859.202148 275.204163 ) 
5 135 145 (-13904.004883 14336 159.995209 ) (-13904 14335.998047 160.002243 ) (-13904 13568 160.004852 ) (-13970.669922 13568 64 ) (-13970.667969 14336 64 ) 
4 135 137 (-14016 13816 384 ) (-14016 13880.013672 394.896088 ) (-14016 14264.226563 394.896057 ) (-14016 14267.555664 384 ) 
3 135 136 (-14016 13816.003906 384 ) (-14016 13568 341.786499 ) (-13767.992188 13568 384 ) 
3 137 150 (-14080 14267.555664 384 ) (-14016 14264.226563 394.893707 ) (-14016 14267.555664 384 ) 
4 138 151 (-13672 14248 448 ) (-13356 14248 448 ) (-13356 14336 160 ) (-13824 14336 160 ) 
6 138 141 (-13824 13859.202148 275.203125 ) (-13824 14300.798828 275.203156 ) (-13824 14336 160 ) (-13824 14336 64 ) (-13824 13824 64 ) (-13824 13824 159.995911 ) 
5 138 139 (-13824 13824.002930 160.001419 ) (-13824 13794.668945 64 ) (-13356 13794.668945 64 ) (-13356 13912.001953 448 ) (-13672 13912.001953 448 ) 
5 139 144 (-13824 13744 160 ) (-13824 13744 64 ) (-13356 13744 64 ) (-13356 13744 424.850952 ) (-13684.217773 13744 424.850983 ) 
3 139 140 (-13824 13744 160 ) (-13684.217773 13744 424.850952 ) (-13672 13880 448 ) 
5 140 144 (-13722.234375 13744 421.747528 ) (-13824 13744 275.204041 ) (-13824 13744 160 ) (-13684.217773 13744 424.850983 ) (-13704 13744 424.850952 ) 
3 140 142 (-13824 13744 160.001434 ) (-13824 13744 275.203125 ) (-13824 13798.401367 275.203125 ) 
4 141 145 (-13904 13824 160.005463 ) (-13904 14335.997070 160.005432 ) (-13904 14336 64 ) (-13904 13824 64 ) 
3 142 144 (-13824 13744 275.204041 ) (-13904 13744 160.003906 ) (-13824 13744 160.001221 ) 
3 143 146 (-13703.984375 13568 426.896088 ) (-13718.656250 13568 426.896088 ) (-13720.623047 13568 424.064026 ) 
5 144 147 (-13745.824219 13568 387.774750 ) (-13748.445313 13568 384 ) (-13356 13568 384 ) (-13356 13568 394.893402 ) (-13704.001953 13568 394.893463 ) 
4 144 145 (-13904 13568 64 ) (-13904 13568 160.005463 ) (-13904 13744 160.005463 ) (-13904 13744 64 ) 
3 148 151 (-13356 14280 448 ) (-13356 14336 438.467896 ) (-13356 14336 329.411926 ) 
3 149 152 (-13786.356445 14336 329.412079 ) (-13711.511719 14336 437.189331 ) (-13704.004883 14280 447.998627 ) 
5 149 150 (-14016 14267.563477 384 ) (-14016 14264.234375 394.896057 ) (-14016 14279.987305 394.896057 ) (-14016 14336 385.361755 ) (-14016 14336 384 ) 
3 151 152 (-13672.001953 14280 448 ) (-13677.033203 14336 438.467865 ) (-13734.590820 14336 329.412720 ) 
4 153 158 (-13312 13312 64 ) (-13312 13312 448 ) (-14080 13312 448 ) (-14080 13312 64 ) 
4 153 156 (-14080 13312 448 ) (-14080 13504 448 ) (-14080 13504 64 ) (-14080 13312 64 ) 
4 153 155 (-14080 13312 64 ) (-14080 13504 64 ) (-13312 13504 64 ) (-13312 13312 64 ) 
4 154 156 (-14080 14336 0 ) (-14080 14336 -112 ) (-14080 13504 -112 ) (-14080 13504 0 ) 
4 154 155 (-14080 13504 -112 ) (-13312 13504 -112 ) (-13312 13504 0 ) (-14080 13504 0 ) 
4 155 158 (-13312 13312 -112 ) (-13312 13312 64 ) (-14080 13312 64 ) (-14080 13312 -112 ) 
4 155 156 (-14080 13504 -112 ) (-14080 13312 -112 ) (-14080 13312 64 ) (-14080 13504 64 ) 
4 156 158 (-14080 13312 -112 ) (-14080 13312 448 ) (-14320 13312 448 ) (-14320 13312 -112 ) 
4 157 158 (-13312 13312 1008 ) (-13312 13312 -112 ) (-13312 13264 -112 ) (-13312 13264 1008 ) 
