PRT1
196
570
4 0 76 (-12544 14336 416 ) (-12544 14336 384 ) (-12304 14336 384 ) (-12304 14336 416 ) 
3 0 77 (-12544 14336 384 ) (-12304 14336 343.148804 ) (-12304 14336 384 ) 
4 0 72 (-12544 14336 384 ) (-12544 14336 374.467896 ) (-12304 14336 333.616882 ) (-12304 14336 343.148804 ) 
4 0 69 (-12544 14336 374.467896 ) (-12544 14336 64 ) (-12304 14336 64 ) (-12304 14336 333.616882 ) 
4 0 67 (-12544 14336 448 ) (-12544 14336 416 ) (-12304 14336 416 ) (-12304 14336 448 ) 
4 0 50 (-12544 14336 520 ) (-12544 14336 448 ) (-12304 14336 448 ) (-12304 14336 520 ) 
4 0 39 (-12304 14336 1008 ) (-12544 14336 1008 ) (-12544 14336 520 ) (-12304 14336 520 ) 
4 0 18 (-12304 14336 64 ) (-12544 14336 64 ) (-12544 14656 64 ) (-12304 14656 64 ) 
4 0 17 (-12544 14656 64 ) (-12544 14896 64 ) (-12304 14896 64 ) (-12304 14656 64 ) 
4 0 6 (-12544 14896 64 ) (-12544 14656 64 ) (-12544 14656 384 ) (-12544 14896 384 ) 
4 0 5 (-12544 14336 416 ) (-12544 14336 470.469696 ) (-12544 14656 416.001862 ) (-12544 14656 416 ) 
3 0 4 (-12544 14656 416.001862 ) (-12544 14844.011719 384 ) (-12544 14656 384 ) 
5 0 1 (-12544 14336 470.469696 ) (-12544 14336 1008 ) (-12544 14896 1008 ) (-12544 14896 384 ) (-12544 14844.011719 384 ) 
4 1 57 (-13312 14336 520 ) (-13312 14336 470.469666 ) (-12952 14336 470.469696 ) (-12952 14336 520 ) 
4 1 53 (-12952 14336 470.469696 ) (-12920 14336 470.469696 ) (-12920 14336 520 ) (-12952 14336 520 ) 
3 1 51 (-12920 14336 470.469696 ) (-12864 14336 470.469696 ) (-12920 14336 480.001465 ) 
5 1 50 (-12864 14336 470.469696 ) (-12544 14336 470.469696 ) (-12544 14336 520 ) (-12920 14336 520 ) (-12920 14336 480.001465 ) 
4 1 47 (-13312 14336 552 ) (-13312 14336 520 ) (-12952 14336 520 ) (-12952 14336 552 ) 
4 1 45 (-12952 14336 520 ) (-12920 14336 520 ) (-12920 14336 552 ) (-12952 14336 552 ) 
4 1 40 (-13312 14336 1008 ) (-13312 14336 552 ) (-12920 14336 552 ) (-12920 14336 1008 ) 
4 1 39 (-12920 14336 520 ) (-12544 14336 520 ) (-12544 14336 1008 ) (-12920 14336 1008 ) 
4 1 21 (-13312 14336 470.469696 ) (-13312 14336 1008 ) (-13312 14656 1008 ) (-13312 14656 416.001862 ) 
5 1 20 (-13312 14656 1008 ) (-13312 14896 1008 ) (-13312 14896 384 ) (-13312 14844.011719 384 ) (-13312 14656 416.001862 ) 
4 1 6 (-13312 14844.011719 384 ) (-13312 14896 384 ) (-12544 14896 384 ) (-12544 14844.011719 384 ) 
4 1 5 (-12544 14656 416.002655 ) (-12544 14336 470.470764 ) (-12920.016602 14336 470.470764 ) (-12920.015625 14656 416.002655 ) 
4 1 4 (-13108.016602 14844.015625 384 ) (-12544 14844.015625 384 ) (-12544 14656 416.002655 ) (-13108.016602 14656 416.002655 ) 
4 1 2 (-13312 14844.015625 384 ) (-13108.016602 14844.015625 384 ) (-13108.016602 14656 416.002655 ) (-13312 14656 416.002655 ) 
3 2 20 (-13312 14656 416.001862 ) (-13312 14844.011719 384 ) (-13312 14656 384 ) 
4 2 6 (-13312 14656 384 ) (-13312 14844.011719 384 ) (-13108.012695 14844.011719 384 ) (-12920 14656 384 ) 
3 2 4 (-12920 14656 384 ) (-13108.006836 14844.008789 384 ) (-13108.006836 14656 416.001495 ) 
4 3 98 (-13312 14336 438.468079 ) (-13312 14336 384 ) (-13268 14336 384 ) (-13268 14336 438.468079 ) 
4 3 96 (-13268 14336 384 ) (-12952 14336 384 ) (-12952 14336 438.468079 ) (-13268 14336 438.468079 ) 
3 3 90 (-12920 14336 390.736450 ) (-12920 14336 438.468079 ) (-12946.674805 14336 438.468079 ) 
5 3 89 (-12952 14336 384 ) (-12920 14336 384 ) (-12920 14336 390.736450 ) (-12946.674805 14336 438.468079 ) (-12952 14336 438.468079 ) 
4 3 86 (-12920 14336 384 ) (-12872.941406 14336 384 ) (-12911.988281 14336 437.104218 ) (-12920 14336 438.468079 ) 
5 3 73 (-12872.941406 14336 384 ) (-12608 14336 384 ) (-12608 14336 385.361542 ) (-12788 14336 416 ) (-12896.470703 14336 416 ) 
3 3 70 (-12608 14336 384 ) (-12600 14336 384 ) (-12608 14336 385.361542 ) 
3 3 66 (-12788 14336 416 ) (-12911.988281 14336 437.104218 ) (-12896.470703 14336 416 ) 
5 3 26 (-13312 14336 384 ) (-13312 14336 416 ) (-13312 14468 416 ) (-13312 14592 394.893585 ) (-13312 14592 384 ) 
3 3 24 (-13312 14336 416 ) (-13312 14336 438.467957 ) (-13312 14468 416 ) 
3 3 23 (-13312 14592 394.893585 ) (-13312 14656 384 ) (-13312 14592 384 ) 
4 3 16 (-13312 14336 384 ) (-13312 14416 384 ) (-13268 14416 384 ) (-13268 14336 384 ) 
4 3 15 (-13312 14416 384 ) (-13312 14592 384 ) (-13268 14592 384 ) (-13268 14416 384 ) 
4 3 14 (-12916.236328 14592 384 ) (-12872.940430 14592 384 ) (-12872.941406 14336 384 ) (-12916.235352 14336 384 ) 
5 3 13 (-12872.940430 14592 384 ) (-12856 14592 384 ) (-12800 14536 384 ) (-12800 14336 384 ) (-12872.941406 14336 384 ) 
4 3 12 (-13268 14592 384 ) (-12916.236328 14592 384 ) (-12916.235352 14336 384 ) (-13268 14336 384 ) 
4 3 8 (-12800 14536 384 ) (-12720 14456 384 ) (-12720 14336 384 ) (-12800 14336 384 ) 
4 3 7 (-12720 14456 384 ) (-12608 14344 384 ) (-12608 14336 384 ) (-12720 14336 384 ) 
4 4 6 (-13108.012695 14844.011719 384 ) (-12544 14844.011719 384 ) (-12544 14656 384 ) (-12920 14656 384 ) 
5 5 68 (-12544 14336 416 ) (-12544 14336 416.001495 ) (-12731.990234 14336 448 ) (-12788 14336 448 ) (-12600 14336 416 ) 
3 5 67 (-12544 14336 416.001495 ) (-12544 14336 448 ) (-12731.990234 14336 448 ) 
4 5 51 (-12864 14336 470.469666 ) (-12920.009766 14336 470.469666 ) (-12788 14336 448 ) (-12731.990234 14336 448 ) 
4 5 50 (-12544 14336 448 ) (-12544 14336 470.469696 ) (-12864 14336 470.469666 ) (-12731.990234 14336 448 ) 
4 6 20 (-13312 14656 384 ) (-13312 14896 384 ) (-13312 14896 64 ) (-13312 14656 64 ) 
4 6 17 (-13312 14656 64 ) (-13312 14896 64 ) (-12544 14896 64 ) (-12544 14656 64 ) 
3 7 78 (-12720 14336 64 ) (-12637.647461 14336 64 ) (-12720 14336 176 ) 
5 7 73 (-12637.647461 14336 64 ) (-12608 14336 64 ) (-12608 14336 384 ) (-12720 14336 384 ) (-12720 14336 176 ) 
3 7 11 (-12720 14472 64 ) (-12720 14416 64 ) (-12720 14416 176 ) 
4 7 9 (-12720 14592 176 ) (-12720 14592 64 ) (-12720 14472 64 ) (-12720 14416 176 ) 
4 7 8 (-12720 14592 384 ) (-12720 14592 176 ) (-12720 14336 176 ) (-12720 14336 384 ) 
4 8 73 (-12720 14336 176 ) (-12720 14336 384 ) (-12800 14336 384 ) (-12800 14336 284.800568 ) 
4 8 13 (-12800 14592 384 ) (-12800 14592 284.800568 ) (-12800 14336 284.800537 ) (-12800 14336 384 ) 
4 8 9 (-12720 14592 175.996582 ) (-12720 14416.002930 175.996582 ) (-12800 14361.602539 284.796875 ) (-12800 14592 284.796875 ) 
4 9 14 (-12800 14592 284.800568 ) (-12800 14592 176 ) (-12800 14416 176 ) (-12800 14361.601563 284.800537 ) 
4 9 12 (-12800 14592 176 ) (-12800 14592 64 ) (-12800 14472 64 ) (-12800 14416 176 ) 
4 9 11 (-12720 14472 64 ) (-12720 14416 176 ) (-12800 14416 176 ) (-12737.412109 14472 64 ) 
3 9 10 (-12800 14416 176 ) (-12800 14472 64 ) (-12737.412109 14472 64 ) 
3 10 12 (-12800 14472 64 ) (-12800 14416 64 ) (-12800 14416 176 ) 
3 10 11 (-12737.410156 14416 64 ) (-12737.410156 14471.998047 64 ) (-12799.996094 14416 175.996094 ) 
4 12 96 (-13268 14336 64 ) (-12952 14336 64 ) (-12952 14336 384 ) (-13268 14336 384 ) 
4 12 89 (-12920 14336 176.001740 ) (-12920 14336 384 ) (-12952 14336 384 ) (-12952 14336 176.001740 ) 
4 12 88 (-12952 14336 64 ) (-12920 14336 64 ) (-12920 14336 176.001740 ) (-12952 14336 176.001740 ) 
4 12 87 (-12800 14336 176 ) (-12889.413086 14336 336.001465 ) (-12920 14336 336.001404 ) (-12920 14336 176.001740 ) 
4 12 86 (-12889.413086 14336 336.001465 ) (-12916.235352 14336 384 ) (-12920 14336 384 ) (-12920 14336 336.001404 ) 
4 12 83 (-12920 14336 64 ) (-12800 14336 64 ) (-12800 14336 176 ) (-12920 14336 176.001740 ) 
4 12 16 (-13268 14336 336 ) (-13268 14336 384 ) (-13268 14416 384 ) (-13268 14416 176 ) 
4 12 15 (-13268 14592 384 ) (-13268 14592 64 ) (-13268 14416 64 ) (-13268 14416 384 ) 
5 12 14 (-12800 14416 176.002380 ) (-12800 14592 176.002380 ) (-12916.233398 14592 384 ) (-12916.233398 14336 384 ) (-12889.410156 14336 336.001038 ) 
3 13 73 (-12800 14336 284.800323 ) (-12800 14336 384 ) (-12872.941406 14336 384 ) 
5 13 14 (-12800 14592 284.796722 ) (-12800 14361.602539 284.796722 ) (-12837.650391 14336 336.001160 ) (-12872.943359 14336 384 ) (-12872.943359 14592 384 ) 
4 14 86 (-12837.648438 14336 336.001831 ) (-12872.941406 14336 384 ) (-12916.235352 14336 384 ) (-12889.413086 14336 336.001434 ) 
3 15 29 (-13312 14472 64 ) (-13312 14416 64 ) (-13312 14416 176 ) 
5 15 27 (-13312 14416 384 ) (-13312 14592 384 ) (-13312 14592 64 ) (-13312 14472 64 ) (-13312 14416 176 ) 
4 15 16 (-13268 14416 176 ) (-13268 14416 384 ) (-13312 14416 384 ) (-13312 14416 176 ) 
4 16 98 (-13312 14336 384 ) (-13312 14336 336 ) (-13268 14336 336 ) (-13268 14336 384 ) 
4 16 27 (-13312 14336 336 ) (-13312 14336 384 ) (-13312 14416 384 ) (-13312 14416 176 ) 
4 17 36 (-13312 14656 64 ) (-13312 14896 64 ) (-13312 14896 -112 ) (-13312 14656 -112 ) 
4 17 19 (-13312 14656 -112 ) (-12544 14656 -112 ) (-12544 14656 0 ) (-13312 14656 0 ) 
4 17 18 (-12544 14656 -112 ) (-12304 14656 -112 ) (-12304 14656 64 ) (-12544 14656 64 ) 
4 18 119 (-12304 14336 64 ) (-12544 14336 64 ) (-12544 14336 -112 ) (-12304 14336 -112 ) 
4 18 19 (-12544 14656 0 ) (-12544 14656 -112 ) (-12544 14336 -112 ) (-12544 14336 0 ) 
4 19 120 (-13312 14336 0 ) (-13312 14336 -112 ) (-12544 14336 -112 ) (-12544 14336 0 ) 
4 19 37 (-13312 14336 -112 ) (-13312 14336 0 ) (-13312 14656 0 ) (-13312 14656 -112 ) 
4 20 36 (-13312 14896 64 ) (-13312 14656 64 ) (-14080 14656 64 ) (-14080 14896 64 ) 
4 20 35 (-14080 14896 64 ) (-14080 14656 64 ) (-14080 14656 1008 ) (-14080 14896 1008 ) 
4 20 21 (-14080 14656 1008 ) (-14080 14656 416.001709 ) (-13312 14656 416.001678 ) (-13312 14656 1008 ) 
3 21 145 (-13759.991211 14336 470.469727 ) (-13704 14336 470.469727 ) (-13704 14336 480 ) 
5 21 144 (-13704 14336 520 ) (-14080 14336 520 ) (-14080 14336 470.469727 ) (-13759.991211 14336 470.469727 ) (-13704 14336 480 ) 
4 21 140 (-13672 14336 520 ) (-13704 14336 520 ) (-13704 14336 470.469727 ) (-13672 14336 470.469727 ) 
4 21 133 (-13312 14336 470.469696 ) (-13312 14336 520 ) (-13672 14336 520 ) (-13672 14336 470.469727 ) 
4 21 132 (-13704 14336 1008 ) (-14080 14336 1008 ) (-14080 14336 520 ) (-13704 14336 520 ) 
4 21 130 (-13672 14336 552 ) (-13704 14336 552 ) (-13704 14336 520 ) (-13672 14336 520 ) 
4 21 127 (-13312 14336 520 ) (-13312 14336 552 ) (-13672 14336 552 ) (-13672 14336 520 ) 
4 21 122 (-13312 14336 552 ) (-13312 14336 1008 ) (-13704 14336 1008 ) (-13704 14336 552 ) 
4 21 35 (-14080 14336 470.469696 ) (-14080 14336 1008 ) (-14080 14656 1008 ) (-14080 14656 416.001709 ) 
4 21 25 (-13703.983398 14336 470.470734 ) (-14080 14336 470.470734 ) (-14080 14592 426.896332 ) (-13703.983398 14592 426.896332 ) 
4 21 22 (-14080 14592 426.896332 ) (-14080 14656 416.002747 ) (-13703.984375 14656 416.002747 ) (-13703.982422 14592 426.896332 ) 
4 22 35 (-14080 14592 416 ) (-14080 14592 426.895294 ) (-14080 14656 416.001709 ) (-14080 14656 416 ) 
4 22 25 (-13703.985352 14592 426.896057 ) (-14080 14592 426.896057 ) (-14080 14592 416 ) (-13768 14592 416 ) 
4 23 26 (-13768 14592 384 ) (-13312 14592 384 ) (-13312 14592 394.893616 ) (-13704 14592 394.893616 ) 
4 24 185 (-13704 14336 438.467926 ) (-13712.011719 14336 437.104065 ) (-13727.529297 14336 416 ) (-13704 14336 416 ) 
3 24 173 (-13712.011719 14336 437.104065 ) (-13835.998047 14336 416 ) (-13727.529297 14336 416 ) 
4 24 166 (-13677.327148 14336 438.467926 ) (-13704 14336 438.467926 ) (-13704 14336 416 ) (-13689.881836 14336 416 ) 
4 24 165 (-13672 14336 438.467926 ) (-13677.327148 14336 438.467926 ) (-13689.881836 14336 416 ) (-13672 14336 416 ) 
4 24 149 (-13356 14336 438.467926 ) (-13672 14336 438.467926 ) (-13672 14336 416 ) (-13356 14336 416 ) 
4 24 148 (-13312 14336 416 ) (-13312 14336 438.467926 ) (-13356 14336 438.467926 ) (-13356 14336 416 ) 
4 24 26 (-13312 14336 416 ) (-13835.998047 14336 416 ) (-13704 14468 416 ) (-13312 14468 416 ) 
4 25 163 (-14080 14336 416 ) (-14023.998047 14336 416 ) (-13835.998047 14336 448 ) (-13892.001953 14336 448 ) 
3 25 162 (-14080 14336 448 ) (-14080 14336 416 ) (-13892.001953 14336 448 ) 
4 25 145 (-13703.989258 14336 470.469696 ) (-13759.993164 14336 470.469696 ) (-13892.001953 14336 448 ) (-13835.998047 14336 448 ) 
4 25 144 (-13759.993164 14336 470.469696 ) (-14080 14336 470.469727 ) (-14080 14336 448 ) (-13892.001953 14336 448 ) 
4 25 35 (-14080 14336 416 ) (-14080 14336 470.469696 ) (-14080 14592 426.895294 ) (-14080 14592 416 ) 
4 26 185 (-13704 14336 416 ) (-13727.529297 14336 416 ) (-13751.058594 14336 384 ) (-13704 14336 384 ) 
5 26 174 (-13727.529297 14336 416 ) (-13836 14336 416 ) (-14016 14336 385.361542 ) (-14016 14336 384 ) (-13751.058594 14336 384 ) 
3 26 166 (-13689.881836 14336 416 ) (-13704 14336 416 ) (-13704 14336 390.736328 ) 
5 26 165 (-13672 14336 416 ) (-13689.881836 14336 416 ) (-13704 14336 390.736328 ) (-13704 14336 384 ) (-13672 14336 384 ) 
4 26 149 (-13356 14336 416 ) (-13672 14336 416 ) (-13672 14336 384 ) (-13356 14336 384 ) 
4 26 148 (-13312 14336 384 ) (-13312 14336 416 ) (-13356 14336 416 ) (-13356 14336 384 ) 
3 26 28 (-14016 14344 384 ) (-14016 14336 384 ) (-14016 14336 385.361542 ) 
5 26 27 (-14016 14336 384 ) (-14016 14344 384 ) (-13768 14592 384 ) (-13312 14592 384 ) (-13312 14336 384 ) 
4 27 185 (-13704 14336 384 ) (-13751.058594 14336 384 ) (-13786.351563 14336 336.001099 ) (-13704 14336 336.001099 ) 
4 27 174 (-13751.058594 14336 384 ) (-14016 14336 384 ) (-14016 14336 336.001099 ) (-13786.351563 14336 336.001099 ) 
4 27 165 (-13672 14336 384 ) (-13704 14336 384 ) (-13704 14336 336.001099 ) (-13672 14336 336.001099 ) 
4 27 149 (-13356 14336 384 ) (-13672 14336 384 ) (-13672 14336 336.001099 ) (-13356 14336 336.001068 ) 
4 27 148 (-13312 14336 336.001068 ) (-13312 14336 384 ) (-13356 14336 384 ) (-13356 14336 336.001068 ) 
4 27 34 (-14016 14471.998047 64 ) (-13904 14471.998047 64 ) (-13904 14336 335.996094 ) (-14016 14336 335.996094 ) 
4 27 33 (-13904 14471.998047 64 ) (-13824 14471.998047 64 ) (-13824 14416 175.995667 ) (-13904 14416 175.995941 ) 
4 27 32 (-13824 14361.597656 284.799927 ) (-13824 14336 335.996094 ) (-13904 14336 335.996094 ) (-13904 14415.998047 176 ) 
5 27 31 (-13824 14471.998047 64 ) (-13356 14471.998047 64 ) (-13356 14336 335.996124 ) (-13734.589844 14336 335.996094 ) (-13824 14415.998047 176 ) 
3 27 30 (-13786.355469 14336 335.996094 ) (-13824 14336 335.996094 ) (-13824 14361.597656 284.799927 ) 
4 27 29 (-13356 14471.998047 64 ) (-13312 14471.998047 64 ) (-13312 14416 175.996094 ) (-13356 14416 175.996109 ) 
3 28 176 (-14024 14336 384 ) (-14016 14336 384 ) (-14016 14336 385.361542 ) 
3 29 31 (-13356 14416 176 ) (-13356 14472 64 ) (-13356 14416 64 ) 
3 30 174 (-13786.352539 14336 336.001099 ) (-13824 14336 336.001099 ) (-13824 14336 284.799988 ) 
3 30 32 (-13824 14336 336 ) (-13824 14361.599609 284.800415 ) (-13824 14336 284.800415 ) 
4 31 186 (-13704 14336 336.001099 ) (-13734.587891 14336 336.001099 ) (-13824 14336 176 ) (-13704 14336 176.002136 ) 
4 31 178 (-13824 14336 176 ) (-13824 14336 64 ) (-13704 14336 64 ) (-13704 14336 176.002136 ) 
4 31 165 (-13672 14336 336.001099 ) (-13704 14336 336.001099 ) (-13704 14336 176.002136 ) (-13672 14336 176.002136 ) 
4 31 164 (-13704 14336 176.002136 ) (-13704 14336 64 ) (-13672 14336 64 ) (-13672 14336 176.002136 ) 
4 31 149 (-13356 14336 336.001068 ) (-13672 14336 336.001099 ) (-13672 14336 64 ) (-13356 14336 64 ) 
3 31 33 (-13824 14416 176 ) (-13824 14472 64 ) (-13824 14416 64 ) 
4 32 174 (-13824 14336 336.001099 ) (-13904 14336 336.001099 ) (-13904 14336 176 ) (-13824 14336 284.799988 ) 
3 32 34 (-13904 14336 336 ) (-13904 14416 176 ) (-13904 14336 176 ) 
3 33 34 (-13904 14416 176 ) (-13904 14472 64 ) (-13904 14416 64 ) 
3 34 187 (-13986.352539 14336 64 ) (-13904 14336 64 ) (-13904 14336 176 ) 
5 34 174 (-13904 14336 336.001099 ) (-14016 14336 336.001099 ) (-14016 14336 64 ) (-13986.352539 14336 64 ) (-13904 14336 176 ) 
4 35 193 (-14320 14336 64 ) (-14080 14336 64 ) (-14080 14336 448 ) (-14320 14336 448 ) 
4 35 144 (-14080 14336 448 ) (-14080 14336 520 ) (-14320 14336 520 ) (-14320 14336 448 ) 
4 35 132 (-14080 14336 520 ) (-14080 14336 1008 ) (-14320 14336 1008 ) (-14320 14336 520 ) 
4 35 38 (-14080 14656 64 ) (-14080 14336 64 ) (-14320 14336 64 ) (-14320 14656 64 ) 
4 35 36 (-14080 14896 64 ) (-14080 14656 64 ) (-14320 14656 64 ) (-14320 14896 64 ) 
4 36 37 (-14080 14656 -112 ) (-13312 14656 -112 ) (-13312 14656 0 ) (-14080 14656 0 ) 
4 36 38 (-14320 14656 64 ) (-14320 14656 -112 ) (-14080 14656 -112 ) (-14080 14656 64 ) 
4 37 191 (-13312 14336 -112 ) (-13312 14336 0 ) (-14080 14336 0 ) (-14080 14336 -112 ) 
4 37 38 (-14080 14656 0 ) (-14080 14656 -112 ) (-14080 14336 -112 ) (-14080 14336 0 ) 
4 38 193 (-14080 14336 64 ) (-14320 14336 64 ) (-14320 14336 -112 ) (-14080 14336 -112 ) 
4 39 194 (-12304 13312 1008 ) (-12920 13312 1008 ) (-12920 13312 520 ) (-12304 13312 520 ) 
4 39 50 (-12304 13312 520 ) (-12920 13312 520 ) (-12920 14336 520 ) (-12304 14336 520 ) 
4 39 46 (-12920 13880 520 ) (-12920 13312 520 ) (-12920 13312 552 ) (-12920 13880 552 ) 
4 39 45 (-12920 14336 552 ) (-12920 14336 520 ) (-12920 14280 520 ) (-12920 14280 552 ) 
5 39 43 (-12920 14201 552 ) (-12920 13959 552 ) (-12920 13959 583.994934 ) (-12920 14080 633 ) (-12920 14201 583.995544 ) 
3 39 42 (-12920 13880 584 ) (-12920 13880 746 ) (-12920 14080 665 ) 
4 39 41 (-12920 13880 746 ) (-12920 13880 1008 ) (-12920 14280 1008 ) (-12920 14280 584 ) 
4 39 44 (-12920 13880 552 ) (-12920 13312 552 ) (-12920 13312 1008 ) (-12920 13880 1008 ) 
4 39 40 (-12920 14336 1008 ) (-12920 14336 552 ) (-12920 14280 552 ) (-12920 14280 1008 ) 
4 40 122 (-13312 14336 1008 ) (-13312 14336 552 ) (-13312 14280 552 ) (-13312 14280 1008 ) 
4 40 47 (-13312 14336 552 ) (-12952 14336 552 ) (-12952 14280 552 ) (-13312 14280 552 ) 
4 40 45 (-12952 14336 552 ) (-12920 14336 552 ) (-12920 14280 552 ) (-12952 14280 552 ) 
4 40 41 (-12920 14280 584 ) (-12920 14280 1008 ) (-13312 14280 1008 ) (-13312 14280 584 ) 
3 41 124 (-13312 14280 746 ) (-13312 14280 584 ) (-13312 14080 665 ) 
5 41 123 (-13312 13880 746 ) (-13312 13880 1008 ) (-13312 14280 1008 ) (-13312 14280 746 ) (-13312 14080 665 ) 
4 41 42 (-12920 13880 746 ) (-13312 13880 746 ) (-13312 14080 665 ) (-12920 14080 665 ) 
4 41 44 (-12920 13880 746 ) (-12920 13880 1008 ) (-13312 13880 1008 ) (-13312 13880 746 ) 
3 42 123 (-13312 13880 584 ) (-13312 13880 746 ) (-13312 14080 665 ) 
4 42 44 (-12920 13880 584 ) (-12920 13880 746 ) (-13312 13880 746 ) (-13312 13880 584 ) 
5 43 125 (-13312 14201 552 ) (-13312 13959 552 ) (-13312 13959 583.994934 ) (-13312 14080 633 ) (-13312 14201 583.995544 ) 
4 43 48 (-12952 13959 552 ) (-13312 13959 552 ) (-13312 14201 552 ) (-12952 14201 552 ) 
4 44 194 (-13312 13312 1008 ) (-13312 13312 552 ) (-12920 13312 552 ) (-12920 13312 1008 ) 
4 44 126 (-13312 13880 552 ) (-13312 13312 552 ) (-13312 13312 1008 ) (-13312 13880 1008 ) 
4 44 49 (-12952 13312 552 ) (-13312 13312 552 ) (-13312 13880 552 ) (-12952 13880 552 ) 
4 44 46 (-12920 13880 552 ) (-12920 13312 552 ) (-12952 13312 552 ) (-12952 13880 552 ) 
4 45 53 (-12952 14280 520 ) (-12952 14336 520 ) (-12920 14336 520 ) (-12920 14280 520 ) 
4 45 47 (-12952 14336 520 ) (-12952 14280 520 ) (-12952 14280 552 ) (-12952 14336 552 ) 
4 46 194 (-12952 13312 520 ) (-12920 13312 520 ) (-12920 13312 552 ) (-12952 13312 552 ) 
4 46 56 (-12920 13312 520 ) (-12952 13312 520 ) (-12952 13880 520 ) (-12920 13880 520 ) 
4 46 49 (-12952 13880 520 ) (-12952 13312 520 ) (-12952 13312 552 ) (-12952 13880 552 ) 
4 47 127 (-13312 14336 552 ) (-13312 14336 520 ) (-13312 14280 520 ) (-13312 14280 552 ) 
4 47 57 (-13312 14280 520 ) (-13312 14336 520 ) (-12952 14336 520 ) (-12952 14280 520 ) 
4 48 128 (-13312 14248 520 ) (-13312 13912 520 ) (-13312 13912 552 ) (-13312 14248 552 ) 
4 48 60 (-13312 13912 520 ) (-13312 14248 520 ) (-12952 14248 520 ) (-12952 13912 520 ) 
4 49 194 (-13312 13312 552 ) (-13312 13312 520 ) (-12952 13312 520 ) (-12952 13312 552 ) 
4 49 129 (-13312 13880 520 ) (-13312 13312 520 ) (-13312 13312 552 ) (-13312 13880 552 ) 
4 49 63 (-12952 13312 520 ) (-13312 13312 520 ) (-13312 13880 520 ) (-12952 13880 520 ) 
5 50 194 (-12304 13312 520 ) (-12920 13312 520 ) (-12920 13312 480.001465 ) (-12731.991211 13312 448 ) (-12304 13312 448 ) 
4 50 113 (-12544 13312 448 ) (-12731.991211 13312 448 ) (-12731.991211 13568 448 ) (-12544 13568 448 ) 
4 50 112 (-12304 13568 448 ) (-12304 13312 448 ) (-12544 13312 448 ) (-12544 13568 448 ) 
4 50 67 (-12731.991211 14336 448 ) (-12304 14336 448 ) (-12304 13664 448 ) (-12731.991211 14091.990234 448 ) 
4 50 64 (-12304 13664 448 ) (-12304 13568 448 ) (-12731.991211 13568 448 ) (-12731.991211 14091.990234 448 ) 
4 50 56 (-12920 13312 480.001465 ) (-12920 13312 520 ) (-12920 13880 520 ) (-12920 13880 480.001465 ) 
4 50 54 (-12920 14084 520 ) (-12920 14248 520 ) (-12920 14248 480.001465 ) (-12920 14084 480.001465 ) 
4 50 55 (-12920 13912 520 ) (-12920 14076 520 ) (-12920 14076 480.001465 ) (-12920 13912 480.001465 ) 
4 50 53 (-12920 14280 520 ) (-12920 14336 520 ) (-12920 14336 480.001465 ) (-12920 14280 480.001465 ) 
4 50 52 (-12920 13312 480 ) (-12920 13880.005859 480 ) (-12731.995117 13880.006836 448 ) (-12731.995117 13312 448 ) 
4 50 51 (-12920 14279.995117 480 ) (-12920 14336 480 ) (-12731.995117 14336 448 ) (-12731.995117 14279.995117 448 ) 
3 51 68 (-12788 14336 448 ) (-12731.991211 14336 448 ) (-12731.991211 14279.991211 448 ) 
3 51 53 (-12920 14279.991211 480.001465 ) (-12920 14336 480.001465 ) (-12920 14336 470.467987 ) 
3 52 194 (-12920 13312 480.001465 ) (-12920 13312 448 ) (-12731.991211 13312 448 ) 
4 52 113 (-12731.991211 13568 448 ) (-12731.991211 13312 448 ) (-12920 13312 448 ) (-12920 13568 448 ) 
4 52 65 (-12731.991211 13880.011719 448 ) (-12731.991211 13568 448 ) (-12920 13568 448 ) (-12920 13692.001953 448 ) 
4 52 56 (-12920 13692.001953 448 ) (-12920 13312 448 ) (-12920 13312 480.001465 ) (-12920 13880.010742 480.001465 ) 
4 53 57 (-12952 14280 480.001648 ) (-12952 14280 520 ) (-12952 14336 520 ) (-12952 14336 470.469757 ) 
4 54 60 (-12952 14084 520 ) (-12952 14248 520 ) (-12952 14248 480 ) (-12952 14084 480 ) 
4 55 60 (-12952 13912 480 ) (-12952 13912 520 ) (-12952 14076 520 ) (-12952 14076 480 ) 
4 56 194 (-12920 13312 520 ) (-12952 13312 520 ) (-12952 13312 448 ) (-12920 13312 448 ) 
4 56 113 (-12920 13568 448 ) (-12920 13312 448 ) (-12952 13312 448 ) (-12952 13568 448 ) 
4 56 92 (-12920 13692 448 ) (-12920 13568 448 ) (-12952 13568 448 ) (-12952 13692 448 ) 
5 56 63 (-12952 13692 448 ) (-12952 13312 448 ) (-12952 13312 520 ) (-12952 13880 520 ) (-12952 13880 480 ) 
4 57 133 (-13312 14336 520 ) (-13312 14336 470.469757 ) (-13312 14280 480.001648 ) (-13312 14280 520 ) 
4 57 59 (-13138 14280 520 ) (-13308 14280 520 ) (-13308 14280 480.001648 ) (-13138 14280 480.001648 ) 
4 57 58 (-12952 14280 480.001648 ) (-12952 14280 520 ) (-13130 14280 520 ) (-13130 14280 480.001648 ) 
4 58 60 (-12952 14248 480 ) (-12952 14248 520 ) (-13130 14248 520 ) (-13130 14248 480 ) 
4 59 60 (-13138 14248 520 ) (-13308 14248 520 ) (-13308 14248 480 ) (-13138 14248 480 ) 
4 60 136 (-13312 14248 448 ) (-13312 13912 448 ) (-13312 13912 520 ) (-13312 14248 520 ) 
4 60 97 (-13312 13912 448 ) (-13312 14248 448 ) (-13268 14248 448 ) (-13268 13912 448 ) 
4 60 96 (-13268 14248 448 ) (-12952 14248 448 ) (-12952 13912 448 ) (-13268 13912 448 ) 
4 60 62 (-13138 13912 520 ) (-13308 13912 520 ) (-13308 13912 480 ) (-13138 13912 480 ) 
4 60 61 (-12952 13912 480 ) (-12952 13912 520 ) (-13130 13912 520 ) (-13130 13912 480 ) 
4 61 63 (-12952 13880 480 ) (-12952 13880 520 ) (-13130 13880 520 ) (-13130 13880 480 ) 
4 62 63 (-13138 13880 520 ) (-13308 13880 520 ) (-13308 13880 480 ) (-13138 13880 480 ) 
4 63 194 (-12952 13312 520 ) (-13312 13312 520 ) (-13312 13312 448 ) (-12952 13312 448 ) 
5 63 139 (-13312 13692 448 ) (-13312 13312 448 ) (-13312 13312 520 ) (-13312 13880 520 ) (-13312 13880 480 ) 
4 63 113 (-13312 13312 448 ) (-13312 13568 448 ) (-12952 13568 448 ) (-12952 13312 448 ) 
4 63 104 (-13312 13568 448 ) (-13312 13692 448 ) (-13088 13692 448 ) (-13088 13568 448 ) 
4 63 101 (-13088 13692 448 ) (-13024 13692 448 ) (-13024 13568 448 ) (-13088 13568 448 ) 
4 63 99 (-13024 13692 448 ) (-12952 13692 448 ) (-12952 13568 448 ) (-13024 13568 448 ) 
3 64 114 (-12607.993164 13568 426.893982 ) (-12544 13568 416.001648 ) (-12544 13568 426.893982 ) 
4 64 113 (-12544 13568 448 ) (-12731.991211 13568 448 ) (-12607.993164 13568 426.893982 ) (-12544 13568 426.893982 ) 
5 64 112 (-12304 13568 416 ) (-12304 13568 448 ) (-12544 13568 448 ) (-12544 13568 416.001648 ) (-12543.990234 13568 416 ) 
3 64 76 (-12543.990234 13880.011719 416 ) (-12543.990234 14091.989258 416 ) (-12438.001953 13986 416 ) 
5 64 75 (-12304 13568 416 ) (-12543.990234 13568 416 ) (-12543.990234 13880.011719 416 ) (-12438.001953 13986 416 ) (-12304 13852 416 ) 
4 64 67 (-12304 13851.996094 416 ) (-12543.990234 14091.986328 416 ) (-12731.991211 14091.987305 448 ) (-12304 13663.996094 448 ) 
4 64 65 (-12543.992188 13880.007813 416 ) (-12543.992188 13568 416 ) (-12731.992188 13568 448 ) (-12731.992188 13880.007813 448 ) 
5 65 114 (-12904.481445 13568 426.893982 ) (-12902.260742 13568 423.873993 ) (-12856 13568 416 ) (-12543.990234 13568 416 ) (-12607.992188 13568 426.893982 ) 
4 65 113 (-12731.991211 13568 448 ) (-12920 13568 448 ) (-12904.481445 13568 426.893982 ) (-12607.992188 13568 426.893982 ) 
3 65 82 (-12902.262695 13568 423.874115 ) (-12920 13568 447.997650 ) (-12920 13691.986328 447.997650 ) 
5 66 86 (-12920 14280.001953 447.997620 ) (-12920 14280.012695 447.997620 ) (-12911.990234 14336 437.104614 ) (-12896.472656 14336 416 ) (-12896.472656 14296 416 ) 
4 66 85 (-12920 13879.988281 447.997650 ) (-12920 13879.998047 447.997650 ) (-12896.472656 13864 416 ) (-12896.472656 13715.529297 416 ) 
4 66 84 (-12920 13911.998047 447.997650 ) (-12920 14248 447.997620 ) (-12896.472656 14258.352539 416 ) (-12896.472656 13901.646484 416 ) 
5 66 73 (-12896.470703 13715.530273 416 ) (-12896.470703 14336 416 ) (-12788 14336 416 ) (-12732 14280 416 ) (-12732 13880 416 ) 
5 67 76 (-12543.990234 14336 416 ) (-12304 14336 416 ) (-12304 14120.001953 416 ) (-12438 13986 416 ) (-12543.990234 14091.990234 416 ) 
3 67 75 (-12304 14120.001953 416 ) (-12304 13852 416 ) (-12438 13986 416 ) 
4 67 68 (-12731.992188 14279.992188 448 ) (-12731.992188 14336 448 ) (-12543.992188 14336 416 ) (-12543.992188 14279.992188 416 ) 
4 69 119 (-12544 14336 64 ) (-12304 14336 64 ) (-12304 13568 64 ) (-12544 13568 64 ) 
4 69 112 (-12544 13568 64 ) (-12304 13568 64 ) (-12304 13568 290.042114 ) (-12544 13568 330.893097 ) 
4 69 77 (-12304 13880.002930 343.149109 ) (-12304 14279.998047 343.149109 ) (-12544 14279.998047 384 ) (-12544 13880.003906 384 ) 
4 69 72 (-12544 14280 384 ) (-12304 14280 343.148865 ) (-12304 14336 333.616943 ) (-12544 14336 374.468018 ) 
4 69 71 (-12304 13879.995117 343.148438 ) (-12544 13879.995117 384 ) (-12544 13568 330.894196 ) (-12304 13568 290.043121 ) 
5 70 73 (-12608 13816.001953 384 ) (-12608 13880.002930 394.893707 ) (-12608 14279.998047 394.893677 ) (-12608 14336 385.361511 ) (-12608 14336 384 ) 
4 71 112 (-12304 13568 290.042114 ) (-12304 13568 343.148804 ) (-12544 13568 384 ) (-12544 13568 330.893097 ) 
4 71 77 (-12544 13568 384 ) (-12304 13568 343.149109 ) (-12304 13880.002930 343.149109 ) (-12544 13880.003906 384 ) 
4 72 77 (-12304 14279.998047 343.149109 ) (-12304 14336 343.149109 ) (-12544 14336 384 ) (-12544 14279.998047 384 ) 
3 73 86 (-12896.472656 14296 416 ) (-12896.472656 14336 416 ) (-12837.650391 14336 336.001953 ) 
5 73 85 (-12800 13568 284.797180 ) (-12875.367188 13568 387.296112 ) (-12896.472656 13715.529297 416 ) (-12896.472656 13864 416 ) (-12800 13798.397461 284.797241 ) 
4 73 84 (-12896.472656 13901.646484 416 ) (-12896.472656 14258.352539 416 ) (-12800 14300.800781 284.797363 ) (-12800 13859.198242 284.797241 ) 
4 73 80 (-12637.648438 13824 64 ) (-12637.648438 13688 64 ) (-12720 13743.998047 175.997681 ) (-12720 13824 175.997681 ) 
4 73 79 (-12637.648438 13688 64 ) (-12637.648438 13568 64 ) (-12800 13568 284.797180 ) (-12800 13798.397461 284.797241 ) 
6 73 78 (-12637.648438 14336 64 ) (-12637.648438 13824 64 ) (-12720.003906 13824 176.002319 ) (-12800 13859.198242 284.797241 ) (-12800 14300.800781 284.797363 ) (-12720.002930 14336 176.001450 ) 
3 73 74 (-12608 13568 341.787781 ) (-12608 13815.997070 384 ) (-12855.997070 13568 384 ) 
4 75 112 (-12304 13568 384 ) (-12304 13568 416 ) (-12544 13568 416 ) (-12544 13568 384 ) 
4 75 76 (-12304 13932 384 ) (-12544 13692 384 ) (-12544 13880 416 ) (-12304 14120 416 ) 
4 75 77 (-12304 13568 384 ) (-12544 13568 384 ) (-12544 13692.001953 384 ) (-12304 13932.001953 384 ) 
4 76 77 (-12544 13692.001953 384 ) (-12544 14336 384 ) (-12304 14336 384 ) (-12304 13932.001953 384 ) 
3 77 112 (-12304 13568 343.148804 ) (-12304 13568 384 ) (-12544 13568 384 ) 
5 78 84 (-12800 14300.802734 284.796875 ) (-12800 14336 176.005768 ) (-12800 14336 176 ) (-12800 13824 176.002151 ) (-12800 13859.198242 284.796906 ) 
4 78 83 (-12800 14336 176 ) (-12800 14336 64 ) (-12800 13824 64 ) (-12800 13824 176.002151 ) 
3 78 80 (-12720 13824 64 ) (-12637.645508 13824 64 ) (-12720 13824 176 ) 
4 79 85 (-12800 13568 176 ) (-12800 13568 284.796936 ) (-12800 13798.397461 284.796906 ) (-12800 13744 176 ) 
4 79 83 (-12800 13688 64 ) (-12800 13568 64 ) (-12800 13568 176 ) (-12800 13744 176 ) 
5 79 81 (-12800 13687.998047 64 ) (-12800 13744 176.003906 ) (-12720.002930 13744 176.004700 ) (-12720 13743.998047 176 ) (-12720 13687.998047 64 ) 
3 79 80 (-12720 13743.998047 176 ) (-12637.646484 13687.998047 64 ) (-12720 13687.998047 64 ) 
3 80 81 (-12720 13687.996094 64 ) (-12720 13744 176.007813 ) (-12720 13744 64 ) 
3 81 83 (-12800 13744 64 ) (-12800 13688 64 ) (-12800 13744 176.001007 ) 
3 82 114 (-12902.259766 13568 423.873779 ) (-12904.480469 13568 426.893921 ) (-12920 13568 426.893341 ) 
3 82 113 (-12904.480469 13568 426.893921 ) (-12920 13568 448 ) (-12920 13568 426.893341 ) 
3 82 92 (-12920 13568 426.893341 ) (-12920 13568 448 ) (-12920 13692.001953 448 ) 
4 83 95 (-12920 13787.763672 64 ) (-12920 13688 64 ) (-12920 13851.367188 390.735657 ) (-12920 13893.472656 390.735687 ) 
4 83 94 (-12920 13912 64 ) (-12920 13787.763672 64 ) (-12920 13893.472656 390.735687 ) (-12920 13912 390.735718 ) 
4 83 93 (-12920 13688 64 ) (-12920 13568 64 ) (-12920 13568 390.735352 ) (-12920 13851.367188 390.735657 ) 
4 83 91 (-12920 14248 64 ) (-12920 13912 64 ) (-12920 13912 390.735718 ) (-12920 14248 390.736084 ) 
5 83 88 (-12920 14336 64 ) (-12920 14248 64 ) (-12920 14248 390.736084 ) (-12920 14266.526367 390.736115 ) (-12920 14336 176.002106 ) 
3 83 87 (-12800 14336 176 ) (-12920 14336 176.002258 ) (-12920 14266.526367 390.736145 ) 
4 83 85 (-12800 13568 176.001999 ) (-12800 13744 176.002014 ) (-12920 13851.369141 390.738922 ) (-12920 13568 390.738922 ) 
4 83 84 (-12800 13824 176.002014 ) (-12800 14336 176.002029 ) (-12920 14266.526367 390.738953 ) (-12920 13893.473633 390.738922 ) 
3 84 94 (-12920 13912 448 ) (-12920 13912 390.735748 ) (-12920 13893.472656 390.735718 ) 
4 84 91 (-12920 14248 440 ) (-12920 14248 390.736084 ) (-12920 13912 390.735748 ) (-12920 13912 440 ) 
3 84 88 (-12920 14248 448 ) (-12920 14266.526367 390.736115 ) (-12920 14248 390.736084 ) 
4 85 93 (-12920 13568 390.735352 ) (-12920 13568 394.893311 ) (-12920 13880 448 ) (-12920 13851.367188 390.735657 ) 
4 86 90 (-12920 14280 448 ) (-12920 14336 438.467957 ) (-12920 14336 390.736206 ) (-12920 14308.632813 390.735687 ) 
3 86 89 (-12920 14336 390.736206 ) (-12920 14336 336.001770 ) (-12920 14308.632813 390.735687 ) 
3 86 87 (-12920 14308.633789 390.735748 ) (-12920 14336 336.003906 ) (-12889.415039 14336 336.003906 ) 
4 87 89 (-12920 14308.632813 390.735687 ) (-12920 14336 336.001770 ) (-12920 14336 176.002106 ) (-12920 14266.526367 390.736145 ) 
4 88 96 (-12952 14336 64 ) (-12952 14248 64 ) (-12952 14248 448 ) (-12952 14336 176.002106 ) 
4 88 91 (-12952 14248 440 ) (-12952 14248 64 ) (-12920 14248 64 ) (-12920 14248 440 ) 
4 88 89 (-12952 14336 175.997299 ) (-12952 14248 447.997650 ) (-12920 14266.526367 390.735687 ) (-12920 14336 175.997314 ) 
4 89 96 (-12952 14248 448 ) (-12952 14280 448 ) (-12952 14336 438.467865 ) (-12952 14336 176.002106 ) 
4 89 90 (-12920 14308.630859 390.740326 ) (-12920 14336 390.740326 ) (-12946.670898 14336 438.467865 ) (-12951.998047 14280 448 ) 
4 91 96 (-12952 14248 64 ) (-12952 13912 64 ) (-12952 13912 440 ) (-12952 14248 440 ) 
4 91 94 (-12952 13912 440 ) (-12952 13912 64 ) (-12920 13912 64 ) (-12920 13912 440 ) 
4 92 113 (-12920 13568 426.893982 ) (-12920 13568 448 ) (-12952 13568 448 ) (-12952 13568 426.893982 ) 
3 92 99 (-12952 13568 426.893982 ) (-12952 13568 448 ) (-12952 13691.998047 448 ) 
4 93 100 (-12952 13688 64 ) (-12952 13568 64 ) (-12952 13568 394.893738 ) (-12952 13880 448 ) 
4 93 95 (-12952 13687.998047 64 ) (-12952 13879.997070 448 ) (-12920 13851.365234 390.736023 ) (-12920 13687.997070 64 ) 
3 94 110 (-12952 13824 64 ) (-12952 13787.763672 64 ) (-12952 13824 176.002258 ) 
4 94 108 (-12952 13880 64 ) (-12952 13824 64 ) (-12952 13824 176.002258 ) (-12952 13880 349.091736 ) 
5 94 106 (-12952 13912 64 ) (-12952 13880 64 ) (-12952 13880 349.091736 ) (-12952 13909.412109 440 ) (-12952 13912 440 ) 
4 94 95 (-12920 13787.762695 64 ) (-12920 13893.471680 390.736023 ) (-12952 13911.998047 448 ) (-12952 13787.762695 64 ) 
5 95 110 (-12952 13787.763672 64 ) (-12952 13744 64 ) (-12952 13744 176 ) (-12952 13824 336 ) (-12952 13824 176.002258 ) 
4 95 108 (-12952 13824 336 ) (-12952 13880 448 ) (-12952 13880 349.091736 ) (-12952 13824 176.002258 ) 
3 95 106 (-12952 13909.412109 440 ) (-12952 13880 349.091736 ) (-12952 13880 440 ) 
3 95 111 (-12952 13744 64 ) (-12952 13688 64 ) (-12952 13744 176 ) 
4 96 106 (-13268 13912 64 ) (-12952 13912 64 ) (-12952 13912 440 ) (-13268 13912 440 ) 
3 96 98 (-13268 14280 448 ) (-13268 14336 438.467865 ) (-13268 14336 336.002136 ) 
5 96 97 (-13268 14336 64 ) (-13268 13912 64 ) (-13268 13912 448 ) (-13268 14248 448 ) (-13268 14336 176.001556 ) 
5 97 147 (-13312 14336 176.002106 ) (-13312 14336 64 ) (-13312 13912 64 ) (-13312 13912 448 ) (-13312 14248 448 ) 
4 97 107 (-13312 13912 64 ) (-13268 13912 64 ) (-13268 13912 440 ) (-13312 13912 440 ) 
3 98 148 (-13312 14336 438.467896 ) (-13312 14336 336.001770 ) (-13312 14280 448 ) 
4 99 113 (-12952 13568 426.893982 ) (-12952 13568 448 ) (-13024 13568 448 ) (-13024 13568 426.893982 ) 
3 99 101 (-13024 13568 426.893982 ) (-13024 13568 448 ) (-13024 13691.998047 448 ) 
4 100 110 (-12952 13824 336.005859 ) (-12952 13744 176.005859 ) (-13024 13744 176.005859 ) (-13024 13824 336.005859 ) 
4 100 108 (-13024 13879.997070 448 ) (-12952 13879.997070 448 ) (-12952 13824 336.005859 ) (-13024 13824 336.005859 ) 
4 100 111 (-12952 13744 176.005859 ) (-12952 13687.997070 64 ) (-13024 13687.997070 64 ) (-13024 13744 176.005859 ) 
4 100 103 (-13024 13602.900391 272.002014 ) (-13024 13604 401.021332 ) (-13024 13632 405.787476 ) (-13024 13632 176.001312 ) 
4 100 102 (-13024 13879.996094 448 ) (-13024 13687.996094 64 ) (-13024 13632 64 ) (-13024 13632 405.787476 ) 
4 101 113 (-13024 13568 426.893982 ) (-13024 13568 448 ) (-13088 13568 448 ) (-13088 13568 426.893982 ) 
3 101 104 (-13088 13568 426.893982 ) (-13088 13568 448 ) (-13088 13691.998047 448 ) 
4 102 110 (-13024 13824 336.005859 ) (-13024 13744 176.005859 ) (-13088 13744 176.005859 ) (-13088 13824 336.005859 ) 
4 102 108 (-13088 13879.997070 448 ) (-13024 13879.997070 448 ) (-13024 13824 336.005859 ) (-13088 13824 336.005859 ) 
4 102 111 (-13024 13744 176.005859 ) (-13024 13687.997070 64 ) (-13088 13687.997070 64 ) (-13088 13744 176.005859 ) 
4 102 105 (-13088 13879.996094 448 ) (-13088 13687.996094 64 ) (-13088 13632 64 ) (-13088 13632 405.787476 ) 
4 102 103 (-13024 13632 176.001907 ) (-13024 13632 405.785919 ) (-13088 13632 405.785919 ) (-13088 13632 176.001907 ) 
4 103 105 (-13088 13602.900391 272.002014 ) (-13088 13604 401.021332 ) (-13088 13632 405.787476 ) (-13088 13632 176.001312 ) 
4 104 158 (-13312 13568 426.893982 ) (-13312 13568 448 ) (-13312 13632 448 ) (-13312 13632 437.787598 ) 
3 104 150 (-13312 13632 448 ) (-13312 13691.998047 448 ) (-13312 13632 437.787598 ) 
4 104 113 (-13088 13568 426.893982 ) (-13088 13568 448 ) (-13312 13568 448 ) (-13312 13568 426.893982 ) 
4 105 159 (-13312 13632 64 ) (-13312 13568 64 ) (-13312 13568 394.893738 ) (-13312 13632 405.787323 ) 
4 105 151 (-13312 13688 64 ) (-13312 13632 64 ) (-13312 13632 405.787323 ) (-13312 13880 448 ) 
4 105 110 (-13088 13824 336.005859 ) (-13088 13744 176.005859 ) (-13268 13744 176.005859 ) (-13268 13824 336.005859 ) 
4 105 108 (-13268 13879.997070 448 ) (-13088 13879.997070 448 ) (-13088 13824 336.005859 ) (-13268 13824 336.005859 ) 
4 105 111 (-13088 13744 176.005859 ) (-13088 13687.997070 64 ) (-13312 13687.997070 64 ) (-13312 13744 176.005859 ) 
4 106 108 (-13268 13880 64 ) (-12952 13880 64 ) (-12952 13880 440 ) (-13268 13880 440 ) 
5 106 107 (-13268 13880 64 ) (-13268 13880 349.094788 ) (-13268 13909.411133 440 ) (-13268 13912 440 ) (-13268 13912 64 ) 
5 107 152 (-13312 13912 64 ) (-13312 13880 64 ) (-13312 13880 349.094788 ) (-13312 13909.411133 440 ) (-13312 13912 440 ) 
4 107 109 (-13312 13880 64 ) (-13268 13880 64 ) (-13268 13880 349.094788 ) (-13312 13880 349.094788 ) 
4 108 110 (-13268 13824 64 ) (-12952 13824 64 ) (-12952 13824 336.005463 ) (-13268 13824 336.005463 ) 
4 108 109 (-13268 13880 349.093994 ) (-13268 13880 64 ) (-13268 13824 64 ) (-13268 13824 176.002289 ) 
4 109 154 (-13312 13880 64 ) (-13312 13824 64 ) (-13312 13824 176.001678 ) (-13312 13880 349.093994 ) 
4 110 111 (-13268 13744 64 ) (-12952 13744 64 ) (-12952 13744 176.002335 ) (-13268 13744 176.002350 ) 
3 111 157 (-13312 13744 64 ) (-13312 13688 64 ) (-13312 13744 176 ) 
4 112 194 (-12304 13312 448 ) (-12544 13312 448 ) (-12544 13312 64 ) (-12304 13312 64 ) 
4 112 119 (-12304 13312 64 ) (-12544 13312 64 ) (-12544 13568 64 ) (-12304 13568 64 ) 
4 112 118 (-12544 13504 320 ) (-12544 13312 287.319061 ) (-12544 13312 351.319336 ) (-12544 13504 384 ) 
4 112 117 (-12544 13504 64 ) (-12544 13312 64 ) (-12544 13312 287.319061 ) (-12544 13504 320 ) 
3 112 114 (-12544 13568 426.893982 ) (-12544 13568 416 ) (-12544 13504 416 ) 
3 112 115 (-12544 13504 384 ) (-12544 13316 384 ) (-12544 13504 416 ) 
5 112 113 (-12544 13568 448 ) (-12544 13568 426.893982 ) (-12544 13316 384 ) (-12544 13312 384 ) (-12544 13312 448 ) 
3 112 116 (-12544 13504 384 ) (-12544 13312 351.319336 ) (-12544 13312 384 ) 
4 113 194 (-12544 13312 448 ) (-13312 13312 448 ) (-13312 13312 384 ) (-12544 13312 384 ) 
4 113 188 (-13312 13504 448 ) (-13312 13568 448 ) (-13312 13568 426.893982 ) (-13312 13504 416 ) 
5 113 190 (-13312 13312 384 ) (-13312 13312 448 ) (-13312 13504 448 ) (-13312 13504 416 ) (-13312 13316 384 ) 
4 113 114 (-12920 13568 426.893555 ) (-12544 13568 426.893555 ) (-12544 13504 416 ) (-12920 13504 416 ) 
4 113 115 (-12544 13316.001953 384 ) (-13312 13316.001953 384 ) (-13312 13504 416 ) (-12544 13504 416 ) 
4 113 116 (-13312 13312 384 ) (-13312 13316 384 ) (-12544 13316 384 ) (-12544 13312 384 ) 
3 115 190 (-13312 13504 384 ) (-13312 13316 384 ) (-13312 13504 416 ) 
4 115 116 (-13312 13316 384 ) (-13312 13504.005859 384 ) (-12544 13504.005859 384 ) (-12544 13316 384 ) 
4 116 194 (-13312 13312 384 ) (-13312 13312 351.319366 ) (-12544 13312 351.319336 ) (-12544 13312 384 ) 
3 116 190 (-13312 13312 351.319336 ) (-13312 13312 384 ) (-13312 13504 384 ) 
4 116 118 (-12544 13504 384 ) (-12544 13312 351.319092 ) (-12920 13312 351.319092 ) (-12920 13504 384 ) 
4 116 117 (-12920 13312 351.319092 ) (-13312 13312 351.319092 ) (-13312 13504 384 ) (-12920 13504 384 ) 
5 117 194 (-13312 13312 351.319366 ) (-13312 13312 64 ) (-12544 13312 64 ) (-12544 13312 287.319061 ) (-12920.001953 13312 351.319336 ) 
4 117 190 (-13312 13504 64 ) (-13312 13312 64 ) (-13312 13312 351.319336 ) (-13312 13504 384 ) 
4 117 121 (-12544 13312 64 ) (-13312 13312 64 ) (-13312 13504 64 ) (-12544 13504 64 ) 
4 117 118 (-12920.005859 13504 384 ) (-12920.005859 13312 351.319061 ) (-12544 13312 287.320007 ) (-12544 13504 320 ) 
3 118 194 (-12544 13312 287.319061 ) (-12544 13312 351.319336 ) (-12920.001953 13312 351.319336 ) 
4 119 194 (-12304 13312 64 ) (-12544 13312 64 ) (-12544 13312 -112 ) (-12304 13312 -112 ) 
4 119 120 (-12544 14336 -112 ) (-12544 13504 -112 ) (-12544 13504 0 ) (-12544 14336 0 ) 
4 119 121 (-12544 13504 -112 ) (-12544 13312 -112 ) (-12544 13312 64 ) (-12544 13504 64 ) 
4 120 191 (-13312 14336 0 ) (-13312 14336 -112 ) (-13312 13504 -112 ) (-13312 13504 0 ) 
4 120 121 (-13312 13504 -112 ) (-12544 13504 -112 ) (-12544 13504 0 ) (-13312 13504 0 ) 
4 121 194 (-12544 13312 64 ) (-13312 13312 64 ) (-13312 13312 -112 ) (-12544 13312 -112 ) 
4 121 192 (-13312 13504 -112 ) (-13312 13312 -112 ) (-13312 13312 64 ) (-13312 13504 64 ) 
4 122 132 (-13704 14280 1008 ) (-13704 14336 1008 ) (-13704 14336 552 ) (-13704 14280 552 ) 
4 122 130 (-13704 14280 552 ) (-13704 14336 552 ) (-13672 14336 552 ) (-13672 14280 552 ) 
4 122 127 (-13672 14336 552 ) (-13312 14336 552 ) (-13312 14280 552 ) (-13672 14280 552 ) 
4 122 124 (-13312 14280 584 ) (-13312 14280 746 ) (-13704 14280 746 ) (-13704 14280 584 ) 
4 122 123 (-13312 14280 746 ) (-13312 14280 1008 ) (-13704 14280 1008 ) (-13704 14280 746 ) 
4 123 132 (-13704 13880 1008 ) (-13704 14280 1008 ) (-13704 14280 746 ) (-13704 13880 584 ) 
4 123 124 (-13704 14080 665 ) (-13704 14280 746 ) (-13312 14280 746 ) (-13312 14080 665 ) 
4 123 126 (-13312 13880 584 ) (-13312 13880 1008 ) (-13704 13880 1008 ) (-13704 13880 584 ) 
3 124 132 (-13704 14280 746 ) (-13704 14280 584 ) (-13704 14080 665 ) 
5 125 132 (-13704 14201 552 ) (-13704 13959 552 ) (-13704 13959 583.994995 ) (-13704 14080 633 ) (-13704 14201 583.995544 ) 
4 125 128 (-13672 14201 552 ) (-13312 14201 552 ) (-13312 13959 552 ) (-13672 13959 552 ) 
4 126 195 (-13312 13312 552 ) (-13312 13312 1008 ) (-13704 13312 1008 ) (-13704 13312 552 ) 
4 126 132 (-13704 13312 552 ) (-13704 13312 1008 ) (-13704 13880 1008 ) (-13704 13880 552 ) 
4 126 131 (-13672 13312 552 ) (-13704 13312 552 ) (-13704 13880 552 ) (-13672 13880 552 ) 
4 126 129 (-13312 13312 552 ) (-13672 13312 552 ) (-13672 13880 552 ) (-13312 13880 552 ) 
4 127 133 (-13672 14280 520 ) (-13672 14336 520 ) (-13312 14336 520 ) (-13312 14280 520 ) 
4 127 130 (-13672 14336 520 ) (-13672 14280 520 ) (-13672 14280 552 ) (-13672 14336 552 ) 
4 128 136 (-13672 13912 520 ) (-13672 14248 520 ) (-13312 14248 520 ) (-13312 13912 520 ) 
4 129 195 (-13312 13312 520 ) (-13312 13312 552 ) (-13672 13312 552 ) (-13672 13312 520 ) 
4 129 139 (-13312 13312 520 ) (-13672 13312 520 ) (-13672 13880 520 ) (-13312 13880 520 ) 
4 129 131 (-13672 13880 520 ) (-13672 13312 520 ) (-13672 13312 552 ) (-13672 13880 552 ) 
4 130 140 (-13704 14280 520 ) (-13704 14336 520 ) (-13672 14336 520 ) (-13672 14280 520 ) 
4 130 132 (-13704 14336 520 ) (-13704 14280 520 ) (-13704 14280 552 ) (-13704 14336 552 ) 
4 131 195 (-13672 13312 552 ) (-13704 13312 552 ) (-13704 13312 520 ) (-13672 13312 520 ) 
4 131 143 (-13672 13312 520 ) (-13704 13312 520 ) (-13704 13880 520 ) (-13672 13880 520 ) 
4 131 132 (-13704 13880 520 ) (-13704 13312 520 ) (-13704 13312 552 ) (-13704 13880 552 ) 
4 132 195 (-14320 13312 520 ) (-13704 13312 520 ) (-13704 13312 1008 ) (-14320 13312 1008 ) 
4 132 144 (-13704 13312 520 ) (-14320 13312 520 ) (-14320 14336 520 ) (-13704 14336 520 ) 
4 133 140 (-13672 14280 480.001648 ) (-13672 14280 520 ) (-13672 14336 520 ) (-13672 14336 470.469757 ) 
4 133 135 (-13672 14280 520 ) (-13672 14280 480.001648 ) (-13494 14280 480.001648 ) (-13494 14280 520 ) 
4 133 134 (-13486 14280 480.001648 ) (-13316 14280 480.001648 ) (-13316 14280 520 ) (-13486 14280 520 ) 
4 134 136 (-13486 14248 480 ) (-13316 14248 480 ) (-13316 14248 520 ) (-13486 14248 520 ) 
4 135 136 (-13672 14248 520 ) (-13672 14248 480 ) (-13494 14248 480 ) (-13494 14248 520 ) 
4 136 149 (-13356 13912 448 ) (-13672 13912 448 ) (-13672 14248 448 ) (-13356 14248 448 ) 
4 136 147 (-13312 14248 448 ) (-13312 13912 448 ) (-13356 13912 448 ) (-13356 14248 448 ) 
4 136 141 (-13672 14084 520 ) (-13672 14248 520 ) (-13672 14248 480 ) (-13672 14084 480 ) 
4 136 142 (-13672 13912 480 ) (-13672 13912 520 ) (-13672 14076 520 ) (-13672 14076 480 ) 
4 136 138 (-13672 13912 520 ) (-13672 13912 480 ) (-13494 13912 480 ) (-13494 13912 520 ) 
4 136 137 (-13486 13912 480 ) (-13316 13912 480 ) (-13316 13912 520 ) (-13486 13912 520 ) 
4 137 139 (-13486 13880 480 ) (-13316 13880 480 ) (-13316 13880 520 ) (-13486 13880 520 ) 
4 138 139 (-13672 13880 520 ) (-13672 13880 480 ) (-13494 13880 480 ) (-13494 13880 520 ) 
4 139 195 (-13312 13312 448 ) (-13312 13312 520 ) (-13672 13312 520 ) (-13672 13312 448 ) 
4 139 188 (-13312 13568 448 ) (-13312 13504 448 ) (-13672 13504 448 ) (-13672 13568 448 ) 
4 139 158 (-13312 13632 448 ) (-13312 13568 448 ) (-13672 13568 448 ) (-13672 13632 448 ) 
4 139 150 (-13312 13692 448 ) (-13312 13632 448 ) (-13672 13632 448 ) (-13672 13692 448 ) 
4 139 190 (-13312 13504 448 ) (-13312 13312 448 ) (-13672 13312 448 ) (-13672 13504 448 ) 
5 139 143 (-13672 13692 448 ) (-13672 13312 448 ) (-13672 13312 520 ) (-13672 13880 520 ) (-13672 13880 480 ) 
3 140 145 (-13704 14336 480 ) (-13704 14336 470.469757 ) (-13704 14280.008789 480 ) 
5 140 144 (-13704 14280 480.001648 ) (-13704 14280 520 ) (-13704 14336 520 ) (-13704 14336 480 ) (-13704 14280.008789 480 ) 
4 141 144 (-13704 14084 520 ) (-13704 14248 520 ) (-13704 14248 480 ) (-13704 14084 480 ) 
4 142 144 (-13704 13912 480 ) (-13704 13912 520 ) (-13704 14076 520 ) (-13704 14076 480 ) 
4 143 195 (-13672 13312 520 ) (-13704 13312 520 ) (-13704 13312 448 ) (-13672 13312 448 ) 
4 143 188 (-13672 13568 448 ) (-13672 13504 448 ) (-13704 13504 448 ) (-13704 13568 448 ) 
4 143 168 (-13672 13692 448 ) (-13672 13568 448 ) (-13704 13568 448 ) (-13704 13692 448 ) 
4 143 190 (-13672 13504 448 ) (-13672 13312 448 ) (-13704 13312 448 ) (-13704 13504 448 ) 
4 143 146 (-13704 13692 448 ) (-13704 13312 448 ) (-13704 13312 480 ) (-13704 13880 480 ) 
4 143 144 (-13704 13312 480 ) (-13704 13312 520 ) (-13704 13880 520 ) (-13704 13880 480 ) 
5 144 195 (-13704 13312 520 ) (-14320 13312 520 ) (-14320 13312 448 ) (-13892 13312 448 ) (-13704 13312 480 ) 
4 144 193 (-14320 14336 448 ) (-14080 14336 448 ) (-14080 13312 448 ) (-14320 13312 448 ) 
4 144 188 (-13892 13568 448 ) (-13892 13504 448 ) (-14080 13504 448 ) (-14080 13568 448 ) 
4 144 162 (-14080 14336 448 ) (-13892 14336 448 ) (-13892 13568 448 ) (-14080 13568 448 ) 
4 144 190 (-13892 13504 448 ) (-13892 13312 448 ) (-14080 13312 448 ) (-14080 13504 448 ) 
4 144 146 (-13892.005859 13312 448 ) (-13892.005859 13880.006836 448 ) (-13704 13880.008789 480.001038 ) (-13704 13312 480.001038 ) 
4 144 145 (-13892.005859 14279.992188 448 ) (-13892.005859 14336 448 ) (-13704 14336 480.001038 ) (-13704 14279.992188 480.001038 ) 
3 145 163 (-13892 14336 448 ) (-13835.998047 14336 448 ) (-13892 14279.998047 448 ) 
3 146 195 (-13892 13312 448 ) (-13704 13312 448 ) (-13704 13312 480 ) 
4 146 188 (-13704 13568 448 ) (-13704 13504 448 ) (-13892 13504 448 ) (-13892 13568 448 ) 
4 146 172 (-13704 13692.001953 448 ) (-13704 13568 448 ) (-13892 13568 448 ) (-13892 13880.001953 448 ) 
4 146 190 (-13704 13504 448 ) (-13704 13312 448 ) (-13892 13312 448 ) (-13892 13504 448 ) 
4 147 152 (-13356 13912 64 ) (-13312 13912 64 ) (-13312 13912 440 ) (-13356 13912 440 ) 
5 147 149 (-13356 14336 64 ) (-13356 13912 64 ) (-13356 13912 448 ) (-13356 14248 448 ) (-13356 14336 176.002106 ) 
3 148 149 (-13356 14280 448 ) (-13356 14336 438.467865 ) (-13356 14336 336.001526 ) 
4 149 167 (-13672 14248 64 ) (-13672 13912 64 ) (-13672 13912 440 ) (-13672 14248 440 ) 
4 149 165 (-13672 14248 448 ) (-13672 14280 448 ) (-13672 14336 438.467865 ) (-13672 14336 176.001556 ) 
4 149 164 (-13672 14336 64 ) (-13672 14248 64 ) (-13672 14248 448 ) (-13672 14336 176.001556 ) 
4 149 153 (-13672 13912 440 ) (-13672 13912 64 ) (-13356 13912 64 ) (-13356 13912 440 ) 
3 150 168 (-13672 13632 437.787445 ) (-13672 13632 448 ) (-13672 13692 448 ) 
4 150 158 (-13672 13632 448 ) (-13672 13632 437.787445 ) (-13312 13632 437.787445 ) (-13312 13632 448 ) 
4 151 169 (-13672 13688 64 ) (-13672 13632 64 ) (-13672 13632 405.787476 ) (-13672 13880 448 ) 
4 151 160 (-13536 13632 176.001312 ) (-13536 13632 405.787445 ) (-13600 13632 405.787445 ) (-13600 13632 176.001312 ) 
4 151 159 (-13536 13632 64 ) (-13312 13632 64 ) (-13312 13632 405.787476 ) (-13536 13632 405.787445 ) 
4 151 161 (-13672 13632 405.787445 ) (-13672 13632 64 ) (-13600 13632 64 ) (-13600 13632 405.787445 ) 
4 151 156 (-13672 13744 176.005859 ) (-13672 13824 336.005859 ) (-13356 13824 336.005859 ) (-13356 13744 176.005859 ) 
4 151 155 (-13672 13824 336.005859 ) (-13672 13879.997070 448 ) (-13356 13879.997070 448 ) (-13356 13824 336.005859 ) 
4 151 157 (-13312 13687.997070 64 ) (-13672 13687.997070 64 ) (-13672 13744 176.005859 ) (-13312 13744 176.005859 ) 
4 152 154 (-13356 13880 349.094788 ) (-13356 13880 64 ) (-13312 13880 64 ) (-13312 13880 349.094788 ) 
5 152 153 (-13356 13880 64 ) (-13356 13880 349.094788 ) (-13356 13909.411133 440 ) (-13356 13912 440 ) (-13356 13912 64 ) 
4 153 170 (-13672 13912 64 ) (-13672 13880 64 ) (-13672 13880 440 ) (-13672 13912 440 ) 
4 153 155 (-13672 13880 440 ) (-13672 13880 64 ) (-13356 13880 64 ) (-13356 13880 440 ) 
4 154 155 (-13356 13880 349.093994 ) (-13356 13880 64 ) (-13356 13824 64 ) (-13356 13824 176.002289 ) 
4 155 170 (-13672 13880 64 ) (-13672 13824 64 ) (-13672 13824 336 ) (-13672 13880 448 ) 
4 155 156 (-13356 13824 336.005463 ) (-13672 13824 336.005463 ) (-13672 13824 64 ) (-13356 13824 64 ) 
4 156 170 (-13672 13824 64 ) (-13672 13744 64 ) (-13672 13744 176 ) (-13672 13824 336 ) 
4 156 157 (-13356 13744 176.002350 ) (-13672 13744 176.002365 ) (-13672 13744 64 ) (-13356 13744 64 ) 
3 157 170 (-13672 13744 64 ) (-13672 13688 64 ) (-13672 13744 176 ) 
4 158 188 (-13312 13568 426.893982 ) (-13312 13568 448 ) (-13672 13568 448 ) (-13672 13568 426.893982 ) 
4 158 168 (-13672 13568 426.893982 ) (-13672 13568 448 ) (-13672 13632 448 ) (-13672 13632 437.787445 ) 
4 159 160 (-13536 13603.992188 401.020752 ) (-13536 13632 405.788086 ) (-13536 13632 176.001511 ) (-13536 13602.900391 272.002380 ) 
4 160 161 (-13600 13603.992188 401.020752 ) (-13600 13632 405.788086 ) (-13600 13632 176.001511 ) (-13600 13602.900391 272.002380 ) 
4 161 169 (-13672 13632 64 ) (-13672 13568 64 ) (-13672 13568 394.893738 ) (-13672 13632 405.787445 ) 
4 162 193 (-14080 13568 448 ) (-14080 14336 448 ) (-14080 14336 416 ) (-14080 13568 416 ) 
3 162 189 (-14080 13568 426.893982 ) (-14080 13568 416 ) (-14016 13568 426.893982 ) 
4 162 188 (-14080 13568 448 ) (-14080 13568 426.893982 ) (-14016 13568 426.893982 ) (-13892.001953 13568 448 ) 
4 162 172 (-13892.004883 13880.005859 448 ) (-13892.004883 13568 448 ) (-14080 13568 416 ) (-14080 13880.005859 416 ) 
4 162 163 (-13892.004883 14336 448 ) (-13892.004883 14279.992188 448 ) (-14080 14279.992188 416 ) (-14080 14336 416 ) 
3 164 179 (-13704 14248 448 ) (-13704 14266.526367 390.736115 ) (-13704 14248 390.736023 ) 
5 164 178 (-13704 14266.526367 390.736115 ) (-13704 14336 176.002106 ) (-13704 14336 64 ) (-13704 14248 64 ) (-13704 14248 390.736023 ) 
4 164 167 (-13704 14248 440 ) (-13704 14248 64 ) (-13672 14248 64 ) (-13672 14248 440 ) 
4 164 165 (-13704 14336 175.997299 ) (-13704 14266.526367 390.735718 ) (-13672 14248 447.997650 ) (-13672 14336 175.997314 ) 
4 165 186 (-13704 14336 336.002258 ) (-13704 14336 176.002106 ) (-13704 14266.526367 390.736145 ) (-13704 14308.632813 390.736115 ) 
3 165 185 (-13704 14336 390.736115 ) (-13704 14336 336.002258 ) (-13704 14308.632813 390.736115 ) 
4 165 166 (-13704 14336 390.738281 ) (-13704 14308.631836 390.738281 ) (-13672 14280 448 ) (-13677.328125 14336 438.468079 ) 
4 166 185 (-13704 14280 448 ) (-13704 14336 438.467896 ) (-13704 14336 390.736115 ) (-13704 14308.632813 390.736115 ) 
4 167 179 (-13704 14248 440 ) (-13704 14248 390.735626 ) (-13704 13912 390.735626 ) (-13704 13912 440 ) 
4 167 178 (-13704 14248 390.735626 ) (-13704 14248 64 ) (-13704 13912 64 ) (-13704 13912 390.735626 ) 
3 167 171 (-13704 13912 440 ) (-13704 13912 390.735626 ) (-13676.470703 13912 440 ) 
5 167 170 (-13704 13912 390.735626 ) (-13704 13912 64 ) (-13672 13912 64 ) (-13672 13912 440 ) (-13676.470703 13912 440 ) 
4 168 188 (-13672 13568 426.893982 ) (-13672 13568 448 ) (-13704 13568 448 ) (-13704 13568 426.893982 ) 
3 168 177 (-13704 13568 426.893982 ) (-13704 13568 448 ) (-13704 13691.998047 448 ) 
4 169 180 (-13704 13568 390.735809 ) (-13704 13568 394.893738 ) (-13704 13880 448 ) (-13704 13851.368164 390.736023 ) 
4 169 178 (-13704 13568 64 ) (-13704 13568 390.735809 ) (-13704 13851.368164 390.736023 ) (-13704 13688 64 ) 
4 169 170 (-13704 13687.998047 64 ) (-13704 13851.366211 390.736023 ) (-13672 13879.998047 448 ) (-13672 13687.998047 64 ) 
4 170 178 (-13704 13912 390.736023 ) (-13704 13912 64 ) (-13704 13688 64 ) (-13704 13851.368164 390.736023 ) 
3 170 171 (-13672 13912 447.998413 ) (-13704 13912 390.735199 ) (-13704 13893.472656 390.736145 ) 
3 171 179 (-13704 13912 448 ) (-13704 13912 390.736023 ) (-13704 13893.472656 390.736023 ) 
5 172 189 (-14080 13568 416 ) (-13768 13568 416 ) (-13721.739258 13568 423.873993 ) (-13719.518555 13568 426.893982 ) (-14016 13568 426.893982 ) 
4 172 188 (-13719.518555 13568 426.893982 ) (-13704 13568 448 ) (-13892.001953 13568 448 ) (-14016 13568 426.893982 ) 
3 172 177 (-13704 13691.978516 447.996094 ) (-13704 13568 447.996094 ) (-13721.736328 13568 423.874573 ) 
5 173 185 (-13704 14280.021484 447.996094 ) (-13704 14280.002930 447.996094 ) (-13727.526367 14296 416 ) (-13727.526367 14336 416 ) (-13712.007813 14336 437.104736 ) 
4 173 180 (-13704 13879.997070 447.996094 ) (-13704 13879.977539 447.996094 ) (-13727.526367 13715.525391 416 ) (-13727.526367 13864 416 ) 
4 173 179 (-13704 14248 447.996094 ) (-13704 13911.998047 447.996094 ) (-13727.526367 13901.646484 416 ) (-13727.526367 14258.352539 416 ) 
5 173 174 (-13835.998047 14336 416 ) (-13727.531250 14336 416 ) (-13727.531250 13715.531250 416 ) (-13892 13880 416 ) (-13892 14279.998047 416 ) 
3 174 185 (-13786.348633 14336 336.001373 ) (-13727.526367 14336 416 ) (-13727.526367 14296 416 ) 
4 174 182 (-13824 13568 284.795959 ) (-13904 13568 175.995728 ) (-13904 13743.997070 175.995697 ) (-13824 13798.396484 284.795837 ) 
6 174 181 (-13904 13824 175.995682 ) (-13904 14336 175.995590 ) (-13903.995117 14336 176.001938 ) (-13824 14300.801758 284.795563 ) (-13824 13859.198242 284.795776 ) (-13903.995117 13824 176.002014 ) 
5 174 180 (-13748.631836 13568 387.296906 ) (-13824 13568 284.795959 ) (-13824 13798.396484 284.795837 ) (-13727.526367 13864 416 ) (-13727.526367 13715.525391 416 ) 
4 174 179 (-13824 13859.198242 284.795807 ) (-13824 14300.801758 284.795563 ) (-13727.526367 14258.352539 416 ) (-13727.526367 13901.646484 416 ) 
4 174 187 (-13904 13568 175.995728 ) (-13986.349609 13568 64 ) (-13986.349609 14336 64 ) (-13904 14336 175.995590 ) 
5 174 176 (-14016 13816 384 ) (-14016 13880.013672 394.896088 ) (-14016 14279.986328 394.896057 ) (-14016 14336 385.361755 ) (-14016 14336 384 ) 
3 174 175 (-14016 13816.003906 384 ) (-14016 13568 341.786499 ) (-13767.993164 13568 384 ) 
3 177 189 (-13704 13568 426.893372 ) (-13719.519531 13568 426.893951 ) (-13721.740234 13568 423.873840 ) 
3 177 188 (-13704 13568 426.893372 ) (-13704 13568 448 ) (-13719.519531 13568 426.893951 ) 
4 178 186 (-13704 14266.525391 390.735931 ) (-13704 14336 175.996857 ) (-13824 14336 175.996399 ) (-13824 14336 176 ) 
3 178 183 (-13824 13744 64 ) (-13824 13688 64 ) (-13824 13744 176 ) 
4 178 182 (-13824 13688 64 ) (-13824 13568 64 ) (-13824 13568 176 ) (-13824 13744 176 ) 
4 178 181 (-13824 14336 176 ) (-13824 14336 64 ) (-13824 13824 64 ) (-13824 13824 176 ) 
4 178 180 (-13824 13744 176.002014 ) (-13824 13568 176.001999 ) (-13704 13568 390.739258 ) (-13704 13851.369141 390.739288 ) 
4 178 179 (-13824 14336 176.002029 ) (-13824 13824 176.002014 ) (-13704 13893.473633 390.739288 ) (-13704 14266.526367 390.739319 ) 
5 179 181 (-13824 14300.802734 284.796875 ) (-13824 14336 176.005768 ) (-13824 14336 176 ) (-13824 13824 176 ) (-13824 13859.198242 284.796875 ) 
4 180 182 (-13824 13744 176 ) (-13824 13568 176 ) (-13824 13568 284.796875 ) (-13824 13798.397461 284.796875 ) 
4 181 187 (-13904 13824 176 ) (-13904 14336 176 ) (-13904 14336 64 ) (-13904 13824 64 ) 
6 182 184 (-13904 13687.998047 64 ) (-13904 13743.996094 175.996094 ) (-13903.994141 13744 176.003906 ) (-13824 13744 176.007004 ) (-13824 13743.996094 176 ) (-13886.588867 13687.998047 64 ) 
3 182 183 (-13824 13743.996094 176 ) (-13824 13687.997070 64 ) (-13886.588867 13687.998047 64 ) 
4 182 187 (-13904 13568 64 ) (-13904 13568 176 ) (-13904 13744 176 ) (-13904 13688 64 ) 
3 183 184 (-13886.588867 13688 64 ) (-13824 13744 176 ) (-13886.587891 13744 64 ) 
3 184 187 (-13904 13744 176 ) (-13904 13744 64 ) (-13904 13688 64 ) 
3 185 186 (-13704 14336 335.996033 ) (-13704 14308.629883 390.735779 ) (-13734.589844 14336 335.995972 ) 
4 188 193 (-14080 13504 448 ) (-14080 13568 448 ) (-14080 13568 426.893982 ) (-14080 13504 416 ) 
4 188 189 (-13703.996094 13504 416 ) (-14080 13504 416 ) (-14080 13568 426.894135 ) (-13703.997070 13568 426.894135 ) 
4 188 190 (-14080 13504 448 ) (-14080 13504 416 ) (-13312 13504 416 ) (-13312 13504 448 ) 
3 189 193 (-14080 13568 426.893982 ) (-14080 13568 416 ) (-14080 13504 416 ) 
4 190 195 (-13312 13312 64 ) (-13312 13312 448 ) (-14080 13312 448 ) (-14080 13312 64 ) 
4 190 193 (-14080 13312 448 ) (-14080 13504 448 ) (-14080 13504 64 ) (-14080 13312 64 ) 
4 190 192 (-14080 13312 64 ) (-14080 13504 64 ) (-13312 13504 64 ) (-13312 13312 64 ) 
4 191 193 (-14080 14336 0 ) (-14080 14336 -112 ) (-14080 13504 -112 ) (-14080 13504 0 ) 
4 191 192 (-14080 13504 -112 ) (-13312 13504 -112 ) (-13312 13504 0 ) (-14080 13504 0 ) 
4 192 195 (-13312 13312 -112 ) (-13312 13312 64 ) (-14080 13312 64 ) (-14080 13312 -112 ) 
4 192 193 (-14080 13504 -112 ) (-14080 13312 -112 ) (-14080 13312 64 ) (-14080 13504 64 ) 
4 193 195 (-14080 13312 -112 ) (-14080 13312 448 ) (-14320 13312 448 ) (-14320 13312 -112 ) 
4 194 195 (-13312 13312 1008 ) (-13312 13312 -112 ) (-13312 13264 -112 ) (-13312 13264 1008 ) 
