PRT1
317
924
4 0 69 (-12544 14336 416 ) (-12544 14336 384 ) (-12490 14336 384 ) (-12490 14336 416 ) 
3 0 70 (-12544 14336 384 ) (-12490 14336 374.808411 ) (-12490 14336 384 ) 
4 0 66 (-12544 14336 384 ) (-12544 14336 160 ) (-12490 14336 160 ) (-12490 14336 374.808411 ) 
4 0 63 (-12490 14336 866.139038 ) (-12544 14336 866.139038 ) (-12544 14336 416 ) (-12490 14336 416 ) 
4 0 24 (-12490 14591.799805 160 ) (-12490 14336 160 ) (-12544 14336 160 ) (-12544 14591.799805 160 ) 
4 0 23 (-12490 14655.901367 160 ) (-12490 14591.799805 160 ) (-12544 14591.799805 160 ) (-12544 14655.901367 160 ) 
4 0 22 (-12490 14675.299805 160 ) (-12490 14655.901367 160 ) (-12544 14655.901367 160 ) (-12544 14675.299805 160 ) 
4 0 8 (-12544 14675.299805 160 ) (-12544 14656 160 ) (-12544 14656 384 ) (-12544 14675.299805 384 ) 
5 0 7 (-12544 14656 416 ) (-12544 14656.010742 416 ) (-12544 14675.299805 412.716736 ) (-12544 14675.299805 384 ) (-12544 14656 384 ) 
3 0 3 (-12544 14336 416 ) (-12544 14336 470.469727 ) (-12544 14656.010742 416 ) 
4 0 1 (-12544 14336 470.469727 ) (-12544 14336 866.139038 ) (-12544 14675.299805 866.139038 ) (-12544 14675.299805 412.716736 ) 
4 1 180 (-13312 14336 520 ) (-13312 14336 470.469727 ) (-12920 14336 470.469727 ) (-12920 14336 520 ) 
4 1 152 (-12920 14336 866.139038 ) (-13312 14336 866.139038 ) (-13312 14336 520 ) (-12920 14336 520 ) 
4 1 95 (-12610 14336 866.139038 ) (-12920 14336 866.139038 ) (-12920 14336 470.469727 ) (-12610 14336 470.469727 ) 
4 1 78 (-12608 14336 866.139038 ) (-12610 14336 866.139038 ) (-12610 14336 470.469727 ) (-12608 14336 470.469727 ) 
4 1 63 (-12544 14336 866.139038 ) (-12608 14336 866.139038 ) (-12608 14336 470.469727 ) (-12544 14336 470.469727 ) 
4 1 35 (-13312 14336 470.469727 ) (-13312 14336 866.139038 ) (-13312 14656 866.139038 ) (-13312 14656 416.001801 ) 
4 1 34 (-13312 14656 866.139038 ) (-13312 14675.299805 866.139038 ) (-13312 14675.299805 412.716736 ) (-13312 14656 416.001801 ) 
4 1 7 (-13312 14675.299805 412.716797 ) (-12544 14675.299805 412.716797 ) (-12544 14656.010742 416 ) (-13312 14656.010742 416 ) 
4 1 3 (-12544 14656.010742 416 ) (-12544 14336 470.469971 ) (-12920.011719 14336 470.469971 ) (-12920.011719 14656.010742 416 ) 
4 2 192 (-13312 14336 438.467957 ) (-13312 14336 416 ) (-13268 14336 416 ) (-13268 14336 438.467957 ) 
4 2 191 (-12934.118164 14336 416 ) (-12920 14336 416 ) (-12920 14336 438.467957 ) (-12946.672852 14336 438.467957 ) 
4 2 190 (-13268 14336 416 ) (-12934.118164 14336 416 ) (-12946.672852 14336 438.467957 ) (-13268 14336 438.467957 ) 
4 2 97 (-12920 14336 416 ) (-12896.470703 14336 416 ) (-12911.988281 14336 437.104340 ) (-12920 14336 438.467957 ) 
3 2 93 (-12896.470703 14336 416 ) (-12788 14336 416 ) (-12911.988281 14336 437.104340 ) 
3 2 37 (-13312 14336 416 ) (-13312 14336 438.467957 ) (-13312 14468 416 ) 
4 2 5 (-13088 14468 416 ) (-13024 14468 416 ) (-13024 14336 416 ) (-13088 14336 416 ) 
4 2 4 (-13024 14468 416 ) (-12920 14468 416 ) (-12788 14336 416 ) (-13024 14336 416 ) 
4 2 6 (-13312 14336 416 ) (-13312 14468 416 ) (-13088 14468 416 ) (-13088 14336 416 ) 
3 3 95 (-12610 14336 470.469727 ) (-12920.010742 14336 470.469727 ) (-12610 14336 417.701965 ) 
4 3 78 (-12608 14336 470.469727 ) (-12610 14336 470.469727 ) (-12610 14336 417.701965 ) (-12608 14336 417.361542 ) 
5 3 65 (-12600 14336 416 ) (-12544 14336 416 ) (-12544 14336 416.001495 ) (-12608 14336 426.895142 ) (-12608 14336 417.361542 ) 
4 3 63 (-12544 14336 416.001495 ) (-12544 14336 470.469727 ) (-12608 14336 470.469727 ) (-12608 14336 426.895142 ) 
3 4 191 (-12920 14336 390.736328 ) (-12920 14336 416 ) (-12934.118164 14336 416 ) 
5 4 190 (-13024 14336 384 ) (-12920 14336 384 ) (-12920 14336 390.736328 ) (-12934.118164 14336 416 ) (-13024 14336 416 ) 
5 4 97 (-12916.235352 14336 384 ) (-12872.941406 14336 384 ) (-12896.470703 14336 416 ) (-12920 14336 416 ) (-12920 14336 390.736328 ) 
5 4 93 (-12872.941406 14336 384 ) (-12610 14336 384 ) (-12610 14336 385.701965 ) (-12788 14336 416 ) (-12896.470703 14336 416 ) 
3 4 92 (-12920 14336 384 ) (-12916.235352 14336 384 ) (-12920 14336 390.736328 ) 
4 4 77 (-12610 14336 384 ) (-12608 14336 384 ) (-12608 14336 385.361542 ) (-12610 14336 385.701965 ) 
4 4 15 (-12872.940430 14336 384 ) (-12916.235352 14336 384 ) (-12916.236328 14591.799805 384 ) (-12872.941406 14591.799805 384 ) 
4 4 14 (-12916.235352 14336 384 ) (-13024 14336 384 ) (-13024 14591.799805 384 ) (-12916.236328 14591.799805 384 ) 
5 4 10 (-12720 14336 384 ) (-12872.940430 14336 384 ) (-12872.941406 14591.799805 384 ) (-12855.801758 14591.799805 384 ) (-12720 14456 384 ) 
4 4 9 (-12608 14336 384 ) (-12720 14336 384 ) (-12720 14456 384 ) (-12608 14344 384 ) 
5 4 5 (-13024 14336 416 ) (-13024 14468 416 ) (-13024 14555.798828 401.055328 ) (-13024 14555.945313 384 ) (-13024 14336 384 ) 
4 5 190 (-13088 14336 384 ) (-13024 14336 384 ) (-13024 14336 416 ) (-13088 14336 416 ) 
4 5 17 (-13088 14527.701172 384 ) (-13088 14555.945313 384 ) (-13024 14555.945313 384 ) (-13024 14527.701172 384 ) 
4 5 18 (-13024 14336 384 ) (-13088 14336 384 ) (-13088 14527.701172 384 ) (-13024 14527.701172 384 ) 
5 5 6 (-13088 14336 416 ) (-13088 14468 416 ) (-13088 14555.798828 401.055359 ) (-13088 14555.945313 384 ) (-13088 14336 384 ) 
4 6 192 (-13312 14336 416 ) (-13312 14336 384 ) (-13268 14336 384 ) (-13268 14336 416 ) 
4 6 190 (-13268 14336 384 ) (-13088 14336 384 ) (-13088 14336 416 ) (-13268 14336 416 ) 
5 6 37 (-13312 14336 384 ) (-13312 14336 416 ) (-13312 14468 416 ) (-13312 14591.799805 394.927460 ) (-13312 14591.799805 384 ) 
4 6 21 (-13268 14336 384 ) (-13312 14336 384 ) (-13312 14416 384 ) (-13268 14416 384 ) 
4 6 20 (-13312 14416 384 ) (-13312 14591.799805 384 ) (-13268 14591.799805 384 ) (-13268 14416 384 ) 
4 6 19 (-13088 14336 384 ) (-13268 14336 384 ) (-13268 14591.799805 384 ) (-13088 14591.799805 384 ) 
5 7 34 (-13312 14656 416 ) (-13312 14656.010742 416 ) (-13312 14675.299805 412.716736 ) (-13312 14675.299805 384 ) (-13312 14656 384 ) 
4 7 8 (-12544 14675.299805 384 ) (-12544 14655.998047 384 ) (-13312 14655.998047 384 ) (-13312 14675.299805 384 ) 
4 8 34 (-13312 14656 384 ) (-13312 14675.299805 384 ) (-13312 14675.299805 160 ) (-13312 14656 160 ) 
4 8 22 (-13312 14656 160 ) (-13312 14675.299805 160 ) (-12544 14675.299805 160 ) (-12544 14656 160 ) 
3 9 105 (-12720 14336 160 ) (-12708.235352 14336 160 ) (-12720 14336 176 ) 
5 9 104 (-12708.235352 14336 160 ) (-12618 14336 160 ) (-12618 14336 200 ) (-12720 14336 200 ) (-12720 14336 176 ) 
4 9 99 (-12618 14336 160 ) (-12608 14336 160 ) (-12608 14336 200 ) (-12618 14336 200 ) 
4 9 93 (-12610 14336 384 ) (-12720 14336 384 ) (-12720 14336 200 ) (-12610 14336 200 ) 
4 9 80 (-12608 14336 200 ) (-12608 14336 224 ) (-12610 14336 224 ) (-12610 14336 200 ) 
4 9 77 (-12608 14336 224 ) (-12608 14336 384 ) (-12610 14336 384 ) (-12610 14336 224 ) 
4 9 25 (-12608 14591.799805 160 ) (-12608 14336 160 ) (-12720 14336 160 ) (-12720 14591.799805 160 ) 
3 9 13 (-12720 14424 160 ) (-12720 14416 160 ) (-12720 14416 176 ) 
4 9 11 (-12720 14592 176 ) (-12720 14592 160 ) (-12720 14424 160 ) (-12720 14416 176 ) 
4 9 10 (-12720 14592 384 ) (-12720 14592 176 ) (-12720 14336 176 ) (-12720 14336 384 ) 
3 10 104 (-12720 14336 176 ) (-12720 14336 200 ) (-12737.646484 14336 200 ) 
4 10 93 (-12720 14336 200 ) (-12720 14336 384 ) (-12872.940430 14336 384 ) (-12737.646484 14336 200 ) 
5 10 15 (-12837.650391 14336 336.001099 ) (-12872.943359 14336 384 ) (-12872.943359 14592 384 ) (-12800 14592 284.796570 ) (-12800 14361.602539 284.796570 ) 
4 10 11 (-12720 14592 175.996094 ) (-12720 14416.002930 175.996094 ) (-12800 14361.602539 284.796570 ) (-12800 14592 284.796570 ) 
4 11 26 (-12720 14591.799805 160 ) (-12720 14424 160 ) (-12800 14424 160 ) (-12800 14591.799805 160 ) 
4 11 15 (-12800 14361.601563 284.799927 ) (-12800 14592 284.799927 ) (-12800 14592 176 ) (-12800 14416.001953 176 ) 
4 11 14 (-12800 14592 176 ) (-12800 14592 160 ) (-12800 14424 160 ) (-12800 14416.001953 176 ) 
5 11 13 (-12800 14416 176 ) (-12791.059570 14424 160 ) (-12720 14424 160 ) (-12720 14416.001953 175.996094 ) (-12720.002930 14416 176 ) 
3 11 12 (-12800 14416 176 ) (-12800 14424 160 ) (-12791.059570 14424 160 ) 
4 12 26 (-12800 14416 160 ) (-12800 14424 160 ) (-12791.059570 14424 160 ) (-12791.059570 14416 160 ) 
4 12 14 (-12800 14416.001953 176 ) (-12800 14424 160 ) (-12800 14416 160 ) (-12800 14416 176 ) 
3 12 13 (-12791.056641 14416 160 ) (-12791.056641 14423.998047 160 ) (-12799.996094 14416 175.996094 ) 
4 13 26 (-12720 14424 160 ) (-12720 14416 160 ) (-12791.059570 14416 160 ) (-12791.059570 14424 160 ) 
4 14 190 (-12920 14336 176.002045 ) (-12920 14336 384 ) (-13024 14336 384 ) (-13024 14336 176.002029 ) 
4 14 189 (-13024 14336 160 ) (-12920 14336 160 ) (-12920 14336 176.002045 ) (-13024 14336 176.002029 ) 
5 14 103 (-12920 14336 160 ) (-12800 14336 160 ) (-12800 14336 176 ) (-12813.412109 14336 200 ) (-12920 14336 200 ) 
4 14 92 (-12813.412109 14336 200 ) (-12916.235352 14336 384 ) (-12920 14336 384 ) (-12920 14336 200 ) 
4 14 27 (-12800 14591.799805 160 ) (-12800 14336 160 ) (-13024 14336 160 ) (-13024 14591.799805 160 ) 
4 14 17 (-13024 14527.701172 176.003830 ) (-13024 14527.701172 384 ) (-13024 14555.945313 384 ) (-13024 14556.900391 271.998352 ) 
4 14 18 (-13024 14527.701172 160 ) (-13024 14336 160 ) (-13024 14336 384 ) (-13024 14527.701172 384 ) 
4 14 16 (-13024 14592 384 ) (-13024 14592 160 ) (-13024 14591.799805 160 ) (-13024 14591.799805 384 ) 
5 14 15 (-12800 14416 176.002380 ) (-12800 14592 176.002380 ) (-12916.234375 14592 384 ) (-12916.234375 14336 384 ) (-12889.411133 14336 336.001038 ) 
4 15 97 (-12837.647461 14336 336.001007 ) (-12872.940430 14336 384 ) (-12916.235352 14336 384 ) (-12889.413086 14336 336.001343 ) 
4 16 19 (-13088 14592 384 ) (-13088 14592 160 ) (-13088 14591.799805 160 ) (-13088 14591.799805 384 ) 
4 17 19 (-13088 14527.701172 176.003830 ) (-13088 14527.701172 384 ) (-13088 14555.945313 384 ) (-13088 14556.900391 271.998352 ) 
4 17 18 (-13088 14527.701172 384 ) (-13088 14527.701172 176.003845 ) (-13024 14527.701172 176.003830 ) (-13024 14527.701172 384 ) 
4 18 190 (-13024 14336 176.002045 ) (-13024 14336 384 ) (-13088 14336 384 ) (-13088 14336 176.002029 ) 
4 18 189 (-13088 14336 160 ) (-13024 14336 160 ) (-13024 14336 176.002045 ) (-13088 14336 176.002029 ) 
4 18 28 (-13024 14527.701172 160 ) (-13024 14336 160 ) (-13088 14336 160 ) (-13088 14527.701172 160 ) 
4 18 19 (-13088 14527.701172 160 ) (-13088 14336 160 ) (-13088 14336 384 ) (-13088 14527.701172 384 ) 
4 19 190 (-13088 14336 176.002045 ) (-13088 14336 384 ) (-13268 14336 384 ) (-13268 14336 176.002029 ) 
4 19 189 (-13268 14336 160 ) (-13088 14336 160 ) (-13088 14336 176.002045 ) (-13268 14336 176.002029 ) 
4 19 29 (-13088 14591.799805 160 ) (-13088 14336 160 ) (-13268 14336 160 ) (-13268 14591.799805 160 ) 
4 19 21 (-13268 14336 336.001404 ) (-13268 14336 384 ) (-13268 14416 384 ) (-13268 14416 176.001709 ) 
4 19 20 (-13268 14592 384 ) (-13268 14592 160 ) (-13268 14416 160 ) (-13268 14416 384 ) 
3 20 45 (-13312 14424 160 ) (-13312 14416 160 ) (-13312 14416 176.001709 ) 
5 20 37 (-13312 14416 384 ) (-13312 14591.799805 384 ) (-13312 14591.799805 160 ) (-13312 14424 160 ) (-13312 14416 176.001709 ) 
4 20 36 (-13312 14591.799805 384 ) (-13312 14592 384 ) (-13312 14592 160 ) (-13312 14591.799805 160 ) 
4 20 30 (-13312 14416 160 ) (-13312 14591.799805 160 ) (-13268 14591.799805 160 ) (-13268 14416 160 ) 
4 20 21 (-13268 14416 176.001709 ) (-13268 14416 384 ) (-13312 14416 384 ) (-13312 14416 176.001709 ) 
4 21 192 (-13312 14336 384 ) (-13312 14336 336.001404 ) (-13268 14336 336.001404 ) (-13268 14336 384 ) 
4 21 37 (-13312 14336 336.001404 ) (-13312 14336 384 ) (-13312 14416 384 ) (-13312 14416 176.001709 ) 
4 22 52 (-13312 14655.901367 160 ) (-13312 14675.299805 160 ) (-13312 14675.299805 64 ) (-13312 14655.901367 64 ) 
4 22 31 (-13312 14655.901367 64 ) (-13312 14675.299805 64 ) (-12490 14675.299805 64 ) (-12490 14655.901367 64 ) 
4 22 23 (-12544 14655.901367 64 ) (-12490 14655.901367 64 ) (-12490 14655.901367 160 ) (-12544 14655.901367 160 ) 
4 23 32 (-12544 14655.901367 64 ) (-12490 14655.901367 64 ) (-12490 14591.799805 64 ) (-12544 14591.799805 64 ) 
4 23 24 (-12544 14591.799805 64 ) (-12490 14591.799805 64 ) (-12490 14591.799805 160 ) (-12544 14591.799805 160 ) 
4 24 66 (-12490 14336 160 ) (-12544 14336 160 ) (-12544 14336 64 ) (-12490 14336 64 ) 
4 24 32 (-12490 14336 64 ) (-12544 14336 64 ) (-12544 14591.799805 64 ) (-12490 14591.799805 64 ) 
4 25 105 (-12708.235352 14336 160 ) (-12720 14336 160 ) (-12720 14336 64 ) (-12637.647461 14336 64 ) 
4 25 104 (-12618 14336 160 ) (-12708.235352 14336 160 ) (-12637.647461 14336 64 ) (-12618 14336 64 ) 
4 25 99 (-12608 14336 160 ) (-12618 14336 160 ) (-12618 14336 64 ) (-12608 14336 64 ) 
4 25 26 (-12720 14591.799805 160 ) (-12720 14591.799805 64 ) (-12720 14416 64 ) (-12720 14416 160 ) 
4 26 27 (-12800 14591.799805 160 ) (-12800 14591.799805 64 ) (-12800 14416 64 ) (-12800 14416 160 ) 
4 27 189 (-12920 14336 160 ) (-13024 14336 160 ) (-13024 14336 64 ) (-12920 14336 64 ) 
4 27 103 (-12800 14336 160 ) (-12920 14336 160 ) (-12920 14336 64 ) (-12800 14336 64 ) 
4 27 28 (-13024 14527.701172 64 ) (-13024 14336 64 ) (-13024 14336 160 ) (-13024 14527.701172 160 ) 
4 28 189 (-13024 14336 160 ) (-13088 14336 160 ) (-13088 14336 64 ) (-13024 14336 64 ) 
4 28 29 (-13088 14527.701172 64 ) (-13088 14336 64 ) (-13088 14336 160 ) (-13088 14527.701172 160 ) 
4 29 189 (-13088 14336 160 ) (-13268 14336 160 ) (-13268 14336 64 ) (-13088 14336 64 ) 
4 29 30 (-13268 14591.799805 160 ) (-13268 14591.799805 64 ) (-13268 14416 64 ) (-13268 14416 160 ) 
4 30 54 (-13312 14416 160 ) (-13312 14591.799805 160 ) (-13312 14591.799805 64 ) (-13312 14416 64 ) 
4 31 60 (-13312 14656 64 ) (-13312 14675.299805 64 ) (-13312 14675.299805 -34.138901 ) (-13312 14656 -34.138901 ) 
4 31 33 (-13312 14656 -34.138901 ) (-12544 14656 -34.138901 ) (-12544 14656 0 ) (-13312 14656 0 ) 
4 31 32 (-12544 14656 -34.138901 ) (-12490 14656 -34.138901 ) (-12490 14656 64 ) (-12544 14656 64 ) 
4 32 74 (-12490 14336 64 ) (-12544 14336 64 ) (-12544 14336 -34.138901 ) (-12490 14336 -34.138901 ) 
4 32 33 (-12544 14656 0 ) (-12544 14656 -34.138901 ) (-12544 14336 -34.138901 ) (-12544 14336 0 ) 
4 33 212 (-13312 14336 0 ) (-13312 14336 -34.138901 ) (-12920 14336 -34.138901 ) (-12920 14336 0 ) 
4 33 106 (-12920 14336 -34.138901 ) (-12608 14336 -34.138901 ) (-12608 14336 0 ) (-12920 14336 0 ) 
4 33 75 (-12608 14336 -34.138901 ) (-12544 14336 -34.138901 ) (-12544 14336 0 ) (-12608 14336 0 ) 
4 33 61 (-13312 14336 -34.138901 ) (-13312 14336 0 ) (-13312 14656 0 ) (-13312 14656 -34.138901 ) 
4 34 52 (-13312 14675.299805 160 ) (-13312 14656 160 ) (-14133 14656 160 ) (-14133 14675.299805 160 ) 
4 34 51 (-14133 14656 160 ) (-14080 14656 160 ) (-14080 14656 866.139038 ) (-14133 14656 866.139038 ) 
4 34 35 (-13312 14656 416.001678 ) (-13312 14656 866.139038 ) (-14080 14656 866.139038 ) (-14080 14656 416.001678 ) 
3 35 255 (-13759.991211 14336 470.469879 ) (-13704 14336 470.469879 ) (-13704 14336 480 ) 
5 35 253 (-13704 14336 520 ) (-14080 14336 520 ) (-14080 14336 470.469879 ) (-13759.991211 14336 470.469879 ) (-13704 14336 480 ) 
4 35 244 (-13312 14336 470.469849 ) (-13312 14336 520 ) (-13704 14336 520 ) (-13704 14336 470.469879 ) 
4 35 243 (-13704 14336 866.139038 ) (-14080 14336 866.139038 ) (-14080 14336 520 ) (-13704 14336 520 ) 
4 35 214 (-13312 14336 520 ) (-13312 14336 866.139038 ) (-13704 14336 866.139038 ) (-13704 14336 520 ) 
4 35 51 (-14080 14656 866.139038 ) (-14080 14656 416.001678 ) (-14080 14336 470.469849 ) (-14080 14336 866.139038 ) 
4 35 41 (-14080 14336 470.469879 ) (-14080 14656 416.001770 ) (-13703.991211 14656 416.001770 ) (-13703.990234 14336 470.469879 ) 
4 36 42 (-13600 14592 160 ) (-13600 14591.799805 160 ) (-13600 14591.799805 384 ) (-13600 14592 384 ) 
4 36 37 (-13536 14591.799805 160 ) (-13312 14591.799805 160 ) (-13312 14591.799805 384 ) (-13536 14591.799805 384 ) 
4 37 259 (-13356 14336 438.468018 ) (-13536 14336 438.468018 ) (-13536 14336 336.002502 ) (-13356 14336 336.002502 ) 
4 37 257 (-13312 14336 336.002502 ) (-13312 14336 438.468018 ) (-13356 14336 438.468018 ) (-13356 14336 336.002502 ) 
4 37 54 (-13312 14591.799805 160 ) (-13312 14424.001953 160 ) (-13536 14424.001953 160 ) (-13536 14591.799805 160 ) 
4 37 47 (-13536 14423.998047 160 ) (-13356 14423.998047 160 ) (-13356 14336 335.995697 ) (-13536 14336 335.995697 ) 
4 37 45 (-13356 14423.998047 160 ) (-13312 14423.998047 160 ) (-13312 14416 175.996063 ) (-13356 14416 175.996063 ) 
5 37 39 (-13536 14527.701172 160 ) (-13536 14424 160 ) (-13536 14336 336 ) (-13536 14336 438.467987 ) (-13536 14527.701172 405.837952 ) 
4 37 38 (-13536 14527.701172 176.003952 ) (-13536 14527.701172 405.837952 ) (-13536 14555.799805 401.055267 ) (-13536 14556.900391 271.998016 ) 
4 38 43 (-13600 14527.701172 384 ) (-13600 14527.701172 405.837769 ) (-13600 14555.799805 401.055206 ) (-13600 14555.945313 384 ) 
4 38 44 (-13600 14527.701172 176.003937 ) (-13600 14527.701172 384 ) (-13600 14555.945313 384 ) (-13600 14556.900391 271.997986 ) 
4 38 39 (-13600 14527.701172 405.837799 ) (-13600 14527.701172 176.003937 ) (-13536 14527.701172 176.003937 ) (-13536 14527.701172 405.837708 ) 
4 39 259 (-13600 14336 438.468018 ) (-13600 14336 336.002502 ) (-13536 14336 336.002502 ) (-13536 14336 438.468018 ) 
4 39 55 (-13536 14424.001953 160 ) (-13600 14424.001953 160 ) (-13600 14527.701172 160 ) (-13536 14527.701172 160 ) 
4 39 47 (-13600 14423.998047 160 ) (-13536 14423.998047 160 ) (-13536 14336 335.995697 ) (-13600 14336 335.995697 ) 
5 39 43 (-13600 14336 384 ) (-13600 14336 416 ) (-13600 14467.998047 416 ) (-13600 14527.701172 405.837769 ) (-13600 14527.701172 384 ) 
5 39 44 (-13600 14424.002930 160 ) (-13600 14336 336.005310 ) (-13600 14336 384 ) (-13600 14527.701172 384 ) (-13600 14527.701172 160 ) 
3 39 40 (-13600 14336 416 ) (-13600 14336 438.467957 ) (-13600 14467.998047 416 ) 
5 40 260 (-13727.529297 14336 416 ) (-13689.882813 14336 416 ) (-13677.327148 14336 438.467957 ) (-13704 14336 438.467957 ) (-13712.010742 14336 437.104553 ) 
4 40 259 (-13689.882813 14336 416 ) (-13600 14336 416 ) (-13600 14336 438.467957 ) (-13677.327148 14336 438.467957 ) 
3 40 258 (-13836 14336 416 ) (-13727.529297 14336 416 ) (-13712.010742 14336 437.104553 ) 
4 40 43 (-13600 14468 416 ) (-13600 14336 416 ) (-13836 14336 416 ) (-13704 14468 416 ) 
4 41 285 (-14080 14336 416 ) (-14023.998047 14336 416 ) (-14014 14336 417.701813 ) (-14014 14336 427.234253 ) 
4 41 284 (-14080 14336 448 ) (-14080 14336 416 ) (-14014 14336 427.234253 ) (-14014 14336 448 ) 
4 41 265 (-14014 14336 417.701813 ) (-13836 14336 448 ) (-13892.001953 14336 448 ) (-14014 14336 427.234253 ) 
3 41 264 (-13892.001953 14336 448 ) (-14014 14336 448 ) (-14014 14336 427.234253 ) 
4 41 255 (-13703.990234 14336 470.469849 ) (-13759.991211 14336 470.469849 ) (-13892.001953 14336 448 ) (-13836 14336 448 ) 
4 41 253 (-13759.991211 14336 470.469849 ) (-14080 14336 470.469879 ) (-14080 14336 448 ) (-13892.001953 14336 448 ) 
4 41 51 (-14080 14656 416.001678 ) (-14080 14656 416 ) (-14080 14336 416 ) (-14080 14336 470.469849 ) 
4 42 44 (-14016 14591.799805 384 ) (-14016 14591.799805 160 ) (-13600 14591.799805 160 ) (-13600 14591.799805 384 ) 
4 43 287 (-14014 14336 385.701965 ) (-14016 14336 385.361542 ) (-14016 14336 384 ) (-14014 14336 384 ) 
4 43 260 (-13689.882813 14336 416 ) (-13727.529297 14336 416 ) (-13751.059570 14336 384 ) (-13707.764648 14336 384 ) 
4 43 259 (-13600 14336 384 ) (-13600 14336 416 ) (-13689.882813 14336 416 ) (-13707.764648 14336 384 ) 
5 43 258 (-13727.529297 14336 416 ) (-13836 14336 416 ) (-14014 14336 385.701965 ) (-14014 14336 384 ) (-13751.059570 14336 384 ) 
5 43 44 (-14016 14336 384 ) (-14016 14344 384 ) (-13768.198242 14591.799805 384 ) (-13600 14591.799805 384 ) (-13600 14336 384 ) 
4 44 287 (-14016 14336 336.002502 ) (-14014 14336 336.002502 ) (-14014 14336 384 ) (-14016 14336 384 ) 
4 44 260 (-13786.350586 14336 336.002502 ) (-13734.586914 14336 336.002502 ) (-13707.764648 14336 384 ) (-13751.059570 14336 384 ) 
4 44 259 (-13734.586914 14336 336.002502 ) (-13600 14336 336.002502 ) (-13600 14336 384 ) (-13707.764648 14336 384 ) 
4 44 258 (-14014 14336 336.002502 ) (-13786.350586 14336 336.002502 ) (-13751.059570 14336 384 ) (-14014 14336 384 ) 
4 44 58 (-13904 14424.001953 160 ) (-14016 14424.001953 160 ) (-14016 14591.799805 160 ) (-13904 14591.799805 160 ) 
4 44 56 (-13600 14591.799805 160 ) (-13600 14424.001953 160 ) (-13904 14424.001953 160 ) (-13904 14591.799805 160 ) 
4 44 49 (-13904 14423.998047 160 ) (-13824 14423.998047 160 ) (-13824 14416 175.995972 ) (-13904 14416 175.996445 ) 
4 44 48 (-13824 14361.597656 284.799805 ) (-13824 14336 335.995667 ) (-13904 14336 335.995667 ) (-13904 14415.998047 176 ) 
5 44 47 (-13824 14423.998047 160 ) (-13600 14423.998047 160 ) (-13600 14336 335.995697 ) (-13734.589844 14336 335.995667 ) (-13824 14415.998047 176 ) 
3 44 46 (-13786.355469 14336 335.995667 ) (-13824 14336 335.995667 ) (-13824 14361.597656 284.799805 ) 
4 44 50 (-14016 14423.998047 160 ) (-13904 14423.998047 160 ) (-13904 14336 335.995667 ) (-14016 14336 335.995667 ) 
4 45 54 (-13356 14416 160 ) (-13356 14424.001953 160 ) (-13312 14424.001953 160 ) (-13312 14416 160 ) 
3 45 47 (-13356 14416 176 ) (-13356 14424 160 ) (-13356 14416 160 ) 
3 46 258 (-13786.350586 14336 336.002502 ) (-13824 14336 336.002502 ) (-13824 14336 284.799988 ) 
3 46 48 (-13824 14336 336 ) (-13824 14361.599609 284.800232 ) (-13824 14336 284.800232 ) 
4 47 304 (-13824 14336 176 ) (-13824 14336 160 ) (-13356 14336 160 ) (-13356 14336 176 ) 
4 47 259 (-13356 14336 336.002502 ) (-13734.586914 14336 336.002502 ) (-13824 14336 176 ) (-13356 14336 176 ) 
4 47 57 (-13356 14336 160 ) (-13824 14336 160 ) (-13824 14416 160 ) (-13356 14416 160 ) 
4 47 55 (-13600 14424.001953 160 ) (-13536 14424.001953 160 ) (-13536 14416 160 ) (-13600 14416 160 ) 
4 47 54 (-13536 14424.001953 160 ) (-13356 14424.001953 160 ) (-13356 14416 160 ) (-13536 14416 160 ) 
4 47 56 (-13824 14416 160 ) (-13824 14424.001953 160 ) (-13600 14424.001953 160 ) (-13600 14416 160 ) 
3 47 49 (-13824 14416 176 ) (-13824 14424 160 ) (-13824 14416 160 ) 
4 48 258 (-13824 14336 336.002502 ) (-13904 14336 336.002502 ) (-13904 14336 176 ) (-13824 14336 284.799988 ) 
3 48 50 (-13904 14336 336 ) (-13904 14416 176 ) (-13904 14336 176 ) 
4 49 56 (-13904 14416 160 ) (-13904 14424.001953 160 ) (-13824 14424.001953 160 ) (-13824 14416 160 ) 
3 49 50 (-13904 14416 176 ) (-13904 14424 160 ) (-13904 14416 160 ) 
4 50 305 (-14016 14336 176 ) (-14016 14336 160 ) (-14006 14336 160 ) (-14006 14336 176 ) 
4 50 304 (-14006 14336 160 ) (-13904 14336 160 ) (-13904 14336 176 ) (-14006 14336 176 ) 
4 50 302 (-14016 14336 200 ) (-14016 14336 176 ) (-14014 14336 176 ) (-14014 14336 200 ) 
4 50 290 (-14016 14336 224 ) (-14016 14336 200 ) (-14014 14336 200 ) (-14014 14336 224 ) 
4 50 287 (-14014 14336 336.002502 ) (-14016 14336 336.002502 ) (-14016 14336 224 ) (-14014 14336 224 ) 
4 50 258 (-13904 14336 336.002502 ) (-14014 14336 336.002502 ) (-14014 14336 176 ) (-13904 14336 176 ) 
4 50 58 (-13904 14336 160 ) (-14016 14336 160 ) (-14016 14424.001953 160 ) (-13904 14424.001953 160 ) 
4 51 316 (-14133 14336 448 ) (-14133 14336 160 ) (-14080 14336 160 ) (-14080 14336 448 ) 
4 51 253 (-14133 14336 520 ) (-14133 14336 448 ) (-14080 14336 448 ) (-14080 14336 520 ) 
4 51 243 (-14080 14336 866.139038 ) (-14133 14336 866.139038 ) (-14133 14336 520 ) (-14080 14336 520 ) 
4 51 59 (-14080 14336 160 ) (-14133 14336 160 ) (-14133 14591.799805 160 ) (-14080 14591.799805 160 ) 
4 51 53 (-14133 14591.799805 160 ) (-14133 14656 160 ) (-14080 14656 160 ) (-14080 14591.799805 160 ) 
4 52 60 (-13312 14675.299805 64 ) (-13312 14655.901367 64 ) (-14133 14655.901367 64 ) (-14133 14675.299805 64 ) 
4 52 53 (-14133 14655.901367 160 ) (-14133 14655.901367 64 ) (-14080 14655.901367 64 ) (-14080 14655.901367 160 ) 
4 53 62 (-14080 14591.799805 64 ) (-14133 14591.799805 64 ) (-14133 14655.901367 64 ) (-14080 14655.901367 64 ) 
4 53 59 (-14133 14591.799805 64 ) (-14080 14591.799805 64 ) (-14080 14591.799805 160 ) (-14133 14591.799805 160 ) 
4 54 57 (-13536 14416 64 ) (-13356 14416 64 ) (-13356 14416 160 ) (-13536 14416 160 ) 
4 54 55 (-13536 14527.701172 64 ) (-13536 14416 64 ) (-13536 14416 160 ) (-13536 14527.701172 160 ) 
4 55 57 (-13600 14416 64 ) (-13536 14416 64 ) (-13536 14416 160 ) (-13600 14416 160 ) 
4 55 56 (-13600 14527.701172 64 ) (-13600 14416 64 ) (-13600 14416 160 ) (-13600 14527.701172 160 ) 
4 56 58 (-13904 14591.799805 160 ) (-13904 14591.799805 64 ) (-13904 14416 64 ) (-13904 14416 160 ) 
4 56 57 (-13824 14416 64 ) (-13600 14416 64 ) (-13600 14416 160 ) (-13824 14416 160 ) 
4 57 304 (-13356 14336 160 ) (-13824 14336 160 ) (-13824 14336 64 ) (-13356 14336 64 ) 
4 58 305 (-14006 14336 160 ) (-14016 14336 160 ) (-14016 14336 64 ) (-14006 14336 64 ) 
4 58 304 (-13904 14336 160 ) (-14006 14336 160 ) (-14006 14336 64 ) (-13904 14336 64 ) 
4 59 316 (-14080 14336 160 ) (-14133 14336 160 ) (-14133 14336 64 ) (-14080 14336 64 ) 
4 59 62 (-14080 14336 64 ) (-14133 14336 64 ) (-14133 14591.799805 64 ) (-14080 14591.799805 64 ) 
4 60 61 (-14080 14656 -34.138901 ) (-13312 14656 -34.138901 ) (-13312 14656 0 ) (-14080 14656 0 ) 
4 60 62 (-14133 14656 64 ) (-14133 14656 -34.138901 ) (-14080 14656 -34.138901 ) (-14080 14656 64 ) 
4 61 314 (-13312 14336 -34.138901 ) (-13312 14336 0 ) (-14080 14336 0 ) (-14080 14336 -34.138901 ) 
4 61 62 (-14080 14656 0 ) (-14080 14656 -34.138901 ) (-14080 14336 -34.138901 ) (-14080 14336 0 ) 
4 62 316 (-14080 14336 64 ) (-14133 14336 64 ) (-14133 14336 -34.138901 ) (-14080 14336 -34.138901 ) 
4 63 128 (-12608 14011 426.895203 ) (-12608 13568 426.895203 ) (-12608 13568 866.139038 ) (-12608 14011 866.139038 ) 
4 63 118 (-12608 14036 426.895203 ) (-12608 14011 426.895203 ) (-12608 14011 866.139038 ) (-12608 14036 866.139038 ) 
4 63 108 (-12608 14046 426.895203 ) (-12608 14036 426.895203 ) (-12608 14036 866.139038 ) (-12608 14046 866.139038 ) 
3 63 79 (-12608 14279.990234 426.895203 ) (-12608 14046 426.895203 ) (-12608 14046 466.723389 ) 
5 63 78 (-12608 14336 866.139038 ) (-12608 14336 426.895203 ) (-12608 14279.990234 426.895203 ) (-12608 14046 466.723389 ) (-12608 14046 866.139038 ) 
4 63 72 (-12544 13568 866.139038 ) (-12608 13568 866.139038 ) (-12608 13568 426.895203 ) (-12544 13568 416.001648 ) 
5 63 71 (-12490 13568 416 ) (-12490 13568 866.139038 ) (-12544 13568 866.139038 ) (-12544 13568 416.001648 ) (-12543.990234 13568 416 ) 
4 63 69 (-12543.990234 13880.009766 416 ) (-12543.990234 14336 416 ) (-12490 14336 416 ) (-12490 13934.002930 416 ) 
4 63 68 (-12490 13568 416 ) (-12543.990234 13568 416 ) (-12543.990234 13880.009766 416 ) (-12490 13934.002930 416 ) 
4 63 65 (-12543.992188 14336 416 ) (-12543.992188 14279.992188 416 ) (-12608 14279.991211 426.894958 ) (-12608 14336 426.894958 ) 
4 63 64 (-12543.992188 13880.007813 416 ) (-12543.992188 13568 416 ) (-12608 13568 426.894958 ) (-12608 13880.009766 426.894958 ) 
4 64 131 (-12608 13816.002930 416 ) (-12608 13568 416 ) (-12608 13568 426.895203 ) (-12608 13880.011719 426.895203 ) 
3 64 72 (-12608 13568 426.895203 ) (-12608 13568 416 ) (-12543.990234 13568 416 ) 
3 65 78 (-12608 14336 426.895203 ) (-12608 14336 417.361542 ) (-12608 14279.990234 426.895203 ) 
4 66 74 (-12544 14336 64 ) (-12490 14336 64 ) (-12490 13568 64 ) (-12544 13568 64 ) 
4 66 71 (-12544 13568 64 ) (-12490 13568 64 ) (-12490 13568 321.701721 ) (-12544 13568 330.893188 ) 
4 66 70 (-12544 13880.003906 384 ) (-12490 13880.003906 374.808685 ) (-12490 14336 374.808685 ) (-12544 14336 384 ) 
5 66 67 (-12490 13880.005859 374.809845 ) (-12543.992188 13880.005859 384 ) (-12544 13879.998047 384 ) (-12544 13568 330.893951 ) (-12490 13568 321.702454 ) 
4 67 71 (-12490 13568 321.701721 ) (-12490 13568 374.808411 ) (-12544 13568 384 ) (-12544 13568 330.893188 ) 
4 67 70 (-12544 13568 384 ) (-12490 13568 374.808685 ) (-12490 13880.003906 374.808685 ) (-12544 13880.003906 384 ) 
4 68 71 (-12490 13568 384 ) (-12490 13568 416 ) (-12544 13568 416 ) (-12544 13568 384 ) 
4 68 69 (-12490 13746 384 ) (-12544 13692 384 ) (-12544 13880 416 ) (-12490 13934 416 ) 
4 68 70 (-12490 13568 384 ) (-12544 13568 384 ) (-12544 13692.001953 384 ) (-12490 13746.002930 384 ) 
4 69 70 (-12544 13692.001953 384 ) (-12544 14336 384 ) (-12490 14336 384 ) (-12490 13746.002930 384 ) 
3 70 71 (-12490 13568 374.808411 ) (-12490 13568 384 ) (-12544 13568 384 ) 
4 71 74 (-12544 13568 64 ) (-12490 13568 64 ) (-12490 13479.701172 64 ) (-12544 13479.701172 64 ) 
4 71 73 (-12544 13504 64 ) (-12544 13479.701172 64 ) (-12544 13479.701172 866.139038 ) (-12544 13504 866.139038 ) 
4 71 72 (-12544 13568 866.139038 ) (-12544 13568 416 ) (-12544 13504 416 ) (-12544 13504 866.139038 ) 
4 72 137 (-12608 13504 416 ) (-12608 13504 426.895203 ) (-12608 13568 426.895203 ) (-12608 13568 416 ) 
4 72 128 (-12608 13504 426.895203 ) (-12608 13504 866.139038 ) (-12608 13568 866.139038 ) (-12608 13568 426.895203 ) 
4 72 73 (-12544 13504 416 ) (-12544 13504 866.139038 ) (-12608 13504 866.139038 ) (-12608 13504 416 ) 
4 73 149 (-12608 13504 64 ) (-12608 13479.701172 64 ) (-12608 13479.701172 176 ) (-12608 13504 176 ) 
4 73 141 (-12608 13479.701172 326.756989 ) (-12608 13479.701172 384 ) (-12608 13504 384 ) (-12608 13504 330.893341 ) 
4 73 139 (-12608 13479.701172 384 ) (-12608 13479.701172 416 ) (-12608 13504 416 ) (-12608 13504 384 ) 
4 73 138 (-12608 13479.701172 176 ) (-12608 13479.701172 326.756989 ) (-12608 13504 330.893341 ) (-12608 13504 176 ) 
4 73 137 (-12608 13479.701172 416 ) (-12608 13479.701172 426.895172 ) (-12608 13504 426.895203 ) (-12608 13504 416 ) 
4 73 128 (-12608 13479.701172 426.895172 ) (-12608 13479.701172 866.139038 ) (-12608 13504 866.139038 ) (-12608 13504 426.895203 ) 
4 73 76 (-12608 13479.701172 64 ) (-12608 13504 64 ) (-12544 13504 64 ) (-12544 13479.701172 64 ) 
4 74 75 (-12544 14336 -34.138901 ) (-12544 13504 -34.138901 ) (-12544 13504 0 ) (-12544 14336 0 ) 
4 74 76 (-12544 13504 -34.138901 ) (-12544 13479.701172 -34.138901 ) (-12544 13479.701172 64 ) (-12544 13504 64 ) 
4 75 150 (-12608 14046 -34.138901 ) (-12608 13504 -34.138901 ) (-12608 13504 0 ) (-12608 14046 0 ) 
4 75 106 (-12608 14336 0 ) (-12608 14336 -34.138901 ) (-12608 14046 -34.138901 ) (-12608 14046 0 ) 
4 75 76 (-12608 13504 -34.138901 ) (-12544 13504 -34.138901 ) (-12544 13504 0 ) (-12608 13504 0 ) 
4 76 151 (-12608 13504 -34.138901 ) (-12608 13479.701172 -34.138901 ) (-12608 13479.701172 64 ) (-12608 13504 64 ) 
4 77 107 (-12608 14046 224 ) (-12608 14046 394.893433 ) (-12610 14046 395.233978 ) (-12610 14046 224 ) 
5 77 93 (-12610 14046 224 ) (-12610 14046 395.233948 ) (-12610 14280 395.233978 ) (-12610 14336 385.701996 ) (-12610 14336 224 ) 
4 77 91 (-12610 14053 224 ) (-12610 14059 224 ) (-12608 14059 224 ) (-12608 14053 224 ) 
4 77 87 (-12610 14090.500977 224 ) (-12610 14105 224 ) (-12608 14105 224 ) (-12608 14090.500977 224 ) 
4 77 86 (-12610 14066 224 ) (-12610 14080 224 ) (-12608 14080 224 ) (-12608 14066 224 ) 
4 77 83 (-12610 14127 224 ) (-12610 14131 224 ) (-12608 14131 224 ) (-12608 14127 224 ) 
4 77 80 (-12610 14149 224 ) (-12610 14336 224 ) (-12608 14336 224 ) (-12608 14149 224 ) 
4 78 108 (-12608 14046 466.723389 ) (-12608 14046 866.139038 ) (-12610 14046 866.139038 ) (-12610 14046 467.063843 ) 
4 78 95 (-12610 14046 467.063904 ) (-12610 14046 866.139038 ) (-12610 14336 866.139038 ) (-12610 14336 417.702057 ) 
4 78 79 (-12610 14046 467.064117 ) (-12610 14279.991211 427.235718 ) (-12608 14279.992188 426.895172 ) (-12608 14046 466.723694 ) 
4 79 108 (-12608 14046 426.895203 ) (-12608 14046 466.723389 ) (-12610 14046 467.063843 ) (-12610 14046 427.235687 ) 
4 79 96 (-12610 14046 435.063812 ) (-12610 14046 467.063904 ) (-12610 14279.990234 427.235687 ) (-12610 14091.990234 427.235718 ) 
3 79 94 (-12610 14046 427.235718 ) (-12610 14046 435.063812 ) (-12610 14091.990234 427.235718 ) 
4 80 99 (-12610 14149 200 ) (-12610 14336 200 ) (-12608 14336 200 ) (-12608 14149 200 ) 
4 80 93 (-12610 14336 200 ) (-12610 14149 200 ) (-12610 14149 224 ) (-12610 14336 224 ) 
4 80 81 (-12610 14149 214 ) (-12610 14149 206 ) (-12608 14149 206 ) (-12608 14149 214 ) 
3 81 93 (-12610 14149 214 ) (-12610 14149 206 ) (-12610 14137 206 ) 
3 82 93 (-12610 14131 210 ) (-12610 14131 218 ) (-12610 14143 218 ) 
4 82 84 (-12610 14131 218 ) (-12610 14131 210 ) (-12608 14131 210 ) (-12608 14131 218 ) 
4 83 93 (-12610 14127 224 ) (-12610 14131 224 ) (-12610 14131 218 ) (-12610 14127 218 ) 
4 83 84 (-12610 14127 218 ) (-12610 14131 218 ) (-12608 14131 218 ) (-12608 14127 218 ) 
4 84 101 (-12610 14119 200 ) (-12610 14131 200 ) (-12608 14131 200 ) (-12608 14119 200 ) 
4 84 93 (-12610 14131 200 ) (-12610 14119 200 ) (-12610 14119 218 ) (-12610 14131 218 ) 
4 85 101 (-12610 14105 200 ) (-12610 14113 200 ) (-12608 14113 200 ) (-12608 14105 200 ) 
4 85 93 (-12610 14113 200 ) (-12610 14105 200 ) (-12610 14105 218 ) (-12610 14113 218 ) 
4 85 87 (-12610 14105 218 ) (-12610 14105 200 ) (-12608 14105 200 ) (-12608 14105 218 ) 
4 86 101 (-12610 14066 200 ) (-12610 14069.500000 200 ) (-12608 14069.500000 200 ) (-12608 14066 200 ) 
4 86 93 (-12610 14069.500000 200 ) (-12610 14066 200 ) (-12610 14066 224 ) (-12610 14080 224 ) 
4 87 101 (-12610 14101 200 ) (-12610 14105 200 ) (-12608 14105 200 ) (-12608 14101 200 ) 
4 87 93 (-12610 14105 200 ) (-12610 14101 200 ) (-12610 14090.500977 224 ) (-12610 14105 224 ) 
4 88 89 (-12608 14081.900391 212 ) (-12610 14081.900391 212 ) (-12610 14085.300781 219.998352 ) (-12608 14085.300781 219.998352 ) 
3 89 93 (-12610 14088.779297 212 ) (-12610 14081.750000 212 ) (-12610 14085.275391 220.057373 ) 
4 90 101 (-12610 14076.500977 200 ) (-12610 14094 200 ) (-12608 14094 200 ) (-12608 14076.500977 200 ) 
4 90 93 (-12610 14094 200 ) (-12610 14076.500977 200 ) (-12610 14079.125000 206 ) (-12610 14091.389648 206 ) 
4 91 101 (-12610 14053 200 ) (-12610 14059 200 ) (-12608 14059 200 ) (-12608 14053 200 ) 
4 91 93 (-12610 14059 200 ) (-12610 14053 200 ) (-12610 14053 224 ) (-12610 14059 224 ) 
4 92 193 (-12920 14046 200 ) (-12920 14046 390.735535 ) (-12920 14248 390.735535 ) (-12920 14248 200 ) 
4 92 190 (-12920 14266.526367 390.735535 ) (-12920 14336 390.735535 ) (-12920 14336 200 ) (-12920 14328.235352 200 ) 
4 92 189 (-12920 14248 390.735535 ) (-12920 14266.526367 390.735535 ) (-12920 14328.235352 200 ) (-12920 14248 200 ) 
3 92 115 (-12920 14046 390.735535 ) (-12920 14046 200 ) (-12813.412109 14046 200 ) 
4 92 103 (-12813.412109 14046 200 ) (-12920 14046 200 ) (-12920 14336 200 ) (-12813.412109 14336 200 ) 
4 92 98 (-12813.411133 14046 200 ) (-12813.411133 14328.235352 200 ) (-12920 14266.525391 390.738129 ) (-12920 14046 390.738129 ) 
3 92 97 (-12889.412109 14336 336.002563 ) (-12920 14336 390.738129 ) (-12920 14308.631836 390.738129 ) 
4 93 115 (-12920 14046 448 ) (-12737.648438 14046 200 ) (-12610 14046 200 ) (-12610 14046 395.234009 ) 
4 93 104 (-12618 14046 200 ) (-12737.648438 14046 200 ) (-12737.648438 14336 200 ) (-12618 14336 200 ) 
4 93 101 (-12610 14046 200 ) (-12618 14046 200 ) (-12618 14136.701172 200 ) (-12610 14136.701172 200 ) 
4 93 100 (-12618 14136.701172 200 ) (-12618 14140 200 ) (-12610 14140 200 ) (-12610 14136.701172 200 ) 
4 93 99 (-12618 14140 200 ) (-12618 14336 200 ) (-12610 14336 200 ) (-12610 14140 200 ) 
4 93 98 (-12737.649414 14328.235352 200 ) (-12737.649414 14046 200 ) (-12920 14046 447.996643 ) (-12920 14248 447.996643 ) 
4 93 97 (-12920 14280.001953 447.996643 ) (-12920 14280.018555 447.996643 ) (-12911.991211 14336 437.104706 ) (-12837.650391 14336 336.001862 ) 
3 94 183 (-12920 14084 481.361603 ) (-12920 14091.991211 480.001404 ) (-12920 14084 480.001404 ) 
4 94 184 (-12920 14046 480.001404 ) (-12920 14046 487.829681 ) (-12920 14076 482.723297 ) (-12920 14076 480.001404 ) 
4 94 116 (-12920 14046 487.829681 ) (-12920 14046 480.001404 ) (-12610 14046 427.235748 ) (-12610 14046 435.063782 ) 
4 94 96 (-12920 14091.995117 480.001495 ) (-12920 14046 487.830536 ) (-12610 14046 435.065399 ) (-12610 14092 427.235657 ) 
4 95 183 (-12920 14084 520 ) (-12920 14248 520 ) (-12920 14248 485.446716 ) (-12920 14084 513.361694 ) 
4 95 184 (-12920 14046 519.829773 ) (-12920 14046 520 ) (-12920 14076 520 ) (-12920 14076 514.723389 ) 
4 95 180 (-12920 14280 520 ) (-12920 14336 520 ) (-12920 14336 470.467957 ) (-12920 14280 480 ) 
4 95 169 (-12920 14046 614.948914 ) (-12920 14046 619.230286 ) (-12920 14076 631.380493 ) (-12920 14076 627 ) 
4 95 168 (-12920 14046 651.230042 ) (-12920 14046 866.139038 ) (-12920 14076 866.139038 ) (-12920 14076 663.380310 ) 
4 95 167 (-12920 14046 552 ) (-12920 14046 614.948914 ) (-12920 14076 627 ) (-12920 14076 552 ) 
5 95 165 (-12920 14084 631.380188 ) (-12920 14084 621 ) (-12920 14076 621 ) (-12920 14076 631.380188 ) (-12920 14080 633 ) 
3 95 164 (-12920 14084 666.619873 ) (-12920 14084 663.379456 ) (-12920 14080 665 ) 
4 95 163 (-12920 14076 866.139038 ) (-12920 14084 866.139038 ) (-12920 14084 666.619873 ) (-12920 14076 663.380005 ) 
4 95 166 (-12920 14084 621 ) (-12920 14084 552 ) (-12920 14076 552 ) (-12920 14076 621 ) 
4 95 159 (-12920 14197 585.615417 ) (-12920 14197 581.606934 ) (-12920 14084 627 ) (-12920 14084 631.380493 ) 
4 95 158 (-12920 14084 866.139038 ) (-12920 14197 866.139038 ) (-12920 14197 617.614746 ) (-12920 14084 663.379761 ) 
4 95 157 (-12920 14197 581.606934 ) (-12920 14197 552 ) (-12920 14084 552 ) (-12920 14084 627 ) 
4 95 155 (-12920 14201 583.995728 ) (-12920 14201 579 ) (-12920 14197 579 ) (-12920 14197 585.615662 ) 
4 95 154 (-12920 14197 866.139038 ) (-12920 14201 866.139038 ) (-12920 14201 615.994995 ) (-12920 14197 617.614929 ) 
4 95 156 (-12920 14201 579 ) (-12920 14201 552 ) (-12920 14197 552 ) (-12920 14197 579 ) 
4 95 153 (-12920 14201 866.139038 ) (-12920 14280 866.139038 ) (-12920 14280 584 ) (-12920 14201 615.994873 ) 
4 95 152 (-12920 14280 866.139038 ) (-12920 14336 866.139038 ) (-12920 14336 520 ) (-12920 14280 520 ) 
4 95 116 (-12920 14046 866.139038 ) (-12920 14046 519.829712 ) (-12610 14046 467.063843 ) (-12610 14046 866.139038 ) 
4 95 96 (-12610 14279.990234 427.235687 ) (-12610 14046 467.064026 ) (-12920 14046 519.830139 ) (-12920 14279.992188 480.001465 ) 
5 96 183 (-12920 14084 513.361694 ) (-12920 14248 485.446747 ) (-12920 14248 480.001434 ) (-12920 14091.991211 480.001404 ) (-12920 14084 481.361603 ) 
4 96 184 (-12920 14046 487.829681 ) (-12920 14046 519.829773 ) (-12920 14076 514.723389 ) (-12920 14076 482.723297 ) 
4 96 116 (-12920 14046 519.829712 ) (-12920 14046 487.829681 ) (-12610 14046 435.063782 ) (-12610 14046 467.063843 ) 
4 97 191 (-12920 14280 448 ) (-12920 14336 438.467896 ) (-12920 14336 390.735535 ) (-12920 14308.632813 390.735535 ) 
4 98 193 (-12920 14046 390.735535 ) (-12920 14046 440 ) (-12920 14248 440 ) (-12920 14248 390.735535 ) 
3 98 189 (-12920 14248 448 ) (-12920 14266.527344 390.735535 ) (-12920 14248 390.735535 ) 
4 98 115 (-12920 14046 448 ) (-12920 14046 390.735535 ) (-12813.412109 14046 200 ) (-12737.648438 14046 200 ) 
4 98 105 (-12737.648438 14046 200 ) (-12813.412109 14046 200 ) (-12813.412109 14328.235352 200 ) (-12737.648438 14328.235352 200 ) 
4 99 104 (-12618 14336 64 ) (-12618 14140 64 ) (-12618 14140 200 ) (-12618 14336 200 ) 
4 99 100 (-12618 14140 200 ) (-12618 14140 176 ) (-12608 14140 176 ) (-12608 14140 200 ) 
4 100 104 (-12618 14136.701172 176 ) (-12618 14136.701172 200 ) (-12618 14140 200 ) (-12618 14140 176 ) 
4 100 101 (-12618 14136.701172 200 ) (-12618 14136.701172 176 ) (-12608 14136.701172 176 ) (-12608 14136.701172 200 ) 
4 101 115 (-12610 14046 200 ) (-12618 14046 200 ) (-12618 14046 176 ) (-12610 14046 176 ) 
4 101 114 (-12608 14046 176 ) (-12608 14046 200 ) (-12610 14046 200 ) (-12610 14046 176 ) 
4 101 104 (-12618 14046 176 ) (-12618 14046 200 ) (-12618 14136.701172 200 ) (-12618 14136.701172 176 ) 
4 102 142 (-12618 14046 64 ) (-12608 14046 64 ) (-12608 14046 172 ) (-12618 14046 172 ) 
4 102 104 (-12618 14136.701172 64 ) (-12618 14046 64 ) (-12618 14046 172 ) (-12618 14136.701172 172 ) 
4 103 193 (-12920 14046 64 ) (-12920 14046 200 ) (-12920 14248 200 ) (-12920 14248 64 ) 
3 103 190 (-12920 14328.235352 200 ) (-12920 14336 200 ) (-12920 14336 176 ) 
5 103 189 (-12920 14248 200 ) (-12920 14328.235352 200 ) (-12920 14336 176 ) (-12920 14336 64 ) (-12920 14248 64 ) 
3 103 146 (-12800 14046 64 ) (-12737.412109 14046 64 ) (-12800 14046 176 ) 
4 103 147 (-12920 14046 176 ) (-12920 14046 64 ) (-12800 14046 64 ) (-12800 14046 176 ) 
4 103 115 (-12920 14046 200 ) (-12920 14046 176 ) (-12800 14046 176 ) (-12813.412109 14046 200 ) 
5 103 105 (-12737.409180 14046 64 ) (-12737.409180 14336 64 ) (-12799.998047 14336 176 ) (-12813.409180 14328.235352 200 ) (-12813.409180 14046 200 ) 
4 104 143 (-12637.647461 14046 64 ) (-12618 14046 64 ) (-12618 14046 176 ) (-12720 14046 176 ) 
4 104 115 (-12618 14046 176 ) (-12618 14046 200 ) (-12737.648438 14046 200 ) (-12720 14046 176 ) 
5 104 105 (-12637.649414 14336 64 ) (-12637.649414 14046 64 ) (-12737.649414 14046 200 ) (-12737.649414 14328.235352 200 ) (-12720.002930 14336 176 ) 
4 105 146 (-12737.412109 14046 64 ) (-12720 14046 64 ) (-12720 14046 176 ) (-12800 14046 176 ) 
3 105 143 (-12720 14046 64 ) (-12637.647461 14046 64 ) (-12720 14046 176 ) 
4 105 115 (-12720 14046 176 ) (-12737.648438 14046 200 ) (-12813.412109 14046 200 ) (-12800 14046 176 ) 
4 106 212 (-12920 14046 -34.138901 ) (-12920 14046 0 ) (-12920 14336 0 ) (-12920 14336 -34.138901 ) 
4 106 150 (-12920 14046 0 ) (-12920 14046 -34.138901 ) (-12608 14046 -34.138901 ) (-12608 14046 0 ) 
4 107 117 (-12608 14036 224 ) (-12608 14036 394.893433 ) (-12610 14036 395.233978 ) (-12610 14036 224 ) 
4 107 115 (-12610 14046 395.233978 ) (-12610 14046 224 ) (-12610 14036 224 ) (-12610 14036 395.233948 ) 
4 107 109 (-12608 14036 224 ) (-12610 14036 224 ) (-12610 14041 224 ) (-12608 14041 224 ) 
4 108 118 (-12608 14036 426.895142 ) (-12608 14036 866.139038 ) (-12610 14036 866.139038 ) (-12610 14036 427.235687 ) 
4 108 116 (-12610 14046 866.139038 ) (-12610 14046 427.235687 ) (-12610 14036 427.235657 ) (-12610 14036 866.139038 ) 
4 109 119 (-12608 14036 218.998611 ) (-12608 14036 224 ) (-12610 14036 224 ) (-12610 14036 218.998627 ) 
3 109 115 (-12610 14036 218.998611 ) (-12610 14036 224 ) (-12610 14041 224 ) 
4 110 115 (-12610 14044 215 ) (-12610 14042 215 ) (-12610 14042 218 ) (-12610 14044 218 ) 
4 111 121 (-12608 14036 209 ) (-12608 14036 214 ) (-12610 14036 214 ) (-12610 14036 209 ) 
3 111 115 (-12610 14041 209 ) (-12610 14036 209 ) (-12610 14036 214 ) 
4 111 113 (-12608 14036 209 ) (-12610 14036 209 ) (-12610 14041 209 ) (-12608 14041 209 ) 
3 112 115 (-12610 14046 206 ) (-12610 14046 200 ) (-12610 14039 200 ) 
4 112 114 (-12610 14039 200 ) (-12610 14046 200 ) (-12608 14046 200 ) (-12608 14039 200 ) 
4 113 125 (-12608 14036 203 ) (-12608 14036 206 ) (-12610 14036 206 ) (-12610 14036 203 ) 
4 113 121 (-12608 14036 206 ) (-12608 14036 209 ) (-12610 14036 209 ) (-12610 14036 206 ) 
3 113 115 (-12610 14036 203 ) (-12610 14036 209 ) (-12610 14043 209 ) 
4 114 125 (-12610 14036 176 ) (-12608 14036 176 ) (-12608 14036 200 ) (-12610 14036 200 ) 
4 114 115 (-12610 14046 200 ) (-12610 14046 176 ) (-12610 14036 176 ) (-12610 14036 200 ) 
4 115 193 (-12920 14046 440 ) (-12920 14046 176 ) (-12920 14036 176 ) (-12920 14036 440 ) 
4 115 146 (-12800 14046 176 ) (-12720 14046 176 ) (-12720 14036 176 ) (-12800 14036 176 ) 
4 115 147 (-12920 14036 176 ) (-12920 14046 176 ) (-12800 14046 176 ) (-12800 14036 176 ) 
4 115 143 (-12720 14046 176 ) (-12618 14046 176 ) (-12618 14036 176 ) (-12720 14036 176 ) 
4 115 127 (-12920 14036 206 ) (-12920 14036 176 ) (-12610 14036 176 ) (-12610 14036 206 ) 
4 115 124 (-12920 14036 218 ) (-12920 14036 206 ) (-12610 14036 206 ) (-12610 14036 218 ) 
4 115 120 (-12920 14036 224 ) (-12920 14036 218 ) (-12610 14036 218 ) (-12610 14036 224 ) 
4 115 117 (-12920 14036 448 ) (-12920 14036 224 ) (-12610 14036 224 ) (-12610 14036 395.233978 ) 
4 116 184 (-12920 14046 520 ) (-12920 14046 480.001434 ) (-12920 14036 480.001434 ) (-12920 14036 520 ) 
4 116 169 (-12920 14046 619.229797 ) (-12920 14046 614.948975 ) (-12920 14036 610.931885 ) (-12920 14036 615.180054 ) 
4 116 168 (-12920 14046 866.139038 ) (-12920 14046 651.229675 ) (-12920 14036 647.179871 ) (-12920 14036 866.139038 ) 
4 116 167 (-12920 14046 614.948975 ) (-12920 14046 552 ) (-12920 14036 552 ) (-12920 14036 610.931885 ) 
4 116 118 (-12920 14036 866.139038 ) (-12920 14036 480.001434 ) (-12610 14036 427.235718 ) (-12610 14036 866.139038 ) 
4 117 193 (-12920 14036 440 ) (-12920 14036 224 ) (-12920 14011 224 ) (-12920 14011 440 ) 
4 117 129 (-12608 14011 224 ) (-12608 14011 394.893433 ) (-12920 14011 448 ) (-12920 14011 224 ) 
4 117 119 (-12610 14029 224 ) (-12610 14036 224 ) (-12608 14036 224 ) (-12608 14029 224 ) 
4 117 120 (-12610 14011 224 ) (-12920 14011 224 ) (-12920 14036 224 ) (-12610 14036 224 ) 
4 118 184 (-12920 14036 520 ) (-12920 14036 480.001404 ) (-12920 14011 480.001404 ) (-12920 14011 520 ) 
4 118 169 (-12920 14036 615.180054 ) (-12920 14036 610.931885 ) (-12920 14011 600.888733 ) (-12920 14011 605.055237 ) 
4 118 168 (-12920 14011 866.139038 ) (-12920 14036 866.139038 ) (-12920 14036 647.179871 ) (-12920 14011 637.055054 ) 
4 118 167 (-12920 14036 610.931885 ) (-12920 14036 552 ) (-12920 14011 552 ) (-12920 14011 600.888733 ) 
4 118 128 (-12608 14011 426.895142 ) (-12608 14011 866.139038 ) (-12920 14011 866.139038 ) (-12920 14011 480.001404 ) 
4 119 121 (-12610 14029 218 ) (-12610 14036 218 ) (-12608 14036 218 ) (-12608 14029 218 ) 
4 119 120 (-12610 14036 218 ) (-12610 14029 218 ) (-12610 14029 224 ) (-12610 14036 224 ) 
4 120 193 (-12920 14036 224 ) (-12920 14036 218 ) (-12920 14011 218 ) (-12920 14011 224 ) 
4 120 129 (-12610 14011 224 ) (-12920 14011 224 ) (-12920 14011 218 ) (-12610 14011 218 ) 
4 120 124 (-12610 14011 218 ) (-12920 14011 218 ) (-12920 14036 218 ) (-12610 14036 218 ) 
4 121 125 (-12610 14029 206 ) (-12610 14036 206 ) (-12608 14036 206 ) (-12608 14029 206 ) 
4 121 122 (-12610 14029 214 ) (-12610 14029 206 ) (-12608 14029 206 ) (-12608 14029 214 ) 
4 121 124 (-12610 14036 206 ) (-12610 14029 206 ) (-12610 14029 218 ) (-12610 14036 218 ) 
3 122 124 (-12610 14029 206 ) (-12610 14017 206 ) (-12610 14029 214 ) 
4 123 129 (-12608 14011 210 ) (-12608 14011 218 ) (-12610 14011 218 ) (-12610 14011 210 ) 
3 123 124 (-12610 14011 210 ) (-12610 14011 218 ) (-12610 14023 218 ) 
4 124 193 (-12920 14036 218 ) (-12920 14036 206 ) (-12920 14011 206 ) (-12920 14011 218 ) 
4 124 129 (-12610 14011 218 ) (-12920 14011 218 ) (-12920 14011 206 ) (-12610 14011 206 ) 
4 124 127 (-12610 14011 206 ) (-12920 14011 206 ) (-12920 14036 206 ) (-12610 14036 206 ) 
4 125 126 (-12610 14029 200 ) (-12610 14029 176 ) (-12608 14029 176 ) (-12608 14029 200 ) 
4 125 127 (-12610 14029 206 ) (-12610 14036 206 ) (-12610 14036 176 ) (-12610 14029 176 ) 
4 126 144 (-12608 14016.701172 176 ) (-12608 14011 176 ) (-12610 14011 176 ) (-12610 14016.701172 176 ) 
4 126 129 (-12610 14011 176 ) (-12608 14011 176 ) (-12608 14011 200 ) (-12610 14011 200 ) 
4 126 127 (-12610 14011 176 ) (-12610 14011 200 ) (-12610 14029 200 ) (-12610 14029 176 ) 
4 127 193 (-12920 14036 206 ) (-12920 14036 176 ) (-12920 14011 176 ) (-12920 14011 206 ) 
4 127 146 (-12800 14036 176 ) (-12720 14036 176 ) (-12720 14011 176 ) (-12800 14011 176 ) 
4 127 147 (-12920 14011 176 ) (-12920 14036 176 ) (-12800 14036 176 ) (-12800 14011 176 ) 
4 127 144 (-12610 14016.701172 176 ) (-12610 14011 176 ) (-12618 14011 176 ) (-12618 14016.701172 176 ) 
4 127 145 (-12618 14011 176 ) (-12720 14011 176 ) (-12720 14020.701172 176 ) (-12618 14020.701172 176 ) 
4 127 143 (-12720 14036 176 ) (-12618 14036 176 ) (-12618 14020.701172 176 ) (-12720 14020.701172 176 ) 
4 127 129 (-12920 14011 176 ) (-12610 14011 176 ) (-12610 14011 206 ) (-12920 14011 206 ) 
4 128 188 (-12920 13880 480.001434 ) (-12920 13479.701172 480.001434 ) (-12920 13479.701172 520 ) (-12920 13880 520 ) 
4 128 184 (-12920 14011 520 ) (-12920 14011 480.001434 ) (-12920 13912 480.001434 ) (-12920 13912 520 ) 
4 128 179 (-12920 13479.701172 866.139038 ) (-12920 13880 866.139038 ) (-12920 13880 520 ) (-12920 13479.701172 520 ) 
4 128 178 (-12920 13880 866.139038 ) (-12920 13912 866.139038 ) (-12920 13912 596.959717 ) (-12920 13880 584 ) 
4 128 176 (-12920 13912 866.139038 ) (-12920 13959 866.139038 ) (-12920 13959 615.994873 ) (-12920 13912 596.959778 ) 
4 128 174 (-12920 13963 585.615112 ) (-12920 13963 579 ) (-12920 13959 579 ) (-12920 13959 583.995178 ) 
4 128 173 (-12920 13959 866.139038 ) (-12920 13963 866.139038 ) (-12920 13963 617.614929 ) (-12920 13959 615.994995 ) 
4 128 175 (-12920 13963 579 ) (-12920 13963 552 ) (-12920 13959 552 ) (-12920 13959 579 ) 
4 128 169 (-12920 14011 605.055237 ) (-12920 14011 600.888733 ) (-12920 13963 581.606995 ) (-12920 13963 585.614929 ) 
4 128 168 (-12920 13963 866.139038 ) (-12920 14011 866.139038 ) (-12920 14011 637.055054 ) (-12920 13963 617.614746 ) 
4 128 167 (-12920 14011 600.888733 ) (-12920 14011 552 ) (-12920 13963 552 ) (-12920 13963 581.606995 ) 
4 128 137 (-12608 13479.701172 426.895203 ) (-12920 13479.701172 480.001648 ) (-12920 13568 480.001709 ) (-12608 13568 426.895264 ) 
4 128 131 (-12920 13568 480.001709 ) (-12920 13880.012695 480.001953 ) (-12608 13880.015625 426.895538 ) (-12608 13568 426.895264 ) 
4 129 202 (-12920 13912 176 ) (-12920 13824 176 ) (-12920 13911.998047 448 ) (-12920 13912 448 ) 
4 129 193 (-12920 14011 440 ) (-12920 14011 176 ) (-12920 13912 176 ) (-12920 13912 440 ) 
4 129 146 (-12800 14011 176 ) (-12720 14011 176 ) (-12720 13824 176 ) (-12800 13824 176 ) 
4 129 147 (-12920 13824 176 ) (-12920 14011 176 ) (-12800 14011 176 ) (-12800 13824 176 ) 
4 129 144 (-12618 14011 176 ) (-12608 14011 176 ) (-12608 13824 176 ) (-12618 13824 176 ) 
4 129 145 (-12720 14011 176 ) (-12618 14011 176 ) (-12618 13824 176 ) (-12720 13824 176 ) 
4 129 136 (-12720 13823.998047 176 ) (-12608 13823.998047 176 ) (-12608 13894.816406 394.893433 ) (-12920 13911.998047 448 ) 
3 129 130 (-12920 13823.998047 176 ) (-12800 13823.998047 176 ) (-12920 13893.471680 390.736053 ) 
3 130 208 (-12920 13824 176 ) (-12920 13744 176 ) (-12920 13824 336 ) 
4 130 203 (-12920 13824 176 ) (-12920 13824 336 ) (-12920 13851.367188 390.735626 ) (-12920 13893.471680 390.735626 ) 
4 130 196 (-12920 13744 176 ) (-12920 13568 176 ) (-12920 13568 390.735626 ) (-12920 13851.367188 390.735626 ) 
4 130 148 (-12920 13568 176 ) (-12920 13744 176 ) (-12800 13744 176 ) (-12800 13568 176 ) 
4 130 147 (-12920 13744 176 ) (-12920 13824 176 ) (-12800 13824 176 ) (-12800 13744 176 ) 
4 130 134 (-12920 13568 390.741180 ) (-12799.998047 13568 176 ) (-12799.998047 13744 176 ) (-12920 13851.369141 390.740204 ) 
3 131 195 (-12920 13568 426.893402 ) (-12920 13568 448 ) (-12920 13692 448 ) 
4 131 188 (-12920 13568 448 ) (-12920 13568 480.001434 ) (-12920 13880.008789 480.001434 ) (-12920 13692 448 ) 
5 131 137 (-12608 13568 416 ) (-12608 13568 426.895691 ) (-12920 13568 480.002075 ) (-12920 13568 426.893494 ) (-12856 13568 416 ) 
3 132 135 (-12608 13568 373.787109 ) (-12668 13568 384 ) (-12608 13628 384 ) 
3 133 196 (-12920 13880 448 ) (-12920 13864 416 ) (-12920 13692.001953 416 ) 
3 133 136 (-12920 13879.997070 448 ) (-12748.004883 13863.997070 416 ) (-12896.470703 13863.997070 416 ) 
3 133 134 (-12920 13864 416 ) (-12748.002930 13864 416 ) (-12920 13692.002930 416 ) 
5 134 196 (-12920 13568 390.735626 ) (-12920 13568 394.893341 ) (-12920 13692.001953 416 ) (-12920 13864 416 ) (-12920 13851.367188 390.735626 ) 
4 134 148 (-12608 13744 176 ) (-12608 13568 176 ) (-12800 13568 176 ) (-12800 13744 176 ) 
5 134 136 (-12896.470703 13863.997070 416 ) (-12748.004883 13863.997070 416 ) (-12608 13850.973633 389.952423 ) (-12608 13743.997070 176 ) (-12720 13743.997070 176 ) 
3 134 135 (-12856.003906 13568 384 ) (-12608 13568 341.786469 ) (-12608 13816.003906 384 ) 
4 136 144 (-12618 13824 176 ) (-12608 13824 176 ) (-12608 13744 176 ) (-12618 13744 176 ) 
4 136 145 (-12720 13824 176 ) (-12618 13824 176 ) (-12618 13744 176 ) (-12720 13744 176 ) 
4 137 211 (-12920 13479.701172 416 ) (-12920 13479.701172 448 ) (-12920 13504 448 ) (-12920 13504 416 ) 
5 137 210 (-12920 13504 448 ) (-12920 13568 448 ) (-12920 13568 426.893372 ) (-12920 13504.001953 416 ) (-12920 13504 416 ) 
4 137 188 (-12920 13479.701172 448 ) (-12920 13479.701172 480.001434 ) (-12920 13568 480.001434 ) (-12920 13568 448 ) 
4 137 139 (-12608 13504 416 ) (-12608 13479.701172 416 ) (-12920 13479.701172 416 ) (-12920 13504 416 ) 
4 138 211 (-12920 13504 176 ) (-12920 13479.701172 176 ) (-12920 13479.701172 379.863647 ) (-12920 13504 384 ) 
4 138 149 (-12920 13479.701172 176 ) (-12920 13504 176 ) (-12608 13504 176 ) (-12608 13479.701172 176 ) 
4 138 141 (-12920 13504 384 ) (-12920 13479.701172 379.863403 ) (-12608 13479.701172 326.757111 ) (-12608 13504 330.893066 ) 
3 139 211 (-12920 13479.701172 411.863647 ) (-12920 13479.701172 416 ) (-12920 13504.001953 416 ) 
4 139 141 (-12608 13504 384 ) (-12608 13479.701172 384 ) (-12756.301758 13479.701172 384 ) (-12732.002930 13504 384 ) 
4 139 140 (-12920 13504 416 ) (-12732.003906 13504 384 ) (-12756.302734 13479.701172 384 ) (-12920 13479.701172 411.864227 ) 
4 140 211 (-12920 13479.701172 384 ) (-12920 13479.701172 411.863647 ) (-12920 13504 416 ) (-12920 13504 384 ) 
4 140 141 (-12732.002930 13504 384 ) (-12756.301758 13479.701172 384 ) (-12920 13479.701172 384 ) (-12920 13504 384 ) 
3 141 211 (-12920 13479.701172 379.863647 ) (-12920 13479.701172 384 ) (-12920 13504.001953 384 ) 
4 142 143 (-12618 14046 64 ) (-12618 14020.701172 64 ) (-12618 14020.701172 172 ) (-12618 14046 172 ) 
4 143 146 (-12720 14046 64 ) (-12720 14020.701172 64 ) (-12720 14020.701172 176 ) (-12720 14046 176 ) 
4 143 145 (-12720 14020.701172 176 ) (-12720 14020.701172 64 ) (-12618 14020.701172 64 ) (-12618 14020.701172 176 ) 
4 144 148 (-12618 13744 64 ) (-12608 13744 64 ) (-12608 13744 176 ) (-12618 13744 176 ) 
4 144 145 (-12618 14016.701172 64 ) (-12618 13744 64 ) (-12618 13744 176 ) (-12618 14016.701172 176 ) 
4 145 148 (-12720 13744 64 ) (-12618 13744 64 ) (-12618 13744 176 ) (-12720 13744 176 ) 
4 145 146 (-12720 14020.701172 64 ) (-12720 13824 64 ) (-12720 13824 176 ) (-12720 14020.701172 176 ) 
4 146 147 (-12800 14046 64 ) (-12800 13824 64 ) (-12800 13824 176 ) (-12800 14046 176 ) 
4 147 208 (-12920 13744 176 ) (-12920 13824 176 ) (-12920 13824 64 ) (-12920 13744 64 ) 
4 147 202 (-12920 13824 176 ) (-12920 13912 176 ) (-12920 13912 64 ) (-12920 13824 64 ) 
4 147 193 (-12920 13912 176 ) (-12920 14046 176 ) (-12920 14046 64 ) (-12920 13912 64 ) 
4 147 148 (-12920 13744 64 ) (-12800 13744 64 ) (-12800 13744 176 ) (-12920 13744 176 ) 
3 148 209 (-12920 13744 176 ) (-12920 13744 64 ) (-12920 13688 64 ) 
4 148 196 (-12920 13568 176 ) (-12920 13744 176 ) (-12920 13688 64 ) (-12920 13568 64 ) 
4 149 211 (-12920 13479.701172 176 ) (-12920 13504 176 ) (-12920 13504 64 ) (-12920 13479.701172 64 ) 
4 149 151 (-12920 13479.701172 64 ) (-12920 13504 64 ) (-12608 13504 64 ) (-12608 13479.701172 64 ) 
4 150 212 (-12920 14046 0 ) (-12920 14046 -34.138901 ) (-12920 13504 -34.138901 ) (-12920 13504 0 ) 
4 150 151 (-12920 13504 -34.138901 ) (-12608 13504 -34.138901 ) (-12608 13504 0 ) (-12920 13504 0 ) 
4 151 213 (-12920 13479.701172 64 ) (-12920 13504 64 ) (-12920 13504 -34.138901 ) (-12920 13479.701172 -34.138901 ) 
4 152 214 (-13312 14336 866.139038 ) (-13312 14336 520 ) (-13312 14280 520 ) (-13312 14280 866.139038 ) 
4 152 180 (-13312 14280 520 ) (-13312 14336 520 ) (-12920 14336 520 ) (-12920 14280 520 ) 
4 152 153 (-13312 14280 866.139038 ) (-13312 14280 584 ) (-12920 14280 584 ) (-12920 14280 866.139038 ) 
4 153 216 (-13312 14248 596.959839 ) (-13312 14201 615.994873 ) (-13312 14201 866.139038 ) (-13312 14248 866.139038 ) 
4 153 215 (-13312 14280 866.139038 ) (-13312 14280 584 ) (-13312 14248 596.959839 ) (-13312 14248 866.139038 ) 
4 153 154 (-12920 14201 615.994873 ) (-12920 14201 866.139038 ) (-13312 14201 866.139038 ) (-13312 14201 615.994873 ) 
4 154 217 (-13312 14197 617.614929 ) (-13312 14197 866.139038 ) (-13312 14201 866.139038 ) (-13312 14201 615.994995 ) 
4 154 158 (-12920 14197 617.614929 ) (-12920 14197 866.139038 ) (-13312 14197 866.139038 ) (-13312 14197 617.614929 ) 
4 155 159 (-12920 14197 581.607239 ) (-12920 14197 585.615662 ) (-12938 14197 585.615662 ) (-12938 14197 581.607239 ) 
4 155 157 (-12920 14197 579 ) (-12920 14197 581.607239 ) (-12938 14197 581.607239 ) (-12938 14197 579 ) 
4 155 156 (-12920 14197 579 ) (-12938 14197 579 ) (-12938 14201 579 ) (-12920 14201 579 ) 
4 156 219 (-13312 14201 552 ) (-13312 14197 552 ) (-13312 14197 579 ) (-13312 14201 579 ) 
4 156 177 (-13312 14197 552 ) (-13312 14201 552 ) (-12952 14201 552 ) (-12952 14197 552 ) 
4 156 157 (-13312 14197 552 ) (-12920 14197 552 ) (-12920 14197 579 ) (-13312 14197 579 ) 
4 157 220 (-13312 14197 581.606934 ) (-13312 14197 552 ) (-13312 14084 552 ) (-13312 14084 627 ) 
4 157 177 (-13312 14084 552 ) (-13312 14197 552 ) (-12952 14197 552 ) (-12952 14084 552 ) 
4 157 165 (-12938 14084 621 ) (-12920 14084 621 ) (-12920 14084 627 ) (-12938 14084 627 ) 
4 157 166 (-13312 14084 621 ) (-13312 14084 552 ) (-12920 14084 552 ) (-12920 14084 621 ) 
4 157 162 (-13191 14197 581.606628 ) (-13309 14197 581.606628 ) (-13309 14084 627 ) (-13191 14084 627 ) 
4 157 161 (-13067 14197 581.606628 ) (-13185 14197 581.606628 ) (-13185 14084 627 ) (-13067 14084 627 ) 
4 157 160 (-12944 14197 581.606628 ) (-13061 14197 581.606628 ) (-13061 14084 627 ) (-12944 14084 627 ) 
4 157 159 (-12920 14197 581.606628 ) (-12938 14197 581.606628 ) (-12938 14084 627 ) (-12920 14084 627 ) 
4 158 221 (-13312 14197 866.139038 ) (-13312 14197 617.614746 ) (-13312 14084 663.379761 ) (-13312 14084 866.139038 ) 
4 158 164 (-13312 14084 666.620117 ) (-13312 14084 663.379761 ) (-12920 14084 663.379761 ) (-12920 14084 666.620117 ) 
4 158 163 (-13312 14084 866.139038 ) (-13312 14084 666.620117 ) (-12920 14084 666.620117 ) (-12920 14084 866.139038 ) 
4 159 165 (-12938 14084 627 ) (-12920 14084 627 ) (-12920 14084 631.380493 ) (-12938 14084 631.380493 ) 
4 163 226 (-13312 14084 866.139038 ) (-13312 14084 666.619873 ) (-13312 14076 663.380005 ) (-13312 14076 866.139038 ) 
4 163 168 (-12920 14076 663.380005 ) (-12920 14076 866.139038 ) (-13312 14076 866.139038 ) (-13312 14076 663.380005 ) 
4 163 164 (-13312 14080 665 ) (-13312 14084 666.619202 ) (-12920 14084 666.619202 ) (-12920 14080 665 ) 
3 164 227 (-13312 14084 666.619873 ) (-13312 14084 663.379456 ) (-13312 14080 665 ) 
4 165 169 (-12920 14076 627 ) (-12920 14076 631.380188 ) (-12938 14076 631.380188 ) (-12938 14076 627 ) 
4 165 167 (-12920 14076 621 ) (-12920 14076 627 ) (-12938 14076 627 ) (-12938 14076 621 ) 
4 165 166 (-12920 14076 621 ) (-12938 14076 621 ) (-12938 14084 621 ) (-12920 14084 621 ) 
4 166 229 (-13312 14084 621 ) (-13312 14084 552 ) (-13312 14076 552 ) (-13312 14076 621 ) 
4 166 177 (-13312 14076 552 ) (-13312 14084 552 ) (-12952 14084 552 ) (-12952 14076 552 ) 
4 166 167 (-13312 14076 552 ) (-12920 14076 552 ) (-12920 14076 621 ) (-13312 14076 621 ) 
4 167 230 (-13312 14076 627 ) (-13312 14076 552 ) (-13312 13963 552 ) (-13312 13963 581.606995 ) 
4 167 177 (-13312 13963 552 ) (-13312 14076 552 ) (-12952 14076 552 ) (-12952 13963 552 ) 
4 167 174 (-12938 13963 579 ) (-12920 13963 579 ) (-12920 13963 581.606995 ) (-12938 13963 581.606995 ) 
4 167 175 (-13312 13963 579 ) (-13312 13963 552 ) (-12920 13963 552 ) (-12920 13963 579 ) 
4 167 172 (-13191 14076 627 ) (-13309 14076 627 ) (-13309 13963 581.606262 ) (-13191 13963 581.606262 ) 
4 167 171 (-13067 14076 627 ) (-13185 14076 627 ) (-13185 13963 581.606262 ) (-13067 13963 581.606262 ) 
4 167 170 (-12944 14076 627 ) (-13061 14076 627 ) (-13061 13963 581.606262 ) (-12944 13963 581.606262 ) 
4 167 169 (-12920 14076 627 ) (-12938 14076 627 ) (-12938 13963 581.606262 ) (-12920 13963 581.606262 ) 
4 168 231 (-13312 14076 866.139038 ) (-13312 14076 663.380310 ) (-13312 13963 617.614746 ) (-13312 13963 866.139038 ) 
4 168 173 (-13312 13963 866.139038 ) (-13312 13963 617.614746 ) (-12920 13963 617.614746 ) (-12920 13963 866.139038 ) 
4 169 174 (-12938 13963 581.606995 ) (-12920 13963 581.606995 ) (-12920 13963 585.614929 ) (-12938 13963 585.614929 ) 
4 173 236 (-13312 13959 866.139038 ) (-13312 13963 866.139038 ) (-13312 13963 617.614929 ) (-13312 13959 615.994995 ) 
4 173 176 (-12920 13959 615.994995 ) (-12920 13959 866.139038 ) (-13312 13959 866.139038 ) (-13312 13959 615.994995 ) 
4 174 175 (-12920 13959 579 ) (-12938 13959 579 ) (-12938 13963 579 ) (-12920 13963 579 ) 
4 175 238 (-13312 13963 579 ) (-13312 13963 552 ) (-13312 13959 552 ) (-13312 13959 579 ) 
4 175 177 (-13312 13959 552 ) (-13312 13963 552 ) (-12952 13963 552 ) (-12952 13959 552 ) 
4 176 239 (-13312 13912 596.959778 ) (-13312 13912 866.139038 ) (-13312 13959 866.139038 ) (-13312 13959 615.994873 ) 
4 176 178 (-12920 13912 596.959778 ) (-12920 13912 866.139038 ) (-13312 13912 866.139038 ) (-13312 13912 596.959778 ) 
4 177 240 (-13312 14248 520 ) (-13312 13912 520 ) (-13312 13912 552 ) (-13312 14248 552 ) 
4 177 185 (-13312 13912 520 ) (-13312 14248 520 ) (-12952 14248 520 ) (-12952 13912 520 ) 
4 178 241 (-13312 13880 584 ) (-13312 13880 866.139038 ) (-13312 13912 866.139038 ) (-13312 13912 596.959717 ) 
4 178 179 (-12920 13880 584 ) (-12920 13880 866.139038 ) (-13312 13880 866.139038 ) (-13312 13880 584 ) 
4 179 242 (-13312 13880 520 ) (-13312 13479.701172 520 ) (-13312 13479.701172 866.139038 ) (-13312 13880 866.139038 ) 
4 179 188 (-13312 13479.701172 520 ) (-13312 13880 520 ) (-12920 13880 520 ) (-12920 13479.701172 520 ) 
4 180 244 (-13312 14336 520 ) (-13312 14336 470.469757 ) (-13312 14280 480.001648 ) (-13312 14280 520 ) 
4 180 182 (-13138 14280 520 ) (-13308 14280 520 ) (-13308 14280 480.001648 ) (-13138 14280 480.001648 ) 
4 180 181 (-12952 14280 520 ) (-13130 14280 520 ) (-13130 14280 480.001648 ) (-12952 14280 480.001648 ) 
4 181 185 (-12952 14248 520 ) (-13130 14248 520 ) (-13130 14248 480 ) (-12952 14248 480 ) 
4 182 185 (-13138 14248 520 ) (-13308 14248 520 ) (-13308 14248 480 ) (-13138 14248 480 ) 
4 183 185 (-12952 14248 520 ) (-12952 14248 480 ) (-12952 14084 480 ) (-12952 14084 520 ) 
4 184 185 (-12952 14076 480 ) (-12952 13912 480 ) (-12952 13912 520 ) (-12952 14076 520 ) 
4 185 247 (-13312 14248 448 ) (-13312 13912 448 ) (-13312 13912 520 ) (-13312 14248 520 ) 
4 185 194 (-12952 13912 448 ) (-13312 13912 448 ) (-13312 14248 448 ) (-12952 14248 448 ) 
4 185 186 (-12952 13912 480 ) (-12952 13912 520 ) (-13130 13912 520 ) (-13130 13912 480 ) 
4 185 187 (-13138 13912 520 ) (-13308 13912 520 ) (-13308 13912 480 ) (-13138 13912 480 ) 
4 186 188 (-12952 13880 520 ) (-13130 13880 520 ) (-13130 13880 480 ) (-12952 13880 480 ) 
4 187 188 (-13138 13880 520 ) (-13308 13880 520 ) (-13308 13880 480 ) (-13138 13880 480 ) 
5 188 252 (-13312 13692 448 ) (-13312 13479.701172 448 ) (-13312 13479.701172 520 ) (-13312 13880 520 ) (-13312 13880 480 ) 
4 188 211 (-12920 13504 448 ) (-12920 13479.701172 448 ) (-13312 13479.701172 448 ) (-13312 13504 448 ) 
4 188 210 (-12920 13568 448 ) (-12920 13504 448 ) (-13312 13504 448 ) (-13312 13568 448 ) 
4 188 200 (-13088 13568 448 ) (-13312 13568 448 ) (-13312 13692 448 ) (-13088 13692 448 ) 
4 188 197 (-13024 13568 448 ) (-13088 13568 448 ) (-13088 13692 448 ) (-13024 13692 448 ) 
4 188 195 (-12920 13692 448 ) (-12920 13568 448 ) (-13024 13568 448 ) (-13024 13692 448 ) 
4 189 304 (-13312 14336 176 ) (-13312 14336 64 ) (-13312 14248 64 ) (-13312 14248 176 ) 
4 189 256 (-13312 14336 176.002106 ) (-13312 14336 176 ) (-13312 14248 176 ) (-13312 14248 448 ) 
4 189 193 (-12952 14248 64 ) (-12920 14248 64 ) (-12920 14248 440 ) (-12952 14248 440 ) 
4 189 194 (-13312 14248 64 ) (-12952 14248 64 ) (-12952 14248 448 ) (-13312 14248 448 ) 
5 189 190 (-13268 14248 447.997650 ) (-12952 14248 447.997650 ) (-12920 14266.526367 390.735687 ) (-12920 14336 175.997314 ) (-13268 14336 175.997299 ) 
3 190 192 (-13268 14280 448 ) (-13268 14336 438.467865 ) (-13268 14336 336.001709 ) 
4 190 191 (-12920 14308.630859 390.739288 ) (-12920 14336 390.739288 ) (-12946.671875 14336 438.467896 ) (-12952 14280 448 ) 
3 192 257 (-13312 14336 438.467896 ) (-13312 14336 336.001770 ) (-13312 14280 448 ) 
4 193 202 (-12952 13912 64 ) (-12920 13912 64 ) (-12920 13912 440 ) (-12952 13912 440 ) 
4 193 194 (-12952 14248 440 ) (-12952 14248 64 ) (-12952 13912 64 ) (-12952 13912 440 ) 
4 194 304 (-13312 14248 64 ) (-13312 13912 64 ) (-13312 13912 176 ) (-13312 14248 176 ) 
4 194 261 (-13312 13912 176 ) (-13312 13912 448 ) (-13312 14248 448 ) (-13312 14248 176 ) 
4 194 205 (-13312 13912 64 ) (-13268 13912 64 ) (-13268 13912 440 ) (-13312 13912 440 ) 
4 194 204 (-13268 13912 64 ) (-12952 13912 64 ) (-12952 13912 440 ) (-13268 13912 440 ) 
4 195 210 (-12920 13568 426.893982 ) (-12920 13568 448 ) (-13024 13568 448 ) (-13024 13568 426.893982 ) 
3 195 197 (-13024 13568 426.893982 ) (-13024 13568 448 ) (-13024 13691.998047 448 ) 
4 196 208 (-13024 13744 176.005859 ) (-13024 13824 336.005859 ) (-12920 13824 336.005859 ) (-12920 13744 176.005859 ) 
4 196 206 (-13024 13824 336.005859 ) (-13024 13879.997070 448 ) (-12952 13879.997070 448 ) (-12952 13824 336.005859 ) 
4 196 203 (-12952 13879.997070 448 ) (-12920 13851.365234 390.735718 ) (-12920 13824 336.005859 ) (-12952 13824 336.005859 ) 
4 196 209 (-12920 13687.997070 64 ) (-13024 13687.997070 64 ) (-13024 13744 176.005859 ) (-12920 13744 176.005859 ) 
4 196 199 (-13024 13602.900391 272.002014 ) (-13024 13604 401.021332 ) (-13024 13632 405.787476 ) (-13024 13632 176.001312 ) 
4 196 198 (-13024 13879.996094 448 ) (-13024 13687.996094 64 ) (-13024 13632 64 ) (-13024 13632 405.787476 ) 
4 197 210 (-13024 13568 426.893982 ) (-13024 13568 448 ) (-13088 13568 448 ) (-13088 13568 426.893982 ) 
3 197 200 (-13088 13568 426.893982 ) (-13088 13568 448 ) (-13088 13691.998047 448 ) 
4 198 208 (-13088 13744 176.005859 ) (-13088 13824 336.005859 ) (-13024 13824 336.005859 ) (-13024 13744 176.005859 ) 
4 198 206 (-13088 13824 336.005859 ) (-13088 13879.997070 448 ) (-13024 13879.997070 448 ) (-13024 13824 336.005859 ) 
4 198 209 (-13024 13687.997070 64 ) (-13088 13687.997070 64 ) (-13088 13744 176.005859 ) (-13024 13744 176.005859 ) 
4 198 201 (-13088 13879.996094 448 ) (-13088 13687.996094 64 ) (-13088 13632 64 ) (-13088 13632 405.787476 ) 
4 198 199 (-13024 13632 176.001907 ) (-13024 13632 405.785919 ) (-13088 13632 405.785919 ) (-13088 13632 176.001907 ) 
4 199 201 (-13088 13602.900391 272.002014 ) (-13088 13604 401.021332 ) (-13088 13632 405.787476 ) (-13088 13632 176.001312 ) 
3 200 267 (-13312 13568 426.893982 ) (-13312 13568 448 ) (-13312 13691.998047 448 ) 
4 200 210 (-13088 13568 426.893982 ) (-13088 13568 448 ) (-13312 13568 448 ) (-13312 13568 426.893982 ) 
4 201 310 (-13312 13688 64 ) (-13312 13568 64 ) (-13312 13568 176 ) (-13312 13744 176 ) 
4 201 268 (-13312 13568 176 ) (-13312 13568 394.893738 ) (-13312 13880 448 ) (-13312 13744 176 ) 
4 201 208 (-13268 13824 336.005859 ) (-13088 13824 336.005859 ) (-13088 13744 176.005859 ) (-13268 13744 176.005859 ) 
4 201 206 (-13268 13879.997070 448 ) (-13088 13879.997070 448 ) (-13088 13824 336.005859 ) (-13268 13824 336.005859 ) 
4 201 209 (-13088 13687.997070 64 ) (-13312 13687.997070 64 ) (-13312 13744 176.005859 ) (-13088 13744 176.005859 ) 
4 202 208 (-12952 13824 64 ) (-12920 13824 64 ) (-12920 13824 176.001312 ) (-12952 13824 176.001312 ) 
4 202 206 (-12952 13824 64 ) (-12952 13824 176.002289 ) (-12952 13880 349.091736 ) (-12952 13880 64 ) 
5 202 204 (-12952 13880 349.091736 ) (-12952 13909.412109 440 ) (-12952 13912 440 ) (-12952 13912 64 ) (-12952 13880 64 ) 
4 202 203 (-12952 13911.998047 448 ) (-12952 13824 176.007813 ) (-12920 13824 176.007813 ) (-12920 13893.471680 390.736084 ) 
4 203 208 (-12920 13824 176.001312 ) (-12920 13824 336.005463 ) (-12952 13824 336.005463 ) (-12952 13824 176.001312 ) 
5 203 206 (-12952 13824 176.002289 ) (-12952 13824 336.007813 ) (-12952 13879.996094 448 ) (-12952 13880 448 ) (-12952 13880 349.091736 ) 
3 203 204 (-12952 13909.412109 440 ) (-12952 13880 349.091736 ) (-12952 13880 440 ) 
4 204 206 (-13268 13880 64 ) (-12952 13880 64 ) (-12952 13880 440 ) (-13268 13880 440 ) 
5 204 205 (-13268 13880 64 ) (-13268 13880 349.094788 ) (-13268 13909.411133 440 ) (-13268 13912 440 ) (-13268 13912 64 ) 
4 205 304 (-13312 13912 64 ) (-13312 13880 64 ) (-13312 13880 176 ) (-13312 13912 176 ) 
5 205 274 (-13312 13880 176 ) (-13312 13880 349.094788 ) (-13312 13909.411133 440 ) (-13312 13912 440 ) (-13312 13912 176 ) 
4 205 207 (-13312 13880 64 ) (-13268 13880 64 ) (-13268 13880 349.094788 ) (-13312 13880 349.094788 ) 
4 206 208 (-13268 13824 64 ) (-12952 13824 64 ) (-12952 13824 336.005463 ) (-13268 13824 336.005463 ) 
4 206 207 (-13268 13880 349.093994 ) (-13268 13880 64 ) (-13268 13824 64 ) (-13268 13824 176.002289 ) 
4 207 304 (-13312 13880 64 ) (-13312 13824 64 ) (-13312 13824 176 ) (-13312 13880 176 ) 
4 207 275 (-13312 13824 176 ) (-13312 13824 176.001678 ) (-13312 13880 349.093994 ) (-13312 13880 176 ) 
4 208 209 (-13268 13744 64 ) (-12920 13744 64 ) (-12920 13744 176.002335 ) (-13268 13744 176.002350 ) 
3 209 310 (-13312 13744 64 ) (-13312 13688 64 ) (-13312 13744 176 ) 
4 210 267 (-13312 13504 416 ) (-13312 13504 448 ) (-13312 13568 448 ) (-13312 13568 426.893982 ) 
4 210 211 (-12920 13504 416 ) (-12920 13504 448 ) (-13312 13504 448 ) (-13312 13504 416 ) 
4 211 313 (-13312 13504 64 ) (-13312 13479.701172 64 ) (-13312 13479.701172 176 ) (-13312 13504 176 ) 
4 211 283 (-13312 13479.701172 176 ) (-13312 13479.701172 448 ) (-13312 13504 448 ) (-13312 13504 176 ) 
4 211 213 (-13312 13479.701172 64 ) (-13312 13504 64 ) (-12920 13504 64 ) (-12920 13479.701172 64 ) 
4 212 314 (-13312 14336 0 ) (-13312 14336 -34.138901 ) (-13312 13504 -34.138901 ) (-13312 13504 0 ) 
4 212 213 (-13312 13504 -34.138901 ) (-12920 13504 -34.138901 ) (-12920 13504 0 ) (-13312 13504 0 ) 
4 213 315 (-13312 13504 -34.138901 ) (-13312 13479.701172 -34.138901 ) (-13312 13479.701172 64 ) (-13312 13504 64 ) 
4 214 244 (-13704 14280 520 ) (-13704 14336 520 ) (-13312 14336 520 ) (-13312 14280 520 ) 
4 214 243 (-13704 14336 866.139038 ) (-13704 14336 520 ) (-13704 14280 520 ) (-13704 14280 866.139038 ) 
4 214 215 (-13704 14280 866.139038 ) (-13704 14280 584 ) (-13312 14280 584 ) (-13312 14280 866.139038 ) 
4 215 243 (-13704 14248 596.959778 ) (-13704 14248 866.139038 ) (-13704 14280 866.139038 ) (-13704 14280 584 ) 
4 215 216 (-13704 14248 866.139038 ) (-13704 14248 596.959778 ) (-13312 14248 596.959778 ) (-13312 14248 866.139038 ) 
4 216 243 (-13704 14248 866.139038 ) (-13704 14248 596.959778 ) (-13704 14201 615.994873 ) (-13704 14201 866.139038 ) 
4 216 217 (-13312 14201 615.994873 ) (-13312 14201 866.139038 ) (-13704 14201 866.139038 ) (-13704 14201 615.994873 ) 
4 217 243 (-13704 14197 617.614929 ) (-13704 14197 866.139038 ) (-13704 14201 866.139038 ) (-13704 14201 615.994995 ) 
4 217 221 (-13704 14197 866.139038 ) (-13704 14197 617.614929 ) (-13312 14197 617.614929 ) (-13312 14197 866.139038 ) 
4 218 243 (-13704 14197 579 ) (-13704 14197 585.615662 ) (-13704 14201 583.995728 ) (-13704 14201 579 ) 
4 218 225 (-13704 14197 585.615662 ) (-13704 14197 581.607239 ) (-13686 14197 581.607239 ) (-13686 14197 585.615662 ) 
4 218 220 (-13704 14197 581.607239 ) (-13704 14197 579 ) (-13686 14197 579 ) (-13686 14197 581.607239 ) 
4 218 219 (-13686 14197 579 ) (-13704 14197 579 ) (-13704 14201 579 ) (-13686 14201 579 ) 
4 219 243 (-13704 14201 552 ) (-13704 14197 552 ) (-13704 14197 579 ) (-13704 14201 579 ) 
4 219 240 (-13672 14201 552 ) (-13312 14201 552 ) (-13312 14197 552 ) (-13672 14197 552 ) 
4 219 220 (-13704 14197 579 ) (-13704 14197 552 ) (-13312 14197 552 ) (-13312 14197 579 ) 
4 220 243 (-13704 14197 581.606934 ) (-13704 14197 552 ) (-13704 14084 552 ) (-13704 14084 627 ) 
4 220 240 (-13672 14197 552 ) (-13312 14197 552 ) (-13312 14084 552 ) (-13672 14084 552 ) 
4 220 228 (-13704 14084 627 ) (-13704 14084 621 ) (-13686 14084 621 ) (-13686 14084 627 ) 
4 220 229 (-13704 14084 621 ) (-13704 14084 552 ) (-13312 14084 552 ) (-13312 14084 621 ) 
4 220 225 (-13686 14197 581.606628 ) (-13704 14197 581.606628 ) (-13704 14084 627 ) (-13686 14084 627 ) 
4 220 224 (-13563 14197 581.606628 ) (-13680 14197 581.606628 ) (-13680 14084 627 ) (-13563 14084 627 ) 
4 220 223 (-13439 14197 581.606628 ) (-13557 14197 581.606628 ) (-13557 14084 627 ) (-13439 14084 627 ) 
4 220 222 (-13315 14197 581.606628 ) (-13433 14197 581.606628 ) (-13433 14084 627 ) (-13315 14084 627 ) 
4 221 243 (-13704 14197 866.139038 ) (-13704 14197 617.614746 ) (-13704 14084 663.379761 ) (-13704 14084 866.139038 ) 
4 221 227 (-13704 14084 666.620117 ) (-13704 14084 663.379761 ) (-13312 14084 663.379761 ) (-13312 14084 666.620117 ) 
4 221 226 (-13704 14084 866.139038 ) (-13704 14084 666.620117 ) (-13312 14084 666.620117 ) (-13312 14084 866.139038 ) 
4 225 243 (-13704 14197 585.615417 ) (-13704 14197 581.606934 ) (-13704 14084 627 ) (-13704 14084 631.380493 ) 
4 225 228 (-13704 14084 631.380493 ) (-13704 14084 627 ) (-13686 14084 627 ) (-13686 14084 631.380493 ) 
4 226 243 (-13704 14084 866.139038 ) (-13704 14084 666.619873 ) (-13704 14076 663.380005 ) (-13704 14076 866.139038 ) 
4 226 231 (-13704 14076 866.139038 ) (-13704 14076 663.380005 ) (-13312 14076 663.380005 ) (-13312 14076 866.139038 ) 
4 226 227 (-13704 14080 665 ) (-13704 14084 666.619202 ) (-13312 14084 666.619202 ) (-13312 14080 665 ) 
3 227 243 (-13704 14084 666.619873 ) (-13704 14084 663.379456 ) (-13704 14080 665 ) 
5 228 243 (-13704 14084 631.380188 ) (-13704 14084 621 ) (-13704 14076 621 ) (-13704 14076 631.380188 ) (-13704 14080 633 ) 
4 228 235 (-13704 14076 631.380188 ) (-13704 14076 627 ) (-13686 14076 627 ) (-13686 14076 631.380188 ) 
4 228 230 (-13704 14076 627 ) (-13704 14076 621 ) (-13686 14076 621 ) (-13686 14076 627 ) 
4 228 229 (-13686 14076 621 ) (-13704 14076 621 ) (-13704 14084 621 ) (-13686 14084 621 ) 
4 229 243 (-13704 14084 621 ) (-13704 14084 552 ) (-13704 14076 552 ) (-13704 14076 621 ) 
4 229 240 (-13672 14084 552 ) (-13312 14084 552 ) (-13312 14076 552 ) (-13672 14076 552 ) 
4 229 230 (-13704 14076 621 ) (-13704 14076 552 ) (-13312 14076 552 ) (-13312 14076 621 ) 
4 230 243 (-13704 14076 627 ) (-13704 14076 552 ) (-13704 13963 552 ) (-13704 13963 581.606995 ) 
4 230 240 (-13672 14076 552 ) (-13312 14076 552 ) (-13312 13963 552 ) (-13672 13963 552 ) 
4 230 237 (-13704 13963 581.606934 ) (-13704 13963 579 ) (-13686 13963 579 ) (-13686 13963 581.606934 ) 
4 230 238 (-13704 13963 579 ) (-13704 13963 552 ) (-13312 13963 552 ) (-13312 13963 579 ) 
4 230 235 (-13686 14076 627 ) (-13704 14076 627 ) (-13704 13963 581.606262 ) (-13686 13963 581.606262 ) 
4 230 234 (-13563 14076 627 ) (-13680 14076 627 ) (-13680 13963 581.606262 ) (-13563 13963 581.606262 ) 
4 230 233 (-13439 14076 627 ) (-13557 14076 627 ) (-13557 13963 581.606262 ) (-13439 13963 581.606262 ) 
4 230 232 (-13315 14076 627 ) (-13433 14076 627 ) (-13433 13963 581.606262 ) (-13315 13963 581.606262 ) 
4 231 243 (-13704 14076 866.139038 ) (-13704 14076 663.380310 ) (-13704 13963 617.614746 ) (-13704 13963 866.139038 ) 
4 231 236 (-13704 13963 866.139038 ) (-13704 13963 617.614746 ) (-13312 13963 617.614746 ) (-13312 13963 866.139038 ) 
4 235 243 (-13704 14076 631.380493 ) (-13704 14076 627 ) (-13704 13963 581.606995 ) (-13704 13963 585.614929 ) 
4 235 237 (-13704 13963 585.614868 ) (-13704 13963 581.606934 ) (-13686 13963 581.606934 ) (-13686 13963 585.614868 ) 
4 236 243 (-13704 13959 866.139038 ) (-13704 13963 866.139038 ) (-13704 13963 617.614929 ) (-13704 13959 615.994995 ) 
4 236 239 (-13312 13959 615.994995 ) (-13312 13959 866.139038 ) (-13704 13959 866.139038 ) (-13704 13959 615.994995 ) 
4 237 243 (-13704 13963 585.615112 ) (-13704 13963 579 ) (-13704 13959 579 ) (-13704 13959 583.995178 ) 
4 237 238 (-13686 13959 579 ) (-13704 13959 579 ) (-13704 13963 579 ) (-13686 13963 579 ) 
4 238 243 (-13704 13963 579 ) (-13704 13963 552 ) (-13704 13959 552 ) (-13704 13959 579 ) 
4 238 240 (-13672 13963 552 ) (-13312 13963 552 ) (-13312 13959 552 ) (-13672 13959 552 ) 
4 239 243 (-13704 13912 596.959778 ) (-13704 13912 866.139038 ) (-13704 13959 866.139038 ) (-13704 13959 615.994873 ) 
4 239 241 (-13704 13912 866.139038 ) (-13704 13912 596.959778 ) (-13312 13912 596.959778 ) (-13312 13912 866.139038 ) 
4 240 247 (-13672 14248 520 ) (-13312 14248 520 ) (-13312 13912 520 ) (-13672 13912 520 ) 
4 241 243 (-13704 13880 584 ) (-13704 13880 866.139038 ) (-13704 13912 866.139038 ) (-13704 13912 596.959595 ) 
4 241 242 (-13704 13880 866.139038 ) (-13704 13880 584 ) (-13312 13880 584 ) (-13312 13880 866.139038 ) 
4 242 252 (-13704 13479.701172 520 ) (-13704 13880 520 ) (-13312 13880 520 ) (-13312 13479.701172 520 ) 
4 242 243 (-13704 13880 520 ) (-13704 13479.701172 520 ) (-13704 13479.701172 866.139038 ) (-13704 13880 866.139038 ) 
4 243 253 (-14133 13479.701172 520 ) (-14133 14336 520 ) (-13704 14336 520 ) (-13704 13479.701172 520 ) 
3 244 255 (-13704 14336 480 ) (-13704 14336 470.469757 ) (-13704 14280.008789 480 ) 
5 244 253 (-13704 14280 480.001648 ) (-13704 14280 520 ) (-13704 14336 520 ) (-13704 14336 480 ) (-13704 14280.008789 480 ) 
4 244 246 (-13672 14280 480.001648 ) (-13494 14280 480.001648 ) (-13494 14280 520 ) (-13672 14280 520 ) 
4 244 245 (-13486 14280 480.001648 ) (-13316 14280 480.001648 ) (-13316 14280 520 ) (-13486 14280 520 ) 
4 245 247 (-13486 14248 480 ) (-13316 14248 480 ) (-13316 14248 520 ) (-13486 14248 520 ) 
4 246 247 (-13672 14248 480 ) (-13494 14248 480 ) (-13494 14248 520 ) (-13672 14248 520 ) 
4 247 261 (-13312 14248 448 ) (-13312 13912 448 ) (-13672 13912 448 ) (-13672 14248 448 ) 
4 247 251 (-13494 13912 520 ) (-13672 13912 520 ) (-13672 13912 480 ) (-13494 13912 480 ) 
4 247 250 (-13316 13912 520 ) (-13486 13912 520 ) (-13486 13912 480 ) (-13316 13912 480 ) 
4 247 248 (-13672 14248 520 ) (-13672 14248 480 ) (-13672 14084 480 ) (-13672 14084 520 ) 
4 247 249 (-13672 14076 480 ) (-13672 13912 480 ) (-13672 13912 520 ) (-13672 14076 520 ) 
4 248 253 (-13704 14084 520 ) (-13704 14248 520 ) (-13704 14248 480 ) (-13704 14084 480 ) 
4 249 253 (-13704 13912 480 ) (-13704 13912 520 ) (-13704 14076 520 ) (-13704 14076 480 ) 
4 250 252 (-13486 13880 480 ) (-13316 13880 480 ) (-13316 13880 520 ) (-13486 13880 520 ) 
4 251 252 (-13672 13880 480 ) (-13494 13880 480 ) (-13494 13880 520 ) (-13672 13880 520 ) 
4 252 283 (-13312 13504 448 ) (-13312 13479.701172 448 ) (-13704 13479.701172 448 ) (-13704 13504 448 ) 
4 252 267 (-13312 13692 448 ) (-13312 13504 448 ) (-13516 13504 448 ) (-13704 13692 448 ) 
3 252 266 (-13516 13504 448 ) (-13704 13504 448 ) (-13704 13692 448 ) 
4 252 254 (-13704 13692 448 ) (-13704 13479.701172 448 ) (-13704 13479.701172 480 ) (-13704 13880 480 ) 
4 252 253 (-13704 13479.701172 480 ) (-13704 13479.701172 520 ) (-13704 13880 520 ) (-13704 13880 480 ) 
4 253 316 (-14133 14336 448 ) (-14080 14336 448 ) (-14080 13479.701172 448 ) (-14133 13479.701172 448 ) 
4 253 289 (-14014 13504 448 ) (-14014 13479.701172 448 ) (-14080 13479.701172 448 ) (-14080 13504 448 ) 
4 253 284 (-14080 14336 448 ) (-14014 14336 448 ) (-14014 13504 448 ) (-14080 13504 448 ) 
4 253 283 (-13892 13504 448 ) (-13892 13479.701172 448 ) (-14014 13479.701172 448 ) (-14014 13504 448 ) 
4 253 281 (-13892 13912 448 ) (-13892 13880 448 ) (-14014 13880 448 ) (-14014 13912 448 ) 
4 253 266 (-13892 13880 448 ) (-13892 13504 448 ) (-14014 13504 448 ) (-14014 13880 448 ) 
4 253 264 (-14014 14336 448 ) (-13892 14336 448 ) (-13892 13912 448 ) (-14014 13912 448 ) 
4 253 255 (-13892.010742 14279.986328 448 ) (-13892.010742 14336 448 ) (-13704 14336 480.001923 ) (-13704 14279.985352 480.001923 ) 
4 253 254 (-13704 13479.701172 480.001953 ) (-13892.010742 13479.701172 448 ) (-13892.010742 13880.012695 448 ) (-13704 13880.013672 480.001953 ) 
4 254 283 (-13704 13504 448 ) (-13704 13479.701172 448 ) (-13892 13479.701172 448 ) (-13892 13504 448 ) 
4 254 266 (-13704 13692.001953 448 ) (-13704 13504 448 ) (-13892 13504 448 ) (-13892 13880.001953 448 ) 
3 255 265 (-13892 14336 448 ) (-13835.998047 14336 448 ) (-13892 14279.998047 448 ) 
4 256 305 (-14014 14336 176 ) (-14006 14336 176 ) (-14006 14248 176 ) (-14014 14248 176 ) 
4 256 304 (-14006 14336 176 ) (-13312 14336 176 ) (-13312 14248 176 ) (-14006 14248 176 ) 
4 256 302 (-14014 14336 176 ) (-14014 14248 176 ) (-14014 14248 200 ) (-14014 14328.235352 200 ) 
4 256 290 (-14014 14248 200 ) (-14014 14248 224 ) (-14014 14320.470703 224 ) (-14014 14328.235352 200 ) 
4 256 287 (-14014 14248 224 ) (-14014 14248 395.234070 ) (-14014 14265.071289 395.234070 ) (-14014 14320.470703 224 ) 
4 256 262 (-13704 14248 440 ) (-13704 14248 176 ) (-13672 14248 176 ) (-13672 14248 440 ) 
4 256 261 (-13312 14248 448 ) (-13672 14248 448 ) (-13672 14248 176 ) (-13312 14248 176 ) 
5 256 263 (-13704 14248 448 ) (-13704.007813 14248 448 ) (-14014 14248 395.235352 ) (-14014 14248 176 ) (-13704 14248 176 ) 
4 256 259 (-13356 14336 176 ) (-13824 14336 176 ) (-13672 14248 447.997650 ) (-13356 14248 447.997650 ) 
5 256 258 (-13904 14336 176 ) (-14014 14336 176 ) (-14014 14265.070313 395.234375 ) (-13704.015625 14248 447.997650 ) (-13704 14248 447.997650 ) 
3 257 259 (-13356 14280.001953 448 ) (-13356 14336 438.467834 ) (-13356 14336.002930 335.995544 ) 
3 258 302 (-14014 14336 176 ) (-14014 14328.235352 200 ) (-14014 14336 200 ) 
4 258 290 (-14014 14328.235352 200 ) (-14014 14320.470703 224 ) (-14014 14336 224 ) (-14014 14336 200 ) 
5 258 287 (-14014 14320.470703 224 ) (-14014 14265.071289 395.234070 ) (-14014 14280 395.234070 ) (-14014 14336 385.701752 ) (-14014 14336 224 ) 
3 258 260 (-13712.007813 14336 437.104645 ) (-13703.997070 14280 448 ) (-13786.349609 14336 336 ) 
3 259 260 (-13672.001953 14280 448 ) (-13677.329102 14336 438.468079 ) (-13734.588867 14336 336.003357 ) 
4 261 304 (-13312 14248 176 ) (-13312 13912 176 ) (-13672 13912 176 ) (-13672 14248 176 ) 
4 261 276 (-13672 13912 176 ) (-13356 13912 176 ) (-13356 13912 440 ) (-13672 13912 440 ) 
4 261 274 (-13356 13912 176 ) (-13312 13912 176 ) (-13312 13912 440 ) (-13356 13912 440 ) 
4 261 262 (-13672 14248 440 ) (-13672 14248 176 ) (-13672 13912 176 ) (-13672 13912 440 ) 
4 262 304 (-13672 13912 176 ) (-13704 13912 176 ) (-13704 14248 176 ) (-13672 14248 176 ) 
3 262 280 (-13676.470703 13912 440 ) (-13704 13912 440 ) (-13704 13912 390.735718 ) 
5 262 278 (-13704 13912 176 ) (-13672 13912 176 ) (-13672 13912 440 ) (-13676.470703 13912 440 ) (-13704 13912 390.735718 ) 
4 262 263 (-13704 14248 440 ) (-13704 14248 176 ) (-13704 13912 176 ) (-13704 13912 440 ) 
4 263 307 (-14006 13912 176 ) (-14014 13912 176 ) (-14014 14020 176 ) (-14006 14020 176 ) 
4 263 305 (-14014 14143.299805 176 ) (-14014 14248 176 ) (-14006 14248 176 ) (-14006 14143.299805 176 ) 
4 263 304 (-13704 13912 176 ) (-14006 13912 176 ) (-14006 14248 176 ) (-13704 14248 176 ) 
4 263 302 (-14014 14248 176 ) (-14014 13912 176 ) (-14014 13912 200 ) (-14014 14248 200 ) 
4 263 300 (-14014 13912 200 ) (-14014 13912 224 ) (-14014 14024 224 ) (-14014 14024 200 ) 
3 263 299 (-14014 14038.049805 211.956696 ) (-14014 14031 205.827240 ) (-14014 14031 218 ) 
4 263 298 (-14014 14045 218 ) (-14014 14045 200 ) (-14014 14031 200 ) (-14014 14031 205.827240 ) 
4 263 297 (-14014 14083.500000 200 ) (-14014 14066 200 ) (-14014 14068.640625 206 ) (-14014 14080.875000 206 ) 
3 263 296 (-14014 14078.250000 212 ) (-14014 14071.280273 212 ) (-14014 14074.775391 219.942902 ) 
4 263 295 (-14014 14052 224 ) (-14014 14069.499023 224 ) (-14014 14059 200 ) (-14014 14052 200 ) 
4 263 294 (-14014 14080 224 ) (-14014 14094 224 ) (-14014 14094 200 ) (-14014 14090.499023 200 ) 
4 263 293 (-14014 14101 224 ) (-14014 14108 224 ) (-14014 14108 200 ) (-14014 14101 200 ) 
3 263 292 (-14014 14115 224 ) (-14014 14129 224 ) (-14014 14129 208.001480 ) 
3 263 291 (-14014 14129 200 ) (-14014 14115 200 ) (-14014 14115 216.002960 ) 
4 263 290 (-14014 14136 224 ) (-14014 14248 224 ) (-14014 14248 200 ) (-14014 14136 200 ) 
4 263 287 (-14014 13912 224 ) (-14014 13912 395.234070 ) (-14014 14248 395.234070 ) (-14014 14248 224 ) 
4 263 280 (-13904 13912 176 ) (-13824 13912 176 ) (-13704 13912 390.736084 ) (-13704 13912 448 ) 
4 263 279 (-14014 13912 395.234070 ) (-14014 13912 176 ) (-13904 13912 176 ) (-13704 13912 448 ) 
3 263 278 (-13824 13912 176 ) (-13704 13912 176 ) (-13704 13912 390.736084 ) 
4 264 284 (-14014 13912 427.234314 ) (-14014 13912 448 ) (-14014 14336 448 ) (-14014 14336 427.234314 ) 
3 264 281 (-14014 13912 448 ) (-14014 13912 427.234314 ) (-13892 13912 448 ) 
4 264 265 (-14014 14279.983398 427.236298 ) (-14014 14336 427.236298 ) (-13892.011719 14336 448 ) (-13892.011719 14279.986328 448 ) 
3 265 285 (-14014 14279.995117 427.234314 ) (-14014 14336 427.234314 ) (-14014 14336 417.701599 ) 
4 266 286 (-14014 13504 416 ) (-14014 13504 427.234283 ) (-14014 13758 427.234283 ) (-14014 13692 416 ) 
4 266 284 (-14014 13504 427.234283 ) (-14014 13504 448 ) (-14014 13880 448 ) (-14014 13758 427.234283 ) 
4 266 283 (-14014 13504 448 ) (-14014 13504 416 ) (-13704 13504 416 ) (-13516 13504 448 ) 
4 266 271 (-14014 13691.998047 416 ) (-14014 13880.001953 448 ) (-13891.997070 13880.001953 448 ) (-13891.996094 13691.998047 416 ) 
3 266 267 (-13515.992188 13504 448 ) (-13703.989258 13504 416 ) (-13703.990234 13691.998047 448 ) 
4 267 283 (-13312 13504 416 ) (-13312 13504 448 ) (-13516 13504 448 ) (-13703.998047 13504 416 ) 
4 268 310 (-13312 13744 176 ) (-13312 13568 176 ) (-13536 13568 176 ) (-13536 13744 176 ) 
4 268 277 (-13356 13743.997070 176 ) (-13536 13743.997070 176 ) (-13536 13879.997070 448 ) (-13356 13879.997070 448 ) 
6 268 269 (-13536 13603.991211 401.024658 ) (-13536 13879.971680 448 ) (-13536 13879.998047 448 ) (-13536 13743.998047 176 ) (-13536 13632 176 ) (-13536 13602.900391 272.001770 ) 
4 269 311 (-13600 13632 176 ) (-13600 13744 176 ) (-13536 13744 176 ) (-13536 13632 176 ) 
4 269 277 (-13536 13743.997070 176 ) (-13600 13743.997070 176 ) (-13600 13879.997070 448 ) (-13536 13879.997070 448 ) 
6 269 272 (-13600 13603.991211 401.024658 ) (-13600 13691.971680 416 ) (-13600 13863.998047 416 ) (-13600 13743.998047 176 ) (-13600 13632 176 ) (-13600 13602.900391 272.001770 ) 
4 269 270 (-13600 13691.971680 416 ) (-13600 13879.971680 448 ) (-13600 13879.998047 448 ) (-13600 13863.998047 416 ) 
3 270 279 (-13727.529297 13863.997070 416 ) (-13875.996094 13863.997070 416 ) (-13704 13879.997070 448 ) 
3 270 278 (-13672 13879.997070 448 ) (-13672 13863.997070 416 ) (-13689.882813 13863.997070 416 ) 
4 270 277 (-13672 13879.997070 448 ) (-13600 13879.997070 448 ) (-13600 13863.997070 416 ) (-13672 13863.997070 416 ) 
4 270 272 (-13876 13864 416 ) (-13600 13864 416 ) (-13600 13691.996094 416 ) (-13703.996094 13691.996094 416 ) 
5 271 286 (-14014 13692 416 ) (-14014 13758 427.234283 ) (-14014 13869.617188 427.234161 ) (-14014 13868.651367 425.301971 ) (-14014 13814.001953 416 ) 
3 271 284 (-14014 13758 427.234283 ) (-14014 13880 448 ) (-14014 13869.617188 427.234161 ) 
3 271 282 (-14014 13868.647461 425.301422 ) (-14014 13869.614258 427.234344 ) (-13891.996094 13879.997070 448 ) 
3 271 281 (-14014 13869.614258 427.234344 ) (-14014 13879.997070 448 ) (-13891.996094 13879.997070 448 ) 
4 272 312 (-13600 13568 176 ) (-14014 13568 176 ) (-14014 13744 176 ) (-13600 13744 176 ) 
4 272 302 (-14014 13744 176 ) (-14014 13568 176 ) (-14014 13568 200 ) (-14014 13756 200 ) 
4 272 300 (-14014 13568 200 ) (-14014 13568 224 ) (-14014 13768 224 ) (-14014 13756 200 ) 
4 272 287 (-14014 13568 224 ) (-14014 13568 342.127686 ) (-14014 13851.163086 390.325439 ) (-14014 13768 224 ) 
5 272 279 (-13904 13743.997070 176 ) (-14014 13743.997070 176 ) (-14014 13851.159180 390.324890 ) (-13875.996094 13863.997070 416 ) (-13727.529297 13863.997070 416 ) 
4 272 278 (-13672 13743.997070 176 ) (-13824 13743.997070 176 ) (-13689.882813 13863.997070 416 ) (-13672 13863.997070 416 ) 
4 272 277 (-13600 13743.997070 176 ) (-13672 13743.997070 176 ) (-13672 13863.997070 416 ) (-13600 13863.997070 416 ) 
3 272 273 (-14014 13814.006836 384 ) (-14014 13568 342.126953 ) (-13767.996094 13568 384 ) 
3 273 288 (-14014 13568 342.127686 ) (-14014 13568 384 ) (-14014 13814 384 ) 
4 274 304 (-13312 13912 176 ) (-13312 13880 176 ) (-13356 13880 176 ) (-13356 13912 176 ) 
5 274 276 (-13356 13912 440 ) (-13356 13912 176 ) (-13356 13880 176 ) (-13356 13880 349.093933 ) (-13356 13909.411133 440 ) 
4 274 275 (-13356 13880 349.093933 ) (-13356 13880 176 ) (-13312 13880 176 ) (-13312 13880 349.093933 ) 
4 275 304 (-13312 13880 176 ) (-13312 13824 176 ) (-13356 13824 176 ) (-13356 13880 176 ) 
3 275 277 (-13356 13880 349.093201 ) (-13356 13880 176 ) (-13356 13824 176 ) 
4 276 304 (-13672 13880 176 ) (-13672 13912 176 ) (-13356 13912 176 ) (-13356 13880 176 ) 
4 276 278 (-13672 13912 440 ) (-13672 13912 176 ) (-13672 13880 176 ) (-13672 13880 440 ) 
4 276 277 (-13672 13880 440 ) (-13672 13880 176 ) (-13356 13880 176 ) (-13356 13880 440 ) 
4 277 308 (-13356 13744 176 ) (-13672 13744 176 ) (-13672 13824 176 ) (-13356 13824 176 ) 
4 277 304 (-13672 13824 176 ) (-13672 13880 176 ) (-13356 13880 176 ) (-13356 13824 176 ) 
4 277 278 (-13672 13743.996094 176 ) (-13672 13879.996094 448 ) (-13672 13880 448 ) (-13672 13880 176 ) 
4 278 308 (-13672 13744 176 ) (-13824 13744 176 ) (-13824 13824 176 ) (-13672 13824 176 ) 
4 278 304 (-13824 13824 176 ) (-13824 13912 176 ) (-13672 13912 176 ) (-13672 13824 176 ) 
3 278 280 (-13672.001953 13912 448 ) (-13824.001953 13912 176 ) (-13824.001953 13824 176 ) 
4 279 309 (-13904 13744 176 ) (-14014 13744 176 ) (-14014 13824 176 ) (-13904 13824 176 ) 
4 279 307 (-14014 13824 176 ) (-14014 13912 176 ) (-14006 13912 176 ) (-14006 13824 176 ) 
4 279 304 (-14006 13912 176 ) (-13904 13912 176 ) (-13904 13824 176 ) (-14006 13824 176 ) 
4 279 302 (-14014 13912 176 ) (-14014 13744 176 ) (-14014 13756 200 ) (-14014 13912 200 ) 
4 279 300 (-14014 13756 200 ) (-14014 13768 224 ) (-14014 13912 224 ) (-14014 13912 200 ) 
5 279 287 (-14014 13768 224 ) (-14014 13851.163086 390.325653 ) (-14014 13880 395.234070 ) (-14014 13912 395.234070 ) (-14014 13912 224 ) 
3 279 280 (-13903.996094 13912 176 ) (-13703.995117 13912 448 ) (-13903.996094 13824 176 ) 
4 280 304 (-13904 13824 176 ) (-13904 13912 176 ) (-13824 13912 176 ) (-13824 13824 176 ) 
4 281 284 (-14014 13869.617188 427.234314 ) (-14014 13880 448 ) (-14014 13912 448 ) (-14014 13912 427.234314 ) 
4 281 282 (-13892.004883 13880.005859 448 ) (-13892.004883 13880 448 ) (-14014 13869.616211 427.234894 ) (-14014 13880.005859 427.234772 ) 
3 282 286 (-14014 13868.651367 425.302094 ) (-14014 13869.617188 427.234314 ) (-14014 13880.002930 427.234314 ) 
4 283 313 (-13312 13504 176 ) (-13312 13479.701172 176 ) (-14014 13479.701172 176 ) (-14014 13504 176 ) 
4 283 303 (-14014 13504 176 ) (-14014 13479.701172 176 ) (-14014 13479.701172 200 ) (-14014 13504 200 ) 
4 283 301 (-14014 13479.701172 200 ) (-14014 13479.701172 224 ) (-14014 13504 224 ) (-14014 13504 200 ) 
4 283 289 (-14014 13479.701172 224 ) (-14014 13479.701172 448 ) (-14014 13504 448 ) (-14014 13504 224 ) 
4 284 316 (-14080 13504 448 ) (-14080 14336 448 ) (-14080 14336 416 ) (-14080 13504 416 ) 
4 284 289 (-14080 13504 448 ) (-14080 13504 416 ) (-14014 13504 427.234283 ) (-14014 13504 448 ) 
4 284 286 (-14014 13504 427.234375 ) (-14080 13504 416 ) (-14080 13880.003906 416 ) (-14014 13880.002930 427.234375 ) 
4 284 285 (-14080 14279.995117 416 ) (-14080 14336 416 ) (-14014 14336 427.234375 ) (-14014 14279.995117 427.234375 ) 
3 286 289 (-14080 13504 416 ) (-14014 13504 416 ) (-14014 13504 427.234283 ) 
4 287 300 (-14014 14024 224 ) (-14014 13568 224 ) (-14016 13568 224 ) (-14016 14024 224 ) 
4 287 295 (-14014 14069.499023 224 ) (-14014 14052 224 ) (-14016 14052 224 ) (-14016 14069.499023 224 ) 
4 287 294 (-14014 14094 224 ) (-14014 14080 224 ) (-14016 14080 224 ) (-14016 14094 224 ) 
4 287 293 (-14014 14108 224 ) (-14014 14101 224 ) (-14016 14101 224 ) (-14016 14108 224 ) 
4 287 292 (-14014 14129 224 ) (-14014 14115 224 ) (-14016 14115 224 ) (-14016 14129 224 ) 
4 287 290 (-14016 14336 224 ) (-14014 14336 224 ) (-14014 14136 224 ) (-14016 14136 224 ) 
4 287 288 (-14016 13816.017578 384 ) (-14016 13568 341.784241 ) (-14014 13568 342.124664 ) (-14014 13814.017578 384 ) 
4 289 316 (-14080 13479.701172 448 ) (-14080 13504 448 ) (-14080 13504 224 ) (-14080 13479.701172 224 ) 
4 289 301 (-14080 13479.701172 224 ) (-14080 13504 224 ) (-14014 13504 224 ) (-14014 13479.701172 224 ) 
4 290 302 (-14016 14336 200 ) (-14014 14336 200 ) (-14014 14136 200 ) (-14016 14136 200 ) 
4 291 302 (-14016 14129 200 ) (-14014 14129 200 ) (-14014 14115 200 ) (-14016 14115 200 ) 
4 293 302 (-14016 14108 200 ) (-14014 14108 200 ) (-14014 14101 200 ) (-14016 14101 200 ) 
4 294 302 (-14016 14094 200 ) (-14014 14094 200 ) (-14014 14090.499023 200 ) (-14016 14090.499023 200 ) 
4 295 302 (-14016 14059 200 ) (-14014 14059 200 ) (-14014 14052 200 ) (-14016 14052 200 ) 
4 297 302 (-14016 14083.500000 200 ) (-14014 14083.500000 200 ) (-14014 14066 200 ) (-14016 14066 200 ) 
4 298 302 (-14016 14045 200 ) (-14014 14045 200 ) (-14014 14031 200 ) (-14016 14031 200 ) 
4 298 299 (-14016 14038.045898 211.959579 ) (-14016 14031 205.832031 ) (-14014 14031 205.832031 ) (-14014 14038.045898 211.959579 ) 
4 300 302 (-14016 14024 200 ) (-14014 14024 200 ) (-14014 13568 200 ) (-14016 13568 200 ) 
4 301 316 (-14080 13479.701172 224 ) (-14080 13504 224 ) (-14080 13504 200 ) (-14080 13479.701172 200 ) 
4 301 303 (-14080 13479.701172 200 ) (-14080 13504 200 ) (-14014 13504 200 ) (-14014 13479.701172 200 ) 
4 302 312 (-14014 13744 176 ) (-14014 13568 176 ) (-14016 13568 176 ) (-14016 13744 176 ) 
4 302 309 (-14014 13824 176 ) (-14014 13744 176 ) (-14016 13744 176 ) (-14016 13824 176 ) 
4 302 307 (-14014 14020 176 ) (-14014 13824 176 ) (-14016 13824 176 ) (-14016 14020 176 ) 
4 302 305 (-14016 14336 176 ) (-14014 14336 176 ) (-14014 14143.299805 176 ) (-14016 14143.299805 176 ) 
4 303 316 (-14080 13479.701172 200 ) (-14080 13504 200 ) (-14080 13504 176 ) (-14080 13479.701172 176 ) 
4 303 313 (-14080 13479.701172 176 ) (-14080 13504 176 ) (-14014 13504 176 ) (-14014 13479.701172 176 ) 
4 304 308 (-13824 13824 64 ) (-13356 13824 64 ) (-13356 13824 176 ) (-13824 13824 176 ) 
4 304 309 (-14006 13824 64 ) (-13904 13824 64 ) (-13904 13824 176 ) (-14006 13824 176 ) 
4 304 307 (-14006 14020 64 ) (-14006 13824 64 ) (-14006 13824 176 ) (-14006 14020 176 ) 
4 304 306 (-14006 14139.299805 64 ) (-14006 14023.299805 64 ) (-14006 14023.299805 172 ) (-14006 14139.299805 172 ) 
4 304 305 (-14006 14336 64 ) (-14006 14143.299805 64 ) (-14006 14143.299805 176 ) (-14006 14336 176 ) 
4 307 309 (-14016 13824 176 ) (-14016 13824 64 ) (-14006 13824 64 ) (-14006 13824 176 ) 
4 308 311 (-13600 13744 64 ) (-13536 13744 64 ) (-13536 13744 176 ) (-13600 13744 176 ) 
4 308 310 (-13536 13744 64 ) (-13356 13744 64 ) (-13356 13744 176 ) (-13536 13744 176 ) 
4 308 312 (-13824 13744 64 ) (-13600 13744 64 ) (-13600 13744 176 ) (-13824 13744 176 ) 
4 309 312 (-14016 13744 176 ) (-14016 13744 64 ) (-13904 13744 64 ) (-13904 13744 176 ) 
4 310 311 (-13536 13744 176 ) (-13536 13744 64 ) (-13536 13632 64 ) (-13536 13632 176 ) 
4 311 312 (-13600 13744 176 ) (-13600 13744 64 ) (-13600 13632 64 ) (-13600 13632 176 ) 
4 313 316 (-14080 13479.701172 176 ) (-14080 13504 176 ) (-14080 13504 64 ) (-14080 13479.701172 64 ) 
4 313 315 (-14080 13479.701172 64 ) (-14080 13504 64 ) (-13312 13504 64 ) (-13312 13479.701172 64 ) 
4 314 316 (-14080 14336 0 ) (-14080 14336 -34.138901 ) (-14080 13504 -34.138901 ) (-14080 13504 0 ) 
4 314 315 (-14080 13504 -34.138901 ) (-13312 13504 -34.138901 ) (-13312 13504 0 ) (-14080 13504 0 ) 
4 315 316 (-14080 13479.701172 64 ) (-14080 13504 64 ) (-14080 13504 -34.138901 ) (-14080 13479.701172 -34.138901 ) 
