


materialPath: E:\Games\steamapps\common\Counter-Strike Global Offensive\csgo\materials
Loading D:\Programe\GitHub Reps\CS-GO Maps\aim_cika\aim_cika.vmf
Map revision 1
fixing up env_cubemap materials on brush sides...
0...1...2...3...4...5...6...7...8...9...100...1...2...3...4...5...6...7...8...9...10Processing areas...done (0)
Building Faces...done (0)
FixTjuncs...
PruneNodes...
WriteBSP...
done (0)
writing D:\Programe\GitHub Reps\CS-GO Maps\aim_cika\aim_cika.prt...Building visibility clusters...
done (0)
Finding displacement neighbors...
Finding lightmap sample positions...
Displacement Alpha : 0...1...2...3...4...5...6...7...8...9...10
Building Physics collision data...
done (0) (8845 bytes)
Placing detail props : 0...1...2...3...4...5...6...7...8...9...10
Compacting texture/material tables...
Reduced 58 texinfos to 40
Reduced 4 texdatas to 4 (101 bytes to 101)
Writing D:\Programe\GitHub Reps\CS-GO Maps\aim_cika\aim_cika.bsp
0 seconds elapsed



4 threads
reading d:\programe\github reps\cs-go maps\aim_cika\aim_cika.bsp
reading d:\programe\github reps\cs-go maps\aim_cika\aim_cika.prt
  54 portalclusters
 149 numportals
0...1...2...3...4...5...6...7...8...9...100...1...2...3...4...5...6...7...8...9...10Optimized: 0 visible clusters (0.00%)
Total clusters visible: 2866
Average clusters visible: 53
Building PAS...
Average clusters audible: 54
visdatasize:1192  compressed from 864
writing d:\programe\github reps\cs-go maps\aim_cika\aim_cika.bsp
0 seconds elapsed



[Reading texlights from 'lights.rad']
[17 texlights parsed from 'lights.rad']

Loading d:\programe\github reps\cs-go maps\aim_cika\aim_cika.bsp
159 faces
98474 square feet [14180357.00 square inches]
0 Displacements
0 Square Feet [0.00 Square Inches]
159 patches before subdivision
7669 patches after subdivision
3 direct lights
0...1...2...3...4...5...6...7...8...9...100...1...2...3...4...5...6...7...8...9...10transfers 781478, max 281
transfer lists:   6.0 megs
0...1...2...3...4...5...6...7...8...9...10	Bounce #1 added RGB(229, 160, 121)
0...1...2...3...4...5...6...7...8...9...10	Bounce #2 added RGB(137, 86, 58)
0...1...2...3...4...5...6...7...8...9...10	Bounce #3 added RGB(19, 9, 4)
0...1...2...3...4...5...6...7...8...9...10	Bounce #4 added RGB(6, 2, 1)
0...1...2...3...4...5...6...7...8...9...10	Bounce #5 added RGB(1, 0, 0)
0...1...2...3...4...5...6...7...8...9...10	Bounce #6 added RGB(0, 0, 0)
Build Patch/Sample Hash Table(s).....Done<0.0024 sec>
0...1...2...3...4...5...6...7...8...9...10FinalLightFace Done
0 of 0 (0% of) surface lights went in leaf ambient cubes.
0...1...2...3...4...5...6...7...8...9...10Writing leaf ambient...done
Ready to Finish

Object names       Objects/Maxobjs  Memory / Maxmem  Fullness 
------------       ---------------  ---------------  -------- 
models                   1/1024           48/49152    ( 0.1%) 
brushes                 23/8192          276/98304    ( 0.3%) 
brushsides             177/65536        1416/524288   ( 0.3%) 
planes                 152/65536        3040/1310720  ( 0.2%) 
vertexes               219/65536        2628/786432   ( 0.3%) 
nodes                  105/65536        3360/2097152  ( 0.2%) 
texinfos                40/12288        2880/884736   ( 0.3%) 
texdata                  4/2048          128/65536    ( 0.2%) 
dispinfos                0/0               0/0        ( 0.0%) 
disp_verts               0/0               0/0        ( 0.0%) 
disp_tris                0/0               0/0        ( 0.0%) 
disp_multiblend          0/0               0/0        ( 0.0%) 
disp_lmsamples           0/0               0/0        ( 0.0%) 
faces                  159/65536        8904/3670016  ( 0.2%) 
hdr faces                0/65536           0/3670016  ( 0.0%) 
origfaces               66/65536        3696/3670016  ( 0.1%) 
facebrushes              0/0               0/0        ( 0.0%) 
facebrushlists         159/0             636/0        ( 0.0%) 
leaves                 107/65536        3424/2097152  ( 0.2%) 
leaffaces              283/65536         566/131072   ( 0.4%) 
leafbrushes             45/65536          90/131072   ( 0.1%) 
areas                    2/1024           16/8192     ( 0.2%) 
surfedges              982/512000       3928/2048000  ( 0.2%) 
edges                  528/256000       2112/1024000  ( 0.2%) 
LDR worldlights          3/8192          300/819200   ( 0.0%) 
HDR worldlights          0/8192            0/819200   ( 0.0%) 
leafwaterdata            0/32768           0/393216   ( 0.0%) 
waterstrips              2/32768          20/327680   ( 0.0%) 
waterverts               0/65536           0/786432   ( 0.0%) 
waterindices            30/65536          60/131072   ( 0.0%) 
cubemapsamples           0/1024            0/16384    ( 0.0%) 
overlays                 0/1024            0/360448   ( 0.0%) 
LDR lightdata         [variable]      603756/0        ( 0.0%) 
HDR lightdata         [variable]           0/0        ( 0.0%) 
visdata               [variable]        1192/16777216 ( 0.0%) 
entdata               [variable]        1086/393216   ( 0.3%) 
LDR ambient table      107/65536         428/262144   ( 0.2%) 
HDR ambient table      107/65536         428/262144   ( 0.2%) 
LDR leaf ambient       169/65536        4732/1835008  ( 0.3%) 
HDR leaf ambient       107/65536        2996/1835008  ( 0.2%) 
occluders                0/0               0/0        ( 0.0%) 
occluder polygons        0/0               0/0        ( 0.0%) 
occluder vert ind        0/0               0/0        ( 0.0%) 
detail props          [variable]           1/12       ( 8.3%) 
static props          [variable]           1/12       ( 8.3%) 
pakfile               [variable]       74430/0        ( 0.0%) 
physics               [variable]        8845/4194304  ( 0.2%) 
physics terrain       [variable]           2/1048576  ( 0.0%) 

Level flags = 1c

Total triangle count: 400
Writing d:\programe\github reps\cs-go maps\aim_cika\aim_cika.bsp
1 second elapsed



[Reading texlights from 'lights.rad']
[17 texlights parsed from 'lights.rad']

Loading d:\programe\github reps\cs-go maps\aim_cika\aim_cika.bsp
159 faces
98474 square feet [14180357.00 square inches]
0 Displacements
0 Square Feet [0.00 Square Inches]
159 patches before subdivision
7669 patches after subdivision
3 direct lights
0...1...2...3...4...5...6...7...8...9...100...1...2...3...4...5...6...7...8...9...10transfers 781478, max 281
transfer lists:   6.0 megs
0...1...2...3...4...5...6...7...8...9...10	Bounce #1 added RGB(229, 160, 121)
0...1...2...3...4...5...6...7...8...9...10	Bounce #2 added RGB(137, 86, 58)
0...1...2...3...4...5...6...7...8...9...10	Bounce #3 added RGB(19, 9, 4)
0...1...2...3...4...5...6...7...8...9...10	Bounce #4 added RGB(6, 2, 1)
0...1...2...3...4...5...6...7...8...9...10	Bounce #5 added RGB(1, 0, 0)
0...1...2...3...4...5...6...7...8...9...10	Bounce #6 added RGB(0, 0, 0)
Build Patch/Sample Hash Table(s).....Done<0.0018 sec>
0...1...2...3...4...5...6...7...8...9...10FinalLightFace Done
0 of 0 (0% of) surface lights went in leaf ambient cubes.
0...1...2...3...4...5...6...7...8...9...10Writing leaf ambient...done
Ready to Finish

Object names       Objects/Maxobjs  Memory / Maxmem  Fullness 
------------       ---------------  ---------------  -------- 
models                   1/1024           48/49152    ( 0.1%) 
brushes                 23/8192          276/98304    ( 0.3%) 
brushsides             177/65536        1416/524288   ( 0.3%) 
planes                 152/65536        3040/1310720  ( 0.2%) 
vertexes               219/65536        2628/786432   ( 0.3%) 
nodes                  105/65536        3360/2097152  ( 0.2%) 
texinfos                40/12288        2880/884736   ( 0.3%) 
texdata                  4/2048          128/65536    ( 0.2%) 
dispinfos                0/0               0/0        ( 0.0%) 
disp_verts               0/0               0/0        ( 0.0%) 
disp_tris                0/0               0/0        ( 0.0%) 
disp_multiblend          0/0               0/0        ( 0.0%) 
disp_lmsamples           0/0               0/0        ( 0.0%) 
faces                  159/65536        8904/3670016  ( 0.2%) 
hdr faces              159/65536        8904/3670016  ( 0.2%) 
origfaces               66/65536        3696/3670016  ( 0.1%) 
facebrushes              0/0               0/0        ( 0.0%) 
facebrushlists         159/0             636/0        ( 0.0%) 
leaves                 107/65536        3424/2097152  ( 0.2%) 
leaffaces              283/65536         566/131072   ( 0.4%) 
leafbrushes             45/65536          90/131072   ( 0.1%) 
areas                    2/1024           16/8192     ( 0.2%) 
surfedges              982/512000       3928/2048000  ( 0.2%) 
edges                  528/256000       2112/1024000  ( 0.2%) 
LDR worldlights          3/8192          300/819200   ( 0.0%) 
HDR worldlights          3/8192          300/819200   ( 0.0%) 
leafwaterdata            0/32768           0/393216   ( 0.0%) 
waterstrips              2/32768          20/327680   ( 0.0%) 
waterverts               0/65536           0/786432   ( 0.0%) 
waterindices            30/65536          60/131072   ( 0.0%) 
cubemapsamples           0/1024            0/16384    ( 0.0%) 
overlays                 0/1024            0/360448   ( 0.0%) 
LDR lightdata         [variable]      603756/0        ( 0.0%) 
HDR lightdata         [variable]      603756/0        ( 0.0%) 
visdata               [variable]        1192/16777216 ( 0.0%) 
entdata               [variable]        1086/393216   ( 0.3%) 
LDR ambient table      107/65536         428/262144   ( 0.2%) 
HDR ambient table      107/65536         428/262144   ( 0.2%) 
LDR leaf ambient       169/65536        4732/1835008  ( 0.3%) 
HDR leaf ambient       169/65536        4732/1835008  ( 0.3%) 
occluders                0/0               0/0        ( 0.0%) 
occluder polygons        0/0               0/0        ( 0.0%) 
occluder vert ind        0/0               0/0        ( 0.0%) 
detail props          [variable]           1/12       ( 8.3%) 
static props          [variable]           1/12       ( 8.3%) 
pakfile               [variable]       74430/0        ( 0.0%) 
physics               [variable]        8845/4194304  ( 0.2%) 
physics terrain       [variable]           2/1048576  ( 0.0%) 

Level flags = 1c

Total triangle count: 400
Writing d:\programe\github reps\cs-go maps\aim_cika\aim_cika.bsp
1 second elapsed



materialPath: E:\Games\steamapps\common\Counter-Strike Global Offensive\csgo\materials
Loading D:\Programe\GitHub Reps\CS-GO Maps\aim_cika\aim_cika.vmf
Map revision 3
fixing up env_cubemap materials on brush sides...
0...1...2...3...4...5...6...7...8...9...100...1...2...3...4...5...6...7...8...9...10Processing areas...done (0)
Building Faces...done (0)
FixTjuncs...
PruneNodes...
WriteBSP...
done (0)
writing D:\Programe\GitHub Reps\CS-GO Maps\aim_cika\aim_cika.prt...Building visibility clusters...
done (0)
Finding displacement neighbors...
Finding lightmap sample positions...
Displacement Alpha : 0...1...2...3...4...5...6...7...8...9...10
Building Physics collision data...
done (0) (7309 bytes)
Placing detail props : 0...1...2...3...4...5...6...7...8...9...10
Compacting texture/material tables...
Reduced 53 texinfos to 40
Reduced 4 texdatas to 4 (101 bytes to 101)
Writing D:\Programe\GitHub Reps\CS-GO Maps\aim_cika\aim_cika.bsp
0 seconds elapsed



4 threads
reading d:\programe\github reps\cs-go maps\aim_cika\aim_cika.bsp
reading d:\programe\github reps\cs-go maps\aim_cika\aim_cika.prt
  54 portalclusters
 143 numportals
0...1...2...3...4...5...6...7...8...9...100...1...2...3...4...5...6...7...8...9...10Optimized: 0 visible clusters (0.00%)
Total clusters visible: 2846
Average clusters visible: 52
Building PAS...
Average clusters audible: 54
visdatasize:1192  compressed from 864
writing d:\programe\github reps\cs-go maps\aim_cika\aim_cika.bsp
0 seconds elapsed



[Reading texlights from 'lights.rad']
[17 texlights parsed from 'lights.rad']

Loading d:\programe\github reps\cs-go maps\aim_cika\aim_cika.bsp
149 faces
95061 square feet [13688836.00 square inches]
0 Displacements
0 Square Feet [0.00 Square Inches]
149 patches before subdivision
7405 patches after subdivision
3 direct lights
0...1...2...3...4...5...6...7...8...9...100...1...2...3...4...5...6...7...8...9...10transfers 735770, max 281
transfer lists:   5.6 megs
0...1...2...3...4...5...6...7...8...9...10	Bounce #1 added RGB(187, 132, 102)
0...1...2...3...4...5...6...7...8...9...10	Bounce #2 added RGB(110, 69, 48)
0...1...2...3...4...5...6...7...8...9...10	Bounce #3 added RGB(16, 7, 4)
0...1...2...3...4...5...6...7...8...9...10	Bounce #4 added RGB(5, 2, 1)
0...1...2...3...4...5...6...7...8...9...10	Bounce #5 added RGB(1, 0, 0)
Build Patch/Sample Hash Table(s).....Done<0.0016 sec>
0...1...2...3...4...5...6...7...8...9...10FinalLightFace Done
0 of 0 (0% of) surface lights went in leaf ambient cubes.
0...1...2...3...4...5...6...7...8...9...10Writing leaf ambient...done
Ready to Finish

Object names       Objects/Maxobjs  Memory / Maxmem  Fullness 
------------       ---------------  ---------------  -------- 
models                   1/1024           48/49152    ( 0.1%) 
brushes                 19/8192          228/98304    ( 0.2%) 
brushsides             153/65536        1224/524288   ( 0.2%) 
planes                 114/65536        2280/1310720  ( 0.2%) 
vertexes               211/65536        2532/786432   ( 0.3%) 
nodes                   97/65536        3104/2097152  ( 0.1%) 
texinfos                40/12288        2880/884736   ( 0.3%) 
texdata                  4/2048          128/65536    ( 0.2%) 
dispinfos                0/0               0/0        ( 0.0%) 
disp_verts               0/0               0/0        ( 0.0%) 
disp_tris                0/0               0/0        ( 0.0%) 
disp_multiblend          0/0               0/0        ( 0.0%) 
disp_lmsamples           0/0               0/0        ( 0.0%) 
faces                  149/65536        8344/3670016  ( 0.2%) 
hdr faces                0/65536           0/3670016  ( 0.0%) 
origfaces               66/65536        3696/3670016  ( 0.1%) 
facebrushes              0/0               0/0        ( 0.0%) 
facebrushlists         149/0             596/0        ( 0.0%) 
leaves                  99/65536        3168/2097152  ( 0.2%) 
leaffaces              303/65536         606/131072   ( 0.5%) 
leafbrushes             50/65536         100/131072   ( 0.1%) 
areas                    2/1024           16/8192     ( 0.2%) 
surfedges              946/512000       3784/2048000  ( 0.2%) 
edges                  510/256000       2040/1024000  ( 0.2%) 
LDR worldlights          3/8192          300/819200   ( 0.0%) 
HDR worldlights          0/8192            0/819200   ( 0.0%) 
leafwaterdata            0/32768           0/393216   ( 0.0%) 
waterstrips              0/32768           0/327680   ( 0.0%) 
waterverts               0/65536           0/786432   ( 0.0%) 
waterindices             0/65536           0/131072   ( 0.0%) 
cubemapsamples           0/1024            0/16384    ( 0.0%) 
overlays                 0/1024            0/360448   ( 0.0%) 
LDR lightdata         [variable]      588052/0        ( 0.0%) 
HDR lightdata         [variable]           0/0        ( 0.0%) 
visdata               [variable]        1192/16777216 ( 0.0%) 
entdata               [variable]        1086/393216   ( 0.3%) 
LDR ambient table       99/65536         396/262144   ( 0.2%) 
HDR ambient table       99/65536         396/262144   ( 0.2%) 
LDR leaf ambient       134/65536        3752/1835008  ( 0.2%) 
HDR leaf ambient        99/65536        2772/1835008  ( 0.2%) 
occluders                0/0               0/0        ( 0.0%) 
occluder polygons        0/0               0/0        ( 0.0%) 
occluder vert ind        0/0               0/0        ( 0.0%) 
detail props          [variable]           1/12       ( 8.3%) 
static props          [variable]           1/12       ( 8.3%) 
pakfile               [variable]       74430/0        ( 0.0%) 
physics               [variable]        7309/4194304  ( 0.2%) 
physics terrain       [variable]           2/1048576  ( 0.0%) 

Level flags = 1c

Total triangle count: 384
Writing d:\programe\github reps\cs-go maps\aim_cika\aim_cika.bsp
1 second elapsed



materialPath: E:\Games\steamapps\common\Counter-Strike Global Offensive\csgo\materials
Loading D:\Programe\GitHub Reps\CS-GO Maps\aim_cika\aim_cika.vmf
Map revision 5
fixing up env_cubemap materials on brush sides...
0...1...2...3...4...5...6...7...8...9...100...1...2...3...4...5...6...7...8...9...10Processing areas...done (0)
Building Faces...done (0)
FixTjuncs...
PruneNodes...
WriteBSP...
done (0)
writing D:\Programe\GitHub Reps\CS-GO Maps\aim_cika\aim_cika.prt...Building visibility clusters...
done (0)
Finding displacement neighbors...
Finding lightmap sample positions...
Displacement Alpha : 0...1...2...3...4...5...6...7...8...9...10
Building Physics collision data...
done (0) (7309 bytes)
Placing detail props : 0...1...2...3...4...5...6...7...8...9...10
Compacting texture/material tables...
Reduced 53 texinfos to 40
Reduced 4 texdatas to 4 (101 bytes to 101)
Writing D:\Programe\GitHub Reps\CS-GO Maps\aim_cika\aim_cika.bsp
0 seconds elapsed



4 threads
reading d:\programe\github reps\cs-go maps\aim_cika\aim_cika.bsp
reading d:\programe\github reps\cs-go maps\aim_cika\aim_cika.prt
  54 portalclusters
 143 numportals
0...1...2...3...4...5...6...7...8...9...100...1...2...3...4...5...6...7...8...9...10Optimized: 0 visible clusters (0.00%)
Total clusters visible: 2846
Average clusters visible: 52
Building PAS...
Average clusters audible: 54
visdatasize:1192  compressed from 864
writing d:\programe\github reps\cs-go maps\aim_cika\aim_cika.bsp
0 seconds elapsed



[Reading texlights from 'lights.rad']
[17 texlights parsed from 'lights.rad']

Loading d:\programe\github reps\cs-go maps\aim_cika\aim_cika.bsp
149 faces
95061 square feet [13688836.00 square inches]
0 Displacements
0 Square Feet [0.00 Square Inches]
149 patches before subdivision
7405 patches after subdivision
3 direct lights
0...1...2...3...4...5...6...7...8...9...100...1...2...3...4...5...6...7...8...9...10transfers 735770, max 281
transfer lists:   5.6 megs
0...1...2...3...4...5...6...7...8...9...10	Bounce #1 added RGB(264, 194, 155)
0...1...2...3...4...5...6...7...8...9...10	Bounce #2 added RGB(150, 95, 65)
0...1...2...3...4...5...6...7...8...9...10	Bounce #3 added RGB(22, 10, 5)
0...1...2...3...4...5...6...7...8...9...10	Bounce #4 added RGB(7, 3, 1)
0...1...2...3...4...5...6...7...8...9...10	Bounce #5 added RGB(1, 0, 0)
0...1...2...3...4...5...6...7...8...9...10	Bounce #6 added RGB(0, 0, 0)
Build Patch/Sample Hash Table(s).....Done<0.0016 sec>
0...1...2...3...4...5...6...7...8...9...10FinalLightFace Done
0 of 0 (0% of) surface lights went in leaf ambient cubes.
0...1...2...3...4...5...6...7...8...9...10Writing leaf ambient...done
Ready to Finish

Object names       Objects/Maxobjs  Memory / Maxmem  Fullness 
------------       ---------------  ---------------  -------- 
models                   1/1024           48/49152    ( 0.1%) 
brushes                 19/8192          228/98304    ( 0.2%) 
brushsides             153/65536        1224/524288   ( 0.2%) 
planes                 114/65536        2280/1310720  ( 0.2%) 
vertexes               211/65536        2532/786432   ( 0.3%) 
nodes                   97/65536        3104/2097152  ( 0.1%) 
texinfos                40/12288        2880/884736   ( 0.3%) 
texdata                  4/2048          128/65536    ( 0.2%) 
dispinfos                0/0               0/0        ( 0.0%) 
disp_verts               0/0               0/0        ( 0.0%) 
disp_tris                0/0               0/0        ( 0.0%) 
disp_multiblend          0/0               0/0        ( 0.0%) 
disp_lmsamples           0/0               0/0        ( 0.0%) 
faces                  149/65536        8344/3670016  ( 0.2%) 
hdr faces                0/65536           0/3670016  ( 0.0%) 
origfaces               66/65536        3696/3670016  ( 0.1%) 
facebrushes              0/0               0/0        ( 0.0%) 
facebrushlists         149/0             596/0        ( 0.0%) 
leaves                  99/65536        3168/2097152  ( 0.2%) 
leaffaces              303/65536         606/131072   ( 0.5%) 
leafbrushes             50/65536         100/131072   ( 0.1%) 
areas                    2/1024           16/8192     ( 0.2%) 
surfedges              946/512000       3784/2048000  ( 0.2%) 
edges                  510/256000       2040/1024000  ( 0.2%) 
LDR worldlights          3/8192          300/819200   ( 0.0%) 
HDR worldlights          0/8192            0/819200   ( 0.0%) 
leafwaterdata            0/32768           0/393216   ( 0.0%) 
waterstrips              0/32768           0/327680   ( 0.0%) 
waterverts               0/65536           0/786432   ( 0.0%) 
waterindices             0/65536           0/131072   ( 0.0%) 
cubemapsamples           0/1024            0/16384    ( 0.0%) 
overlays                 0/1024            0/360448   ( 0.0%) 
LDR lightdata         [variable]      588052/0        ( 0.0%) 
HDR lightdata         [variable]           0/0        ( 0.0%) 
visdata               [variable]        1192/16777216 ( 0.0%) 
entdata               [variable]        1068/393216   ( 0.3%) 
LDR ambient table       99/65536         396/262144   ( 0.2%) 
HDR ambient table       99/65536         396/262144   ( 0.2%) 
LDR leaf ambient       191/65536        5348/1835008  ( 0.3%) 
HDR leaf ambient        99/65536        2772/1835008  ( 0.2%) 
occluders                0/0               0/0        ( 0.0%) 
occluder polygons        0/0               0/0        ( 0.0%) 
occluder vert ind        0/0               0/0        ( 0.0%) 
detail props          [variable]           1/12       ( 8.3%) 
static props          [variable]           1/12       ( 8.3%) 
pakfile               [variable]       74430/0        ( 0.0%) 
physics               [variable]        7309/4194304  ( 0.2%) 
physics terrain       [variable]           2/1048576  ( 0.0%) 

Level flags = 1c

Total triangle count: 384
Writing d:\programe\github reps\cs-go maps\aim_cika\aim_cika.bsp
0 seconds elapsed



materialPath: E:\Games\steamapps\common\Counter-Strike Global Offensive\csgo\materials
Loading D:\Programe\GitHub Reps\CS-GO Maps\aim_cika\aim_cika.vmf
Map revision 6
fixing up env_cubemap materials on brush sides...
0...1...2...3...4...5...6...7...8...9...100...1...2...3...4...5...6...7...8...9...10Processing areas...done (0)
Building Faces...done (0)
FixTjuncs...
PruneNodes...
WriteBSP...
done (0)
writing D:\Programe\GitHub Reps\CS-GO Maps\aim_cika\aim_cika.prt...Building visibility clusters...
done (0)
Finding displacement neighbors...
Finding lightmap sample positions...
Displacement Alpha : 0...1...2...3...4...5...6...7...8...9...10
Building Physics collision data...
done (0) (7309 bytes)
Placing detail props : 0...1...2...3...4...5...6...7...8...9...10
Compacting texture/material tables...
Reduced 53 texinfos to 40
Reduced 4 texdatas to 4 (101 bytes to 101)
Writing D:\Programe\GitHub Reps\CS-GO Maps\aim_cika\aim_cika.bsp
0 seconds elapsed



4 threads
reading d:\programe\github reps\cs-go maps\aim_cika\aim_cika.bsp
reading d:\programe\github reps\cs-go maps\aim_cika\aim_cika.prt
  54 portalclusters
 143 numportals
0...1...2...3...4...5...6...7...8...9...100...1...2...3...4...5...6...7...8...9...10Optimized: 0 visible clusters (0.00%)
Total clusters visible: 2846
Average clusters visible: 52
Building PAS...
Average clusters audible: 54
visdatasize:1192  compressed from 864
writing d:\programe\github reps\cs-go maps\aim_cika\aim_cika.bsp
0 seconds elapsed



[Reading texlights from 'lights.rad']
[17 texlights parsed from 'lights.rad']

Loading d:\programe\github reps\cs-go maps\aim_cika\aim_cika.bsp
149 faces
95061 square feet [13688836.00 square inches]
0 Displacements
0 Square Feet [0.00 Square Inches]
149 patches before subdivision
7405 patches after subdivision
3 direct lights
0...1...2...3...4...5...6...7...8...9...100...1...2...3...4...5...6...7...8...9...10transfers 735770, max 281
transfer lists:   5.6 megs
0...1...2...3...4...5...6...7...8...9...10	Bounce #1 added RGB(68, 52, 43)
0...1...2...3...4...5...6...7...8...9...10	Bounce #2 added RGB(52, 32, 21)
0...1...2...3...4...5...6...7...8...9...10	Bounce #3 added RGB(7, 3, 2)
0...1...2...3...4...5...6...7...8...9...10	Bounce #4 added RGB(2, 1, 0)
0...1...2...3...4...5...6...7...8...9...10	Bounce #5 added RGB(0, 0, 0)
Build Patch/Sample Hash Table(s).....Done<0.0017 sec>
0...1...2...3...4...5...6...7...8...9...10FinalLightFace Done
0 of 0 (0% of) surface lights went in leaf ambient cubes.
0...1...2...3...4...5...6...7...8...9...10Writing leaf ambient...done
Ready to Finish

Object names       Objects/Maxobjs  Memory / Maxmem  Fullness 
------------       ---------------  ---------------  -------- 
models                   1/1024           48/49152    ( 0.1%) 
brushes                 19/8192          228/98304    ( 0.2%) 
brushsides             153/65536        1224/524288   ( 0.2%) 
planes                 114/65536        2280/1310720  ( 0.2%) 
vertexes               211/65536        2532/786432   ( 0.3%) 
nodes                   97/65536        3104/2097152  ( 0.1%) 
texinfos                40/12288        2880/884736   ( 0.3%) 
texdata                  4/2048          128/65536    ( 0.2%) 
dispinfos                0/0               0/0        ( 0.0%) 
disp_verts               0/0               0/0        ( 0.0%) 
disp_tris                0/0               0/0        ( 0.0%) 
disp_multiblend          0/0               0/0        ( 0.0%) 
disp_lmsamples           0/0               0/0        ( 0.0%) 
faces                  149/65536        8344/3670016  ( 0.2%) 
hdr faces                0/65536           0/3670016  ( 0.0%) 
origfaces               66/65536        3696/3670016  ( 0.1%) 
facebrushes              0/0               0/0        ( 0.0%) 
facebrushlists         149/0             596/0        ( 0.0%) 
leaves                  99/65536        3168/2097152  ( 0.2%) 
leaffaces              303/65536         606/131072   ( 0.5%) 
leafbrushes             50/65536         100/131072   ( 0.1%) 
areas                    2/1024           16/8192     ( 0.2%) 
surfedges              946/512000       3784/2048000  ( 0.2%) 
edges                  510/256000       2040/1024000  ( 0.2%) 
LDR worldlights          3/8192          300/819200   ( 0.0%) 
HDR worldlights          0/8192            0/819200   ( 0.0%) 
leafwaterdata            0/32768           0/393216   ( 0.0%) 
waterstrips              0/32768           0/327680   ( 0.0%) 
waterverts               0/65536           0/786432   ( 0.0%) 
waterindices             0/65536           0/131072   ( 0.0%) 
cubemapsamples           0/1024            0/16384    ( 0.0%) 
overlays                 0/1024            0/360448   ( 0.0%) 
LDR lightdata         [variable]      588052/0        ( 0.0%) 
HDR lightdata         [variable]           0/0        ( 0.0%) 
visdata               [variable]        1192/16777216 ( 0.0%) 
entdata               [variable]        1173/393216   ( 0.3%) 
LDR ambient table       99/65536         396/262144   ( 0.2%) 
HDR ambient table       99/65536         396/262144   ( 0.2%) 
LDR leaf ambient        86/65536        2408/1835008  ( 0.1%) 
HDR leaf ambient        99/65536        2772/1835008  ( 0.2%) 
occluders                0/0               0/0        ( 0.0%) 
occluder polygons        0/0               0/0        ( 0.0%) 
occluder vert ind        0/0               0/0        ( 0.0%) 
detail props          [variable]           1/12       ( 8.3%) 
static props          [variable]           1/12       ( 8.3%) 
pakfile               [variable]       74430/0        ( 0.0%) 
physics               [variable]        7309/4194304  ( 0.2%) 
physics terrain       [variable]           2/1048576  ( 0.0%) 

Level flags = 1c

Total triangle count: 384
Writing d:\programe\github reps\cs-go maps\aim_cika\aim_cika.bsp
1 second elapsed



materialPath: E:\Games\steamapps\common\Counter-Strike Global Offensive\csgo\materials
Loading D:\Programe\GitHub Reps\CS-GO Maps\aim_cika\aim_cika.vmf
Map revision 11
fixing up env_cubemap materials on brush sides...
0...1...2...3...4...5...6...7...8...9...100...1...2...3...4...5...6...7...8...9...10Processing areas...done (0)
Building Faces...done (0)
FixTjuncs...
PruneNodes...
WriteBSP...
done (0)
writing D:\Programe\GitHub Reps\CS-GO Maps\aim_cika\aim_cika.prt...Building visibility clusters...
done (0)
Finding displacement neighbors...
Finding lightmap sample positions...
Displacement Alpha : 0...1...2...3...4...5...6...7...8...9...10
Building Physics collision data...
done (0) (58105 bytes)
Placing detail props : 0...1...2...3...4...5...6...7...8...9...10
Compacting texture/material tables...
Reduced 371 texinfos to 225
Reduced 10 texdatas to 10 (202 bytes to 202)
Writing D:\Programe\GitHub Reps\CS-GO Maps\aim_cika\aim_cika.bsp
0 seconds elapsed



4 threads
reading d:\programe\github reps\cs-go maps\aim_cika\aim_cika.bsp
reading d:\programe\github reps\cs-go maps\aim_cika\aim_cika.prt
 183 portalclusters
 570 numportals
0...1...2...3...4...5...6...7...8...9...100...1...2...3...4...5...6...7...8...9...10Optimized: 201 visible clusters (0.00%)
Total clusters visible: 14389
Average clusters visible: 78
Building PAS...
Average clusters audible: 158
visdatasize:10197  compressed from 8784
writing d:\programe\github reps\cs-go maps\aim_cika\aim_cika.bsp
0 seconds elapsed



[Reading texlights from 'lights.rad']
[17 texlights parsed from 'lights.rad']

Loading d:\programe\github reps\cs-go maps\aim_cika\aim_cika.bsp
854 faces
1 degenerate faces
226387 square feet [32599806.00 square inches]
0 Displacements
0 Square Feet [0.00 Square Inches]
853 patches before subdivision
15403 patches after subdivision
7 direct lights
0...1...2...3...4...5...6...7...8...9...100...1...2...3...4...5...6...7...8...9...10transfers 1187652, max 461
transfer lists:   9.1 megs
0...1...2...3...4...5...6...7...8...9...10	Bounce #1 added RGB(822, 514, 343)
0...1...2...3...4...5...6...7...8...9...10	Bounce #2 added RGB(93, 41, 20)
0...1...2...3...4...5...6...7...8...9...10	Bounce #3 added RGB(9, 3, 1)
0...1...2...3...4...5...6...7...8...9...10	Bounce #4 added RGB(1, 0, 0)
0...1...2...3...4...5...6...7...8...9...10	Bounce #5 added RGB(0, 0, 0)
Build Patch/Sample Hash Table(s).....Done<0.0024 sec>
0...1...2...3...4...5...6...7...8...9...10FinalLightFace Done
0 of 0 (0% of) surface lights went in leaf ambient cubes.
0...1...2...3...4...5...6...7...8...9...10Writing leaf ambient...done
Ready to Finish

Object names       Objects/Maxobjs  Memory / Maxmem  Fullness 
------------       ---------------  ---------------  -------- 
models                   1/1024           48/49152    ( 0.1%) 
brushes                159/8192         1908/98304    ( 1.9%) 
brushsides            2092/65536       16736/524288   ( 3.2%) 
planes                 934/65536       18680/1310720  ( 1.4%) 
vertexes              1074/65536       12888/786432   ( 1.6%) 
nodes                  384/65536       12288/2097152  ( 0.6%) 
texinfos               225/12288       16200/884736   ( 1.8%) 
texdata                 10/2048          320/65536    ( 0.5%) 
dispinfos                0/0               0/0        ( 0.0%) 
disp_verts               0/0               0/0        ( 0.0%) 
disp_tris                0/0               0/0        ( 0.0%) 
disp_multiblend          0/0               0/0        ( 0.0%) 
disp_lmsamples           0/0               0/0        ( 0.0%) 
faces                  854/65536       47824/3670016  ( 1.3%) 
hdr faces                0/65536           0/3670016  ( 0.0%) 
origfaces              420/65536       23520/3670016  ( 0.6%) 
facebrushes             30/0              60/0        ( 0.0%) 
facebrushlists         854/0            3416/0        ( 0.0%) 
leaves                 386/65536       12352/2097152  ( 0.6%) 
leaffaces              956/65536        1912/131072   ( 1.5%) 
leafbrushes            532/65536        1064/131072   ( 0.8%) 
areas                    2/1024           16/8192     ( 0.2%) 
surfedges             5677/512000      22708/2048000  ( 1.1%) 
edges                 2966/256000      11864/1024000  ( 1.2%) 
LDR worldlights          7/8192          700/819200   ( 0.1%) 
HDR worldlights          0/8192            0/819200   ( 0.0%) 
leafwaterdata            0/32768           0/393216   ( 0.0%) 
waterstrips            100/32768        1000/327680   ( 0.3%) 
waterverts               0/65536           0/786432   ( 0.0%) 
waterindices          1488/65536        2976/131072   ( 2.3%) 
cubemapsamples           0/1024            0/16384    ( 0.0%) 
overlays                 0/1024            0/360448   ( 0.0%) 
LDR lightdata         [variable]      931996/0        ( 0.0%) 
HDR lightdata         [variable]           0/0        ( 0.0%) 
visdata               [variable]       10197/16777216 ( 0.1%) 
entdata               [variable]        2837/393216   ( 0.7%) 
LDR ambient table      386/65536        1544/262144   ( 0.6%) 
HDR ambient table      386/65536        1544/262144   ( 0.6%) 
LDR leaf ambient       620/65536       17360/1835008  ( 0.9%) 
HDR leaf ambient       386/65536       10808/1835008  ( 0.6%) 
occluders                0/0               0/0        ( 0.0%) 
occluder polygons        0/0               0/0        ( 0.0%) 
occluder vert ind        0/0               0/0        ( 0.0%) 
detail props          [variable]           1/12       ( 8.3%) 
static props          [variable]           1/12       ( 8.3%) 
pakfile               [variable]       74430/0        ( 0.0%) 
physics               [variable]       58105/4194304  ( 1.4%) 
physics terrain       [variable]           2/1048576  ( 0.0%) 

Level flags = 1c

Total triangle count: 2321
Writing d:\programe\github reps\cs-go maps\aim_cika\aim_cika.bsp
2 seconds elapsed
