PRT1
183
570
4 0 34 (-11792 14336 1008 ) (-12032 14336 1008 ) (-12032 14336 -112 ) (-11792 14336 -112 ) 
4 0 9 (-12032 14656 -112 ) (-12032 14336 -112 ) (-12032 14336 0 ) (-12032 14656 0 ) 
4 0 8 (-12032 14896 -112 ) (-12032 14656 -112 ) (-12032 14656 64 ) (-12032 14896 64 ) 
4 0 3 (-12032 14656 384 ) (-12032 14896 384 ) (-12032 14896 64 ) (-12032 14656 64 ) 
4 0 2 (-12032 14336 416 ) (-12032 14336 1008 ) (-12032 14656 1008 ) (-12032 14656 416 ) 
4 0 1 (-12032 14656 1008 ) (-12032 14896 1008 ) (-12032 14896 384 ) (-12032 14656 384 ) 
4 1 10 (-12288 14656 1008 ) (-12288 14896 1008 ) (-12288 14896 384 ) (-12288 14656 384 ) 
4 1 3 (-12032 14896 384 ) (-12032 14656 384 ) (-12288 14656 384 ) (-12288 14896 384 ) 
4 1 2 (-12032 14656 416 ) (-12032 14656 1008 ) (-12288 14656 1008 ) (-12288 14656 459.574585 ) 
4 2 35 (-12032 14336 1008 ) (-12288 14336 1008 ) (-12288 14336 459.574585 ) (-12032 14336 416 ) 
4 2 11 (-12288 14336 459.574615 ) (-12288 14336 1008 ) (-12288 14656 1008 ) (-12288 14656 459.574585 ) 
4 3 10 (-12288 14656 384 ) (-12288 14896 384 ) (-12288 14896 64 ) (-12288 14656 64 ) 
4 3 8 (-12288 14656 64 ) (-12288 14896 64 ) (-12032 14896 64 ) (-12032 14656 64 ) 
5 4 40 (-12288 14336 384 ) (-12288 14336 275.201233 ) (-12141.332031 14336 64 ) (-12096 14336 64 ) (-12096 14336 384 ) 
4 4 15 (-12288 14336 275.201233 ) (-12288 14336 384 ) (-12288 14592 384 ) (-12288 14592 275.201233 ) 
4 4 6 (-12288 14592 275.201477 ) (-12208 14592 160.001709 ) (-12208 14416 160.001694 ) (-12288 14361.599609 275.201477 ) 
4 4 5 (-12208 14592 160.001709 ) (-12141.332031 14592 64 ) (-12141.332031 14336 64 ) (-12208 14336 160.001694 ) 
3 5 41 (-12208 14336 64 ) (-12141.332031 14336 64 ) (-12208 14336 160.001587 ) 
3 5 7 (-12208 14416 160.001297 ) (-12208 14461.333984 64 ) (-12208 14416 64 ) 
4 5 6 (-12208 14415.998047 160.005432 ) (-12208 14592 160.005432 ) (-12208 14592 64 ) (-12208 14461.333984 64 ) 
4 6 16 (-12288 14361.599609 275.201233 ) (-12288 14592 275.201233 ) (-12288 14592 160.001511 ) (-12288 14416 160.001511 ) 
4 6 14 (-12288 14592 160.001511 ) (-12288 14592 64 ) (-12288 14461.333984 64 ) (-12288 14416 160.001511 ) 
4 6 7 (-12288 14461.333008 64 ) (-12208 14461.333008 64 ) (-12208 14416 160 ) (-12288 14416 160 ) 
3 7 14 (-12288 14416 160 ) (-12288 14461.333984 64 ) (-12288 14416 64 ) 
4 8 20 (-12288 14656 64 ) (-12288 14896 64 ) (-12288 14896 -112 ) (-12288 14656 -112 ) 
4 8 9 (-12288 14656 -112 ) (-12032 14656 -112 ) (-12032 14656 0 ) (-12288 14656 0 ) 
4 9 47 (-12288 14336 0 ) (-12288 14336 -112 ) (-12032 14336 -112 ) (-12032 14336 0 ) 
4 9 21 (-12288 14336 -112 ) (-12288 14336 0 ) (-12288 14656 0 ) (-12288 14656 -112 ) 
4 10 22 (-13312 14896 64 ) (-13312 14656 64 ) (-13312 14656 1008 ) (-13312 14896 1008 ) 
4 10 20 (-13312 14656 64 ) (-13312 14896 64 ) (-12288 14896 64 ) (-12288 14656 64 ) 
4 10 12 (-12408 14656 1008 ) (-13312 14656 1008 ) (-13312 14656 416 ) (-12408 14656 416 ) 
4 10 11 (-12288 14656 459.574615 ) (-12288 14656 1008 ) (-12408 14656 1008 ) (-12408 14656 480 ) 
4 11 49 (-12288 14336 459.574615 ) (-12288 14336 1008 ) (-12408 14336 1008 ) (-12408 14336 480 ) 
4 11 12 (-12408 14656 1008 ) (-12408 14656 480 ) (-12408 14336 480 ) (-12408 14336 1008 ) 
4 12 74 (-13312 14336 480 ) (-13312 14336 470.467957 ) (-12410.099609 14336 470.467957 ) (-12410.099609 14336 480 ) 
4 12 65 (-13312 14336 506.941132 ) (-13312 14336 480 ) (-12440.099609 14336 480 ) (-12440.099609 14336 506.968262 ) 
4 12 63 (-12410.099609 14336 480.217346 ) (-12410.099609 14336 506.969208 ) (-12440.099609 14336 506.968262 ) (-12440.099609 14336 480.217346 ) 
4 12 64 (-12440.099609 14336 480 ) (-12410.099609 14336 480 ) (-12410.099609 14336 480.217346 ) (-12440.099609 14336 480.217346 ) 
4 12 53 (-12410.099609 14336 470.467957 ) (-12408 14336 470.467957 ) (-12408 14336 506.969269 ) (-12410.099609 14336 506.969208 ) 
4 12 52 (-13312 14336 1008 ) (-13312 14336 506.941132 ) (-12408 14336 506.969269 ) (-12408 14336 1008 ) 
4 12 23 (-13312 14336 470.467957 ) (-13312 14336 1008 ) (-13312 14656 1008 ) (-13312 14656 416 ) 
4 13 105 (-13312 14336 438.468079 ) (-13312 14336 384 ) (-12408 14336 384 ) (-12408 14336 438.468079 ) 
3 13 24 (-13312 14336 384 ) (-13312 14336 438.468079 ) (-13312 14656 384 ) 
4 13 17 (-13100 14592 384 ) (-13012 14592 384 ) (-13012 14336 384 ) (-13100 14336 384 ) 
4 13 19 (-13312 14336 384 ) (-13312 14592 384 ) (-13100 14592 384 ) (-13100 14336 384 ) 
4 13 14 (-12408 14592 384 ) (-12408 14336 384 ) (-13012 14336 384 ) (-13012 14592 384 ) 
4 14 106 (-13012 14336 329.412048 ) (-13012 14336 160 ) (-12408 14336 160 ) (-12408 14336 329.411865 ) 
4 14 105 (-12408 14336 384 ) (-13012 14336 384 ) (-13012 14336 329.412048 ) (-12408 14336 329.411865 ) 
4 14 100 (-12288 14336 160.001251 ) (-12406.221680 14336 384 ) (-12408 14336 384 ) (-12408 14336 160 ) 
4 14 86 (-12288 14336 64 ) (-12288 14336 160.001251 ) (-13012 14336 160 ) (-13012 14336 64 ) 
3 14 18 (-13012 14461.333984 64 ) (-13012 14416 64 ) (-13012 14416 160 ) 
5 14 17 (-13012 14336 384 ) (-13012 14592 384 ) (-13012 14592 64 ) (-13012 14461.333984 64 ) (-13012 14336 329.411865 ) 
5 14 16 (-12288 14592 160.001480 ) (-12406.222656 14592 384 ) (-12406.222656 14336 384 ) (-12377.412109 14336 329.412018 ) (-12288 14416 160.001465 ) 
3 15 101 (-12288 14336 275.201324 ) (-12288 14336 384 ) (-12363.554688 14336 384 ) 
5 15 16 (-12363.552734 14336 384 ) (-12363.552734 14592 384 ) (-12288 14592 275.204285 ) (-12288 14361.598633 275.204285 ) (-12325.644531 14336 329.412323 ) 
4 16 102 (-12325.646484 14336 329.411987 ) (-12363.554688 14336 384 ) (-12406.221680 14336 384 ) (-12377.411133 14336 329.411957 ) 
4 17 105 (-13012 14336 384 ) (-13100 14336 384 ) (-13100 14336 329.411865 ) (-13012 14336 329.411865 ) 
4 17 18 (-13100 14416 159.997711 ) (-13100 14461.332031 64 ) (-13012 14461.331055 64 ) (-13012 14416 159.995026 ) 
5 17 19 (-13100 14592 384 ) (-13100 14592 64 ) (-13100 14461.333984 64 ) (-13100 14336 329.411865 ) (-13100 14336 384 ) 
3 18 19 (-13100 14461.333984 64 ) (-13100 14416 64 ) (-13100 14416 160 ) 
4 19 107 (-13312 14336 329.412048 ) (-13312 14336 160 ) (-13100 14336 160 ) (-13100 14336 329.412048 ) 
4 19 105 (-13100 14336 384 ) (-13312 14336 384 ) (-13312 14336 329.412048 ) (-13100 14336 329.412048 ) 
4 19 97 (-13312 14336 160 ) (-13312 14336 64 ) (-13100 14336 64 ) (-13100 14336 160 ) 
4 19 29 (-13312 14336 64 ) (-13312 14336 329.411865 ) (-13312 14416 160 ) (-13312 14416 64 ) 
3 19 27 (-13312 14416 160 ) (-13312 14461.333984 64 ) (-13312 14416 64 ) 
5 19 26 (-13312 14336 329.411865 ) (-13312 14336 384 ) (-13312 14592 384 ) (-13312 14592 64 ) (-13312 14461.333984 64 ) 
4 20 22 (-13312 14656 64 ) (-13312 14896 64 ) (-13312 14896 -112 ) (-13312 14656 -112 ) 
4 20 21 (-13312 14656 -112 ) (-12288 14656 -112 ) (-12288 14656 0 ) (-13312 14656 0 ) 
4 21 109 (-12288 14336 -112 ) (-12288 14336 0 ) (-13312 14336 0 ) (-13312 14336 -112 ) 
4 21 32 (-13312 14336 -112 ) (-13312 14336 0 ) (-13312 14656 0 ) (-13312 14656 -112 ) 
4 22 33 (-14080 14896 -112 ) (-14080 14656 -112 ) (-14080 14656 1008 ) (-14080 14896 1008 ) 
4 22 32 (-14080 14656 0 ) (-14080 14656 -112 ) (-13312 14656 -112 ) (-13312 14656 0 ) 
4 22 25 (-14080 14656 1008 ) (-14080 14656 416 ) (-13704 14656 416 ) (-13704 14656 1008 ) 
4 22 23 (-13312 14656 416 ) (-13312 14656 1008 ) (-13704 14656 1008 ) (-13704 14656 416 ) 
4 23 151 (-13704 14336 480 ) (-13704 14336 470.467957 ) (-13702.099609 14336 470.467957 ) (-13702.099609 14336 480 ) 
4 23 150 (-13704 14336 557.617065 ) (-13704 14336 480 ) (-13702.099609 14336 480 ) (-13702.099609 14336 557.617065 ) 
4 23 149 (-13702.099609 14336 1008 ) (-13704 14336 1008 ) (-13704 14336 557.617065 ) (-13702.099609 14336 557.617065 ) 
4 23 145 (-13702.099609 14336 548.162231 ) (-13702.099609 14336 470.467957 ) (-13672 14336 470.467957 ) (-13672 14336 548.162231 ) 
4 23 144 (-13702.099609 14336 557.617065 ) (-13702.099609 14336 548.162231 ) (-13672 14336 548.162231 ) (-13672 14336 557.617065 ) 
4 23 139 (-13702.099609 14336 735.353699 ) (-13702.099609 14336 557.617065 ) (-13672 14336 557.617065 ) (-13672 14336 735.353699 ) 
4 23 138 (-13702.099609 14336 878.563110 ) (-13702.099609 14336 735.353699 ) (-13672 14336 735.353699 ) (-13672 14336 878.563110 ) 
4 23 137 (-13672 14336 1008 ) (-13702.099609 14336 1008 ) (-13702.099609 14336 878.563110 ) (-13672 14336 878.563110 ) 
4 23 112 (-13312 14336 470.467957 ) (-13312 14336 480 ) (-13672 14336 480 ) (-13672 14336 470.467957 ) 
4 23 111 (-13312 14336 480 ) (-13312 14336 1008 ) (-13672 14336 1008 ) (-13672 14336 480 ) 
4 23 25 (-13704 14656 1008 ) (-13704 14656 416 ) (-13704 14336 470.467957 ) (-13704 14336 1008 ) 
4 24 152 (-13672 14336 438.468079 ) (-13704 14336 438.468079 ) (-13704 14336 384 ) (-13672 14336 384 ) 
4 24 113 (-13312 14336 384 ) (-13312 14336 438.468079 ) (-13672 14336 438.468079 ) (-13672 14336 384 ) 
4 24 26 (-13312 14336 384 ) (-13704 14336 384 ) (-13704 14592 384 ) (-13312 14592 384 ) 
4 25 159 (-13704 14336 1008 ) (-14080 14336 1008 ) (-14080 14336 470.467957 ) (-13704 14336 470.467957 ) 
4 25 33 (-14080 14336 470.467957 ) (-14080 14336 1008 ) (-14080 14656 1008 ) (-14080 14656 416 ) 
4 26 173 (-13704 14336 384 ) (-14016 14336 384 ) (-14016 14336 329.411865 ) (-13704 14336 329.411865 ) 
4 26 158 (-13672 14336 384 ) (-13704 14336 384 ) (-13704 14336 329.411865 ) (-13672 14336 329.411865 ) 
4 26 113 (-13312 14336 329.411865 ) (-13312 14336 384 ) (-13672 14336 384 ) (-13672 14336 329.411865 ) 
5 26 30 (-14016 14336 329.410339 ) (-14016 14416 159.997711 ) (-13904.002930 14416 159.997711 ) (-13824 14361.598633 275.201111 ) (-13824 14336 329.410339 ) 
4 26 29 (-13824 14416 159.997711 ) (-13312 14416 159.997726 ) (-13312 14336 329.410339 ) (-13734.589844 14336 329.410339 ) 
3 26 28 (-13786.354492 14336 329.410339 ) (-13824 14336 329.410339 ) (-13824 14361.598633 275.201111 ) 
4 26 27 (-14016 14416 159.997711 ) (-14016 14461.332031 64 ) (-13312 14461.332031 64 ) (-13312 14416 159.997726 ) 
3 27 31 (-13904 14416 160.002365 ) (-13970.667969 14416 64 ) (-13904 14416 64 ) 
4 27 30 (-13904 14416 160.002365 ) (-14016 14416 160.002365 ) (-14016 14416 64 ) (-13970.667969 14416 64 ) 
4 27 29 (-13312 14416 160.002350 ) (-13824 14416 160.002365 ) (-13824 14416 64 ) (-13312 14416 64 ) 
3 28 174 (-13786.353516 14336 329.411865 ) (-13824 14336 329.411865 ) (-13824 14336 275.200897 ) 
3 28 30 (-13824 14336 329.416534 ) (-13824 14361.601563 275.201630 ) (-13824 14336 275.201904 ) 
4 29 175 (-13704 14336 329.411865 ) (-13734.587891 14336 329.411865 ) (-13824 14336 160.001358 ) (-13704 14336 160 ) 
4 29 166 (-13824 14336 160.001358 ) (-13824 14336 64 ) (-13704 14336 64 ) (-13704 14336 160 ) 
4 29 158 (-13672 14336 329.411865 ) (-13704 14336 329.411865 ) (-13704 14336 64 ) (-13672 14336 64 ) 
4 29 132 (-13312 14336 64 ) (-13312 14336 165.079819 ) (-13672 14336 165.079819 ) (-13672 14336 64 ) 
4 29 113 (-13312 14336 165.079819 ) (-13312 14336 329.411865 ) (-13672 14336 329.411865 ) (-13672 14336 165.079819 ) 
5 30 174 (-13824 14336 329.411865 ) (-14016 14336 329.411865 ) (-14016 14336 160 ) (-13904.001953 14336 160 ) (-13824 14336 275.200897 ) 
4 30 164 (-14016 14336 160 ) (-14016 14336 64 ) (-13970.667969 14336 64 ) (-13904.001953 14336 160 ) 
4 30 31 (-13970.666016 14336 64 ) (-13970.666016 14416 64 ) (-13904 14416 160 ) (-13904 14336 160 ) 
3 31 170 (-13970.667969 14336 64 ) (-13904 14336 64 ) (-13904 14336 160.001434 ) 
4 32 179 (-13672 14336 0 ) (-14080 14336 0 ) (-14080 14336 -112 ) (-13672 14336 -112 ) 
4 32 134 (-13312 14336 -112 ) (-13312 14336 0 ) (-13672 14336 0 ) (-13672 14336 -112 ) 
4 32 33 (-14080 14656 -112 ) (-14080 14336 -112 ) (-14080 14336 0 ) (-14080 14656 0 ) 
4 33 180 (-14080 14336 1008 ) (-14320 14336 1008 ) (-14320 14336 -112 ) (-14080 14336 -112 ) 
4 34 48 (-11792 13312 1008 ) (-12032 13312 1008 ) (-12032 13312 -112 ) (-11792 13312 -112 ) 
4 34 47 (-12032 13312 -112 ) (-12032 13312 0 ) (-12032 14336 0 ) (-12032 14336 -112 ) 
4 34 46 (-12032 13312 0 ) (-12032 13312 64 ) (-12032 13504 64 ) (-12032 13504 0 ) 
4 34 45 (-12032 13312 64 ) (-12032 13312 384 ) (-12032 13504 384 ) (-12032 13504 64 ) 
4 34 38 (-12032 13504 1008 ) (-12032 13880 1008 ) (-12032 13880 480 ) (-12032 13504 416 ) 
4 34 39 (-12032 13312 384 ) (-12032 13312 1008 ) (-12032 13504 1008 ) (-12032 13504 384 ) 
4 34 37 (-12032 13880 1008 ) (-12032 14280 1008 ) (-12032 14280 416 ) (-12032 13880 416 ) 
4 34 35 (-12032 14280 1008 ) (-12032 14336 1008 ) (-12032 14336 416 ) (-12032 14280 416 ) 
4 35 49 (-12288 14336 1008 ) (-12288 14336 459.574585 ) (-12288 14280 459.574615 ) (-12288 14280 1008 ) 
4 35 37 (-12032 14280 416 ) (-12032 14280 1008 ) (-12288 14280 1008 ) (-12288 14280 459.574585 ) 
4 36 103 (-12288 14280 384 ) (-12288 14267.555664 384 ) (-12288 14254.241211 427.574341 ) (-12288 14280 427.574341 ) 
4 36 85 (-12288 14267.555664 384 ) (-12288 13880 384 ) (-12288 13880 427.574371 ) (-12288 14254.241211 427.574341 ) 
4 36 40 (-12288 13880 384 ) (-12288 14280 384 ) (-12096 14280 384 ) (-12096 13880 384 ) 
4 37 50 (-12288 13880 459.574615 ) (-12288 13880 1008 ) (-12288 14280 1008 ) (-12288 14280 459.574585 ) 
4 37 38 (-12288 13880 1008 ) (-12288 13880 480 ) (-12032 13880 480 ) (-12032 13880 1008 ) 
3 38 84 (-12288 13504 416 ) (-12288 13504 448 ) (-12288 13692 448 ) 
5 38 51 (-12288 13504 448 ) (-12288 13504 1008 ) (-12288 13880 1008 ) (-12288 13880 480 ) (-12288 13692 448 ) 
4 38 39 (-12032 13504 416 ) (-12032 13504 1008 ) (-12288 13504 1008 ) (-12288 13504 416 ) 
4 39 108 (-12288 13504 384 ) (-12288 13312 384 ) (-12288 13312 448 ) (-12288 13504 448 ) 
4 39 51 (-12288 13312 448 ) (-12288 13312 1008 ) (-12288 13504 1008 ) (-12288 13504 448 ) 
4 39 48 (-12032 13312 384 ) (-12032 13312 1008 ) (-12288 13312 1008 ) (-12288 13312 384 ) 
4 39 45 (-12288 13312 384 ) (-12288 13504 384 ) (-12032 13504 384 ) (-12032 13312 384 ) 
3 40 103 (-12288 14280 343.273163 ) (-12288 14267.555664 384 ) (-12288 14280 384 ) 
5 40 101 (-12288 14336 384 ) (-12288 14336 275.201233 ) (-12288 14300.799805 275.201233 ) (-12288 14280 343.273163 ) (-12288 14280 384 ) 
5 40 90 (-12288 13859.200195 275.201233 ) (-12288 13798.400391 275.201233 ) (-12288 13849.777344 384 ) (-12288 13880 384 ) (-12288 13880 343.272308 ) 
4 40 89 (-12288 13798.400391 275.201233 ) (-12288 13568 275.201233 ) (-12288 13568 384 ) (-12288 13849.777344 384 ) 
3 40 88 (-12288 13880 275.201233 ) (-12288 13859.200195 275.201233 ) (-12288 13880 343.272308 ) 
4 40 85 (-12288 14300.799805 275.201233 ) (-12288 13880 275.201233 ) (-12288 13880 384 ) (-12288 14267.555664 384 ) 
4 40 43 (-12208 13568 160.003098 ) (-12288 13568 275.202881 ) (-12288 13798.401367 275.202881 ) (-12208 13744 160.003082 ) 
4 40 42 (-12141.331055 13824 64 ) (-12141.331055 13568 64 ) (-12208 13568 160.003098 ) (-12208 13824 160.003082 ) 
6 40 41 (-12141.331055 14336 64 ) (-12141.331055 13824 64 ) (-12207.998047 13824 160 ) (-12288 13859.200195 275.202881 ) (-12288 14300.799805 275.202850 ) (-12207.998047 14336 160 ) 
5 41 88 (-12288 13880 64 ) (-12288 13824 64 ) (-12288 13824 160 ) (-12288 13859.200195 275.201233 ) (-12288 13880 275.201233 ) 
5 41 86 (-12288 14336 160 ) (-12288 14336 64 ) (-12288 13880 64 ) (-12288 13880 275.201233 ) (-12288 14300.799805 275.201233 ) 
3 41 42 (-12208 13824 64 ) (-12141.333984 13824 64 ) (-12208 13824 160 ) 
3 42 44 (-12208 13744 64 ) (-12208 13698.666016 64 ) (-12208 13744 160.003906 ) 
4 42 43 (-12208 13698.666016 64 ) (-12208 13568 64 ) (-12208 13568 160.003922 ) (-12208 13744 160.003906 ) 
4 43 89 (-12288 13698.666016 64 ) (-12288 13568 64 ) (-12288 13568 275.201233 ) (-12288 13798.400391 275.201233 ) 
4 43 44 (-12208 13744 160 ) (-12208 13698.667969 64 ) (-12288 13698.667969 64 ) (-12288 13744 159.997803 ) 
3 44 91 (-12288 13744 64 ) (-12288 13698.666016 64 ) (-12288 13744 160 ) 
4 45 108 (-12288 13504 64 ) (-12288 13312 64 ) (-12288 13312 384 ) (-12288 13504 384 ) 
4 45 48 (-12032 13312 64 ) (-12032 13312 384 ) (-12288 13312 384 ) (-12288 13312 64 ) 
4 45 46 (-12032 13504 64 ) (-12032 13312 64 ) (-12288 13312 64 ) (-12288 13504 64 ) 
4 46 110 (-12288 13504 0 ) (-12288 13312 0 ) (-12288 13312 64 ) (-12288 13504 64 ) 
4 46 48 (-12032 13312 0 ) (-12032 13312 64 ) (-12288 13312 64 ) (-12288 13312 0 ) 
4 46 47 (-12288 13312 0 ) (-12288 13504 0 ) (-12032 13504 0 ) (-12032 13312 0 ) 
4 47 109 (-12288 14336 0 ) (-12288 14336 -112 ) (-12288 13504 -112 ) (-12288 13504 0 ) 
4 47 110 (-12288 13504 -112 ) (-12288 13312 -112 ) (-12288 13312 0 ) (-12288 13504 0 ) 
4 47 48 (-12032 13312 -112 ) (-12032 13312 0 ) (-12288 13312 0 ) (-12288 13312 -112 ) 
4 48 181 (-12288 13264 1008 ) (-12288 13312 1008 ) (-12288 13312 -112 ) (-12288 13264 -112 ) 
4 49 53 (-12408 14336 506.969452 ) (-12408 14336 480 ) (-12408 14280 480 ) (-12408 14280 536.261353 ) 
4 49 52 (-12408 14336 1008 ) (-12408 14336 506.969452 ) (-12408 14280 536.261353 ) (-12408 14280 1008 ) 
4 49 50 (-12408 14280 1008 ) (-12408 14280 480 ) (-12288 14280 459.574524 ) (-12288 14280 1008 ) 
3 50 55 (-12408 13880 480 ) (-12408 14080 514.042542 ) (-12408 14280 480 ) 
3 50 54 (-12408 13880 480 ) (-12408 13880 548.085083 ) (-12408 14080 514.042542 ) 
4 50 53 (-12408 13880 548.085083 ) (-12408 13880 745.491211 ) (-12408 14280 536.261353 ) (-12408 14280 480 ) 
4 50 52 (-12408 13880 745.491211 ) (-12408 13880 1008 ) (-12408 14280 1008 ) (-12408 14280 536.261353 ) 
4 50 51 (-12408 13880 1008 ) (-12408 13880 480 ) (-12288 13880 480 ) (-12288 13880 1008 ) 
4 51 181 (-12288 13312 448 ) (-12288 13312 1008 ) (-12408 13312 1008 ) (-12408 13312 448 ) 
4 51 84 (-12408 13504 448 ) (-12408 13692 448 ) (-12288 13692 448 ) (-12288 13504 448 ) 
4 51 108 (-12288 13312 448 ) (-12408 13312 448 ) (-12408 13504 448 ) (-12288 13504 448 ) 
5 51 54 (-12408 13692 448 ) (-12408 13312 448 ) (-12408 13312 644.765747 ) (-12408 13880 548.085144 ) (-12408 13880 480 ) 
5 51 53 (-12408 13312 644.765747 ) (-12408 13312 1008 ) (-12408 13378.142578 1008 ) (-12408 13880 745.491089 ) (-12408 13880 548.085144 ) 
3 51 52 (-12408 13378.142578 1008 ) (-12408 13880 1008 ) (-12408 13880 745.491089 ) 
3 52 126 (-13312 13975.139648 695.698059 ) (-13312 13378.088867 1008 ) (-13312 14066.991211 1008 ) 
4 52 124 (-13312 14052.155273 655.413330 ) (-13312 14033.487305 665.178162 ) (-13312 14169.732422 819.598206 ) (-13312 14178.325195 785.771667 ) 
5 52 123 (-13312 14033.487305 665.178162 ) (-13312 13975.139648 695.698059 ) (-13312 14066.991211 1008 ) (-13312 14121.872070 1008 ) (-13312 14169.732422 819.598206 ) 
4 52 122 (-13312 14235.848633 559.327942 ) (-13312 14221.809570 566.671387 ) (-13312 14162.252930 769.166016 ) (-13312 14178.325195 785.771667 ) 
4 52 121 (-13312 14201.048828 577.530823 ) (-13312 14147.005859 605.799011 ) (-13312 14213.245117 595.789734 ) (-13312 14219.355469 575.013977 ) 
4 52 120 (-13312 14147.005859 605.799011 ) (-13312 14116.755859 621.622131 ) (-13312 14201.870117 634.466064 ) (-13312 14213.245117 595.789734 ) 
3 52 119 (-13312 14204.199219 575.883179 ) (-13312 14201.048828 577.530823 ) (-13312 14202.975586 577.265930 ) 
4 52 118 (-13312 14221.809570 566.671387 ) (-13312 14204.199219 575.883179 ) (-13312 14202.975586 577.265930 ) (-13312 14219.355469 575.013977 ) 
4 52 117 (-13312 14116.755859 621.622131 ) (-13312 14052.155273 655.413330 ) (-13312 14162.252930 769.166016 ) (-13312 14201.870117 634.466064 ) 
4 52 111 (-13312 14336 1008 ) (-13312 14336 506.941528 ) (-13312 14235.848633 559.327942 ) (-13312 14121.872070 1008 ) 
4 52 82 (-13312 13959.822266 703.713684 ) (-13312 13975.140625 695.701111 ) (-12440.099609 13975.147461 695.724670 ) (-12440.099609 13959.828125 703.737732 ) 
4 52 81 (-12440.099609 13378.147461 1008 ) (-13312 13378.095703 1008 ) (-13312 13959.822266 703.713684 ) (-12440.099609 13959.828125 703.737732 ) 
4 52 79 (-13312 13975.140625 695.701111 ) (-13312 14052.157227 655.415405 ) (-12440.099609 14052.174805 655.433411 ) (-12440.099609 13975.147461 695.724670 ) 
4 52 77 (-12410.099609 14052.175781 655.434021 ) (-12410.099609 13378.149414 1008 ) (-12440.099609 13378.147461 1008 ) (-12440.099609 14052.174805 655.433411 ) 
4 52 72 (-12440.099609 14235.839844 559.362976 ) (-12440.099609 14221.798828 566.707642 ) (-13312 14221.808594 566.675293 ) (-13312 14235.847656 559.331848 ) 
4 52 70 (-12440.099609 14107.123047 626.691467 ) (-12440.099609 14079.484375 641.148376 ) (-13312 14079.425781 641.152161 ) (-13312 14107.113281 626.669373 ) 
4 52 69 (-12440.099609 14079.484375 641.148376 ) (-12440.099609 14052.174805 655.433411 ) (-13312 14052.157227 655.415405 ) (-13312 14079.425781 641.152161 ) 
4 52 68 (-12440.099609 14147.089844 605.786316 ) (-12440.099609 14107.123047 626.691467 ) (-13312 14107.113281 626.669373 ) (-13312 14147.015625 605.797607 ) 
4 52 67 (-12440.099609 14221.798828 566.707642 ) (-12440.099609 14204.150391 575.939209 ) (-13312 14204.196289 575.887939 ) (-13312 14221.808594 566.675293 ) 
4 52 65 (-13312 14336 506.944611 ) (-12440.099609 14336 506.971619 ) (-12440.099609 14235.839844 559.362976 ) (-13312 14235.847656 559.331848 ) 
4 52 63 (-12440.099609 14336 506.971619 ) (-12410.099609 14336 506.972534 ) (-12410.099609 14283.783203 534.286072 ) (-12440.099609 14283.781250 534.285828 ) 
4 52 61 (-12410.099609 14283.783203 534.286072 ) (-12410.099609 14196.275391 580.059082 ) (-12440.099609 14196.272461 580.059509 ) (-12440.099609 14283.781250 534.285828 ) 
4 52 60 (-12410.099609 14196.275391 580.059082 ) (-12410.099609 14150.375000 604.068237 ) (-12440.099609 14150.373047 604.067993 ) (-12440.099609 14196.272461 580.059509 ) 
4 52 59 (-12410.099609 14150.375000 604.068237 ) (-12410.099609 14103.965820 628.343811 ) (-12440.099609 14103.964844 628.343201 ) (-12440.099609 14150.373047 604.067993 ) 
4 52 58 (-12410.099609 14103.965820 628.343811 ) (-12410.099609 14052.175781 655.434021 ) (-12440.099609 14052.174805 655.433411 ) (-12440.099609 14103.964844 628.343201 ) 
4 52 53 (-12410.099609 14336 506.972534 ) (-12408 14336 506.972595 ) (-12408 13378.149414 1008 ) (-12410.099609 13378.149414 1008 ) 
4 53 181 (-12408 13312 644.765747 ) (-12408 13312 1008 ) (-12410.099609 13312 1008 ) (-12410.099609 13312 644.765747 ) 
3 53 78 (-12410.099609 13972.605469 573.222534 ) (-12410.099609 13963.060547 563.360535 ) (-12410.099609 13958.202148 561.120056 ) 
7 53 77 (-12410.099609 13312 1008 ) (-12410.099609 13378.148438 1008 ) (-12410.099609 14052.175781 655.433533 ) (-12410.099609 13972.605469 573.222534 ) (-12410.099609 13932.128906 539.211914 ) (-12410.099609 13722.247070 574.936462 ) (-12410.099609 13312 683.955505 ) 
3 53 76 (-12410.099609 13722.247070 574.936462 ) (-12410.099609 13312 644.765747 ) (-12410.099609 13312 683.955505 ) 
3 53 74 (-12410.099609 14336 480 ) (-12410.099609 14336 470.467957 ) (-12410.099609 14280 480 ) 
6 53 63 (-12410.099609 14283.782227 534.285950 ) (-12410.099609 14336 506.972076 ) (-12410.099609 14336 480.217346 ) (-12410.099609 14278.721680 480.217346 ) (-12410.099609 14255.010742 484.253235 ) (-12410.099609 14245 523.979980 ) 
4 53 64 (-12410.099609 14336 480.217346 ) (-12410.099609 14336 480 ) (-12410.099609 14280 480 ) (-12410.099609 14278.721680 480.217346 ) 
3 53 62 (-12410.099609 14268.048828 530.104980 ) (-12410.099609 14245 523.980286 ) (-12410.099609 14200.800781 561.118530 ) 
4 53 61 (-12410.099609 14196.274414 580.059082 ) (-12410.099609 14283.782227 534.285950 ) (-12410.099609 14268.048828 530.104980 ) (-12410.099609 14145.701172 586.529663 ) 
3 53 60 (-12410.099609 14150.375000 604.068176 ) (-12410.099609 14196.274414 580.059082 ) (-12410.099609 14079.499023 595 ) 
3 53 59 (-12410.099609 14103.965820 628.343567 ) (-12410.099609 14150.375000 604.068176 ) (-12410.099609 14013.300781 586.530151 ) 
3 53 58 (-12410.099609 14052.175781 655.433533 ) (-12410.099609 14103.965820 628.343567 ) (-12410.099609 13963.060547 563.360413 ) 
4 53 55 (-12410.099609 14079.998047 514.042236 ) (-12410.099609 14279.996094 480 ) (-12408 14279.996094 480 ) (-12408 14079.998047 514.042236 ) 
4 53 54 (-12410.099609 13312 644.765259 ) (-12410.099609 14079.998047 514.042236 ) (-12408 14079.998047 514.042236 ) (-12408 13312 644.765259 ) 
4 54 181 (-12410.099609 13312 448 ) (-12408 13312 448 ) (-12408 13312 644.765747 ) (-12410.099609 13312 644.765747 ) 
4 54 84 (-12410.099609 13504 448 ) (-12410.099609 13692 448 ) (-12408 13692 448 ) (-12408 13504 448 ) 
4 54 108 (-12408 13312 448 ) (-12410.099609 13312 448 ) (-12410.099609 13504 448 ) (-12408 13504 448 ) 
3 54 77 (-12410.099609 13722.247070 574.936462 ) (-12410.099609 13932.128906 539.211853 ) (-12410.099609 13914 523.979675 ) 
7 54 76 (-12410.099609 13692 448 ) (-12410.099609 13312 448 ) (-12410.099609 13312 644.765747 ) (-12410.099609 13722.247070 574.936462 ) (-12410.099609 13914 523.980042 ) (-12410.099609 13910.147461 508.690399 ) (-12410.099609 13882.847656 480.484772 ) 
3 54 56 (-12410.099609 13903.944336 484.075745 ) (-12410.099609 13882.847656 480.484772 ) (-12410.099609 13910.147461 508.690399 ) 
4 54 55 (-12410.099609 13879.998047 480 ) (-12410.099609 14080 514.042358 ) (-12408 14080 514.042358 ) (-12408 13880 480 ) 
3 55 83 (-12410.099609 13880 480 ) (-12410.099609 13882.847656 480.484680 ) (-12410.099609 13882.377930 480 ) 
3 55 63 (-12410.099609 14255.010742 484.253235 ) (-12410.099609 14278.721680 480.217346 ) (-12410.099609 14256.028320 480.217346 ) 
4 55 64 (-12410.099609 14278.721680 480.217346 ) (-12410.099609 14280 480 ) (-12410.099609 14079.500000 480 ) (-12410.099609 14080.318359 480.217346 ) 
4 55 56 (-12410.099609 13882.847656 480.484680 ) (-12410.099609 13903.944336 484.075653 ) (-12410.099609 13902.972656 480.217346 ) (-12410.099609 13882.588867 480.217346 ) 
4 55 57 (-12410.099609 14078.681641 480.217346 ) (-12410.099609 14079.500000 480 ) (-12410.099609 13882.377930 480 ) (-12410.099609 13882.588867 480.217346 ) 
4 56 83 (-12410.099609 13882.587891 480.217346 ) (-12410.099609 13882.846680 480.484497 ) (-12440.099609 13882.846680 480.484497 ) (-12440.099609 13882.587891 480.217346 ) 
4 56 76 (-12410.099609 13882.846680 480.484497 ) (-12410.099609 13910.147461 508.691956 ) (-12440.099609 13910.147461 508.691956 ) (-12440.099609 13882.846680 480.484497 ) 
3 56 73 (-12440.099609 13882.584961 480.217346 ) (-12440.099609 13910.148438 508.695557 ) (-12440.099609 13902.972656 480.217346 ) 
4 56 57 (-12410.099609 13882.593750 480.217346 ) (-12440.099609 13882.593750 480.217346 ) (-12440.099609 13902.972656 480.217346 ) (-12410.099609 13902.972656 480.217346 ) 
4 57 83 (-12410.099609 13882.377930 480 ) (-12410.099609 13882.587891 480.217346 ) (-12440.099609 13882.587891 480.217346 ) (-12440.099609 13882.377930 480 ) 
4 57 73 (-12440.099609 13903 480 ) (-12440.099609 13882.375000 480 ) (-12440.099609 13882.584961 480.217346 ) (-12440.099609 13903.055664 480.217346 ) 
4 57 66 (-12440.099609 14079.500000 480 ) (-12440.099609 13911.699219 480 ) (-12440.099609 13911.763672 480.217346 ) (-12440.099609 14078.681641 480.217346 ) 
4 58 78 (-12410.099609 13963.057617 563.359131 ) (-12410.099609 13972.595703 573.213989 ) (-12440.099609 13972.588867 573.207703 ) (-12440.099609 13963.056641 563.358948 ) 
4 58 77 (-12410.099609 13972.595703 573.213989 ) (-12410.099609 14052.171875 655.433594 ) (-12440.099609 14052.170898 655.432983 ) (-12440.099609 13972.588867 573.207703 ) 
4 58 70 (-12440.099609 14011.906250 605.799805 ) (-12440.099609 14079.480469 641.146484 ) (-12440.099609 14103.960938 628.341492 ) (-12440.099609 14076.082031 615.484192 ) 
3 58 69 (-12440.099609 13996.162109 597.564636 ) (-12440.099609 14052.169922 655.432129 ) (-12440.099609 14079.480469 641.146484 ) 
4 58 59 (-12440.099609 14013.301758 586.530396 ) (-12440.099609 14103.961914 628.341370 ) (-12410.099609 14103.962891 628.341797 ) (-12410.099609 14013.301758 586.530396 ) 
3 59 71 (-12440.099609 14079.500000 616 ) (-12440.099609 14085.251953 616.867859 ) (-12440.099609 14082.358398 615.568115 ) 
4 59 70 (-12440.099609 14076.082031 615.484192 ) (-12440.099609 14103.960938 628.341492 ) (-12440.099609 14107.119141 626.689331 ) (-12440.099609 14085.251953 616.867859 ) 
3 59 68 (-12440.099609 14107.119141 626.689331 ) (-12440.099609 14147.077148 605.788452 ) (-12440.099609 14082.358398 615.567993 ) 
4 59 60 (-12440.099609 14079.500000 595 ) (-12440.099609 14150.368164 604.067078 ) (-12410.099609 14150.370117 604.067322 ) (-12410.099609 14079.500000 595 ) 
4 60 61 (-12440.099609 14145.702148 586.529480 ) (-12440.099609 14196.264648 580.060242 ) (-12410.099609 14196.267578 580.059875 ) (-12410.099609 14145.701172 586.529602 ) 
5 61 72 (-12440.099609 14221.799805 566.702515 ) (-12440.099609 14235.840820 559.357910 ) (-12440.099609 14239.984375 543.047913 ) (-12440.099609 14228.601563 548.297546 ) (-12440.099609 14226.522461 550.647766 ) 
3 61 67 (-12440.099609 14204.158203 575.930420 ) (-12440.099609 14221.799805 566.702515 ) (-12440.099609 14226.522461 550.647766 ) 
4 61 65 (-12440.099609 14235.840820 559.357910 ) (-12440.099609 14283.775391 534.284363 ) (-12440.099609 14268.048828 530.105103 ) (-12440.099609 14239.984375 543.047913 ) 
4 61 63 (-12440.099609 14268.047852 530.105713 ) (-12440.099609 14283.775391 534.285156 ) (-12410.099609 14283.777344 534.285522 ) (-12410.099609 14268.047852 530.105530 ) 
4 61 62 (-12440.099609 14200.797852 561.121094 ) (-12440.099609 14268.050781 530.105469 ) (-12410.099609 14268.050781 530.105469 ) (-12410.099609 14200.797852 561.121094 ) 
3 62 72 (-12440.099609 14228.601563 548.297546 ) (-12440.099609 14239.984375 543.047791 ) (-12440.099609 14242.698242 532.361023 ) 
4 62 65 (-12440.099609 14239.984375 543.047791 ) (-12440.099609 14268.048828 530.105103 ) (-12440.099609 14245 523.980408 ) (-12440.099609 14244.780273 524.165527 ) 
4 62 63 (-12440.099609 14245 523.980774 ) (-12440.099609 14268.047852 530.105713 ) (-12410.099609 14268.047852 530.105530 ) (-12410.099609 14245 523.980591 ) 
5 63 65 (-12440.099609 14245 523.980286 ) (-12440.099609 14283.775391 534.284363 ) (-12440.099609 14336 506.967102 ) (-12440.099609 14336 480.217346 ) (-12440.099609 14256.028320 480.217346 ) 
4 63 64 (-12440.099609 14256.028320 480.217346 ) (-12440.099609 14336 480.217346 ) (-12410.099609 14336 480.217346 ) (-12410.099609 14256.028320 480.217346 ) 
4 64 74 (-12440.099609 14280 480 ) (-12440.099609 14336 480 ) (-12410.099609 14336 480 ) (-12410.099609 14280 480 ) 
4 64 66 (-12440.099609 14247.300781 480 ) (-12440.099609 14079.500000 480 ) (-12440.099609 14080.318359 480.217346 ) (-12440.099609 14247.237305 480.217346 ) 
4 64 65 (-12440.099609 14336 480 ) (-12440.099609 14256 480 ) (-12440.099609 14255.944336 480.217346 ) (-12440.099609 14336 480.217346 ) 
4 65 111 (-13312 14336 506.941528 ) (-13312 14336 480 ) (-13312 14256 480 ) (-13312 14235.848633 559.328064 ) 
4 65 74 (-13312 14280 480 ) (-13312 14336 480 ) (-12440.099609 14336 480 ) (-12440.099609 14280 480 ) 
4 65 72 (-12440.099609 14242.697266 532.362549 ) (-12440.099609 14235.838867 559.359802 ) (-13312 14235.846680 559.328674 ) (-13312 14242.697266 532.362122 ) 
9 66 114 (-13312 14247.300781 480 ) (-13312 13911.699219 480 ) (-13312 13924.498047 523.517883 ) (-13312 13960.701172 560.923340 ) (-13312 14015.178711 585.392090 ) (-13312 14079.523438 594.238220 ) (-13312 14143.771484 585.405273 ) (-13312 14198.205078 560.909241 ) (-13312 14234.505859 523.502747 ) 
4 66 75 (-13312 13912 480 ) (-13312 14247.300781 480 ) (-12440.099609 14247.300781 480 ) (-12440.099609 13912 480 ) 
3 67 118 (-13312 14204.200195 575.882385 ) (-13312 14221.809570 566.671509 ) (-13312 14226.522461 550.647644 ) 
4 67 72 (-13312 14221.809570 566.671509 ) (-12440.099609 14221.799805 566.703369 ) (-12440.099609 14226.521484 550.649597 ) (-13312 14226.522461 550.647644 ) 
4 68 120 (-13312 14116.756836 621.622131 ) (-13312 14147.006836 605.798950 ) (-13312 14082.387695 615.563599 ) (-13312 14085.311523 616.876892 ) 
3 68 117 (-13312 14107.110352 626.667725 ) (-13312 14116.756836 621.622131 ) (-13312 14085.311523 616.876892 ) 
4 68 71 (-12440.099609 14082.359375 615.567810 ) (-12440.099609 14085.254883 616.868469 ) (-13312 14085.314453 616.877502 ) (-13312 14082.388672 615.563477 ) 
4 68 70 (-12440.099609 14085.254883 616.868469 ) (-12440.099609 14107.120117 626.689087 ) (-13312 14107.110352 626.667236 ) (-13312 14085.314453 616.877502 ) 
4 69 117 (-13312 14032.760742 635.374817 ) (-13312 14052.155273 655.413208 ) (-13312 14079.422852 641.150513 ) (-13312 14051.908203 626.758240 ) 
3 69 116 (-13312 13996.236328 597.638184 ) (-13312 14002.806641 604.426758 ) (-13312 14011.813477 605.785828 ) 
4 69 115 (-13312 14002.806641 604.426758 ) (-13312 14032.760742 635.374817 ) (-13312 14051.908203 626.758240 ) (-13312 14011.813477 605.785828 ) 
4 69 79 (-12440.099609 14052.170898 655.432983 ) (-13312 14052.154297 655.415039 ) (-13312 13996.233398 597.636475 ) (-12440.099609 13996.163086 597.564880 ) 
4 69 70 (-13312 14079.424805 641.149414 ) (-12440.099609 14079.483398 641.145508 ) (-12440.099609 14011.912109 605.800903 ) (-13312 14011.819336 605.786499 ) 
5 70 117 (-13312 14051.908203 626.758362 ) (-13312 14079.422852 641.150513 ) (-13312 14107.110352 626.667725 ) (-13312 14085.312500 616.877075 ) (-13312 14076.740234 615.583557 ) 
3 70 115 (-13312 14011.812500 605.785828 ) (-13312 14051.908203 626.758362 ) (-13312 14076.740234 615.583557 ) 
4 70 71 (-13312 14079.501953 616 ) (-13312 14085.310547 616.876404 ) (-12440.099609 14085.251953 616.867615 ) (-12440.099609 14079.500977 616 ) 
3 71 120 (-13312 14079.500000 616 ) (-13312 14085.312500 616.877075 ) (-13312 14082.388672 615.563660 ) 
4 72 122 (-13312 14226.522461 550.646851 ) (-13312 14221.809570 566.671509 ) (-13312 14235.848633 559.328064 ) (-13312 14242.699219 532.359558 ) 
3 73 127 (-13312 13903 480 ) (-13312 13882.378906 480 ) (-13312 13910.337891 508.887695 ) 
4 73 83 (-13312 13882.846680 480.484619 ) (-13312 13882.377930 480 ) (-12440.099609 13882.377930 480 ) (-12440.099609 13882.846680 480.484619 ) 
4 73 81 (-13312 13910.337891 508.888824 ) (-13312 13882.846680 480.484619 ) (-12440.099609 13882.846680 480.484619 ) (-12440.099609 13910.337891 508.889038 ) 
3 74 112 (-13312 14336 480 ) (-13312 14336 470.468079 ) (-13312 14280 480 ) 
4 75 125 (-13312 14248 448 ) (-13312 13912 448 ) (-13312 13912 480 ) (-13312 14248 480 ) 
4 75 95 (-13100 14248 448 ) (-13012 14248 448 ) (-13012 13912 448 ) (-13100 13912 448 ) 
4 75 97 (-13312 13912 448 ) (-13312 14248 448 ) (-13100 14248 448 ) (-13100 13912 448 ) 
4 75 86 (-13012 14248 448 ) (-12440 14248 448 ) (-12440 13912 448 ) (-13012 13912 448 ) 
4 76 181 (-12440.099609 13312 448 ) (-12410.099609 13312 448 ) (-12410.099609 13312 683.955505 ) (-12440.099609 13312 683.955505 ) 
4 76 84 (-12440.099609 13504 448 ) (-12440.099609 13692 448 ) (-12410.099609 13692 448 ) (-12410.099609 13504 448 ) 
4 76 108 (-12410.099609 13312 448 ) (-12440.099609 13312 448 ) (-12440.099609 13504 448 ) (-12410.099609 13504 448 ) 
4 76 83 (-12440.099609 13882.842773 480.483795 ) (-12410.099609 13882.842773 480.483795 ) (-12410.099609 13880 480 ) (-12440.099609 13880 480 ) 
6 76 81 (-12440.099609 13910.147461 508.689606 ) (-12440.099609 13882.851563 480.487305 ) (-12440.099609 13691.988281 448 ) (-12440.099609 13312 448 ) (-12440.099609 13312 683.955505 ) (-12440.099609 13914 523.979675 ) 
4 76 77 (-12440.099609 13914 523.981262 ) (-12440.099609 13312 683.956909 ) (-12410.099609 13312 683.956970 ) (-12410.099609 13914 523.981201 ) 
4 77 181 (-12410.099609 13312 683.955505 ) (-12410.099609 13312 1008 ) (-12440.099609 13312 1008 ) (-12440.099609 13312 683.955505 ) 
4 77 82 (-12440.099609 13916.291992 532.328186 ) (-12440.099609 13959.827148 703.734863 ) (-12440.099609 13975.146484 695.721863 ) (-12440.099609 13932.491211 550.689453 ) 
6 77 81 (-12440.099609 13914.217773 524.161499 ) (-12440.099609 13914 523.979614 ) (-12440.099609 13312 683.955505 ) (-12440.099609 13312 1008 ) (-12440.099609 13378.140625 1008 ) (-12440.099609 13959.827148 703.734863 ) 
3 77 80 (-12440.099609 13932.497070 550.708435 ) (-12440.099609 13937.208008 566.727295 ) (-12440.099609 13954.705078 575.879700 ) 
4 77 79 (-12440.099609 14052.173828 655.430664 ) (-12440.099609 13996.171875 597.569702 ) (-12440.099609 13937.208008 566.727295 ) (-12440.099609 13975.146484 695.721863 ) 
4 77 78 (-12440.099609 13958.200195 561.119080 ) (-12440.099609 13972.609375 573.226440 ) (-12410.099609 13972.609375 573.226440 ) (-12410.099609 13958.200195 561.119080 ) 
4 79 124 (-13312 14033.486328 665.178162 ) (-13312 14052.155273 655.413208 ) (-13312 13996.237305 597.638794 ) (-13312 13954.750000 575.937927 ) 
4 79 123 (-13312 13975.138672 695.698486 ) (-13312 14033.486328 665.178162 ) (-13312 13954.750000 575.937927 ) (-13312 13937.218750 566.767517 ) 
4 79 82 (-12440.099609 13937.208008 566.727539 ) (-12440.099609 13975.147461 695.721252 ) (-13312 13975.140625 695.697876 ) (-13312 13937.220703 566.768494 ) 
4 79 80 (-12440.099609 13937.206055 566.723816 ) (-13312 13937.217773 566.764893 ) (-13312 13954.669922 575.893738 ) (-12440.099609 13954.702148 575.875732 ) 
3 80 123 (-13312 13932.519531 550.789734 ) (-13312 13937.218750 566.767517 ) (-13312 13954.672852 575.897461 ) 
4 80 82 (-12440.099609 13932.497070 550.708679 ) (-12440.099609 13937.208008 566.727539 ) (-13312 13937.220703 566.768494 ) (-13312 13932.521484 550.790405 ) 
4 81 181 (-13312 13312 1008 ) (-13312 13312 448 ) (-12440.099609 13312 448 ) (-12440.099609 13312 1008 ) 
4 81 128 (-13312 13916.298828 532.358032 ) (-13312 13910.337891 508.888031 ) (-13312 13882.847656 480.484650 ) (-13312 13868.354492 478.017822 ) 
7 81 126 (-13312 13692 448 ) (-13312 13312 448 ) (-13312 13312 1008 ) (-13312 13378.088867 1008 ) (-13312 13959.822266 703.710205 ) (-13312 13916.298828 532.358032 ) (-13312 13868.354492 478.017822 ) 
4 81 84 (-13312 13504 448 ) (-13312 13692 448 ) (-12440.099609 13692 448 ) (-12440.099609 13504 448 ) 
4 81 108 (-12440.099609 13312 448 ) (-13312 13312 448 ) (-13312 13504 448 ) (-12440.099609 13504 448 ) 
4 81 83 (-13312 13882.842773 480.483795 ) (-12440.099609 13882.842773 480.483795 ) (-12440.099609 13880 480 ) (-13312 13880 480 ) 
4 81 82 (-12440.099609 13959.828125 703.734375 ) (-12440.099609 13916.291992 532.329163 ) (-13312 13916.299805 532.358276 ) (-13312 13959.822266 703.710571 ) 
4 82 126 (-13312 13959.822266 703.710205 ) (-13312 13975.138672 695.698486 ) (-13312 13932.499023 550.719421 ) (-13312 13916.298828 532.358032 ) 
3 83 129 (-13312 13880 480 ) (-13312 13882.847656 480.484650 ) (-13312 13882.378906 480 ) 
3 84 131 (-13312 13504 416 ) (-13312 13504 448 ) (-13312 13692 448 ) 
4 84 108 (-12288 13504 416 ) (-12288 13504 448 ) (-13312 13504 448 ) (-13312 13504 416 ) 
4 85 103 (-12408 14248 448 ) (-12288 14254.240234 427.574402 ) (-12288 14280 343.270203 ) (-12335.269531 14280 343.270203 ) 
3 85 101 (-12288 14280 343.270203 ) (-12288 14300.798828 275.201721 ) (-12335.269531 14280 343.270203 ) 
4 85 90 (-12288 13880 343.272369 ) (-12288 13880 384 ) (-12363.554688 13880 384 ) (-12335.271484 13880 343.272400 ) 
3 85 88 (-12288 13880 275.201782 ) (-12288 13880 343.272369 ) (-12335.271484 13880 343.272400 ) 
5 85 86 (-12288 13880 275.200867 ) (-12335.271484 13880 343.271851 ) (-12408 13912 448 ) (-12408 14248 448 ) (-12288 14300.798828 275.199280 ) 
5 86 106 (-12408 14336 159.996002 ) (-13012 14336 159.996002 ) (-13012 14248 448 ) (-12440 14248 448 ) (-12408 14266.525391 387.367584 ) 
3 86 104 (-12408 14280 343.269226 ) (-12408 14266.525391 387.367157 ) (-12384.725586 14280 343.269531 ) 
5 86 100 (-12288 14336 159.996002 ) (-12408 14336 159.996002 ) (-12408 14280 343.269226 ) (-12384.725586 14280 343.269531 ) (-12288 14336 160 ) 
6 86 95 (-13012 13912 448 ) (-13012 14247.998047 448 ) (-13012 14336 159.992798 ) (-13012 14336 64 ) (-13012 13880 64 ) (-13012 13880 343.274231 ) 
5 86 88 (-13012 13880 343.271820 ) (-13012 13880 64 ) (-12288 13880 64 ) (-12288 13880 275.201782 ) (-12335.271484 13880 343.272400 ) 
4 86 87 (-13012 13880 343.273376 ) (-12384.727539 13880 343.273438 ) (-12440 13912 448 ) (-13012 13912 448 ) 
5 87 93 (-13012 13880 448 ) (-13012 13880 343.271820 ) (-12408 13880 343.272339 ) (-12408 13880 387.367920 ) (-12440 13880 448 ) 
4 87 91 (-12408 13880 343.272339 ) (-12384.727539 13880 343.272369 ) (-12406.222656 13880 384 ) (-12408 13880 384 ) 
4 88 95 (-13012 13880 343.274231 ) (-13012 13880 64 ) (-13012 13824 64 ) (-13012 13824 159.998718 ) 
4 88 93 (-12408 13880 343.271118 ) (-13012 13880 343.271088 ) (-13012 13794.666992 64 ) (-12408 13794.666992 64 ) 
5 88 91 (-12384.726563 13880 343.271118 ) (-12408 13880 343.271118 ) (-12408 13794.666992 64 ) (-12288 13794.666992 64 ) (-12288 13824 160.001373 ) 
3 88 90 (-12288 13880 343.271118 ) (-12335.271484 13880 343.271118 ) (-12288 13859.201172 275.200928 ) 
4 89 92 (-12408 13849.777344 384 ) (-12408 13698.666016 64 ) (-12408 13568 64 ) (-12408 13568 384 ) 
5 89 91 (-12288 13698.666992 64 ) (-12408 13698.666992 64 ) (-12408 13849.777344 384 ) (-12406.222656 13849.777344 384 ) (-12288 13744 160.001511 ) 
3 89 90 (-12363.554688 13849.777344 384 ) (-12288 13849.777344 384 ) (-12288 13798.400391 275.201233 ) 
5 91 93 (-12408 13880 384 ) (-12408 13880 343.265625 ) (-12408 13794.668945 64 ) (-12408 13698.666016 64 ) (-12408 13849.777344 384 ) 
5 92 98 (-13012 13568 394.893585 ) (-13012 13744 424.850922 ) (-13012 13744 160.001465 ) (-13012 13698.666016 64 ) (-13012 13568 64 ) 
3 92 96 (-13012 13744 424.850922 ) (-13012 13880 448 ) (-13012 13744 160.001465 ) 
4 92 94 (-13012 13568 394.890625 ) (-13012 13568 384 ) (-12408 13568 384 ) (-12408 13568 394.890686 ) 
5 92 93 (-12408 13851.368164 387.369476 ) (-12408 13698.666016 64 ) (-13012 13698.666016 64 ) (-13012 13880 448 ) (-12440 13880 448 ) 
3 93 98 (-13012 13744 64 ) (-13012 13698.666016 64 ) (-13012 13744 160.001465 ) 
3 94 99 (-13012 13504 384 ) (-13012 13568 394.893585 ) (-13012 13568 384 ) 
6 95 97 (-13100 13912 448 ) (-13100 14248 448 ) (-13100 14336 160 ) (-13100 14336 64 ) (-13100 13824 64 ) (-13100 13824 159.996796 ) 
4 96 98 (-13012 13744 160.001282 ) (-13012 13744 424.851563 ) (-13100 13744 424.851563 ) (-13100 13744 160.001282 ) 
4 96 97 (-13100 13744 160.001282 ) (-13100 13744 424.851563 ) (-13100 13879.997070 448 ) (-13100 13880 448 ) 
5 97 132 (-13312 14336 160 ) (-13312 14336 64 ) (-13312 13744 64 ) (-13312 13744 384 ) (-13312 14267.555664 384 ) 
5 97 130 (-13312 13744 384 ) (-13312 13744 424.851196 ) (-13312 13880 448 ) (-13312 14248 448 ) (-13312 14267.555664 384 ) 
4 97 107 (-13100 14336 159.996002 ) (-13312 14336 159.996002 ) (-13312 14248 448 ) (-13100 14248 448 ) 
4 97 98 (-13312 13744 64 ) (-13100 13744 64 ) (-13100 13744 424.851563 ) (-13312 13744 424.851532 ) 
4 98 132 (-13312 13744 64 ) (-13312 13568 64 ) (-13312 13568 384 ) (-13312 13744 384 ) 
4 98 130 (-13312 13568 384 ) (-13312 13568 394.893677 ) (-13312 13744 424.851196 ) (-13312 13744 384 ) 
4 98 99 (-13012 13568 384 ) (-13012 13568 394.898438 ) (-13312 13568 394.898407 ) (-13312 13568 384 ) 
3 99 130 (-13312 13504 384 ) (-13312 13568 394.893677 ) (-13312 13568 384 ) 
5 100 106 (-12408 14336 159.989624 ) (-12408 14280 343.262878 ) (-12408 14280 384 ) (-12408 14310.221680 384 ) (-12408 14336 329.411896 ) 
3 100 105 (-12408 14310.221680 384 ) (-12408 14336 384 ) (-12408 14336 329.411896 ) 
4 100 104 (-12408 14280 384 ) (-12408 14280 343.277344 ) (-12384.729492 14280 343.277344 ) (-12406.221680 14280 384 ) 
3 100 102 (-12377.410156 14336 329.412201 ) (-12406.220703 14336 384 ) (-12406.220703 14310.221680 384 ) 
4 101 103 (-12363.555664 14280 384 ) (-12335.275391 14280 343.277344 ) (-12288 14280 343.277344 ) (-12288 14280 384 ) 
3 101 102 (-12363.552734 14310.221680 384 ) (-12363.552734 14336 384 ) (-12325.644531 14336 329.411926 ) 
3 104 106 (-12408 14280 343.262878 ) (-12408 14266.523438 387.369202 ) (-12408 14280 387.369202 ) 
3 105 113 (-13312 14336 438.468140 ) (-13312 14336 329.412628 ) (-13312 14280 448 ) 
4 105 107 (-13100 14280 448 ) (-13312 14280 448 ) (-13312 14336 329.409485 ) (-13100 14336 329.409485 ) 
5 105 106 (-12408 14336 329.409485 ) (-12408 14308.629883 387.368835 ) (-12440 14280 448 ) (-13012 14280 448 ) (-13012 14336 329.409485 ) 
4 107 132 (-13312 14336 165.080002 ) (-13312 14336 160 ) (-13312 14267.555664 384 ) (-13312 14280.386719 384 ) 
4 107 130 (-13312 14267.555664 384 ) (-13312 14248 448 ) (-13312 14264.128906 448 ) (-13312 14280.386719 384 ) 
4 107 113 (-13312 14336 329.412628 ) (-13312 14336 165.080002 ) (-13312 14264.128906 448 ) (-13312 14280 448 ) 
4 108 181 (-12288 13312 64 ) (-12288 13312 448 ) (-13312 13312 448 ) (-13312 13312 64 ) 
4 108 133 (-13312 13504 64 ) (-13312 13312 64 ) (-13312 13312 448 ) (-13312 13504 448 ) 
4 108 110 (-13312 13312 64 ) (-13312 13504 64 ) (-12288 13504 64 ) (-12288 13312 64 ) 
4 109 134 (-13312 14336 0 ) (-13312 14336 -112 ) (-13312 13504 -112 ) (-13312 13504 0 ) 
4 109 110 (-13312 13504 -112 ) (-12288 13504 -112 ) (-12288 13504 0 ) (-13312 13504 0 ) 
4 110 181 (-12288 13312 -112 ) (-12288 13312 64 ) (-13312 13312 64 ) (-13312 13312 -112 ) 
4 110 135 (-13312 13504 -112 ) (-13312 13312 -112 ) (-13312 13312 64 ) (-13312 13504 64 ) 
3 111 146 (-13672 14280 480 ) (-13672 14256 480 ) (-13672 14254.915039 484.269623 ) 
5 111 145 (-13672 14336 548.162415 ) (-13672 14336 480 ) (-13672 14280 480 ) (-13672 14254.915039 484.269623 ) (-13672 14244.838867 523.937317 ) 
4 111 144 (-13672 14336 557.617004 ) (-13672 14336 548.162415 ) (-13672 14244.838867 523.937317 ) (-13672 14240.416016 541.347473 ) 
4 111 139 (-13672 14336 735.353638 ) (-13672 14336 557.617004 ) (-13672 14240.416016 541.347473 ) (-13672 14206.324219 675.549805 ) 
4 111 138 (-13672 14336 878.563110 ) (-13672 14336 735.353638 ) (-13672 14206.324219 675.549805 ) (-13672 14186.634766 753.059753 ) 
4 111 137 (-13672 14336 1008 ) (-13672 14336 878.563110 ) (-13672 14186.634766 753.059753 ) (-13672 14121.872070 1008 ) 
4 111 124 (-13672 14169.729492 819.604248 ) (-13672 14178.324219 785.770691 ) (-13312 14178.324219 785.770630 ) (-13312 14169.731445 819.597351 ) 
4 111 123 (-13672 14121.871094 1008 ) (-13672 14169.729492 819.604248 ) (-13312 14169.731445 819.597351 ) (-13312 14121.871094 1008 ) 
4 111 122 (-13672 14178.324219 785.770691 ) (-13672 14242.700195 532.355103 ) (-13312 14242.700195 532.355652 ) (-13312 14178.324219 785.770630 ) 
4 111 112 (-13672 14280 480 ) (-13672 14336 480 ) (-13312 14336 480 ) (-13312 14280 480 ) 
3 112 145 (-13672 14336 480 ) (-13672 14336 470.468079 ) (-13672 14280 480 ) 
3 113 158 (-13672 14336 384 ) (-13672 14336 165.078918 ) (-13672 14280.386719 384 ) 
4 113 154 (-13672 14310.221680 384 ) (-13672 14280.386719 384 ) (-13672 14264.128906 448 ) (-13672 14280 448 ) 
4 113 152 (-13672 14336 438.468109 ) (-13672 14336 384 ) (-13672 14310.221680 384 ) (-13672 14280 448 ) 
4 113 132 (-13672 14280.386719 384 ) (-13672 14336 165.078125 ) (-13312 14336 165.078125 ) (-13312 14280.386719 384 ) 
4 113 130 (-13672 14264.128906 448 ) (-13672 14280.386719 384 ) (-13312 14280.386719 384 ) (-13312 14264.128906 448 ) 
4 114 148 (-13672 14247.300781 480 ) (-13672 14079.500000 480 ) (-13672 14080.318359 480.217346 ) (-13672 14247.237305 480.217346 ) 
4 114 147 (-13672 14079.500000 480 ) (-13672 13911.700195 480 ) (-13672 13911.763672 480.217346 ) (-13672 14078.681641 480.217346 ) 
4 114 125 (-13672 13912 480 ) (-13672 14247.300781 480 ) (-13312 14247.300781 480 ) (-13312 13912 480 ) 
3 115 141 (-13672 14076.506836 615.680420 ) (-13672 14076.726563 615.581604 ) (-13672 14076.082031 615.484314 ) 
4 115 138 (-13672 14041.750977 631.321228 ) (-13672 14076.506836 615.680420 ) (-13672 14076.082031 615.484314 ) (-13672 14011.261719 605.702576 ) 
4 115 137 (-13672 14002.807617 604.426758 ) (-13672 14032.755859 635.369263 ) (-13672 14041.750977 631.321228 ) (-13672 14011.261719 605.702576 ) 
4 115 124 (-13312 14002.806641 604.426819 ) (-13312 14032.760742 635.374817 ) (-13672 14032.755859 635.369202 ) (-13672 14002.807617 604.426758 ) 
4 115 117 (-13672 14076.728516 615.581909 ) (-13672 14032.755859 635.370239 ) (-13312 14032.761719 635.376099 ) (-13312 14076.743164 615.583862 ) 
4 115 116 (-13312 14002.807617 604.426758 ) (-13672 14002.807617 604.426758 ) (-13672 14011.880859 605.795898 ) (-13312 14011.895508 605.798157 ) 
3 116 138 (-13672 14011.260742 605.702454 ) (-13672 14011.880859 605.795959 ) (-13672 14010.533203 605.091248 ) 
4 116 137 (-13672 13996.188477 597.587463 ) (-13672 14002.807617 604.426758 ) (-13672 14011.260742 605.702454 ) (-13672 14010.533203 605.091248 ) 
4 116 124 (-13312 13996.174805 597.574951 ) (-13312 14002.806641 604.426819 ) (-13672 14002.807617 604.426758 ) (-13672 13996.188477 597.587463 ) 
4 117 141 (-13672 14081.233398 616.261353 ) (-13672 14076.727539 615.581421 ) (-13672 14076.507813 615.680481 ) (-13672 14079.500977 617.060791 ) 
4 117 140 (-13672 14126.960938 623.161865 ) (-13672 14081.233398 616.261353 ) (-13672 14079.500977 617.060791 ) (-13672 14114.831055 633.354797 ) 
4 117 139 (-13672 14191.761719 668.833984 ) (-13672 14201.870117 634.465881 ) (-13672 14126.960938 623.161865 ) (-13672 14114.831055 633.354797 ) 
4 117 138 (-13672 14170.882813 739.823425 ) (-13672 14191.761719 668.833984 ) (-13672 14076.507813 615.680481 ) (-13672 14041.750977 631.321289 ) 
4 117 137 (-13672 14032.755859 635.369263 ) (-13672 14162.252930 769.165649 ) (-13672 14170.882813 739.823425 ) (-13672 14041.750977 631.321289 ) 
4 117 124 (-13312 14032.760742 635.374817 ) (-13312 14162.252930 769.165833 ) (-13672 14162.252930 769.165833 ) (-13672 14032.755859 635.369202 ) 
4 117 122 (-13672 14201.868164 634.465698 ) (-13672 14162.251953 769.166443 ) (-13312 14162.251953 769.166443 ) (-13312 14201.869141 634.465820 ) 
4 117 120 (-13672 14079.499023 616 ) (-13672 14201.870117 634.466492 ) (-13312 14201.870117 634.466492 ) (-13312 14079.499023 616 ) 
3 118 139 (-13672 14219.356445 575.011047 ) (-13672 14226.521484 550.648743 ) (-13672 14202.980469 577.262451 ) 
4 118 122 (-13672 14226.518555 550.651489 ) (-13672 14219.354492 575.011169 ) (-13312 14219.354492 575.014160 ) (-13312 14226.520508 550.649658 ) 
4 118 121 (-13312 14219.355469 575.014709 ) (-13672 14219.356445 575.011658 ) (-13672 14202.979492 577.263184 ) (-13312 14202.976563 577.266541 ) 
4 118 119 (-13312 14204.190430 575.887695 ) (-13312 14202.970703 577.266052 ) (-13672 14202.973633 577.262756 ) (-13672 14204.208008 575.866943 ) 
3 119 139 (-13672 14201.027344 577.531006 ) (-13672 14202.980469 577.262451 ) (-13672 14204.220703 575.860535 ) 
4 119 121 (-13672 14202.979492 577.263184 ) (-13672 14201.025391 577.531738 ) (-13312 14201.046875 577.531799 ) (-13312 14202.976563 577.266541 ) 
3 120 141 (-13672 14082.921875 615.483215 ) (-13672 14079.501953 616 ) (-13672 14081.234375 616.261414 ) 
4 120 140 (-13672 14147.760742 605.685120 ) (-13672 14082.921875 615.483215 ) (-13672 14081.234375 616.261414 ) (-13672 14126.960938 623.161804 ) 
4 120 139 (-13672 14201.870117 634.465881 ) (-13672 14213.245117 595.789551 ) (-13672 14147.760742 605.685120 ) (-13672 14126.960938 623.161804 ) 
4 120 122 (-13672 14213.243164 595.789917 ) (-13672 14201.868164 634.465698 ) (-13312 14201.869141 634.465820 ) (-13312 14213.244141 595.789673 ) 
4 120 121 (-13672 14146.975586 605.804138 ) (-13672 14213.245117 595.790039 ) (-13312 14213.245117 595.790039 ) (-13312 14147.004883 605.799683 ) 
3 121 140 (-13672 14148.684570 604.909851 ) (-13672 14146.975586 605.803772 ) (-13672 14147.762695 605.684875 ) 
5 121 139 (-13672 14213.245117 595.789551 ) (-13672 14219.356445 575.011047 ) (-13672 14201.027344 577.530945 ) (-13672 14148.684570 604.909851 ) (-13672 14147.762695 605.684875 ) 
4 121 122 (-13672 14219.354492 575.011169 ) (-13672 14213.243164 595.789917 ) (-13312 14213.244141 595.789673 ) (-13312 14219.354492 575.014160 ) 
3 122 144 (-13672 14240.416016 541.347229 ) (-13672 14242.700195 532.354492 ) (-13672 14235.488281 540.508545 ) 
5 122 139 (-13672 14206.324219 675.549988 ) (-13672 14240.416016 541.347229 ) (-13672 14235.488281 540.508545 ) (-13672 14226.523438 550.644287 ) (-13672 14191.761719 668.833801 ) 
4 122 138 (-13672 14186.634766 753.060120 ) (-13672 14206.324219 675.549988 ) (-13672 14191.761719 668.833801 ) (-13672 14170.882813 739.823364 ) 
4 122 137 (-13672 14178.325195 785.771301 ) (-13672 14186.634766 753.060120 ) (-13672 14170.882813 739.823364 ) (-13672 14162.252930 769.165649 ) 
4 122 124 (-13312 14162.252930 769.165833 ) (-13312 14178.324219 785.770630 ) (-13672 14178.324219 785.770630 ) (-13672 14162.252930 769.165833 ) 
4 123 137 (-13672 14066.992188 1008 ) (-13672 14121.872070 1008 ) (-13672 14169.730469 819.604797 ) (-13672 13932.503906 550.732727 ) 
4 123 126 (-13312 13932.500000 550.719238 ) (-13312 14066.992188 1008 ) (-13672 14066.992188 1008 ) (-13672 13932.503906 550.732727 ) 
4 123 124 (-13672 13954.699219 575.885803 ) (-13672 14169.731445 819.602661 ) (-13312 14169.733398 819.596130 ) (-13312 13954.703125 575.882507 ) 
4 124 137 (-13672 14169.730469 819.604797 ) (-13672 14178.325195 785.771301 ) (-13672 13996.187500 597.586914 ) (-13672 13954.694336 575.882874 ) 
4 125 130 (-13672 13912 448 ) (-13672 14248 448 ) (-13312 14248 448 ) (-13312 13912 448 ) 
4 126 182 (-13312 13312 448 ) (-13312 13312 1008 ) (-13672 13312 1008 ) (-13672 13312 448 ) 
4 126 177 (-13672 13312 448 ) (-13672 13312 1008 ) (-13672 13504 1008 ) (-13672 13504 448 ) 
5 126 137 (-13672 13504 1008 ) (-13672 14066.992188 1008 ) (-13672 13932.503906 550.733826 ) (-13672 13909.868164 525.077942 ) (-13672 13504 632.933594 ) 
5 126 136 (-13672 13909.868164 525.077942 ) (-13672 13868.345703 478.016235 ) (-13672 13692 448 ) (-13672 13504 448 ) (-13672 13504 632.933594 ) 
4 126 131 (-13672 13504 448 ) (-13672 13692 448 ) (-13312 13692 448 ) (-13312 13504 448 ) 
4 126 133 (-13672 13312 448 ) (-13672 13504 448 ) (-13312 13504 448 ) (-13312 13312 448 ) 
4 126 128 (-13672 13868.349609 478.016876 ) (-13672 13916.300781 532.364807 ) (-13312 13916.298828 532.354187 ) (-13312 13868.358398 478.018494 ) 
4 127 143 (-13672 13903 480 ) (-13672 13882.377930 480 ) (-13672 13882.846680 480.484619 ) (-13672 13904.039063 484.091675 ) 
3 127 136 (-13672 13882.846680 480.484619 ) (-13672 13910.148438 508.692413 ) (-13672 13903.945313 484.075745 ) 
4 127 129 (-13312 13882.377930 480 ) (-13312 13882.846680 480.484619 ) (-13672 13882.846680 480.484619 ) (-13672 13882.377930 480 ) 
4 127 128 (-13312 13882.846680 480.484619 ) (-13312 13910.337891 508.887451 ) (-13672 13910.337891 508.887451 ) (-13672 13882.846680 480.484619 ) 
3 128 137 (-13672 13909.868164 525.078064 ) (-13672 13916.301758 532.370422 ) (-13672 13914.160156 523.937439 ) 
5 128 136 (-13672 13910.148438 508.692627 ) (-13672 13882.847656 480.484741 ) (-13672 13868.345703 478.016235 ) (-13672 13909.868164 525.078064 ) (-13672 13914 523.980103 ) 
4 128 129 (-13672 13880 480 ) (-13672 13882.842773 480.483795 ) (-13312 13882.842773 480.483795 ) (-13312 13880 480 ) 
3 129 143 (-13672 13882.847656 480.484741 ) (-13672 13882.378906 480 ) (-13672 13880 480 ) 
4 130 157 (-13672 13880 448 ) (-13672 13912 448 ) (-13672 13892.445313 384 ) (-13672 13849.777344 384 ) 
3 130 155 (-13672 13504 384 ) (-13672 13880 448 ) (-13672 13849.777344 384 ) 
4 130 154 (-13672 14248 448 ) (-13672 14264.128906 448 ) (-13672 14280.386719 384 ) (-13672 14267.554688 384 ) 
4 130 153 (-13672 13912 448 ) (-13672 14248 448 ) (-13672 14267.554688 384 ) (-13672 13892.445313 384 ) 
4 130 132 (-13672 13568 384 ) (-13672 14280.387695 384 ) (-13312 14280.387695 384 ) (-13312 13568 384 ) 
3 131 156 (-13672 13504 416 ) (-13672 13504 448 ) (-13672 13692 448 ) 
4 131 133 (-13312 13504 416 ) (-13312 13504 448 ) (-13672 13504 448 ) (-13672 13504 416 ) 
5 132 158 (-13672 14336 165.078918 ) (-13672 14336 64 ) (-13672 13568 64 ) (-13672 13568 384 ) (-13672 14280.386719 384 ) 
4 133 182 (-13312 13312 64 ) (-13312 13312 448 ) (-13672 13312 448 ) (-13672 13312 64 ) 
4 133 177 (-13672 13504 64 ) (-13672 13312 64 ) (-13672 13312 448 ) (-13672 13504 448 ) 
4 133 135 (-13672 13312 64 ) (-13672 13504 64 ) (-13312 13504 64 ) (-13312 13312 64 ) 
4 134 179 (-13672 14336 0 ) (-13672 14336 -112 ) (-13672 13504 -112 ) (-13672 13504 0 ) 
4 134 135 (-13672 13504 -112 ) (-13312 13504 -112 ) (-13312 13504 0 ) (-13672 13504 0 ) 
4 135 182 (-13312 13312 -112 ) (-13312 13312 64 ) (-13672 13312 64 ) (-13672 13312 -112 ) 
4 135 179 (-13672 13504 -112 ) (-13672 13312 -112 ) (-13672 13312 0 ) (-13672 13504 0 ) 
4 135 178 (-13672 13312 0 ) (-13672 13312 64 ) (-13672 13504 64 ) (-13672 13504 0 ) 
4 136 177 (-13672 13504 448 ) (-13672 13504 632.933594 ) (-13702.099609 13504 632.933594 ) (-13702.099609 13504 448 ) 
4 136 156 (-13672 13504 448 ) (-13702.099609 13504 448 ) (-13702.099609 13692 448 ) (-13672 13692 448 ) 
5 136 149 (-13702.099609 13692 448 ) (-13702.099609 13504 448 ) (-13702.099609 13504 632.933594 ) (-13702.099609 13914 523.979980 ) (-13702.099609 13903.945313 484.075623 ) 
4 136 143 (-13702.099609 13880.003906 480 ) (-13702.099609 13903.945313 484.075165 ) (-13672 13903.945313 484.075165 ) (-13672 13880.003906 480 ) 
4 136 137 (-13702.099609 13914 523.981262 ) (-13702.099609 13504 632.934631 ) (-13672 13504 632.934631 ) (-13672 13914 523.981262 ) 
4 137 177 (-13672 13504 632.933594 ) (-13672 13504 1008 ) (-13702.099609 13504 1008 ) (-13702.099609 13504 632.933594 ) 
5 137 149 (-13702.099609 13504 632.933594 ) (-13702.099609 13504 1008 ) (-13702.099609 14336 1008 ) (-13702.099609 14336 878.563110 ) (-13702.099609 13914.001953 523.979492 ) 
4 137 138 (-13702.099609 13958.201172 561.119934 ) (-13702.099609 14336 878.563599 ) (-13672 14336 878.563538 ) (-13672 13958.201172 561.119995 ) 
3 138 149 (-13702.099609 14336 878.563110 ) (-13702.099609 14336 735.353638 ) (-13702.099609 13958.205078 561.121277 ) 
4 138 142 (-13702.099609 14013.304688 586.530823 ) (-13702.099609 14042.056641 599.790588 ) (-13672 14042.056641 599.790588 ) (-13672 14013.304688 586.530823 ) 
4 138 141 (-13702.099609 14042.056641 599.790588 ) (-13702.099609 14079.501953 617.059875 ) (-13672 14079.501953 617.059875 ) (-13672 14042.056641 599.790588 ) 
4 138 140 (-13702.099609 14079.501953 617.059875 ) (-13702.099609 14114.832031 633.353394 ) (-13672 14114.832031 633.353394 ) (-13672 14079.501953 617.059875 ) 
4 138 139 (-13702.099609 14114.832031 633.353394 ) (-13702.099609 14336 735.352478 ) (-13672 14336 735.352417 ) (-13672 14114.832031 633.353394 ) 
4 139 149 (-13702.099609 14336 735.353638 ) (-13702.099609 14336 557.617004 ) (-13702.099609 14227.041016 539.070740 ) (-13702.099609 14114.831055 633.354309 ) 
4 139 144 (-13702.099609 14227.041016 539.070129 ) (-13702.099609 14336 557.616333 ) (-13672 14336 557.616333 ) (-13672 14227.041016 539.070129 ) 
4 139 140 (-13672 14114.833984 633.353088 ) (-13702.099609 14114.833984 633.353088 ) (-13702.099609 14200.803711 561.117676 ) (-13672 14200.803711 561.117676 ) 
3 140 149 (-13702.099609 14079.500000 617.060486 ) (-13702.099609 14114.831055 633.354309 ) (-13702.099609 14200.800781 561.118652 ) 
4 140 141 (-13672 14079.500000 617.061829 ) (-13702.099609 14079.500000 617.061829 ) (-13702.099609 14145.705078 586.529358 ) (-13672 14145.705078 586.529358 ) 
3 141 149 (-13702.099609 14042.053711 599.790833 ) (-13702.099609 14079.500000 617.060486 ) (-13702.099609 14145.701172 586.529724 ) 
4 141 142 (-13672 14042.052734 599.791077 ) (-13702.099609 14042.052734 599.791077 ) (-13702.099609 14079.499023 595 ) (-13672 14079.499023 595 ) 
3 142 149 (-13702.099609 14013.299805 586.530090 ) (-13702.099609 14042.053711 599.790833 ) (-13702.099609 14079.499023 595 ) 
3 143 150 (-13702.099609 13880 480 ) (-13702.099609 13903.945313 484.075684 ) (-13702.099609 13902.917969 480 ) 
4 143 147 (-13702.099609 13902.917969 480 ) (-13702.099609 13902.972656 480.217346 ) (-13672 13902.972656 480.217346 ) (-13672 13902.917969 480 ) 
4 144 150 (-13702.099609 14227.040039 539.070679 ) (-13702.099609 14336 557.617004 ) (-13702.099609 14336 548.162415 ) (-13702.099609 14245 523.980164 ) 
4 144 145 (-13702.099609 14245 523.980652 ) (-13702.099609 14336 548.163208 ) (-13672 14336 548.163208 ) (-13672 14245 523.980652 ) 
3 145 151 (-13702.099609 14336 480 ) (-13702.099609 14336 470.467987 ) (-13702.099609 14280 480 ) 
5 145 150 (-13702.099609 14336 548.162415 ) (-13702.099609 14336 480 ) (-13702.099609 14280 480 ) (-13702.099609 14255.010742 484.253387 ) (-13702.099609 14245 523.980103 ) 
4 145 146 (-13702.099609 14255.010742 484.252991 ) (-13702.099609 14279.997070 480 ) (-13672 14279.997070 480 ) (-13672 14255.010742 484.252991 ) 
3 146 150 (-13702.099609 14256.083008 480 ) (-13702.099609 14255.010742 484.253357 ) (-13702.099609 14280 480 ) 
4 146 148 (-13702.099609 14256.029297 480.217346 ) (-13702.099609 14256.083984 480 ) (-13672 14256.083984 480 ) (-13672 14256.029297 480.217346 ) 
4 147 150 (-13702.099609 13902.917969 480 ) (-13702.099609 13902.972656 480.217346 ) (-13702.099609 14078.681641 480.217346 ) (-13702.099609 14079.500000 480 ) 
4 148 150 (-13702.099609 14256.028320 480.217346 ) (-13702.099609 14256.083008 480 ) (-13702.099609 14079.500000 480 ) (-13702.099609 14080.318359 480.217346 ) 
4 149 177 (-13702.099609 13504 1008 ) (-13704 13504 1008 ) (-13704 13504 448 ) (-13702.099609 13504 448 ) 
4 149 176 (-13704 13504 480 ) (-13704 13504 1008 ) (-13704 13568 1008 ) (-13704 13568 480 ) 
4 149 160 (-13704 14080 514.042419 ) (-13704 13880 480 ) (-13704 13568 480 ) (-13704 13568 601.191406 ) 
5 149 159 (-13704 14336 1008 ) (-13704 14336 557.617004 ) (-13704 14080 514.042419 ) (-13704 13568 601.191406 ) (-13704 13568 1008 ) 
4 149 156 (-13702.099609 13504 448 ) (-13704 13504 448 ) (-13704 13692 448 ) (-13702.099609 13692 448 ) 
4 149 150 (-13702.099609 14336 557.616333 ) (-13702.099609 13880.003906 480 ) (-13704 13880.003906 480 ) (-13704 14336 557.616333 ) 
3 150 160 (-13704 14280 480 ) (-13704 13880 480 ) (-13704 14080 514.042480 ) 
4 150 159 (-13704 14336 557.617004 ) (-13704 14336 480 ) (-13704 14280 480 ) (-13704 14080 514.042480 ) 
4 150 151 (-13704 14280 480 ) (-13704 14336 480 ) (-13702.099609 14336 480 ) (-13702.099609 14280 480 ) 
3 151 159 (-13704 14336 480 ) (-13704 14336 470.468079 ) (-13704 14280 480 ) 
4 152 158 (-13704 14310.222656 384 ) (-13704 14336 384 ) (-13672 14336 384 ) (-13672 14310.222656 384 ) 
4 152 154 (-13704 14310.222656 384 ) (-13672 14310.222656 384 ) (-13672 14280 448 ) (-13704 14308.631836 387.368530 ) 
4 153 163 (-13704 13893.474609 387.368530 ) (-13704 13912 448 ) (-13704 14248 448 ) (-13704 14266.525391 387.368530 ) 
4 153 161 (-13704 14267.554688 384 ) (-13704 13892.445313 384 ) (-13704 13893.474609 387.368530 ) (-13704 14266.525391 387.368530 ) 
4 153 158 (-13704 13892.445313 384 ) (-13704 14267.554688 384 ) (-13672 14267.554688 384 ) (-13672 13892.445313 384 ) 
4 153 157 (-13704 13892.445313 384 ) (-13672 13892.445313 384 ) (-13672 13912.001953 448 ) (-13704 13893.474609 387.368530 ) 
4 153 154 (-13672 14267.555664 384 ) (-13704 14267.555664 384 ) (-13704 14266.526367 387.368530 ) (-13672 14248 448 ) 
4 154 172 (-13704 14280 384 ) (-13704 14267.554688 384 ) (-13704 14266.525391 387.368530 ) (-13704 14280 387.368530 ) 
4 154 158 (-13704 14267.554688 384 ) (-13704 14310.222656 384 ) (-13672 14310.222656 384 ) (-13672 14267.554688 384 ) 
4 155 158 (-13704 13568 384 ) (-13704 13849.777344 384 ) (-13672 13849.777344 384 ) (-13672 13568 384 ) 
4 155 157 (-13672 13849.778320 384 ) (-13704 13849.778320 384 ) (-13704 13851.369141 387.368530 ) (-13672 13880 448 ) 
4 156 177 (-13672 13504 416 ) (-13672 13504 448 ) (-13704 13504 448 ) (-13704 13504 416 ) 
4 157 161 (-13704 13892.445313 384 ) (-13704 13880 384 ) (-13704 13880 387.368530 ) (-13704 13893.474609 387.368530 ) 
4 157 158 (-13704 13849.777344 384 ) (-13704 13892.445313 384 ) (-13672 13892.445313 384 ) (-13672 13849.777344 384 ) 
4 158 175 (-13704 14336 329.412048 ) (-13704 14336 160 ) (-13704 14267.555664 384 ) (-13704 14310.221680 384 ) 
3 158 173 (-13704 14336 384 ) (-13704 14336 329.412048 ) (-13704 14310.221680 384 ) 
5 158 166 (-13704 14336 160 ) (-13704 14336 64 ) (-13704 13698.666016 64 ) (-13704 13849.777344 384 ) (-13704 14267.555664 384 ) 
4 158 165 (-13704 13698.666016 64 ) (-13704 13568 64 ) (-13704 13568 384 ) (-13704 13849.777344 384 ) 
4 159 180 (-14080 14336 1008 ) (-14080 14336 470.468018 ) (-14080 13568 601.191406 ) (-14080 13568 1008 ) 
4 159 176 (-13704 13568 601.191406 ) (-13704 13568 1008 ) (-14080 13568 1008 ) (-14080 13568 601.191406 ) 
4 159 160 (-13704 13568 601.191040 ) (-14080 13568 601.191040 ) (-14080 14280 480 ) (-13704 14280 480 ) 
4 160 180 (-14080 14280 416 ) (-14080 13568 416 ) (-14080 13568 601.191406 ) (-14080 14280 480 ) 
4 160 176 (-13704 13568 480 ) (-13704 13568 601.191406 ) (-14080 13568 601.191406 ) (-14080 13568 416 ) 
3 161 172 (-13704 14266.526367 387.368500 ) (-13704 14267.555664 384 ) (-13705.777344 14267.555664 384 ) 
4 161 166 (-13705.777344 14267.560547 384 ) (-13704 14267.560547 384 ) (-13704 13880 384 ) (-13705.777344 13880 384 ) 
4 161 163 (-13705.777344 14267.550781 384 ) (-13705.777344 13892.444336 384 ) (-13704 13893.473633 387.367584 ) (-13704 14266.521484 387.367615 ) 
3 162 171 (-13704 14248 448 ) (-13748.445313 14267.555664 384 ) (-14080 14267.555664 384 ) 
4 162 164 (-14016 14267.560547 384 ) (-13748.445313 14267.560547 384 ) (-13748.445313 13880 384 ) (-14016 13880 384 ) 
4 162 163 (-13748.444336 13892.444336 384 ) (-13748.444336 14267.554688 384 ) (-13704 14248 448 ) (-13704 13912 448 ) 
4 163 167 (-13748.445313 14267.560547 384 ) (-13705.777344 14267.560547 384 ) (-13705.777344 13892.444336 384 ) (-13748.445313 13892.444336 384 ) 
4 164 174 (-13904.001953 14336 160 ) (-14016 14336 160 ) (-14016 14267.555664 384 ) (-13748.445313 14267.555664 384 ) 
5 164 168 (-13903.995117 14336 160.008942 ) (-13824 14300.802734 275.201569 ) (-13824 13859.200195 275.201447 ) (-13904 13824 160.001709 ) (-13904 14336 160.001907 ) 
4 164 167 (-13824 14300.802734 275.201569 ) (-13748.445313 14267.558594 384 ) (-13748.445313 13892.444336 384 ) (-13824 13859.200195 275.201447 ) 
4 164 170 (-13904 13744 160.001678 ) (-13970.667969 13698.666016 64 ) (-13970.667969 14336 64 ) (-13904 14336 160.001907 ) 
4 164 165 (-13748.445313 13849.777344 384 ) (-13748.445313 13568 384 ) (-13970.667969 13568 64 ) (-13970.667969 13698.666016 64 ) 
4 165 169 (-13824 13744 159.998672 ) (-13824 13698.666992 64 ) (-13904 13698.666992 64 ) (-13904 13744 159.998962 ) 
5 165 166 (-13705.777344 13849.778320 384 ) (-13704 13849.778320 384 ) (-13704 13698.666992 64 ) (-13824 13698.666992 64 ) (-13824 13744 160.001312 ) 
3 165 170 (-13970.668945 13698.666992 64 ) (-13904 13744.001953 160.003098 ) (-13904 13698.666992 64 ) 
4 166 175 (-13704 14267.555664 384 ) (-13704 14336 160 ) (-13824 14336 160 ) (-13705.777344 14267.555664 384 ) 
4 166 169 (-13824 13698.664063 64 ) (-13824 13743.998047 160.001434 ) (-13824 13744 160.001434 ) (-13824 13744 64 ) 
5 166 168 (-13824 13824 160.001251 ) (-13824 14336 160 ) (-13824 14336 159.995911 ) (-13824 14336 64 ) (-13824 13824 64 ) 
4 166 167 (-13824 14336 160 ) (-13824 13824 160 ) (-13705.777344 13892.444336 384 ) (-13705.777344 14267.554688 384 ) 
4 167 168 (-13824 13859.202148 275.203125 ) (-13824 14300.797852 275.203156 ) (-13824 14336 160 ) (-13824 13824.001953 160.001251 ) 
4 168 170 (-13904 13824 160.007813 ) (-13904 14335.998047 160.007767 ) (-13904 14336 64 ) (-13904 13824 64 ) 
3 169 170 (-13904 13698.663086 64 ) (-13904 13744 160.007813 ) (-13904 13744 64 ) 
4 171 174 (-13748.445313 14267.560547 384 ) (-14016 14267.560547 384 ) (-14016 14280 384 ) (-13748.445313 14280 384 ) 
4 172 175 (-13704 14267.560547 384 ) (-13705.777344 14267.560547 384 ) (-13705.777344 14280 384 ) (-13704 14280 384 ) 
4 173 175 (-13734.587891 14336 329.411011 ) (-13704 14336 329.411041 ) (-13704 14310.221680 384 ) (-13705.777344 14310.221680 384 ) 
4 173 174 (-14016 14310.221680 384 ) (-14016 14336 329.410706 ) (-13786.354492 14336 329.410950 ) (-13748.445313 14310.221680 384 ) 
4 176 180 (-14080 13504 416 ) (-14080 13504 1008 ) (-14080 13568 1008 ) (-14080 13568 416 ) 
4 176 177 (-14080 13504 1008 ) (-14080 13504 416 ) (-13704 13504 480 ) (-13704 13504 1008 ) 
4 177 182 (-13672 13312 64 ) (-13672 13312 1008 ) (-14080 13312 1008 ) (-14080 13312 64 ) 
4 177 180 (-14080 13312 64 ) (-14080 13312 1008 ) (-14080 13504 1008 ) (-14080 13504 64 ) 
4 177 178 (-14080 13312 64 ) (-14080 13504 64 ) (-13672 13504 64 ) (-13672 13312 64 ) 
4 178 182 (-13672 13312 0 ) (-13672 13312 64 ) (-14080 13312 64 ) (-14080 13312 0 ) 
4 178 180 (-14080 13312 0 ) (-14080 13312 64 ) (-14080 13504 64 ) (-14080 13504 0 ) 
4 178 179 (-14080 13312 0 ) (-14080 13504 0 ) (-13672 13504 0 ) (-13672 13312 0 ) 
4 179 182 (-13672 13312 -112 ) (-13672 13312 0 ) (-14080 13312 0 ) (-14080 13312 -112 ) 
4 179 180 (-14080 13312 -112 ) (-14080 13312 0 ) (-14080 14336 0 ) (-14080 14336 -112 ) 
4 180 182 (-14080 13312 -112 ) (-14080 13312 1008 ) (-14320 13312 1008 ) (-14320 13312 -112 ) 
4 181 182 (-13312 13312 1008 ) (-13312 13312 -112 ) (-13312 13264 -112 ) (-13312 13264 1008 ) 
