PRT1
201
567
4 0 89 (-12544 14336 416 ) (-12544 14336 384 ) (-12490 14336 384 ) (-12490 14336 416 ) 
3 0 90 (-12544 14336 384 ) (-12490 14336 374.808411 ) (-12490 14336 384 ) 
4 0 84 (-12544 14336 384 ) (-12544 14336 64 ) (-12490 14336 64 ) (-12490 14336 374.808411 ) 
4 0 79 (-12544 14336 448 ) (-12544 14336 416 ) (-12490 14336 416 ) (-12490 14336 448 ) 
4 0 65 (-12544 14336 520 ) (-12544 14336 448 ) (-12490 14336 448 ) (-12490 14336 520 ) 
4 0 54 (-12490 14336 866.139038 ) (-12544 14336 866.139038 ) (-12544 14336 520 ) (-12490 14336 520 ) 
4 0 25 (-12490 14336 64 ) (-12544 14336 64 ) (-12544 14656 64 ) (-12490 14656 64 ) 
4 0 24 (-12544 14656 64 ) (-12544 14675.299805 64 ) (-12490 14675.299805 64 ) (-12490 14656 64 ) 
4 0 6 (-12544 14336 416 ) (-12544 14336 866.139038 ) (-12544 14591.799805 866.139038 ) (-12544 14591.799805 416 ) 
4 0 5 (-12544 14675.299805 64 ) (-12544 14655.901367 64 ) (-12544 14655.901367 384 ) (-12544 14675.299805 384 ) 
4 0 2 (-12544 14656 416 ) (-12544 14675.299805 416 ) (-12544 14675.299805 384 ) (-12544 14656 384 ) 
4 0 1 (-12544 14591.799805 416 ) (-12544 14591.799805 866.139038 ) (-12544 14675.299805 866.139038 ) (-12544 14675.299805 416 ) 
5 1 6 (-12544 14591.799805 416 ) (-12544 14591.799805 866.139038 ) (-12920 14591.799805 866.139038 ) (-12920 14591.799805 426.927490 ) (-12855.800781 14591.799805 416 ) 
4 1 4 (-12920 14656 416 ) (-12920 14591.799805 426.927490 ) (-12920 14591.799805 866.139038 ) (-12920 14656 866.139038 ) 
4 1 3 (-12920 14675.299805 866.139038 ) (-12920 14675.299805 416 ) (-12920 14656 416 ) (-12920 14656 866.139038 ) 
4 1 2 (-12920 14656 416 ) (-12920 14675.299805 416 ) (-12544 14675.299805 416 ) (-12544 14656 416 ) 
4 2 5 (-12920 14656 384 ) (-12920 14675.299805 384 ) (-12544 14675.299805 384 ) (-12544 14656 384 ) 
4 2 3 (-12920 14675.299805 416 ) (-12920 14675.299805 384 ) (-12920 14656 384 ) (-12920 14656 416 ) 
4 3 27 (-13312 14656 866.139038 ) (-13312 14675.299805 866.139038 ) (-13312 14675.299805 384 ) (-13312 14656 384 ) 
4 3 5 (-13312 14656 384 ) (-13312 14675.299805 384 ) (-12920 14675.299805 384 ) (-12920 14656 384 ) 
4 3 4 (-12920 14656 416.001617 ) (-12920 14656 866.139038 ) (-13312 14656 866.139038 ) (-13312 14656 416.001617 ) 
4 4 28 (-13312 14591.799805 866.139038 ) (-13312 14656 866.139038 ) (-13312 14656 416.001617 ) (-13312 14591.799805 426.929474 ) 
4 4 15 (-13088 14591.799805 866.139038 ) (-13312 14591.799805 866.139038 ) (-13312 14591.799805 426.929504 ) (-13088 14591.799805 426.929474 ) 
4 4 13 (-13024 14591.799805 866.139038 ) (-13088 14591.799805 866.139038 ) (-13088 14591.799805 426.929474 ) (-13024 14591.799805 426.929474 ) 
4 4 10 (-12920 14591.799805 866.139038 ) (-13024 14591.799805 866.139038 ) (-13024 14591.799805 426.929474 ) (-12920 14591.799805 426.929474 ) 
4 5 27 (-13312 14675.299805 384 ) (-13312 14675.299805 64 ) (-13312 14655.901367 64 ) (-13312 14655.901367 384 ) 
4 5 24 (-13312 14655.901367 64 ) (-13312 14675.299805 64 ) (-12544 14675.299805 64 ) (-12544 14655.901367 64 ) 
4 6 79 (-12544 14336 416 ) (-12544 14336 448 ) (-12788 14336 448 ) (-12600 14336 416 ) 
4 6 66 (-12920 14336 480.001465 ) (-12920 14336 470.467987 ) (-12788 14336 448 ) (-12731.990234 14336 448 ) 
5 6 65 (-12544 14336 448 ) (-12544 14336 520 ) (-12920 14336 520 ) (-12920 14336 480.001465 ) (-12731.990234 14336 448 ) 
4 6 54 (-12544 14336 520 ) (-12544 14336 866.139038 ) (-12920 14336 866.139038 ) (-12920 14336 520 ) 
4 6 10 (-12920 14591.799805 866.139038 ) (-12920 14591.799805 426.927490 ) (-12920 14336 470.467957 ) (-12920 14336 866.139038 ) 
4 7 99 (-12920 14336 438.467896 ) (-12920 14336 416 ) (-12896.470703 14336 416 ) (-12911.988281 14336 437.104279 ) 
3 7 77 (-12896.470703 14336 416 ) (-12788 14336 416 ) (-12911.988281 14336 437.104279 ) 
3 7 11 (-12920 14468 416 ) (-12920 14336 416 ) (-12920 14336 438.467926 ) 
3 7 8 (-12920 14336 416 ) (-12920 14468 416 ) (-12788 14336 416 ) 
4 8 99 (-12896.470703 14336 416 ) (-12920 14336 416 ) (-12920 14336 384 ) (-12872.941406 14336 384 ) 
5 8 86 (-12788 14336 416 ) (-12896.470703 14336 416 ) (-12872.941406 14336 384 ) (-12608 14336 384 ) (-12608 14336 385.361542 ) 
3 8 83 (-12608 14336 384 ) (-12600 14336 384 ) (-12608 14336 385.361542 ) 
5 8 11 (-12920 14591.799805 394.927429 ) (-12920 14591.799805 384 ) (-12920 14336 384 ) (-12920 14336 416 ) (-12920 14468 416 ) 
5 8 9 (-12920 14336 384 ) (-12920 14591.799805 384 ) (-12855.801758 14591.799805 384 ) (-12608 14344 384 ) (-12608 14336 384 ) 
4 9 99 (-12920 14336 336.001038 ) (-12837.648438 14336 336.001038 ) (-12872.941406 14336 384 ) (-12920 14336 384 ) 
4 9 86 (-12837.648438 14336 336.001038 ) (-12608 14336 336.001038 ) (-12608 14336 384 ) (-12872.941406 14336 384 ) 
3 9 22 (-12800 14361.599609 284.800049 ) (-12800 14336 336 ) (-12837.647461 14336 336 ) 
5 9 21 (-12920 14472 64 ) (-12800 14472 64 ) (-12800 14416 176 ) (-12889.412109 14336 336 ) (-12920 14336 336 ) 
4 9 20 (-12737.412109 14472 64 ) (-12720 14472 64 ) (-12720 14416 176 ) (-12800 14416 176 ) 
3 9 19 (-12800 14472 64 ) (-12737.412109 14472 64 ) (-12800 14416 176 ) 
4 9 18 (-12720 14416 176 ) (-12720 14336 336 ) (-12800 14336 336 ) (-12800 14361.599609 284.800018 ) 
4 9 17 (-12720 14472 64 ) (-12608 14472 64 ) (-12608 14336 336 ) (-12720 14336 336 ) 
5 9 11 (-12920 14591.799805 384 ) (-12920 14591.799805 64 ) (-12920 14472 64 ) (-12920 14336 335.998169 ) (-12920 14336 384 ) 
4 10 68 (-12920 14336 470.469879 ) (-12920 14336 520 ) (-13024 14336 520 ) (-13024 14336 470.469879 ) 
4 10 62 (-12952 14336 552 ) (-13024 14336 552 ) (-13024 14336 520 ) (-12952 14336 520 ) 
4 10 60 (-12920 14336 520 ) (-12920 14336 552 ) (-12952 14336 552 ) (-12952 14336 520 ) 
4 10 55 (-12920 14336 552 ) (-12920 14336 866.139038 ) (-13024 14336 866.139038 ) (-13024 14336 552 ) 
4 10 13 (-13024 14591.799805 866.139038 ) (-13024 14591.799805 426.929382 ) (-13024 14336 470.469788 ) (-13024 14336 866.139038 ) 
4 11 109 (-13024 14336 336.001038 ) (-12952 14336 336.001038 ) (-12952 14336 438.468048 ) (-13024 14336 438.468048 ) 
3 11 103 (-12920 14336 390.735779 ) (-12920 14336 438.468048 ) (-12946.674805 14336 438.468048 ) 
5 11 102 (-12952 14336 336.001038 ) (-12920 14336 336.001038 ) (-12920 14336 390.735779 ) (-12946.674805 14336 438.468048 ) (-12952 14336 438.468048 ) 
4 11 21 (-13024 14472 64 ) (-12920 14472 64 ) (-12920 14336 336 ) (-13024 14336 336 ) 
3 11 14 (-13024 14527.701172 64 ) (-13024 14493.633789 64 ) (-13024 14527.701172 176.001801 ) 
6 11 12 (-13024 14556.900391 272 ) (-13024 14493.633789 64 ) (-13024 14472 64 ) (-13024 14336 335.998169 ) (-13024 14336 438.467926 ) (-13024 14555.798828 401.055328 ) 
4 12 109 (-13088 14336 336.001038 ) (-13024 14336 336.001038 ) (-13024 14336 438.468048 ) (-13088 14336 438.468048 ) 
4 12 21 (-13088 14472 64 ) (-13024 14472 64 ) (-13024 14336 336 ) (-13088 14336 336 ) 
6 12 16 (-13088 14556.900391 272 ) (-13088 14493.633789 64 ) (-13088 14472 64 ) (-13088 14336 335.998169 ) (-13088 14336 438.467926 ) (-13088 14555.798828 401.055328 ) 
4 12 14 (-13024 14527.701172 176.001450 ) (-13024 14493.633789 64 ) (-13088 14493.633789 64 ) (-13088 14527.701172 176.001465 ) 
4 13 68 (-13024 14336 470.469879 ) (-13024 14336 520 ) (-13088 14336 520 ) (-13088 14336 470.469879 ) 
4 13 62 (-13024 14336 520 ) (-13024 14336 552 ) (-13088 14336 552 ) (-13088 14336 520 ) 
4 13 55 (-13024 14336 552 ) (-13024 14336 866.139038 ) (-13088 14336 866.139038 ) (-13088 14336 552 ) 
4 13 15 (-13088 14591.799805 866.139038 ) (-13088 14591.799805 426.929382 ) (-13088 14336 470.469788 ) (-13088 14336 866.139038 ) 
3 14 16 (-13088 14527.701172 64 ) (-13088 14493.633789 64 ) (-13088 14527.701172 176.001862 ) 
4 15 68 (-13312 14336 520 ) (-13312 14336 470.469879 ) (-13088 14336 470.469879 ) (-13088 14336 520 ) 
4 15 62 (-13312 14336 552 ) (-13312 14336 520 ) (-13088 14336 520 ) (-13088 14336 552 ) 
4 15 55 (-13312 14336 866.139038 ) (-13312 14336 552 ) (-13088 14336 552 ) (-13088 14336 866.139038 ) 
4 15 32 (-13312 14336 470.469879 ) (-13312 14336 866.139038 ) (-13312 14416 866.139038 ) (-13312 14416 456.852814 ) 
4 15 30 (-13312 14416 866.139038 ) (-13312 14591.799805 866.139038 ) (-13312 14591.799805 426.929382 ) (-13312 14416 456.852814 ) 
4 16 111 (-13312 14336 438.468048 ) (-13312 14336 336.001038 ) (-13268 14336 336.001038 ) (-13268 14336 438.468048 ) 
4 16 109 (-13268 14336 336.001038 ) (-13088 14336 336.001038 ) (-13088 14336 438.468048 ) (-13268 14336 438.468048 ) 
4 16 33 (-13312 14336 336.001038 ) (-13312 14336 438.468048 ) (-13312 14416 424.850983 ) (-13312 14416 176.001587 ) 
5 16 31 (-13312 14416 424.850983 ) (-13312 14591.799805 394.927551 ) (-13312 14591.799805 64 ) (-13312 14472 64 ) (-13312 14416 176.001587 ) 
4 16 23 (-13312 14472 64 ) (-13268 14472 64 ) (-13268 14416 176 ) (-13312 14416 176 ) 
4 16 21 (-13268 14472 64 ) (-13088 14472 64 ) (-13088 14336 336 ) (-13268 14336 336 ) 
3 17 91 (-12720 14336 64 ) (-12637.647461 14336 64 ) (-12720 14336 176 ) 
5 17 86 (-12637.647461 14336 64 ) (-12608 14336 64 ) (-12608 14336 336.001038 ) (-12720 14336 336.001038 ) (-12720 14336 176 ) 
3 17 20 (-12720 14416 176 ) (-12720 14472 64 ) (-12720 14416 64 ) 
3 17 18 (-12720 14336 336.002075 ) (-12720 14416 176 ) (-12720 14336 176 ) 
4 18 86 (-12720 14336 176 ) (-12720 14336 336.001038 ) (-12800 14336 336.001038 ) (-12800 14336 284.799927 ) 
3 18 22 (-12800 14336 336.002075 ) (-12800 14361.601563 284.799438 ) (-12800 14336 284.799438 ) 
4 19 21 (-12800 14416.001953 176 ) (-12800 14472 64 ) (-12800 14416 64 ) (-12800 14416 176 ) 
3 19 20 (-12737.409180 14416 64 ) (-12737.409180 14472 64 ) (-12800 14416 176.004974 ) 
4 21 109 (-13268 14336 64 ) (-12952 14336 64 ) (-12952 14336 336.001038 ) (-13268 14336 336.001038 ) 
4 21 102 (-12920 14336 176.002106 ) (-12920 14336 336.001038 ) (-12952 14336 336.001038 ) (-12952 14336 176.002106 ) 
4 21 101 (-12952 14336 64 ) (-12920 14336 64 ) (-12920 14336 176.002106 ) (-12952 14336 176.002106 ) 
4 21 100 (-12800 14336 176 ) (-12889.412109 14336 336.001038 ) (-12920 14336 336.001038 ) (-12920 14336 176.002106 ) 
4 21 96 (-12920 14336 64 ) (-12800 14336 64 ) (-12800 14336 176 ) (-12920 14336 176.002106 ) 
3 21 23 (-13268 14416 176.001999 ) (-13268 14472 64 ) (-13268 14416 64 ) 
3 22 86 (-12800 14336 284.799927 ) (-12800 14336 336.001038 ) (-12837.648438 14336 336.001038 ) 
3 23 31 (-13312 14416 176.001572 ) (-13312 14472 64 ) (-13312 14416 64 ) 
4 24 51 (-13312 14656 64 ) (-13312 14675.299805 64 ) (-13312 14675.299805 -34.138901 ) (-13312 14656 -34.138901 ) 
4 24 26 (-13312 14656 -34.138901 ) (-12544 14656 -34.138901 ) (-12544 14656 0 ) (-13312 14656 0 ) 
4 24 25 (-12544 14656 -34.138901 ) (-12490 14656 -34.138901 ) (-12490 14656 64 ) (-12544 14656 64 ) 
4 25 132 (-12490 14336 64 ) (-12544 14336 64 ) (-12544 14336 -34.138901 ) (-12490 14336 -34.138901 ) 
4 25 26 (-12544 14656 0 ) (-12544 14656 -34.138901 ) (-12544 14336 -34.138901 ) (-12544 14336 0 ) 
4 26 133 (-13312 14336 0 ) (-13312 14336 -34.138901 ) (-12544 14336 -34.138901 ) (-12544 14336 0 ) 
4 26 52 (-13312 14336 -34.138901 ) (-13312 14336 0 ) (-13312 14656 0 ) (-13312 14656 -34.138901 ) 
4 27 51 (-13312 14675.299805 64 ) (-13312 14656 64 ) (-14080 14656 64 ) (-14080 14675.299805 64 ) 
4 27 50 (-14080 14675.299805 64 ) (-14080 14656 64 ) (-14080 14656 866.139038 ) (-14080 14675.299805 866.139038 ) 
4 27 28 (-13312 14656 866.139038 ) (-14080 14656 866.139038 ) (-14080 14656 416 ) (-13312 14656 416 ) 
4 28 50 (-14080 14591.799805 426.929382 ) (-14080 14591.799805 866.139038 ) (-14080 14656 866.139038 ) (-14080 14656 416.001740 ) 
4 28 39 (-13600 14591.799805 866.139038 ) (-14080 14591.799805 866.139038 ) (-14080 14591.799805 426.929382 ) (-13600 14591.799805 426.929382 ) 
4 28 38 (-13536 14591.799805 866.139038 ) (-13600 14591.799805 866.139038 ) (-13600 14591.799805 426.929382 ) (-13536 14591.799805 426.929382 ) 
4 28 34 (-13356 14591.799805 866.139038 ) (-13536 14591.799805 866.139038 ) (-13536 14591.799805 426.929382 ) (-13356 14591.799805 426.929382 ) 
4 28 30 (-13312 14591.799805 866.139038 ) (-13356 14591.799805 866.139038 ) (-13356 14591.799805 426.929382 ) (-13312 14591.799805 426.929382 ) 
4 28 29 (-13703.984375 14591.799805 426.930267 ) (-14080 14591.799805 426.930267 ) (-14080 14656 416.001953 ) (-13703.987305 14656 416.001953 ) 
4 29 50 (-14080 14591.799805 416 ) (-14080 14591.799805 426.929382 ) (-14080 14656 416.001740 ) (-14080 14656 416 ) 
4 29 41 (-14080 14591.799805 426.929382 ) (-14080 14591.799805 416 ) (-13768.198242 14591.799805 416 ) (-13703.987305 14591.799805 426.929382 ) 
4 30 34 (-13356 14591.799805 866.139038 ) (-13356 14591.799805 426.929382 ) (-13356 14416 456.852936 ) (-13356 14416 866.139038 ) 
4 30 32 (-13356 14416 866.139038 ) (-13356 14416 456.852936 ) (-13312 14416 456.852936 ) (-13312 14416 866.139038 ) 
4 31 35 (-13356 14591.799805 394.927551 ) (-13356 14591.799805 64 ) (-13356 14416 64 ) (-13356 14416 424.850830 ) 
4 31 33 (-13356 14416 424.850830 ) (-13356 14416 176 ) (-13312 14416 176 ) (-13312 14416 424.850830 ) 
4 32 146 (-13312 14336 470.469879 ) (-13312 14336 520 ) (-13356 14336 520 ) (-13356 14336 470.469879 ) 
4 32 140 (-13312 14336 520 ) (-13312 14336 552 ) (-13356 14336 552 ) (-13356 14336 520 ) 
4 32 135 (-13312 14336 552 ) (-13312 14336 866.139038 ) (-13356 14336 866.139038 ) (-13356 14336 552 ) 
4 32 34 (-13356 14336 470.469879 ) (-13356 14336 866.139038 ) (-13356 14416 866.139038 ) (-13356 14416 456.852936 ) 
4 33 159 (-13312 14336 336.001038 ) (-13312 14336 438.468048 ) (-13356 14336 438.468048 ) (-13356 14336 336.001038 ) 
4 33 35 (-13356 14336 336.001038 ) (-13356 14336 438.468048 ) (-13356 14416 424.850830 ) (-13356 14416 176 ) 
4 34 146 (-13536 14336 520 ) (-13536 14336 470.469818 ) (-13356 14336 470.469849 ) (-13356 14336 520 ) 
4 34 140 (-13536 14336 552 ) (-13536 14336 520 ) (-13356 14336 520 ) (-13356 14336 552 ) 
4 34 135 (-13356 14336 866.139038 ) (-13536 14336 866.139038 ) (-13536 14336 552 ) (-13356 14336 552 ) 
4 34 38 (-13536 14591.799805 866.139038 ) (-13536 14591.799805 426.929382 ) (-13536 14336 470.469849 ) (-13536 14336 866.139038 ) 
4 35 160 (-13536 14336 438.467957 ) (-13536 14336 176.001587 ) (-13356 14336 176.001572 ) (-13356 14336 438.467987 ) 
4 35 158 (-13536 14336 176.001587 ) (-13536 14336 64 ) (-13356 14336 64 ) (-13356 14336 176.001572 ) 
4 35 36 (-13536 14527.701172 176.004074 ) (-13536 14527.701172 405.837952 ) (-13536 14555.799805 401.055298 ) (-13536 14556.900391 272 ) 
4 35 37 (-13536 14527.701172 64 ) (-13536 14336 64 ) (-13536 14336 438.467987 ) (-13536 14527.701172 405.837952 ) 
4 36 42 (-13600 14527.701172 384 ) (-13600 14527.701172 405.837952 ) (-13600 14555.799805 401.055267 ) (-13600 14555.945313 384 ) 
4 36 43 (-13600 14527.701172 176.004074 ) (-13600 14527.701172 384 ) (-13600 14555.945313 384 ) (-13600 14556.900391 272 ) 
4 36 37 (-13536 14527.701172 176.003418 ) (-13536 14527.701172 405.835938 ) (-13600 14527.701172 405.835938 ) (-13600 14527.701172 176.003418 ) 
4 37 160 (-13600 14336 438.467987 ) (-13600 14336 176.001587 ) (-13536 14336 176.001572 ) (-13536 14336 438.467987 ) 
4 37 158 (-13600 14336 176.001587 ) (-13600 14336 64 ) (-13536 14336 64 ) (-13536 14336 176.001572 ) 
3 37 46 (-13600 14472 64 ) (-13600 14336 64 ) (-13600 14336 336.001678 ) 
5 37 42 (-13600 14336 384 ) (-13600 14336 416 ) (-13600 14468 416 ) (-13600 14527.701172 405.837952 ) (-13600 14527.701172 384 ) 
5 37 43 (-13600 14527.701172 64 ) (-13600 14472 64 ) (-13600 14336 336.001678 ) (-13600 14336 384 ) (-13600 14527.701172 384 ) 
3 37 40 (-13600 14336 416 ) (-13600 14336 438.467987 ) (-13600 14468 416 ) 
4 38 146 (-13600 14336 520 ) (-13600 14336 470.469818 ) (-13536 14336 470.469849 ) (-13536 14336 520 ) 
4 38 140 (-13600 14336 552 ) (-13600 14336 520 ) (-13536 14336 520 ) (-13536 14336 552 ) 
4 38 135 (-13536 14336 866.139038 ) (-13600 14336 866.139038 ) (-13600 14336 552 ) (-13536 14336 552 ) 
4 38 39 (-13600 14591.799805 866.139038 ) (-13600 14591.799805 426.929352 ) (-13600 14336 470.469849 ) (-13600 14336 866.139038 ) 
3 39 156 (-13759.991211 14336 470.469849 ) (-13704 14336 470.469849 ) (-13704 14336 480 ) 
5 39 155 (-14080 14336 520 ) (-14080 14336 470.469818 ) (-13759.991211 14336 470.469849 ) (-13704 14336 480 ) (-13704 14336 520 ) 
4 39 146 (-13704 14336 470.469849 ) (-13600 14336 470.469849 ) (-13600 14336 520 ) (-13704 14336 520 ) 
4 39 145 (-13704 14336 866.139038 ) (-14080 14336 866.139038 ) (-14080 14336 520 ) (-13704 14336 520 ) 
4 39 143 (-13704 14336 552 ) (-13704 14336 520 ) (-13672 14336 520 ) (-13672 14336 552 ) 
4 39 140 (-13672 14336 520 ) (-13600 14336 520 ) (-13600 14336 552 ) (-13672 14336 552 ) 
4 39 135 (-13600 14336 866.139038 ) (-13704 14336 866.139038 ) (-13704 14336 552 ) (-13600 14336 552 ) 
4 39 50 (-14080 14336 470.469849 ) (-14080 14336 866.139038 ) (-14080 14591.799805 866.139038 ) (-14080 14591.799805 426.929382 ) 
4 39 41 (-14080 14591.799805 426.929688 ) (-13703.988281 14591.799805 426.929688 ) (-13703.987305 14336 470.470093 ) (-14080 14336 470.470093 ) 
4 40 193 (-13727.529297 14336 416 ) (-13704 14336 416 ) (-13704 14336 438.467957 ) (-13712.010742 14336 437.104553 ) 
3 40 181 (-13836 14336 416 ) (-13727.529297 14336 416 ) (-13712.010742 14336 437.104553 ) 
4 40 161 (-13704 14336 416 ) (-13689.881836 14336 416 ) (-13677.327148 14336 438.467957 ) (-13704 14336 438.467957 ) 
4 40 160 (-13689.881836 14336 416 ) (-13600 14336 416 ) (-13600 14336 438.467957 ) (-13677.327148 14336 438.467957 ) 
4 40 42 (-13600 14468 416 ) (-13600 14336 416 ) (-13836 14336 416 ) (-13704 14468 416 ) 
4 41 179 (-14080 14336 416 ) (-14023.998047 14336 416 ) (-13836 14336 448 ) (-13892.001953 14336 448 ) 
3 41 178 (-14080 14336 448 ) (-14080 14336 416 ) (-13892.001953 14336 448 ) 
4 41 156 (-13892.001953 14336 448 ) (-13836 14336 448 ) (-13703.990234 14336 470.469849 ) (-13759.991211 14336 470.469849 ) 
4 41 155 (-14080 14336 470.469818 ) (-14080 14336 448 ) (-13892.001953 14336 448 ) (-13759.991211 14336 470.469849 ) 
4 41 50 (-14080 14336 416 ) (-14080 14336 470.469849 ) (-14080 14591.799805 426.929382 ) (-14080 14591.799805 416 ) 
4 42 193 (-13704 14336 416 ) (-13727.529297 14336 416 ) (-13751.058594 14336 384 ) (-13704 14336 384 ) 
5 42 182 (-13727.529297 14336 416 ) (-13836 14336 416 ) (-14016 14336 385.361542 ) (-14016 14336 384 ) (-13751.058594 14336 384 ) 
3 42 161 (-13689.881836 14336 416 ) (-13704 14336 416 ) (-13704 14336 390.736328 ) 
5 42 160 (-13600 14336 384 ) (-13600 14336 416 ) (-13689.881836 14336 416 ) (-13704 14336 390.736328 ) (-13704 14336 384 ) 
3 42 44 (-14016 14336 384 ) (-14016 14336 385.361542 ) (-14016 14344 384 ) 
5 42 43 (-14016 14336 384 ) (-14016 14344 384 ) (-13768.198242 14591.799805 384 ) (-13600 14591.799805 384 ) (-13600 14336 384 ) 
4 43 193 (-13786.351563 14336 336.001862 ) (-13704 14336 336.001862 ) (-13704 14336 384 ) (-13751.058594 14336 384 ) 
4 43 182 (-14016 14336 336.001831 ) (-13786.351563 14336 336.001862 ) (-13751.058594 14336 384 ) (-14016 14336 384 ) 
4 43 160 (-13704 14336 336.001862 ) (-13600 14336 336.001862 ) (-13600 14336 384 ) (-13704 14336 384 ) 
4 43 49 (-13904 14336 335.997101 ) (-14016 14336 335.997101 ) (-14016 14471.998047 64 ) (-13904 14471.998047 64 ) 
4 43 48 (-13904 14416 175.996353 ) (-13904 14471.998047 64 ) (-13824 14471.998047 64 ) (-13824 14416 175.996078 ) 
4 43 47 (-13824 14336 335.997101 ) (-13904 14336 335.997101 ) (-13904 14415.998047 176 ) (-13824 14361.597656 284.800751 ) 
5 43 46 (-13600 14471.998047 64 ) (-13600 14336 335.997101 ) (-13734.589844 14336 335.997101 ) (-13824 14415.998047 176 ) (-13824 14471.998047 64 ) 
3 43 45 (-13786.355469 14336 335.997101 ) (-13824 14336 335.997101 ) (-13824 14361.597656 284.800751 ) 
3 44 184 (-14024 14336 384 ) (-14016 14336 384 ) (-14016 14336 385.361542 ) 
3 45 182 (-13786.352539 14336 336.001831 ) (-13824 14336 336.001831 ) (-13824 14336 284.800568 ) 
3 45 47 (-13824 14336 336.003906 ) (-13824 14361.602539 284.799591 ) (-13824 14336 284.799591 ) 
4 46 194 (-13704 14336 176.002441 ) (-13704 14336 336.001831 ) (-13734.586914 14336 336.001831 ) (-13824 14336 176 ) 
4 46 185 (-13824 14336 64 ) (-13704 14336 64 ) (-13704 14336 176.002441 ) (-13824 14336 176 ) 
4 46 160 (-13600 14336 176.002441 ) (-13600 14336 336.001862 ) (-13704 14336 336.001831 ) (-13704 14336 176.002426 ) 
4 46 158 (-13704 14336 64 ) (-13600 14336 64 ) (-13600 14336 176.002441 ) (-13704 14336 176.002426 ) 
4 46 48 (-13824 14416.002930 176 ) (-13824 14472.001953 64 ) (-13824 14416 64 ) (-13824 14416 176 ) 
4 47 182 (-13824 14336 284.800598 ) (-13824 14336 336.001831 ) (-13904 14336 336.001831 ) (-13904 14336 176 ) 
3 47 49 (-13904 14336 336.003906 ) (-13904 14416.001953 176 ) (-13904 14336 176 ) 
4 48 49 (-13904 14416.001953 176 ) (-13904 14472.001953 64 ) (-13904 14416 64 ) (-13904 14416 176 ) 
3 49 195 (-13986.352539 14336 64 ) (-13904 14336 64 ) (-13904 14336 176 ) 
5 49 182 (-14016 14336 64 ) (-13986.352539 14336 64 ) (-13904 14336 176 ) (-13904 14336 336.001831 ) (-14016 14336 336.001831 ) 
4 50 200 (-14133 14336 64 ) (-14080 14336 64 ) (-14080 14336 448 ) (-14133 14336 448 ) 
4 50 155 (-14080 14336 448 ) (-14080 14336 520 ) (-14133 14336 520 ) (-14133 14336 448 ) 
4 50 145 (-14080 14336 520 ) (-14080 14336 866.139038 ) (-14133 14336 866.139038 ) (-14133 14336 520 ) 
4 50 53 (-14080 14656 64 ) (-14080 14336 64 ) (-14133 14336 64 ) (-14133 14656 64 ) 
4 50 51 (-14080 14675.299805 64 ) (-14080 14656 64 ) (-14133 14656 64 ) (-14133 14675.299805 64 ) 
4 51 52 (-14080 14656 -34.138901 ) (-13312 14656 -34.138901 ) (-13312 14656 0 ) (-14080 14656 0 ) 
4 51 53 (-14133 14656 64 ) (-14133 14656 -34.138901 ) (-14080 14656 -34.138901 ) (-14080 14656 64 ) 
4 52 198 (-13312 14336 -34.138901 ) (-13312 14336 0 ) (-14080 14336 0 ) (-14080 14336 -34.138901 ) 
4 52 53 (-14080 14656 0 ) (-14080 14656 -34.138901 ) (-14080 14336 -34.138901 ) (-14080 14336 0 ) 
4 53 200 (-14080 14336 64 ) (-14133 14336 64 ) (-14133 14336 -34.138901 ) (-14080 14336 -34.138901 ) 
4 54 65 (-12920 13479.701172 520 ) (-12920 14336 520 ) (-12490 14336 520 ) (-12490 13479.701172 520 ) 
4 54 61 (-12920 13880 520 ) (-12920 13479.701172 520 ) (-12920 13479.701172 552 ) (-12920 13880 552 ) 
4 54 60 (-12920 14336 552 ) (-12920 14336 520 ) (-12920 14280 520 ) (-12920 14280 552 ) 
4 54 59 (-12920 13880 552 ) (-12920 13479.701172 552 ) (-12920 13479.701172 866.139038 ) (-12920 13880 866.139038 ) 
5 54 58 (-12920 14201 552 ) (-12920 13959 552 ) (-12920 13959 583.995056 ) (-12920 14080 633 ) (-12920 14201 583.995544 ) 
3 54 57 (-12920 14080 665 ) (-12920 14280 746 ) (-12920 14280 584 ) 
4 54 56 (-12920 13880 584 ) (-12920 13880 866.139038 ) (-12920 14280 866.139038 ) (-12920 14280 746 ) 
4 54 55 (-12920 14336 866.139038 ) (-12920 14336 552 ) (-12920 14280 552 ) (-12920 14280 866.139038 ) 
4 55 135 (-13312 14336 866.139038 ) (-13312 14336 552 ) (-13312 14280 552 ) (-13312 14280 866.139038 ) 
4 55 62 (-13312 14336 552 ) (-12952 14336 552 ) (-12952 14280 552 ) (-13312 14280 552 ) 
4 55 60 (-12952 14336 552 ) (-12920 14336 552 ) (-12920 14280 552 ) (-12952 14280 552 ) 
4 55 57 (-12920 14280 584 ) (-12920 14280 746 ) (-13312 14280 746 ) (-13312 14280 584 ) 
4 55 56 (-12920 14280 746 ) (-12920 14280 866.139038 ) (-13312 14280 866.139038 ) (-13312 14280 746 ) 
4 56 136 (-13312 13880 584 ) (-13312 13880 866.139038 ) (-13312 14280 866.139038 ) (-13312 14280 746 ) 
4 56 59 (-12920 13880 584 ) (-12920 13880 866.139038 ) (-13312 13880 866.139038 ) (-13312 13880 584 ) 
4 56 57 (-13312 14080 665 ) (-13312 14280 746 ) (-12920 14280 746 ) (-12920 14080 665 ) 
3 57 137 (-13312 14080 665 ) (-13312 14280 746 ) (-13312 14280 584 ) 
5 58 138 (-13312 14201 552 ) (-13312 13959 552 ) (-13312 13959 583.995056 ) (-13312 14080 633 ) (-13312 14201 583.995544 ) 
4 58 63 (-12952 13959 552 ) (-13312 13959 552 ) (-13312 14201 552 ) (-12952 14201 552 ) 
4 59 139 (-13312 13880 552 ) (-13312 13479.701172 552 ) (-13312 13479.701172 866.139038 ) (-13312 13880 866.139038 ) 
4 59 64 (-12952 13479.701172 552 ) (-13312 13479.701172 552 ) (-13312 13880 552 ) (-12952 13880 552 ) 
4 59 61 (-12920 13880 552 ) (-12920 13479.701172 552 ) (-12952 13479.701172 552 ) (-12952 13880 552 ) 
4 60 68 (-12952 14280 520 ) (-12952 14336 520 ) (-12920 14336 520 ) (-12920 14280 520 ) 
4 60 62 (-12952 14336 520 ) (-12952 14280 520 ) (-12952 14280 552 ) (-12952 14336 552 ) 
4 61 76 (-12952 13479.701172 520 ) (-12952 13880 520 ) (-12920 13880 520 ) (-12920 13479.701172 520 ) 
4 61 64 (-12952 13880 520 ) (-12952 13479.701172 520 ) (-12952 13479.701172 552 ) (-12952 13880 552 ) 
4 62 140 (-13312 14336 552 ) (-13312 14336 520 ) (-13312 14280 520 ) (-13312 14280 552 ) 
4 62 68 (-13312 14280 520 ) (-13312 14336 520 ) (-12952 14336 520 ) (-12952 14280 520 ) 
4 63 141 (-13312 14248 520 ) (-13312 13912 520 ) (-13312 13912 552 ) (-13312 14248 552 ) 
4 63 73 (-13312 13912 520 ) (-13312 14248 520 ) (-12952 14248 520 ) (-12952 13912 520 ) 
4 64 142 (-13312 13880 520 ) (-13312 13479.701172 520 ) (-13312 13479.701172 552 ) (-13312 13880 552 ) 
4 64 76 (-13312 13479.701172 520 ) (-13312 13880 520 ) (-12952 13880 520 ) (-12952 13479.701172 520 ) 
4 65 126 (-12544 13479.701172 448 ) (-12731.991211 13479.701172 448 ) (-12731.991211 13568 448 ) (-12544 13568 448 ) 
4 65 125 (-12490 13568 448 ) (-12490 13479.701172 448 ) (-12544 13479.701172 448 ) (-12544 13568 448 ) 
4 65 81 (-12490 14310.001953 448 ) (-12490 13568 448 ) (-12731.991211 13568 448 ) (-12731.991211 14068.009766 448 ) 
4 65 80 (-12626 14174 448 ) (-12720 14080 448 ) (-12731.991211 14091.990234 448 ) (-12731.991211 14279.990234 448 ) 
5 65 79 (-12731.991211 14336 448 ) (-12490 14336 448 ) (-12490 14310.001953 448 ) (-12626 14174 448 ) (-12731.991211 14279.990234 448 ) 
3 65 78 (-12720 14080 448 ) (-12731.991211 14068.009766 448 ) (-12731.991211 14091.990234 448 ) 
4 65 76 (-12920 13479.701172 480.001465 ) (-12920 13479.701172 520 ) (-12920 13880 520 ) (-12920 13880 480.001465 ) 
4 65 71 (-12920 14084 520 ) (-12920 14248 520 ) (-12920 14248 480.001465 ) (-12920 14084 480.001465 ) 
4 65 72 (-12920 13912 520 ) (-12920 14076 520 ) (-12920 14076 480.001465 ) (-12920 13912 480.001465 ) 
4 65 68 (-12920 14280 520 ) (-12920 14336 520 ) (-12920 14336 480.001465 ) (-12920 14280 480.001465 ) 
4 65 67 (-12731.988281 13479.701172 448 ) (-12920 13479.701172 480.002014 ) (-12920 13880.014648 480.001984 ) (-12731.988281 13880.014648 448 ) 
4 65 66 (-12920 14279.988281 480.001984 ) (-12920 14336 480.001984 ) (-12731.988281 14336 448 ) (-12731.988281 14279.988281 448 ) 
3 66 79 (-12788 14336 448 ) (-12731.991211 14336 448 ) (-12731.991211 14279.991211 448 ) 
3 66 68 (-12920 14279.991211 480.001465 ) (-12920 14336 480.001465 ) (-12920 14336 470.467987 ) 
4 67 126 (-12731.991211 13568 448 ) (-12731.991211 13479.701172 448 ) (-12920 13479.701172 448 ) (-12920 13568 448 ) 
4 67 82 (-12731.991211 13880.011719 448 ) (-12731.991211 13568 448 ) (-12920 13568 448 ) (-12920 13692.002930 448 ) 
4 67 76 (-12920 13692.002930 448 ) (-12920 13479.701172 448 ) (-12920 13479.701172 480.001465 ) (-12920 13880.011719 480.001465 ) 
4 68 146 (-13312 14336 520 ) (-13312 14336 470.469757 ) (-13312 14280 480.001648 ) (-13312 14280 520 ) 
4 68 70 (-13138 14280 520 ) (-13308 14280 520 ) (-13308 14280 480.001648 ) (-13138 14280 480.001648 ) 
4 68 69 (-12952 14280 520 ) (-13130 14280 520 ) (-13130 14280 480.001648 ) (-12952 14280 480.001648 ) 
4 69 73 (-12952 14248 520 ) (-13130 14248 520 ) (-13130 14248 480 ) (-12952 14248 480 ) 
4 70 73 (-13138 14248 520 ) (-13308 14248 520 ) (-13308 14248 480 ) (-13138 14248 480 ) 
4 71 73 (-12952 14248 520 ) (-12952 14248 480 ) (-12952 14084 480 ) (-12952 14084 520 ) 
4 72 73 (-12952 14076 480 ) (-12952 13912 480 ) (-12952 13912 520 ) (-12952 14076 520 ) 
4 73 149 (-13312 14248 448 ) (-13312 13912 448 ) (-13312 13912 520 ) (-13312 14248 520 ) 
4 73 110 (-13312 13912 448 ) (-13312 14248 448 ) (-13268 14248 448 ) (-13268 13912 448 ) 
4 73 109 (-13268 14248 448 ) (-12952 14248 448 ) (-12952 13912 448 ) (-13268 13912 448 ) 
4 73 74 (-12952 13912 480 ) (-12952 13912 520 ) (-13130 13912 520 ) (-13130 13912 480 ) 
4 73 75 (-13138 13912 520 ) (-13308 13912 520 ) (-13308 13912 480 ) (-13138 13912 480 ) 
4 74 76 (-12952 13880 520 ) (-13130 13880 520 ) (-13130 13880 480 ) (-12952 13880 480 ) 
4 75 76 (-13138 13880 520 ) (-13308 13880 520 ) (-13308 13880 480 ) (-13138 13880 480 ) 
5 76 154 (-13312 13692 448 ) (-13312 13479.701172 448 ) (-13312 13479.701172 520 ) (-13312 13880 520 ) (-13312 13880 480 ) 
4 76 126 (-13312 13479.701172 448 ) (-13312 13568 448 ) (-12920 13568 448 ) (-12920 13479.701172 448 ) 
4 76 117 (-13312 13568 448 ) (-13312 13692 448 ) (-13088 13692 448 ) (-13088 13568 448 ) 
4 76 114 (-13088 13692 448 ) (-13024 13692 448 ) (-13024 13568 448 ) (-13088 13568 448 ) 
4 76 112 (-13024 13692 448 ) (-12952 13692 448 ) (-12952 13568 448 ) (-13024 13568 448 ) 
4 76 105 (-12952 13692 448 ) (-12920 13692 448 ) (-12920 13568 448 ) (-12952 13568 448 ) 
5 77 99 (-12920 14280.001953 447.997620 ) (-12920 14280.012695 447.997620 ) (-12911.990234 14336 437.104614 ) (-12896.472656 14336 416 ) (-12896.472656 14296 416 ) 
4 77 98 (-12920 13879.987305 447.997650 ) (-12920 13879.998047 447.997650 ) (-12896.472656 13864 416 ) (-12896.472656 13715.529297 416 ) 
4 77 97 (-12920 13911.998047 447.997650 ) (-12920 14248 447.997620 ) (-12896.472656 14258.352539 416 ) (-12896.472656 13901.646484 416 ) 
5 77 86 (-12896.470703 13715.530273 416 ) (-12896.470703 14336 416 ) (-12788 14336 416 ) (-12732 14280 416 ) (-12732 13880 416 ) 
3 78 89 (-12532.001953 14080 416 ) (-12543.991211 14068.011719 416 ) (-12543.991211 14091.990234 416 ) 
4 78 81 (-12543.991211 14068.016602 416 ) (-12532.004883 14080.002930 416 ) (-12720.004883 14080.003906 448 ) (-12731.990234 14068.018555 448 ) 
4 78 80 (-12731.990234 14091.994141 448 ) (-12720 14080.002930 448 ) (-12532 14080.002930 416 ) (-12543.990234 14091.993164 416 ) 
4 79 89 (-12544 14336 416 ) (-12490 14336 416 ) (-12490 14226 416 ) (-12544 14280 416 ) 
3 79 81 (-12490 14174.002930 424.850281 ) (-12490 14310.007813 448 ) (-12626.004883 14174.003906 448 ) 
5 79 80 (-12490 14173.998047 424.851715 ) (-12625.996094 14173.998047 448 ) (-12731.991211 14279.994141 448 ) (-12543.991211 14279.993164 416 ) (-12490 14226.001953 416 ) 
5 80 89 (-12543.991211 14279.990234 416 ) (-12490 14226 416 ) (-12490 14122.002930 416 ) (-12532.001953 14080 416 ) (-12543.991211 14091.990234 416 ) 
5 80 81 (-12532.004883 14080.002930 416 ) (-12490 14122.007813 416 ) (-12490 14174.002930 424.850281 ) (-12626.004883 14174.003906 448 ) (-12720.004883 14080.003906 448 ) 
3 81 127 (-12607.993164 13568 426.893982 ) (-12544 13568 416.001648 ) (-12544 13568 426.893982 ) 
4 81 126 (-12544 13568 448 ) (-12731.991211 13568 448 ) (-12607.993164 13568 426.893982 ) (-12544 13568 426.893982 ) 
5 81 125 (-12490 13568 416 ) (-12490 13568 448 ) (-12544 13568 448 ) (-12544 13568 416.001648 ) (-12543.990234 13568 416 ) 
4 81 89 (-12543.990234 13880.011719 416 ) (-12543.990234 14068.011719 416 ) (-12490 14122.002930 416 ) (-12490 13934.002930 416 ) 
4 81 88 (-12490 13568 416 ) (-12543.990234 13568 416 ) (-12543.990234 13880.011719 416 ) (-12490 13934.002930 416 ) 
4 81 82 (-12543.992188 13880.007813 416 ) (-12543.992188 13568 416 ) (-12731.992188 13568 448 ) (-12731.992188 13880.007813 448 ) 
5 82 127 (-12904.481445 13568 426.893982 ) (-12902.260742 13568 423.873993 ) (-12856 13568 416 ) (-12543.990234 13568 416 ) (-12607.992188 13568 426.893982 ) 
4 82 126 (-12731.991211 13568 448 ) (-12920 13568 448 ) (-12904.481445 13568 426.893982 ) (-12607.992188 13568 426.893982 ) 
3 82 95 (-12902.262695 13568 423.874115 ) (-12920 13568 447.997650 ) (-12920 13691.987305 447.997650 ) 
5 83 86 (-12608 13816.001953 384 ) (-12608 13880.002930 394.893707 ) (-12608 14279.998047 394.893677 ) (-12608 14336 385.361481 ) (-12608 14336 384 ) 
4 84 132 (-12544 14336 64 ) (-12490 14336 64 ) (-12490 13568 64 ) (-12544 13568 64 ) 
4 84 125 (-12544 13568 64 ) (-12490 13568 64 ) (-12490 13568 321.701721 ) (-12544 13568 330.893127 ) 
4 84 90 (-12490 13880.003906 374.808685 ) (-12490 14336 374.808685 ) (-12544 14336 384 ) (-12544 13880.003906 384 ) 
4 84 85 (-12490 13880.003906 374.808594 ) (-12544 13880.003906 384 ) (-12544 13568 330.892883 ) (-12490 13568 321.701385 ) 
4 85 125 (-12490 13568 321.701721 ) (-12490 13568 374.808411 ) (-12544 13568 384 ) (-12544 13568 330.893127 ) 
4 85 90 (-12544 13568 384 ) (-12490 13568 374.808685 ) (-12490 13880.003906 374.808685 ) (-12544 13880.003906 384 ) 
3 86 99 (-12896.472656 14296 416 ) (-12896.472656 14336 416 ) (-12837.650391 14336 336.001953 ) 
5 86 98 (-12800 13568 284.796356 ) (-12875.367188 13568 387.296143 ) (-12896.472656 13715.529297 416 ) (-12896.472656 13864 416 ) (-12800 13798.397461 284.796448 ) 
4 86 97 (-12896.472656 13901.646484 416 ) (-12896.472656 14258.352539 416 ) (-12800 14300.800781 284.796631 ) (-12800 13859.198242 284.796478 ) 
4 86 93 (-12637.650391 13824 64 ) (-12637.650391 13688 64 ) (-12720 13743.998047 175.995972 ) (-12720 13824 175.995972 ) 
4 86 92 (-12637.650391 13688 64 ) (-12637.650391 13568 64 ) (-12800 13568 284.796356 ) (-12800 13798.397461 284.796448 ) 
6 86 91 (-12637.650391 14336 64 ) (-12637.650391 13824 64 ) (-12720.003906 13824 176.001923 ) (-12800 13859.198242 284.796448 ) (-12800 14300.800781 284.796631 ) (-12720.003906 14336 176.001450 ) 
3 86 87 (-12608 13568 341.787781 ) (-12608 13815.997070 384 ) (-12855.997070 13568 384 ) 
4 88 125 (-12490 13568 384 ) (-12490 13568 416 ) (-12544 13568 416 ) (-12544 13568 384 ) 
4 88 89 (-12490 13746 384 ) (-12544 13692 384 ) (-12544 13880 416 ) (-12490 13934 416 ) 
4 88 90 (-12490 13568 384 ) (-12544 13568 384 ) (-12544 13692.001953 384 ) (-12490 13746.002930 384 ) 
4 89 90 (-12544 13692.001953 384 ) (-12544 14336 384 ) (-12490 14336 384 ) (-12490 13746.002930 384 ) 
3 90 125 (-12490 13568 374.808411 ) (-12490 13568 384 ) (-12544 13568 384 ) 
5 91 97 (-12800 14300.802734 284.796875 ) (-12800 14336 176.005768 ) (-12800 14336 176 ) (-12800 13824 176.002151 ) (-12800 13859.198242 284.796906 ) 
4 91 96 (-12800 14336 176 ) (-12800 14336 64 ) (-12800 13824 64 ) (-12800 13824 176.002151 ) 
3 91 93 (-12720 13824 64 ) (-12637.645508 13824 64 ) (-12720 13824 176 ) 
4 92 98 (-12800 13568 176 ) (-12800 13568 284.796936 ) (-12800 13798.397461 284.796906 ) (-12800 13744 176 ) 
4 92 96 (-12800 13688 64 ) (-12800 13568 64 ) (-12800 13568 176 ) (-12800 13744 176 ) 
5 92 94 (-12800 13687.998047 64 ) (-12800 13744 176.003906 ) (-12720.002930 13744 176.004700 ) (-12720 13743.998047 176 ) (-12720 13687.998047 64 ) 
3 92 93 (-12720 13743.998047 176 ) (-12637.646484 13687.998047 64 ) (-12720 13687.998047 64 ) 
3 93 94 (-12720 13687.996094 64 ) (-12720 13744 176.007813 ) (-12720 13744 64 ) 
3 94 96 (-12800 13744 64 ) (-12800 13688 64 ) (-12800 13744 176.001007 ) 
3 95 127 (-12902.259766 13568 423.873779 ) (-12904.480469 13568 426.893921 ) (-12920 13568 426.893341 ) 
3 95 126 (-12904.480469 13568 426.893921 ) (-12920 13568 448 ) (-12920 13568 426.893341 ) 
3 95 105 (-12920 13568 426.893341 ) (-12920 13568 448 ) (-12920 13692.001953 448 ) 
4 96 108 (-12920 13787.763672 64 ) (-12920 13688 64 ) (-12920 13851.367188 390.735657 ) (-12920 13893.472656 390.735687 ) 
4 96 107 (-12920 13912 64 ) (-12920 13787.763672 64 ) (-12920 13893.472656 390.735687 ) (-12920 13912 390.735718 ) 
4 96 106 (-12920 13688 64 ) (-12920 13568 64 ) (-12920 13568 390.735352 ) (-12920 13851.367188 390.735657 ) 
4 96 104 (-12920 14248 64 ) (-12920 13912 64 ) (-12920 13912 390.735718 ) (-12920 14248 390.736084 ) 
5 96 101 (-12920 14336 64 ) (-12920 14248 64 ) (-12920 14248 390.736084 ) (-12920 14266.526367 390.736115 ) (-12920 14336 176.002106 ) 
3 96 100 (-12800 14336 176 ) (-12920 14336 176.002258 ) (-12920 14266.526367 390.736145 ) 
4 96 98 (-12800 13568 176.001999 ) (-12800 13744 176.002014 ) (-12920 13851.369141 390.738922 ) (-12920 13568 390.738922 ) 
4 96 97 (-12800 13824 176.002014 ) (-12800 14336 176.002029 ) (-12920 14266.526367 390.738953 ) (-12920 13893.473633 390.738922 ) 
3 97 107 (-12920 13912 448 ) (-12920 13912 390.735748 ) (-12920 13893.472656 390.735718 ) 
4 97 104 (-12920 14248 440 ) (-12920 14248 390.736084 ) (-12920 13912 390.735748 ) (-12920 13912 440 ) 
3 97 101 (-12920 14248 448 ) (-12920 14266.526367 390.736115 ) (-12920 14248 390.736084 ) 
4 98 106 (-12920 13568 390.735352 ) (-12920 13568 394.893311 ) (-12920 13880 448 ) (-12920 13851.367188 390.735657 ) 
4 99 103 (-12920 14280 448 ) (-12920 14336 438.467957 ) (-12920 14336 390.736206 ) (-12920 14308.632813 390.735687 ) 
3 99 102 (-12920 14336 390.736206 ) (-12920 14336 336.001770 ) (-12920 14308.632813 390.735687 ) 
3 99 100 (-12920 14308.633789 390.735748 ) (-12920 14336 336.003906 ) (-12889.415039 14336 336.003906 ) 
4 100 102 (-12920 14308.632813 390.735687 ) (-12920 14336 336.001770 ) (-12920 14336 176.002106 ) (-12920 14266.526367 390.736145 ) 
4 101 109 (-12952 14336 64 ) (-12952 14248 64 ) (-12952 14248 448 ) (-12952 14336 176.002106 ) 
4 101 104 (-12952 14248 440 ) (-12952 14248 64 ) (-12920 14248 64 ) (-12920 14248 440 ) 
4 101 102 (-12952 14336 175.997299 ) (-12952 14248 447.997650 ) (-12920 14266.526367 390.735687 ) (-12920 14336 175.997314 ) 
4 102 109 (-12952 14248 448 ) (-12952 14280 448 ) (-12952 14336 438.467865 ) (-12952 14336 176.002106 ) 
4 102 103 (-12920 14308.630859 390.740326 ) (-12920 14336 390.740326 ) (-12946.670898 14336 438.467865 ) (-12951.998047 14280 448 ) 
4 104 109 (-12952 14248 64 ) (-12952 13912 64 ) (-12952 13912 440 ) (-12952 14248 440 ) 
4 104 107 (-12952 13912 440 ) (-12952 13912 64 ) (-12920 13912 64 ) (-12920 13912 440 ) 
4 105 126 (-12920 13568 426.893982 ) (-12920 13568 448 ) (-12952 13568 448 ) (-12952 13568 426.893982 ) 
3 105 112 (-12952 13568 426.893982 ) (-12952 13568 448 ) (-12952 13691.998047 448 ) 
4 106 113 (-12952 13688 64 ) (-12952 13568 64 ) (-12952 13568 394.893738 ) (-12952 13880 448 ) 
4 106 108 (-12952 13687.998047 64 ) (-12952 13879.997070 448 ) (-12920 13851.365234 390.736023 ) (-12920 13687.997070 64 ) 
3 107 123 (-12952 13824 64 ) (-12952 13787.763672 64 ) (-12952 13824 176.002258 ) 
4 107 121 (-12952 13880 64 ) (-12952 13824 64 ) (-12952 13824 176.002258 ) (-12952 13880 349.091736 ) 
5 107 119 (-12952 13912 64 ) (-12952 13880 64 ) (-12952 13880 349.091736 ) (-12952 13909.412109 440 ) (-12952 13912 440 ) 
4 107 108 (-12920 13787.762695 64 ) (-12920 13893.471680 390.736023 ) (-12952 13911.998047 448 ) (-12952 13787.762695 64 ) 
5 108 123 (-12952 13787.763672 64 ) (-12952 13744 64 ) (-12952 13744 176 ) (-12952 13824 336 ) (-12952 13824 176.002258 ) 
4 108 121 (-12952 13824 336 ) (-12952 13880 448 ) (-12952 13880 349.091736 ) (-12952 13824 176.002258 ) 
3 108 119 (-12952 13909.412109 440 ) (-12952 13880 349.091736 ) (-12952 13880 440 ) 
3 108 124 (-12952 13744 64 ) (-12952 13688 64 ) (-12952 13744 176 ) 
4 109 119 (-13268 13912 64 ) (-12952 13912 64 ) (-12952 13912 440 ) (-13268 13912 440 ) 
3 109 111 (-13268 14280 448 ) (-13268 14336 438.467865 ) (-13268 14336 336.002136 ) 
5 109 110 (-13268 14336 64 ) (-13268 13912 64 ) (-13268 13912 448 ) (-13268 14248 448 ) (-13268 14336 176.001556 ) 
4 110 162 (-13312 14248 64 ) (-13312 13912 64 ) (-13312 13912 448 ) (-13312 14248 448 ) 
4 110 158 (-13312 14336 176.002106 ) (-13312 14336 64 ) (-13312 14248 64 ) (-13312 14248 448 ) 
4 110 120 (-13312 13912 64 ) (-13268 13912 64 ) (-13268 13912 440 ) (-13312 13912 440 ) 
3 111 159 (-13312 14336 438.467896 ) (-13312 14336 336.001770 ) (-13312 14280 448 ) 
4 112 126 (-12952 13568 426.893982 ) (-12952 13568 448 ) (-13024 13568 448 ) (-13024 13568 426.893982 ) 
3 112 114 (-13024 13568 426.893982 ) (-13024 13568 448 ) (-13024 13691.998047 448 ) 
4 113 123 (-12952 13824 336.005859 ) (-12952 13744 176.005859 ) (-13024 13744 176.005859 ) (-13024 13824 336.005859 ) 
4 113 121 (-13024 13879.997070 448 ) (-12952 13879.997070 448 ) (-12952 13824 336.005859 ) (-13024 13824 336.005859 ) 
4 113 124 (-12952 13744 176.005859 ) (-12952 13687.997070 64 ) (-13024 13687.997070 64 ) (-13024 13744 176.005859 ) 
4 113 116 (-13024 13602.900391 272.002014 ) (-13024 13604 401.021332 ) (-13024 13632 405.787476 ) (-13024 13632 176.001312 ) 
4 113 115 (-13024 13879.996094 448 ) (-13024 13687.996094 64 ) (-13024 13632 64 ) (-13024 13632 405.787476 ) 
4 114 126 (-13024 13568 426.893982 ) (-13024 13568 448 ) (-13088 13568 448 ) (-13088 13568 426.893982 ) 
3 114 117 (-13088 13568 426.893982 ) (-13088 13568 448 ) (-13088 13691.998047 448 ) 
4 115 123 (-13024 13824 336.005859 ) (-13024 13744 176.005859 ) (-13088 13744 176.005859 ) (-13088 13824 336.005859 ) 
4 115 121 (-13088 13879.997070 448 ) (-13024 13879.997070 448 ) (-13024 13824 336.005859 ) (-13088 13824 336.005859 ) 
4 115 124 (-13024 13744 176.005859 ) (-13024 13687.997070 64 ) (-13088 13687.997070 64 ) (-13088 13744 176.005859 ) 
4 115 118 (-13088 13879.996094 448 ) (-13088 13687.996094 64 ) (-13088 13632 64 ) (-13088 13632 405.787476 ) 
4 115 116 (-13024 13632 176.001907 ) (-13024 13632 405.785919 ) (-13088 13632 405.785919 ) (-13088 13632 176.001907 ) 
4 116 118 (-13088 13602.900391 272.002014 ) (-13088 13604 401.021332 ) (-13088 13632 405.787476 ) (-13088 13632 176.001312 ) 
3 117 164 (-13312 13568 426.893982 ) (-13312 13568 448 ) (-13312 13691.998047 448 ) 
4 117 126 (-13088 13568 426.893982 ) (-13088 13568 448 ) (-13312 13568 448 ) (-13312 13568 426.893982 ) 
4 118 165 (-13312 13688 64 ) (-13312 13568 64 ) (-13312 13568 394.893738 ) (-13312 13880 448 ) 
4 118 123 (-13088 13824 336.005859 ) (-13088 13744 176.005859 ) (-13268 13744 176.005859 ) (-13268 13824 336.005859 ) 
4 118 121 (-13268 13879.997070 448 ) (-13088 13879.997070 448 ) (-13088 13824 336.005859 ) (-13268 13824 336.005859 ) 
4 118 124 (-13088 13744 176.005859 ) (-13088 13687.997070 64 ) (-13312 13687.997070 64 ) (-13312 13744 176.005859 ) 
4 119 121 (-13268 13880 64 ) (-12952 13880 64 ) (-12952 13880 440 ) (-13268 13880 440 ) 
5 119 120 (-13268 13880 64 ) (-13268 13880 349.094788 ) (-13268 13909.411133 440 ) (-13268 13912 440 ) (-13268 13912 64 ) 
5 120 169 (-13312 13912 64 ) (-13312 13880 64 ) (-13312 13880 349.094788 ) (-13312 13909.411133 440 ) (-13312 13912 440 ) 
4 120 122 (-13312 13880 64 ) (-13268 13880 64 ) (-13268 13880 349.094788 ) (-13312 13880 349.094788 ) 
4 121 123 (-13268 13824 64 ) (-12952 13824 64 ) (-12952 13824 336.005463 ) (-13268 13824 336.005463 ) 
4 121 122 (-13268 13880 349.093994 ) (-13268 13880 64 ) (-13268 13824 64 ) (-13268 13824 176.002289 ) 
4 122 171 (-13312 13880 64 ) (-13312 13824 64 ) (-13312 13824 176.001678 ) (-13312 13880 349.093994 ) 
4 123 124 (-13268 13744 64 ) (-12952 13744 64 ) (-12952 13744 176.002335 ) (-13268 13744 176.002350 ) 
3 124 176 (-13312 13744 64 ) (-13312 13688 64 ) (-13312 13744 176 ) 
4 125 134 (-12544 13479.701172 64 ) (-12544 13504 64 ) (-12490 13504 64 ) (-12490 13479.701172 64 ) 
4 125 132 (-12544 13504 64 ) (-12544 13568 64 ) (-12490 13568 64 ) (-12490 13504 64 ) 
4 125 131 (-12544 13504 320 ) (-12544 13479.701172 315.863708 ) (-12544 13479.701172 379.864227 ) (-12544 13504 384 ) 
4 125 130 (-12544 13504 64 ) (-12544 13479.701172 64 ) (-12544 13479.701172 315.863708 ) (-12544 13504 320 ) 
3 125 127 (-12544 13568 426.893982 ) (-12544 13568 416 ) (-12544 13504 416 ) 
4 125 128 (-12544 13504 384 ) (-12544 13479.701172 384 ) (-12544 13479.701172 411.864197 ) (-12544 13504 416 ) 
4 125 126 (-12544 13568 448 ) (-12544 13568 426.893982 ) (-12544 13479.701172 411.864197 ) (-12544 13479.701172 448 ) 
3 125 129 (-12544 13504 384 ) (-12544 13479.701172 379.864227 ) (-12544 13479.701172 384 ) 
4 126 197 (-13312 13479.701172 411.864197 ) (-13312 13479.701172 448 ) (-13312 13504 448 ) (-13312 13504 416 ) 
4 126 177 (-13312 13504 448 ) (-13312 13568 448 ) (-13312 13568 426.893982 ) (-13312 13504 416 ) 
4 126 127 (-12920 13568 426.893555 ) (-12544 13568 426.893555 ) (-12544 13504 416 ) (-12920 13504 416 ) 
4 126 128 (-12544 13479.701172 411.863739 ) (-13312 13479.701172 411.863739 ) (-13312 13504 416 ) (-12544 13504 416 ) 
4 128 197 (-13312 13479.701172 384 ) (-13312 13479.701172 411.864197 ) (-13312 13504 416 ) (-13312 13504 384 ) 
4 128 129 (-12544 13479.701172 384 ) (-13312 13479.701172 384 ) (-13312 13504.005859 384 ) (-12544 13504.005859 384 ) 
3 129 197 (-13312 13479.701172 379.864227 ) (-13312 13479.701172 384 ) (-13312 13504 384 ) 
4 129 131 (-12544 13479.701172 379.863678 ) (-12920 13479.701172 379.863678 ) (-12920 13504.002930 384 ) (-12544 13504.002930 384 ) 
4 129 130 (-12920 13479.701172 379.863678 ) (-13312 13479.701172 379.863678 ) (-13312 13504.002930 384 ) (-12920 13504.002930 384 ) 
4 130 197 (-13312 13504 64 ) (-13312 13479.701172 64 ) (-13312 13479.701172 379.864227 ) (-13312 13504 384 ) 
4 130 134 (-13312 13479.701172 64 ) (-13312 13504 64 ) (-12544 13504 64 ) (-12544 13479.701172 64 ) 
4 130 131 (-12920.005859 13504 384 ) (-12920.005859 13479.701172 379.864258 ) (-12544 13479.701172 315.863251 ) (-12544 13504 320 ) 
4 132 134 (-12544 13504 -34.138901 ) (-12490 13504 -34.138901 ) (-12490 13504 64 ) (-12544 13504 64 ) 
4 132 133 (-12544 14336 -34.138901 ) (-12544 13504 -34.138901 ) (-12544 13504 0 ) (-12544 14336 0 ) 
4 133 198 (-13312 14336 0 ) (-13312 14336 -34.138901 ) (-13312 13504 -34.138901 ) (-13312 13504 0 ) 
4 133 134 (-13312 13504 -34.138901 ) (-12544 13504 -34.138901 ) (-12544 13504 0 ) (-13312 13504 0 ) 
4 134 199 (-13312 13504 -34.138901 ) (-13312 13479.701172 -34.138901 ) (-13312 13479.701172 64 ) (-13312 13504 64 ) 
4 135 145 (-13704 14336 866.139038 ) (-13704 14336 552 ) (-13704 14280 552 ) (-13704 14280 866.139038 ) 
4 135 143 (-13704 14280 552 ) (-13704 14336 552 ) (-13672 14336 552 ) (-13672 14280 552 ) 
4 135 140 (-13672 14336 552 ) (-13312 14336 552 ) (-13312 14280 552 ) (-13672 14280 552 ) 
4 135 137 (-13312 14280 584 ) (-13312 14280 746 ) (-13704 14280 746 ) (-13704 14280 584 ) 
4 135 136 (-13312 14280 746 ) (-13312 14280 866.139038 ) (-13704 14280 866.139038 ) (-13704 14280 746 ) 
4 136 145 (-13704 13880 584 ) (-13704 13880 866.139038 ) (-13704 14280 866.139038 ) (-13704 14280 746 ) 
4 136 139 (-13312 13880 584 ) (-13312 13880 866.139038 ) (-13704 13880 866.139038 ) (-13704 13880 584 ) 
4 136 137 (-13704 14080 665 ) (-13704 14280 746 ) (-13312 14280 746 ) (-13312 14080 665 ) 
3 137 145 (-13704 14080 665 ) (-13704 14280 746 ) (-13704 14280 584 ) 
5 138 145 (-13704 14201 552 ) (-13704 13959 552 ) (-13704 13959 583.995056 ) (-13704 14080 633 ) (-13704 14201 583.995544 ) 
4 138 141 (-13672 14201 552 ) (-13312 14201 552 ) (-13312 13959 552 ) (-13672 13959 552 ) 
4 139 145 (-13704 13880 552 ) (-13704 13479.701172 552 ) (-13704 13479.701172 866.139038 ) (-13704 13880 866.139038 ) 
4 139 144 (-13704 13479.701172 552 ) (-13704 13880 552 ) (-13672 13880 552 ) (-13672 13479.701172 552 ) 
4 139 142 (-13672 13880 552 ) (-13312 13880 552 ) (-13312 13479.701172 552 ) (-13672 13479.701172 552 ) 
4 140 146 (-13672 14280 520 ) (-13672 14336 520 ) (-13312 14336 520 ) (-13312 14280 520 ) 
4 140 143 (-13672 14336 520 ) (-13672 14280 520 ) (-13672 14280 552 ) (-13672 14336 552 ) 
4 141 149 (-13672 13912 520 ) (-13672 14248 520 ) (-13312 14248 520 ) (-13312 13912 520 ) 
4 142 154 (-13672 13479.701172 520 ) (-13672 13880 520 ) (-13312 13880 520 ) (-13312 13479.701172 520 ) 
4 142 144 (-13672 13880 520 ) (-13672 13479.701172 520 ) (-13672 13479.701172 552 ) (-13672 13880 552 ) 
4 143 146 (-13704 14280 520 ) (-13704 14336 520 ) (-13672 14336 520 ) (-13672 14280 520 ) 
4 143 145 (-13704 14336 552 ) (-13704 14336 520 ) (-13704 14280 520 ) (-13704 14280 552 ) 
4 144 154 (-13704 13479.701172 520 ) (-13704 13880 520 ) (-13672 13880 520 ) (-13672 13479.701172 520 ) 
4 144 145 (-13704 13880 520 ) (-13704 13479.701172 520 ) (-13704 13479.701172 552 ) (-13704 13880 552 ) 
4 145 155 (-14133 13479.701172 520 ) (-14133 14336 520 ) (-13704 14336 520 ) (-13704 13479.701172 520 ) 
3 146 156 (-13704 14336 480 ) (-13704 14336 470.469757 ) (-13704 14280.008789 480 ) 
5 146 155 (-13704 14280 480.001648 ) (-13704 14280 520 ) (-13704 14336 520 ) (-13704 14336 480 ) (-13704 14280.008789 480 ) 
4 146 148 (-13672 14280 480.001648 ) (-13494 14280 480.001648 ) (-13494 14280 520 ) (-13672 14280 520 ) 
4 146 147 (-13486 14280 480.001648 ) (-13316 14280 480.001648 ) (-13316 14280 520 ) (-13486 14280 520 ) 
4 147 149 (-13486 14248 480 ) (-13316 14248 480 ) (-13316 14248 520 ) (-13486 14248 520 ) 
4 148 149 (-13672 14248 480 ) (-13494 14248 480 ) (-13494 14248 520 ) (-13672 14248 520 ) 
4 149 162 (-13312 14248 448 ) (-13312 13912 448 ) (-13672 13912 448 ) (-13672 14248 448 ) 
4 149 152 (-13316 13912 520 ) (-13486 13912 520 ) (-13486 13912 480 ) (-13316 13912 480 ) 
4 149 153 (-13494 13912 520 ) (-13672 13912 520 ) (-13672 13912 480 ) (-13494 13912 480 ) 
4 149 150 (-13672 14248 520 ) (-13672 14248 480 ) (-13672 14084 480 ) (-13672 14084 520 ) 
4 149 151 (-13672 14076 480 ) (-13672 13912 480 ) (-13672 13912 520 ) (-13672 14076 520 ) 
4 150 155 (-13704 14084 520 ) (-13704 14248 520 ) (-13704 14248 480 ) (-13704 14084 480 ) 
4 151 155 (-13704 13912 480 ) (-13704 13912 520 ) (-13704 14076 520 ) (-13704 14076 480 ) 
4 152 154 (-13486 13880 480 ) (-13316 13880 480 ) (-13316 13880 520 ) (-13486 13880 520 ) 
4 153 154 (-13672 13880 480 ) (-13494 13880 480 ) (-13494 13880 520 ) (-13672 13880 520 ) 
4 154 197 (-13312 13504 448 ) (-13312 13479.701172 448 ) (-13704 13479.701172 448 ) (-13704 13504 448 ) 
4 154 177 (-13312 13568 448 ) (-13312 13504 448 ) (-13704 13504 448 ) (-13704 13568 448 ) 
4 154 164 (-13312 13692 448 ) (-13312 13568 448 ) (-13704 13568 448 ) (-13704 13692 448 ) 
4 154 157 (-13704 13692 448 ) (-13704 13479.701172 448 ) (-13704 13479.701172 480 ) (-13704 13880 480 ) 
4 154 155 (-13704 13479.701172 480 ) (-13704 13479.701172 520 ) (-13704 13880 520 ) (-13704 13880 480 ) 
4 155 200 (-14133 14336 448 ) (-14080 14336 448 ) (-14080 13479.701172 448 ) (-14133 13479.701172 448 ) 
4 155 197 (-13892 13504 448 ) (-13892 13479.701172 448 ) (-14080 13479.701172 448 ) (-14080 13504 448 ) 
4 155 196 (-13892 13568 448 ) (-13892 13504 448 ) (-14080 13504 448 ) (-14080 13568 448 ) 
4 155 178 (-14080 14336 448 ) (-13892 14336 448 ) (-13892 13568 448 ) (-14080 13568 448 ) 
4 155 157 (-13704 13479.701172 480.001953 ) (-13892.010742 13479.701172 448 ) (-13892.010742 13880.012695 448 ) (-13704 13880.013672 480.001923 ) 
4 155 156 (-13892.010742 14279.986328 448 ) (-13892.010742 14336 448 ) (-13704 14336 480.001923 ) (-13704 14279.986328 480.001923 ) 
3 156 179 (-13892 14336 448 ) (-13835.998047 14336 448 ) (-13892 14279.998047 448 ) 
4 157 197 (-13704 13504 448 ) (-13704 13479.701172 448 ) (-13892 13479.701172 448 ) (-13892 13504 448 ) 
4 157 196 (-13704 13568 448 ) (-13704 13504 448 ) (-13892 13504 448 ) (-13892 13568 448 ) 
4 157 180 (-13704 13692.001953 448 ) (-13704 13568 448 ) (-13892 13568 448 ) (-13892 13880.001953 448 ) 
3 158 187 (-13704 14248 390.736023 ) (-13704 14248 448 ) (-13704 14266.526367 390.736115 ) 
5 158 185 (-13704 14336 64 ) (-13704 14248 64 ) (-13704 14248 390.736023 ) (-13704 14266.526367 390.736115 ) (-13704 14336 176.002106 ) 
4 158 163 (-13704 14248 440 ) (-13704 14248 64 ) (-13672 14248 64 ) (-13672 14248 440 ) 
4 158 162 (-13672 14248 64 ) (-13312 14248 64 ) (-13312 14248 448 ) (-13672 14248 448 ) 
5 158 160 (-13356 14336 175.997314 ) (-13704 14336 175.997299 ) (-13704 14266.526367 390.735718 ) (-13672 14248 447.997650 ) (-13356 14248 447.997650 ) 
3 159 160 (-13356 14280 448 ) (-13356 14336 438.467896 ) (-13356 14336 336.001984 ) 
4 160 194 (-13704 14336 336.002258 ) (-13704 14336 176.002106 ) (-13704 14266.526367 390.736145 ) (-13704 14308.632813 390.736115 ) 
3 160 193 (-13704 14336 390.736115 ) (-13704 14336 336.002258 ) (-13704 14308.632813 390.736115 ) 
4 160 161 (-13704 14336 390.734375 ) (-13704 14308.632813 390.734375 ) (-13672 14280 448 ) (-13677.326172 14336 438.467865 ) 
4 161 193 (-13704 14280 448 ) (-13704 14336 438.467896 ) (-13704 14336 390.736115 ) (-13704 14308.632813 390.736115 ) 
4 162 170 (-13672 13912 64 ) (-13356 13912 64 ) (-13356 13912 440 ) (-13672 13912 440 ) 
4 162 169 (-13356 13912 64 ) (-13312 13912 64 ) (-13312 13912 440 ) (-13356 13912 440 ) 
4 162 163 (-13672 14248 440 ) (-13672 14248 64 ) (-13672 13912 64 ) (-13672 13912 440 ) 
4 163 187 (-13704 13912 390.735626 ) (-13704 13912 440 ) (-13704 14248 440 ) (-13704 14248 390.735626 ) 
4 163 185 (-13704 14248 64 ) (-13704 13912 64 ) (-13704 13912 390.735626 ) (-13704 14248 390.735626 ) 
3 163 174 (-13704 13912 440 ) (-13704 13912 390.735626 ) (-13676.470703 13912 440 ) 
5 163 173 (-13704 13912 390.735626 ) (-13704 13912 64 ) (-13672 13912 64 ) (-13672 13912 440 ) (-13676.470703 13912 440 ) 
3 164 186 (-13704 13568 426.893982 ) (-13704 13568 448 ) (-13704 13691.998047 448 ) 
4 164 177 (-13704 13568 448 ) (-13704 13568 426.893982 ) (-13312 13568 426.893982 ) (-13312 13568 448 ) 
4 165 175 (-13536 13744 176.005859 ) (-13536 13824 336.005859 ) (-13356 13824 336.005859 ) (-13356 13744 176.005859 ) 
4 165 172 (-13536 13824 336.005859 ) (-13536 13879.997070 448 ) (-13356 13879.997070 448 ) (-13356 13824 336.005859 ) 
4 165 176 (-13312 13687.997070 64 ) (-13536 13687.997070 64 ) (-13536 13744 176.005859 ) (-13312 13744 176.005859 ) 
4 165 167 (-13536 13603.992188 401.020782 ) (-13536 13632 405.788147 ) (-13536 13632 176.001541 ) (-13536 13602.900391 272.002411 ) 
4 165 166 (-13536 13632 405.788147 ) (-13536 13880 448 ) (-13536 13688 64 ) (-13536 13632 64 ) 
4 166 175 (-13600 13744 176.005859 ) (-13600 13824 336.005859 ) (-13536 13824 336.005859 ) (-13536 13744 176.005859 ) 
4 166 172 (-13600 13824 336.005859 ) (-13600 13879.997070 448 ) (-13536 13879.997070 448 ) (-13536 13824 336.005859 ) 
4 166 176 (-13536 13687.997070 64 ) (-13600 13687.997070 64 ) (-13600 13744 176.005859 ) (-13536 13744 176.005859 ) 
4 166 167 (-13600 13632 405.789063 ) (-13600 13632 176.001831 ) (-13536 13632 176.001480 ) (-13536 13632 405.781250 ) 
4 166 168 (-13600 13632 405.788147 ) (-13600 13880 448 ) (-13600 13688 64 ) (-13600 13632 64 ) 
4 167 168 (-13600 13603.992188 401.020782 ) (-13600 13632 405.788147 ) (-13600 13632 176.001541 ) (-13600 13602.900391 272.002411 ) 
4 168 188 (-13704 13568 390.735809 ) (-13704 13568 394.893738 ) (-13704 13880 448 ) (-13704 13851.368164 390.736023 ) 
4 168 185 (-13704 13688 64 ) (-13704 13568 64 ) (-13704 13568 390.735809 ) (-13704 13851.368164 390.736023 ) 
4 168 175 (-13704 13744 176.005859 ) (-13704 13824 336.005859 ) (-13600 13824 336.005859 ) (-13600 13744 176.005859 ) 
4 168 173 (-13704 13824 336.005859 ) (-13704 13851.365234 390.735718 ) (-13672 13879.997070 448 ) (-13672 13824 336.005859 ) 
4 168 172 (-13672 13879.997070 448 ) (-13600 13879.997070 448 ) (-13600 13824 336.005859 ) (-13672 13824 336.005859 ) 
4 168 176 (-13600 13687.997070 64 ) (-13704 13687.997070 64 ) (-13704 13744 176.005859 ) (-13600 13744 176.005859 ) 
4 169 171 (-13356 13880 64 ) (-13312 13880 64 ) (-13312 13880 349.094788 ) (-13356 13880 349.094788 ) 
5 169 170 (-13356 13880 64 ) (-13356 13880 349.094788 ) (-13356 13909.411133 440 ) (-13356 13912 440 ) (-13356 13912 64 ) 
4 170 173 (-13672 13912 440 ) (-13672 13912 64 ) (-13672 13880 64 ) (-13672 13880 440 ) 
4 170 172 (-13672 13880 440 ) (-13672 13880 64 ) (-13356 13880 64 ) (-13356 13880 440 ) 
4 171 172 (-13356 13880 349.093994 ) (-13356 13880 64 ) (-13356 13824 64 ) (-13356 13824 176.002289 ) 
4 172 175 (-13356 13824 336.005463 ) (-13672 13824 336.005463 ) (-13672 13824 64 ) (-13356 13824 64 ) 
5 172 173 (-13672 13824 64 ) (-13672 13824 336.007813 ) (-13672 13879.996094 448 ) (-13672 13880 448 ) (-13672 13880 64 ) 
5 173 185 (-13704 13912 64 ) (-13704 13824 64 ) (-13704 13824 336 ) (-13704 13851.368164 390.735809 ) (-13704 13912 390.736023 ) 
4 173 175 (-13672 13824 336.005463 ) (-13704 13824 336.005463 ) (-13704 13824 64 ) (-13672 13824 64 ) 
4 173 174 (-13672 13911.998047 447.997620 ) (-13672 13912 447.997620 ) (-13704 13912 390.734467 ) (-13704 13893.471680 390.734192 ) 
3 174 187 (-13704 13912 448 ) (-13704 13912 390.736023 ) (-13704 13893.472656 390.735962 ) 
4 175 185 (-13704 13824 64 ) (-13704 13744 64 ) (-13704 13744 176 ) (-13704 13824 336 ) 
4 175 176 (-13356 13744 176.002350 ) (-13704 13744 176.002365 ) (-13704 13744 64 ) (-13356 13744 64 ) 
3 176 185 (-13704 13744 64 ) (-13704 13688 64 ) (-13704 13744 176 ) 
4 177 197 (-13312 13504 416 ) (-13312 13504 448 ) (-13704 13504 448 ) (-13704 13504 416 ) 
4 177 196 (-13704 13504 416 ) (-13704 13504 448 ) (-13704 13568 448 ) (-13704 13568 426.893982 ) 
4 178 200 (-14080 13568 448 ) (-14080 14336 448 ) (-14080 14336 416 ) (-14080 13568 416 ) 
3 178 196 (-14080 13568 448 ) (-14080 13568 416 ) (-13892 13568 448 ) 
4 178 180 (-13892.005859 13568 448 ) (-14080 13568 416 ) (-14080 13880.005859 416 ) (-13892.005859 13880.005859 448 ) 
4 178 179 (-14080 14279.992188 416 ) (-14080 14336 416 ) (-13892.005859 14336 448 ) (-13892.005859 14279.992188 448 ) 
5 180 196 (-14080 13568 416 ) (-13768 13568 416 ) (-13721.739258 13568 423.873993 ) (-13704 13568 448 ) (-13892 13568 448 ) 
3 180 186 (-13704 13691.979492 447.996216 ) (-13704 13568 447.996246 ) (-13721.736328 13568 423.874573 ) 
5 181 193 (-13704 14280.021484 447.996124 ) (-13704 14280.002930 447.996124 ) (-13727.526367 14296 416 ) (-13727.526367 14336 416 ) (-13712.007813 14336 437.104767 ) 
4 181 188 (-13704 13879.997070 447.996185 ) (-13704 13879.977539 447.996185 ) (-13727.526367 13715.525391 416 ) (-13727.526367 13864 416 ) 
4 181 187 (-13704 14248 447.996124 ) (-13704 13911.998047 447.996185 ) (-13727.526367 13901.646484 416 ) (-13727.526367 14258.352539 416 ) 
5 181 182 (-13835.998047 14336 416 ) (-13727.531250 14336 416 ) (-13727.531250 13715.531250 416 ) (-13892 13880 416 ) (-13892 14279.998047 416 ) 
3 182 193 (-13786.348633 14336 336.001678 ) (-13727.526367 14336 416 ) (-13727.526367 14296 416 ) 
4 182 190 (-13824 13568 284.796387 ) (-13904 13568 175.996582 ) (-13904 13743.997070 175.996567 ) (-13824 13798.397461 284.796265 ) 
5 182 189 (-13904 13824 175.996552 ) (-13904 14336 175.996490 ) (-13903.995117 14336 176.002838 ) (-13824 14300.801758 284.796051 ) (-13824 13859.198242 284.796234 ) 
5 182 188 (-13748.631836 13568 387.296906 ) (-13824 13568 284.796387 ) (-13824 13798.397461 284.796295 ) (-13727.526367 13864 416 ) (-13727.526367 13715.525391 416 ) 
4 182 187 (-13824 13859.198242 284.796265 ) (-13824 14300.801758 284.796051 ) (-13727.526367 14258.352539 416 ) (-13727.526367 13901.646484 416 ) 
4 182 195 (-13904 13568 175.996582 ) (-13986.350586 13568 64 ) (-13986.350586 14336 64 ) (-13904 14336 175.996490 ) 
5 182 184 (-14016 13816 384 ) (-14016 13880.013672 394.896088 ) (-14016 14279.986328 394.896057 ) (-14016 14336 385.361755 ) (-14016 14336 384 ) 
3 182 183 (-14016 13816.003906 384 ) (-14016 13568 341.786499 ) (-13767.993164 13568 384 ) 
4 185 194 (-13704 14266.525391 390.735718 ) (-13704 14336 175.996765 ) (-13824 14336 175.996368 ) (-13824 14336 176 ) 
3 185 191 (-13824 13744 64 ) (-13824 13688 64 ) (-13824 13744 176 ) 
4 185 190 (-13824 13688 64 ) (-13824 13568 64 ) (-13824 13568 176 ) (-13824 13744 176 ) 
4 185 189 (-13824 14336 176 ) (-13824 14336 64 ) (-13824 13824 64 ) (-13824 13824 176 ) 
4 185 188 (-13824 13744 176 ) (-13824 13568 176 ) (-13704 13568 390.739105 ) (-13704 13851.369141 390.739105 ) 
4 185 187 (-13704 14266.525391 390.739105 ) (-13824 14336 176 ) (-13824 13824 176 ) (-13704 13893.473633 390.739105 ) 
3 186 196 (-13704 13568 426.893372 ) (-13704 13568 448 ) (-13721.740234 13568 423.873840 ) 
5 187 189 (-13824 14300.802734 284.796875 ) (-13824 14336 176.005768 ) (-13824 14336 176 ) (-13824 13824 176 ) (-13824 13859.198242 284.796875 ) 
4 188 190 (-13824 13744 176 ) (-13824 13568 176 ) (-13824 13568 284.796875 ) (-13824 13798.397461 284.796875 ) 
4 189 195 (-13904 13824 176 ) (-13904 14336 176 ) (-13904 14336 64 ) (-13904 13824 64 ) 
6 190 192 (-13904 13687.998047 64 ) (-13904 13743.996094 175.996094 ) (-13903.994141 13744 176.003906 ) (-13824 13744 176.007004 ) (-13824 13743.996094 176 ) (-13886.588867 13687.998047 64 ) 
3 190 191 (-13824 13743.996094 176 ) (-13824 13687.997070 64 ) (-13886.588867 13687.998047 64 ) 
4 190 195 (-13904 13568 64 ) (-13904 13568 176 ) (-13904 13744 176 ) (-13904 13688 64 ) 
3 191 192 (-13886.588867 13688 64 ) (-13824 13744 176 ) (-13886.587891 13744 64 ) 
3 192 195 (-13904 13744 176 ) (-13904 13744 64 ) (-13904 13688 64 ) 
3 193 194 (-13704 14336 335.996033 ) (-13704 14308.629883 390.735779 ) (-13734.589844 14336 335.995972 ) 
4 196 200 (-14080 13504 448 ) (-14080 13568 448 ) (-14080 13568 416 ) (-14080 13504 416 ) 
4 196 197 (-14080 13504 448 ) (-14080 13504 416 ) (-13704 13504 416 ) (-13704 13504 448 ) 
4 197 200 (-14080 13479.701172 448 ) (-14080 13504 448 ) (-14080 13504 64 ) (-14080 13479.701172 64 ) 
4 197 199 (-14080 13479.701172 64 ) (-14080 13504 64 ) (-13312 13504 64 ) (-13312 13479.701172 64 ) 
4 198 200 (-14080 14336 0 ) (-14080 14336 -34.138901 ) (-14080 13504 -34.138901 ) (-14080 13504 0 ) 
4 198 199 (-14080 13504 -34.138901 ) (-13312 13504 -34.138901 ) (-13312 13504 0 ) (-14080 13504 0 ) 
4 199 200 (-14080 13479.701172 64 ) (-14080 13504 64 ) (-14080 13504 -34.138901 ) (-14080 13479.701172 -34.138901 ) 
